Log file open, 11/22/22 22:49:56
LogWindows: Failed to load 'aqProf.dll' (GetLastError=126)
LogWindows: File 'aqProf.dll' does not exist
LogWindows: Failed to load 'VtuneApi.dll' (GetLastError=126)
LogWindows: File 'VtuneApi.dll' does not exist
LogWindows: Failed to load 'VtuneApi32e.dll' (GetLastError=126)
LogWindows: File 'VtuneApi32e.dll' does not exist
LogConsoleResponse: Display: Failed to find resolution value strings in scalability ini. Falling back to default.
LogConsoleResponse: Display: Failed to find resolution value strings in scalability ini. Falling back to default.
LogInit: Display: Running engine for game: SideScroller_V422_Fall2019
LogPlatformFile: Not using cached read wrapper
LogTaskGraph: Started task graph with 5 named threads and 47 total threads with 3 sets of task threads.
LogStats: Stats thread started at 0.287187
LogICUInternationalization: ICU TimeZone Detection - Raw Offset: -5:00, Platform Override: ''
LogInit: Display: Loading text-based GConfig....
LogPluginManager: Mounting plugin MeshPainting
LogPluginManager: Mounting plugin XGEController
LogPluginManager: Mounting plugin Paper2D
LogPluginManager: Mounting plugin AISupport
LogPluginManager: Mounting plugin LiveLink
LogPluginManager: Mounting plugin LightPropagationVolume
LogPluginManager: Mounting plugin EnvironmentQueryEditor
LogPluginManager: Mounting plugin CameraShakePreviewer
LogPluginManager: Mounting plugin GameplayCameras
LogPluginManager: Mounting plugin AnimationSharing
LogPluginManager: Mounting plugin CLionSourceCodeAccess
LogPluginManager: Mounting plugin GitSourceControl
LogPluginManager: Mounting plugin KDevelopSourceCodeAccess
LogPluginManager: Mounting plugin CodeLiteSourceCodeAccess
LogPluginManager: Mounting plugin NullSourceCodeAccess
LogPluginManager: Mounting plugin PixWinPlugin
LogPluginManager: Mounting plugin PropertyAccessNode
LogPluginManager: Mounting plugin PluginUtils
LogPluginManager: Mounting plugin SubversionSourceControl
LogPluginManager: Mounting plugin PlasticSourceControl
LogPluginManager: Mounting plugin RiderSourceCodeAccess
LogPluginManager: Mounting plugin TextureFormatOodle
LogPluginManager: Mounting plugin PerforceSourceControl
LogPluginManager: Mounting plugin UObjectPlugin
LogPluginManager: Mounting plugin OodleData
LogPluginManager: Mounting plugin VisualStudioSourceCodeAccess
LogPluginManager: Mounting plugin VisualStudioCodeSourceCodeAccess
LogPluginManager: Mounting plugin XCodeSourceCodeAccess
LogPluginManager: Mounting plugin Niagara
LogPluginManager: Mounting plugin AssetManagerEditor
LogPluginManager: Mounting plugin CurveEditorTools
LogPluginManager: Mounting plugin CryptoKeys
LogPluginManager: Mounting plugin DataValidation
LogPluginManager: Mounting plugin FacialAnimation
LogPluginManager: Mounting plugin DatasmithContent
LogPluginManager: Mounting plugin GeometryMode
LogPluginManager: Mounting plugin GameplayTagsEditor
LogPluginManager: Mounting plugin MacGraphicsSwitching
LogPluginManager: Mounting plugin MaterialAnalyzer
LogPluginManager: Mounting plugin MobileLauncherProfileWizard
LogPluginManager: Mounting plugin PluginBrowser
LogPluginManager: Mounting plugin SpeedTreeImporter
LogPluginManager: Mounting plugin VariantManagerContent
LogPluginManager: Mounting plugin BackChannel
LogPluginManager: Mounting plugin AlembicImporter
LogPluginManager: Mounting plugin AutomationUtils
LogPluginManager: Mounting plugin ChaosCloth
LogPluginManager: Mounting plugin ChaosEditor
LogPluginManager: Mounting plugin ChaosClothEditor
LogPluginManager: Mounting plugin ChaosNiagara
LogPluginManager: Mounting plugin CharacterAI
LogPluginManager: Mounting plugin ChaosSolverPlugin
LogPluginManager: Mounting plugin LuminPlatformFeatures
LogPluginManager: Mounting plugin GeometryCache
LogPluginManager: Mounting plugin GeometryCollectionPlugin
LogPluginManager: Mounting plugin MagicLeap
LogPluginManager: Mounting plugin MagicLeapLightEstimation
LogPluginManager: Mounting plugin MagicLeapMedia
LogPluginManager: Mounting plugin GeometryProcessing
LogPluginManager: Mounting plugin MagicLeapPassableWorld
LogPluginManager: Mounting plugin MLSDK
LogPluginManager: Mounting plugin AndroidMedia
LogPluginManager: Mounting plugin AvfMedia
LogPluginManager: Mounting plugin ImgMedia
LogPluginManager: Mounting plugin MediaCompositing
LogPluginManager: Mounting plugin MediaPlayerEditor
LogPluginManager: Mounting plugin MotoSynth
LogPluginManager: Mounting plugin WebMMedia
LogPluginManager: Mounting plugin OpenImageDenoise
LogPluginManager: Mounting plugin WmfMedia
LogPluginManager: Mounting plugin ProxyLODPlugin
LogPluginManager: Mounting plugin PlatformCrypto
LogPluginManager: Mounting plugin PlanarCut
LogPluginManager: Mounting plugin PythonScriptPlugin
LogPluginManager: Mounting plugin SkeletalReduction
LogPluginManager: Mounting plugin TcpMessaging
LogPluginManager: Mounting plugin ActorSequence
LogPluginManager: Mounting plugin LevelSequenceEditor
LogPluginManager: Mounting plugin MatineeToLevelSequence
LogPluginManager: Mounting plugin UdpMessaging
LogPluginManager: Mounting plugin TemplateSequence
LogPluginManager: Mounting plugin OnlineSubsystem
LogPluginManager: Mounting plugin OnlineSubsystemNull
LogPluginManager: Mounting plugin OnlineSubsystemUtils
LogPluginManager: Mounting plugin LauncherChunkInstaller
LogPluginManager: Mounting plugin ScreenshotTools
LogPluginManager: Mounting plugin ActorLayerUtilities
LogPluginManager: Mounting plugin AndroidDeviceProfileSelector
LogPluginManager: Mounting plugin AndroidMoviePlayer
LogPluginManager: Mounting plugin AndroidPermission
LogPluginManager: Mounting plugin ApexDestruction
LogPluginManager: Mounting plugin AppleImageUtils
LogPluginManager: Mounting plugin AppleMoviePlayer
LogPluginManager: Mounting plugin ArchVisCharacter
LogPluginManager: Mounting plugin AssetTags
LogPluginManager: Mounting plugin AudioCapture
LogPluginManager: Mounting plugin AudioSynesthesia
LogPluginManager: Mounting plugin CableComponent
LogPluginManager: Mounting plugin ChunkDownloader
LogPluginManager: Mounting plugin CustomMeshComponent
LogPluginManager: Mounting plugin EditableMesh
LogPluginManager: Mounting plugin ExampleDeviceProfileSelector
LogPluginManager: Mounting plugin GoogleCloudMessaging
LogPluginManager: Mounting plugin GooglePAD
LogPluginManager: Mounting plugin IOSDeviceProfileSelector
LogPluginManager: Mounting plugin LocationServicesBPLibrary
LogPluginManager: Mounting plugin MobilePatchingUtils
LogPluginManager: Mounting plugin OpenXR
LogPluginManager: Mounting plugin OpenXRHandTracking
LogPluginManager: Mounting plugin PhysXVehicles
LogPluginManager: Mounting plugin Takes
LogPluginManager: Mounting plugin PostSplashScreen
LogPluginManager: Mounting plugin ProceduralMeshComponent
LogPluginManager: Mounting plugin PropertyAccessEditor
LogPluginManager: Mounting plugin RuntimePhysXCooking
LogPluginManager: Mounting plugin SignificanceManager
LogPluginManager: Mounting plugin SoundFields
LogPluginManager: Mounting plugin Synthesis
LogPluginManager: Mounting plugin WebMMoviePlayer
LogPluginManager: Mounting plugin WindowsMoviePlayer
LogPluginManager: Mounting plugin OodleNetwork
LogPluginManager: Mounting plugin LinuxDeviceProfileSelector
LogPluginManager: Mounting plugin OpenXREyeTracker
LogPluginManager: Mounting plugin ContentBrowserAssetDataSource
LogPluginManager: Mounting plugin ContentBrowserClassDataSource
LogPluginManager: Mounting plugin ContentBrowserFileDataSource
LogPluginManager: Mounting plugin OnlineSubsystemGooglePlay
LogPluginManager: Mounting plugin OnlineSubsystemIOS
LogPluginManager: Mounting plugin OculusVR
LogPluginManager: Mounting plugin SteamVR
PixWinPlugin: PIX capture plugin failed to initialize! Check that the process is launched from PIX.
LogInit: Using libcurl 7.55.1-DEV
LogInit:  - built for x86_64-pc-win32
LogInit:  - supports SSL with OpenSSL/1.1.1
LogInit:  - supports HTTP deflate (compression) using libz 1.2.8
LogInit:  - other features:
LogInit:      CURL_VERSION_SSL
LogInit:      CURL_VERSION_LIBZ
LogInit:      CURL_VERSION_IPV6
LogInit:      CURL_VERSION_ASYNCHDNS
LogInit:      CURL_VERSION_LARGEFILE
LogInit:      CURL_VERSION_IDN
LogInit:  CurlRequestOptions (configurable via config and command line):
LogInit:  - bVerifyPeer = true  - Libcurl will verify peer certificate
LogInit:  - bUseHttpProxy = false  - Libcurl will NOT use HTTP proxy
LogInit:  - bDontReuseConnections = false  - Libcurl will reuse connections
LogInit:  - MaxHostConnections = 16  - Libcurl will limit the number of connections to a host
LogInit:  - LocalHostAddr = Default
LogInit:  - BufferSize = 65536
LogOnline: OSS: Creating online subsystem instance for: NULL
LogInit: WinSock: version 1.1 (2.2), MaxSocks=32767, MaxUdp=65467
LogOnline: OSS: TryLoadSubsystemAndSetDefault: Loaded subsystem for module [NULL]
LogOculusPluginWrapper: OculusPlugin initialized successfully
LogHMD: Failed initializing OVRPlugin 1.59.0
LogInit: Build: ++UE4+Release-4.27-CL-18319896
LogInit: Engine Version: 4.27.2-18319896+++UE4+Release-4.27
LogInit: Compatible Engine Version: 4.27.0-17155196+++UE4+Release-4.27
LogInit: Net CL: 17155196
LogInit: OS: Windows 10 (Release 2009) (), CPU: AMD Ryzen 7 3700X 8-Core Processor             , GPU: NVIDIA GeForce GTX 1660 Ti
LogInit: Compiled (64-bit): Nov 30 2021 07:12:08
LogInit: Compiled with Visual C++: 19.24.28315.00
LogInit: Build Configuration: Development
LogInit: Branch Name: ++UE4+Release-4.27
LogInit: Command Line:  /Game/StarterContent/Maps/My_level -game -PIEVIACONSOLE -Multiprocess GameUserSettingsINI=C:/Users/Jarod/OneDrive/Desktop/Level-Design/Saved/Config/Windows/PIEGameUserSettings0.ini -MultiprocessSaveConfig -forcepassthrough -messaging -SessionName="Play in Standalone Game" -windowed -WinX=315 -WinY=167 SAVEWINPOS=1 -ResX=1280 -ResY=720
LogInit: Base Directory: E:/Program Files(x86)/Epic Games/UE_4.27/Engine/Binaries/Win64/
LogInit: Allocator: TBB
LogInit: Installed Engine Build: 1
LogDevObjectVersion: Number of dev versions registered: 29
LogDevObjectVersion:   Dev-Blueprints (B0D832E4-1F89-4F0D-ACCF-7EB736FD4AA2): 10
LogDevObjectVersion:   Dev-Build (E1C64328-A22C-4D53-A36C-8E866417BD8C): 0
LogDevObjectVersion:   Dev-Core (375EC13C-06E4-48FB-B500-84F0262A717E): 4
LogDevObjectVersion:   Dev-Editor (E4B068ED-F494-42E9-A231-DA0B2E46BB41): 40
LogDevObjectVersion:   Dev-Framework (CFFC743F-43B0-4480-9391-14DF171D2073): 37
LogDevObjectVersion:   Dev-Mobile (B02B49B5-BB20-44E9-A304-32B752E40360): 3
LogDevObjectVersion:   Dev-Networking (A4E4105C-59A1-49B5-A7C5-40C4547EDFEE): 0
LogDevObjectVersion:   Dev-Online (39C831C9-5AE6-47DC-9A44-9C173E1C8E7C): 0
LogDevObjectVersion:   Dev-Physics (78F01B33-EBEA-4F98-B9B4-84EACCB95AA2): 14
LogDevObjectVersion:   Dev-Platform (6631380F-2D4D-43E0-8009-CF276956A95A): 0
LogDevObjectVersion:   Dev-Rendering (12F88B9F-8875-4AFC-A67C-D90C383ABD29): 45
LogDevObjectVersion:   Dev-Sequencer (7B5AE74C-D270-4C10-A958-57980B212A5A): 13
LogDevObjectVersion:   Dev-VR (D7296918-1DD6-4BDD-9DE2-64A83CC13884): 3
LogDevObjectVersion:   Dev-LoadTimes (C2A15278-BFE7-4AFE-6C17-90FF531DF755): 1
LogDevObjectVersion:   Private-Geometry (6EACA3D4-40EC-4CC1-B786-8BED09428FC5): 3
LogDevObjectVersion:   Dev-AnimPhys (29E575DD-E0A3-4627-9D10-D276232CDCEA): 17
LogDevObjectVersion:   Dev-Anim (AF43A65D-7FD3-4947-9873-3E8ED9C1BB05): 15
LogDevObjectVersion:   Dev-ReflectionCapture (6B266CEC-1EC7-4B8F-A30B-E4D90942FC07): 1
LogDevObjectVersion:   Dev-Automation (0DF73D61-A23F-47EA-B727-89E90C41499A): 1
LogDevObjectVersion:   FortniteMain (601D1886-AC64-4F84-AA16-D3DE0DEAC7D6): 47
LogDevObjectVersion:   FortniteRelease (E7086368-6B23-4C58-8439-1B7016265E91): 1
LogDevObjectVersion:   Dev-Enterprise (9DFFBCD6-494F-0158-E221-12823C92A888): 10
LogDevObjectVersion:   Dev-Niagara (F2AED0AC-9AFE-416F-8664-AA7FFA26D6FC): 1
LogDevObjectVersion:   Dev-Destruction (174F1F0B-B4C6-45A5-B13F-2EE8D0FB917D): 10
LogDevObjectVersion:   Dev-Physics-Ext (35F94A83-E258-406C-A318-09F59610247C): 41
LogDevObjectVersion:   Dev-PhysicsMaterial-Chaos (B68FC16E-8B1B-42E2-B453-215C058844FE): 1
LogDevObjectVersion:   Dev-CineCamera (B2E18506-4273-CFC2-A54E-F4BB758BBA07): 1
LogDevObjectVersion:   Dev-VirtualProduction (64F58936-FD1B-42BA-BA96-7289D5D0FA4E): 1
LogDevObjectVersion:   Dev-MediaFramework (6F0ED827-A609-4895-9C91-998D90180EA4): 2
LogInit: Presizing for max 25165824 objects, including 0 objects not considered by GC, pre-allocating 0 bytes for permanent pool.
LogConfig: Applying CVar settings from Section [/Script/Engine.StreamingSettings] File [C:/Users/Jarod/OneDrive/Desktop/Level-Design/Saved/Config/Windows/Engine.ini]
LogConfig: Setting CVar [[s.MinBulkDataSizeForAsyncLoading:131072]]
LogConfig: Setting CVar [[s.AsyncLoadingThreadEnabled:0]]
LogConfig: Setting CVar [[s.EventDrivenLoaderEnabled:1]]
LogConfig: Setting CVar [[s.WarnIfTimeLimitExceeded:0]]
LogConfig: Setting CVar [[s.TimeLimitExceededMultiplier:1.5]]
LogConfig: Setting CVar [[s.TimeLimitExceededMinTime:0.005]]
LogConfig: Setting CVar [[s.UseBackgroundLevelStreaming:1]]
LogConfig: Setting CVar [[s.PriorityAsyncLoadingExtraTime:15.0]]
LogConfig: Setting CVar [[s.LevelStreamingActorsUpdateTimeLimit:5.0]]
LogConfig: Setting CVar [[s.PriorityLevelStreamingActorsUpdateExtraTime:5.0]]
LogConfig: Setting CVar [[s.LevelStreamingComponentsRegistrationGranularity:10]]
LogConfig: Setting CVar [[s.UnregisterComponentsTimeLimit:1.0]]
LogConfig: Setting CVar [[s.LevelStreamingComponentsUnregistrationGranularity:5]]
LogConfig: Setting CVar [[s.FlushStreamingOnExit:1]]
LogInit: Object subsystem initialized
LogConfig: Setting CVar [[con.DebugEarlyDefault:1]]
LogConfig: Setting CVar [[r.setres:1280x720]]
[2022.11.23-03.49.58:048][  0]LogConfig: Setting CVar [[con.DebugEarlyDefault:1]]
[2022.11.23-03.49.58:048][  0]LogConfig: Setting CVar [[r.setres:1280x720]]
[2022.11.23-03.49.58:048][  0]LogConfig: Applying CVar settings from Section [/Script/Engine.RendererSettings] File [C:/Users/Jarod/OneDrive/Desktop/Level-Design/Saved/Config/Windows/Engine.ini]
[2022.11.23-03.49.58:048][  0]LogConfig: Setting CVar [[r.GPUCrashDebugging:0]]
[2022.11.23-03.49.58:048][  0]LogConfig: Applying CVar settings from Section [/Script/Engine.RendererOverrideSettings] File [C:/Users/Jarod/OneDrive/Desktop/Level-Design/Saved/Config/Windows/Engine.ini]
[2022.11.23-03.49.58:049][  0]LogConfig: Applying CVar settings from Section [/Script/Engine.StreamingSettings] File [C:/Users/Jarod/OneDrive/Desktop/Level-Design/Saved/Config/Windows/Engine.ini]
[2022.11.23-03.49.58:049][  0]LogConfig: Setting CVar [[s.MinBulkDataSizeForAsyncLoading:131072]]
[2022.11.23-03.49.58:049][  0]LogConfig: Setting CVar [[s.AsyncLoadingThreadEnabled:0]]
[2022.11.23-03.49.58:049][  0]LogConfig: Setting CVar [[s.EventDrivenLoaderEnabled:1]]
[2022.11.23-03.49.58:049][  0]LogConfig: Setting CVar [[s.WarnIfTimeLimitExceeded:0]]
[2022.11.23-03.49.58:049][  0]LogConfig: Setting CVar [[s.TimeLimitExceededMultiplier:1.5]]
[2022.11.23-03.49.58:049][  0]LogConfig: Setting CVar [[s.TimeLimitExceededMinTime:0.005]]
[2022.11.23-03.49.58:049][  0]LogConfig: Setting CVar [[s.UseBackgroundLevelStreaming:1]]
[2022.11.23-03.49.58:049][  0]LogConfig: Setting CVar [[s.PriorityAsyncLoadingExtraTime:15.0]]
[2022.11.23-03.49.58:049][  0]LogConfig: Setting CVar [[s.LevelStreamingActorsUpdateTimeLimit:5.0]]
[2022.11.23-03.49.58:049][  0]LogConfig: Setting CVar [[s.PriorityLevelStreamingActorsUpdateExtraTime:5.0]]
[2022.11.23-03.49.58:049][  0]LogConfig: Setting CVar [[s.LevelStreamingComponentsRegistrationGranularity:10]]
[2022.11.23-03.49.58:049][  0]LogConfig: Setting CVar [[s.UnregisterComponentsTimeLimit:1.0]]
[2022.11.23-03.49.58:049][  0]LogConfig: Setting CVar [[s.LevelStreamingComponentsUnregistrationGranularity:5]]
[2022.11.23-03.49.58:049][  0]LogConfig: Setting CVar [[s.FlushStreamingOnExit:1]]
[2022.11.23-03.49.58:049][  0]LogConfig: Applying CVar settings from Section [/Script/Engine.GarbageCollectionSettings] File [C:/Users/Jarod/OneDrive/Desktop/Level-Design/Saved/Config/Windows/Engine.ini]
[2022.11.23-03.49.58:049][  0]LogConfig: Setting CVar [[gc.MaxObjectsNotConsideredByGC:1]]
[2022.11.23-03.49.58:049][  0]LogConfig: Setting CVar [[gc.SizeOfPermanentObjectPool:0]]
[2022.11.23-03.49.58:049][  0]LogConfig: Setting CVar [[gc.FlushStreamingOnGC:0]]
[2022.11.23-03.49.58:049][  0]LogConfig: Setting CVar [[gc.NumRetriesBeforeForcingGC:10]]
[2022.11.23-03.49.58:049][  0]LogConfig: Setting CVar [[gc.AllowParallelGC:1]]
[2022.11.23-03.49.58:049][  0]LogConfig: Setting CVar [[gc.TimeBetweenPurgingPendingKillObjects:61.1]]
[2022.11.23-03.49.58:049][  0]LogConfig: Setting CVar [[gc.MaxObjectsInEditor:25165824]]
[2022.11.23-03.49.58:049][  0]LogConfig: Setting CVar [[gc.IncrementalBeginDestroyEnabled:1]]
[2022.11.23-03.49.58:049][  0]LogConfig: Setting CVar [[gc.CreateGCClusters:1]]
[2022.11.23-03.49.58:049][  0]LogConfig: Setting CVar [[gc.MinGCClusterSize:5]]
[2022.11.23-03.49.58:049][  0]LogConfig: Setting CVar [[gc.ActorClusteringEnabled:0]]
[2022.11.23-03.49.58:049][  0]LogConfig: Setting CVar [[gc.BlueprintClusteringEnabled:0]]
[2022.11.23-03.49.58:049][  0]LogConfig: Setting CVar [[gc.UseDisregardForGCOnDedicatedServers:0]]
[2022.11.23-03.49.58:049][  0]LogConfig: Setting CVar [[gc.MultithreadedDestructionEnabled:1]]
[2022.11.23-03.49.58:049][  0]LogConfig: Applying CVar settings from Section [/Script/Engine.NetworkSettings] File [C:/Users/Jarod/OneDrive/Desktop/Level-Design/Saved/Config/Windows/Engine.ini]
[2022.11.23-03.49.58:049][  0]LogConfig: Applying CVar settings from Section [/Script/UnrealEd.CookerSettings] File [C:/Users/Jarod/OneDrive/Desktop/Level-Design/Saved/Config/Windows/Engine.ini]
[2022.11.23-03.49.58:071][  0]LogConfig: Applying CVar settings from Section [ViewDistanceQuality@3] File [C:/Users/Jarod/OneDrive/Desktop/Level-Design/Saved/Config/Windows/Scalability.ini]
[2022.11.23-03.49.58:071][  0]LogConfig: Setting CVar [[r.SkeletalMeshLODBias:0]]
[2022.11.23-03.49.58:071][  0]LogConfig: Setting CVar [[r.ViewDistanceScale:1.0]]
[2022.11.23-03.49.58:071][  0]LogConfig: Applying CVar settings from Section [AntiAliasingQuality@3] File [C:/Users/Jarod/OneDrive/Desktop/Level-Design/Saved/Config/Windows/Scalability.ini]
[2022.11.23-03.49.58:071][  0]LogConfig: Setting CVar [[r.PostProcessAAQuality:4]]
[2022.11.23-03.49.58:071][  0]LogConfig: Applying CVar settings from Section [ShadowQuality@3] File [C:/Users/Jarod/OneDrive/Desktop/Level-Design/Saved/Config/Windows/Scalability.ini]
[2022.11.23-03.49.58:071][  0]LogConfig: Setting CVar [[r.LightFunctionQuality:1]]
[2022.11.23-03.49.58:071][  0]LogConfig: Setting CVar [[r.ShadowQuality:5]]
[2022.11.23-03.49.58:071][  0]LogConfig: Setting CVar [[r.Shadow.CSM.MaxCascades:10]]
[2022.11.23-03.49.58:071][  0]LogConfig: Setting CVar [[r.Shadow.MaxResolution:2048]]
[2022.11.23-03.49.58:071][  0]LogConfig: Setting CVar [[r.Shadow.MaxCSMResolution:2048]]
[2022.11.23-03.49.58:071][  0]LogConfig: Setting CVar [[r.Shadow.RadiusThreshold:0.01]]
[2022.11.23-03.49.58:071][  0]LogConfig: Setting CVar [[r.Shadow.DistanceScale:1.0]]
[2022.11.23-03.49.58:071][  0]LogConfig: Setting CVar [[r.Shadow.CSM.TransitionScale:1.0]]
[2022.11.23-03.49.58:071][  0]LogConfig: Setting CVar [[r.Shadow.PreShadowResolutionFactor:1.0]]
[2022.11.23-03.49.58:071][  0]LogConfig: Setting CVar [[r.DistanceFieldShadowing:1]]
[2022.11.23-03.49.58:071][  0]LogConfig: Setting CVar [[r.DistanceFieldAO:1]]
[2022.11.23-03.49.58:071][  0]LogConfig: Setting CVar [[r.AOQuality:2]]
[2022.11.23-03.49.58:071][  0]LogConfig: Setting CVar [[r.VolumetricFog:1]]
[2022.11.23-03.49.58:071][  0]LogConfig: Setting CVar [[r.VolumetricFog.GridPixelSize:8]]
[2022.11.23-03.49.58:071][  0]LogConfig: Setting CVar [[r.VolumetricFog.GridSizeZ:128]]
[2022.11.23-03.49.58:071][  0]LogConfig: Setting CVar [[r.VolumetricFog.HistoryMissSupersampleCount:4]]
[2022.11.23-03.49.58:071][  0]LogConfig: Setting CVar [[r.LightMaxDrawDistanceScale:1]]
[2022.11.23-03.49.58:071][  0]LogConfig: Setting CVar [[r.CapsuleShadows:1]]
[2022.11.23-03.49.58:071][  0]LogConfig: Applying CVar settings from Section [PostProcessQuality@3] File [C:/Users/Jarod/OneDrive/Desktop/Level-Design/Saved/Config/Windows/Scalability.ini]
[2022.11.23-03.49.58:071][  0]LogConfig: Setting CVar [[r.MotionBlurQuality:4]]
[2022.11.23-03.49.58:071][  0]LogConfig: Setting CVar [[r.AmbientOcclusionMipLevelFactor:0.4]]
[2022.11.23-03.49.58:071][  0]LogConfig: Setting CVar [[r.AmbientOcclusionMaxQuality:100]]
[2022.11.23-03.49.58:071][  0]LogConfig: Setting CVar [[r.AmbientOcclusionLevels:-1]]
[2022.11.23-03.49.58:071][  0]LogConfig: Setting CVar [[r.AmbientOcclusionRadiusScale:1.0]]
[2022.11.23-03.49.58:071][  0]LogConfig: Setting CVar [[r.DepthOfFieldQuality:2]]
[2022.11.23-03.49.58:071][  0]LogConfig: Setting CVar [[r.RenderTargetPoolMin:400]]
[2022.11.23-03.49.58:071][  0]LogConfig: Setting CVar [[r.LensFlareQuality:2]]
[2022.11.23-03.49.58:071][  0]LogConfig: Setting CVar [[r.SceneColorFringeQuality:1]]
[2022.11.23-03.49.58:071][  0]LogConfig: Setting CVar [[r.EyeAdaptationQuality:2]]
[2022.11.23-03.49.58:071][  0]LogConfig: Setting CVar [[r.BloomQuality:5]]
[2022.11.23-03.49.58:071][  0]LogConfig: Setting CVar [[r.FastBlurThreshold:100]]
[2022.11.23-03.49.58:071][  0]LogConfig: Setting CVar [[r.Upscale.Quality:3]]
[2022.11.23-03.49.58:071][  0]LogConfig: Setting CVar [[r.Tonemapper.GrainQuantization:1]]
[2022.11.23-03.49.58:071][  0]LogConfig: Setting CVar [[r.LightShaftQuality:1]]
[2022.11.23-03.49.58:071][  0]LogConfig: Setting CVar [[r.Filter.SizeScale:1]]
[2022.11.23-03.49.58:071][  0]LogConfig: Setting CVar [[r.Tonemapper.Quality:5]]
[2022.11.23-03.49.58:071][  0]LogConfig: Setting CVar [[r.DOF.Gather.AccumulatorQuality:1        ; higher gathering accumulator quality]]
[2022.11.23-03.49.58:071][  0]LogConfig: Setting CVar [[r.DOF.Gather.PostfilterMethod:1          ; Median3x3 postfilering method]]
[2022.11.23-03.49.58:071][  0]LogConfig: Setting CVar [[r.DOF.Gather.EnableBokehSettings:0       ; no bokeh simulation when gathering]]
[2022.11.23-03.49.58:071][  0]LogConfig: Setting CVar [[r.DOF.Gather.RingCount:4                 ; medium number of samples when gathering]]
[2022.11.23-03.49.58:071][  0]LogConfig: Setting CVar [[r.DOF.Scatter.ForegroundCompositing:1    ; additive foreground scattering]]
[2022.11.23-03.49.58:071][  0]LogConfig: Setting CVar [[r.DOF.Scatter.BackgroundCompositing:2    ; additive background scattering]]
[2022.11.23-03.49.58:071][  0]LogConfig: Setting CVar [[r.DOF.Scatter.EnableBokehSettings:1      ; bokeh simulation when scattering]]
[2022.11.23-03.49.58:071][  0]LogConfig: Setting CVar [[r.DOF.Scatter.MaxSpriteRatio:0.1         ; only a maximum of 10% of scattered bokeh]]
[2022.11.23-03.49.58:071][  0]LogConfig: Setting CVar [[r.DOF.Recombine.Quality:1                ; cheap slight out of focus]]
[2022.11.23-03.49.58:071][  0]LogConfig: Setting CVar [[r.DOF.Recombine.EnableBokehSettings:0    ; no bokeh simulation on slight out of focus]]
[2022.11.23-03.49.58:071][  0]LogConfig: Setting CVar [[r.DOF.TemporalAAQuality:1                ; more stable temporal accumulation]]
[2022.11.23-03.49.58:071][  0]LogConfig: Setting CVar [[r.DOF.Kernel.MaxForegroundRadius:0.025]]
[2022.11.23-03.49.58:071][  0]LogConfig: Setting CVar [[r.DOF.Kernel.MaxBackgroundRadius:0.025]]
[2022.11.23-03.49.58:071][  0]LogConfig: Applying CVar settings from Section [TextureQuality@3] File [C:/Users/Jarod/OneDrive/Desktop/Level-Design/Saved/Config/Windows/Scalability.ini]
[2022.11.23-03.49.58:071][  0]LogConfig: Setting CVar [[r.Streaming.MipBias:0]]
[2022.11.23-03.49.58:071][  0]LogConfig: Setting CVar [[r.Streaming.AmortizeCPUToGPUCopy:0]]
[2022.11.23-03.49.58:071][  0]LogConfig: Setting CVar [[r.Streaming.MaxNumTexturesToStreamPerFrame:0]]
[2022.11.23-03.49.58:071][  0]LogConfig: Setting CVar [[r.Streaming.Boost:1]]
[2022.11.23-03.49.58:071][  0]LogConfig: Setting CVar [[r.MaxAnisotropy:8]]
[2022.11.23-03.49.58:071][  0]LogConfig: Setting CVar [[r.VT.MaxAnisotropy:8]]
[2022.11.23-03.49.58:071][  0]LogConfig: Setting CVar [[r.Streaming.LimitPoolSizeToVRAM:0]]
[2022.11.23-03.49.58:071][  0]LogConfig: Setting CVar [[r.Streaming.PoolSize:1000]]
[2022.11.23-03.49.58:071][  0]LogConfig: Setting CVar [[r.Streaming.MaxEffectiveScreenSize:0]]
[2022.11.23-03.49.58:071][  0]LogConfig: Applying CVar settings from Section [EffectsQuality@3] File [C:/Users/Jarod/OneDrive/Desktop/Level-Design/Saved/Config/Windows/Scalability.ini]
[2022.11.23-03.49.58:072][  0]LogConfig: Setting CVar [[r.TranslucencyLightingVolumeDim:64]]
[2022.11.23-03.49.58:072][  0]LogConfig: Setting CVar [[r.RefractionQuality:2]]
[2022.11.23-03.49.58:072][  0]LogConfig: Setting CVar [[r.SSR.Quality:3]]
[2022.11.23-03.49.58:072][  0]LogConfig: Setting CVar [[r.SSR.HalfResSceneColor:0]]
[2022.11.23-03.49.58:072][  0]LogConfig: Setting CVar [[r.SceneColorFormat:4]]
[2022.11.23-03.49.58:072][  0]LogConfig: Setting CVar [[r.DetailMode:2]]
[2022.11.23-03.49.58:072][  0]LogConfig: Setting CVar [[r.TranslucencyVolumeBlur:1]]
[2022.11.23-03.49.58:072][  0]LogConfig: Setting CVar [[r.MaterialQualityLevel:1 ; High quality]]
[2022.11.23-03.49.58:072][  0]LogConfig: Setting CVar [[r.AnisotropicMaterials:1]]
[2022.11.23-03.49.58:072][  0]LogConfig: Setting CVar [[r.SSS.Scale:1]]
[2022.11.23-03.49.58:072][  0]LogConfig: Setting CVar [[r.SSS.SampleSet:2]]
[2022.11.23-03.49.58:072][  0]LogConfig: Setting CVar [[r.SSS.Quality:1]]
[2022.11.23-03.49.58:072][  0]LogConfig: Setting CVar [[r.SSS.HalfRes:0]]
[2022.11.23-03.49.58:072][  0]LogConfig: Setting CVar [[r.SSGI.Quality:3]]
[2022.11.23-03.49.58:072][  0]LogConfig: Setting CVar [[r.EmitterSpawnRateScale:1.0]]
[2022.11.23-03.49.58:072][  0]LogConfig: Setting CVar [[r.ParticleLightQuality:2]]
[2022.11.23-03.49.58:072][  0]LogConfig: Setting CVar [[r.SkyAtmosphere.AerialPerspectiveLUT.FastApplyOnOpaque:1 ; Always have FastSkyLUT 1 in this case to avoid wrong sky]]
[2022.11.23-03.49.58:072][  0]LogConfig: Setting CVar [[r.SkyAtmosphere.AerialPerspectiveLUT.SampleCountMaxPerSlice:4]]
[2022.11.23-03.49.58:072][  0]LogConfig: Setting CVar [[r.SkyAtmosphere.AerialPerspectiveLUT.DepthResolution:16.0]]
[2022.11.23-03.49.58:072][  0]LogConfig: Setting CVar [[r.SkyAtmosphere.FastSkyLUT:1]]
[2022.11.23-03.49.58:072][  0]LogConfig: Setting CVar [[r.SkyAtmosphere.FastSkyLUT.SampleCountMin:4.0]]
[2022.11.23-03.49.58:072][  0]LogConfig: Setting CVar [[r.SkyAtmosphere.FastSkyLUT.SampleCountMax:128.0]]
[2022.11.23-03.49.58:072][  0]LogConfig: Setting CVar [[r.SkyAtmosphere.SampleCountMin:4.0]]
[2022.11.23-03.49.58:072][  0]LogConfig: Setting CVar [[r.SkyAtmosphere.SampleCountMax:128.0]]
[2022.11.23-03.49.58:072][  0]LogConfig: Setting CVar [[r.SkyAtmosphere.TransmittanceLUT.UseSmallFormat:0]]
[2022.11.23-03.49.58:072][  0]LogConfig: Setting CVar [[r.SkyAtmosphere.TransmittanceLUT.SampleCount:10.0]]
[2022.11.23-03.49.58:072][  0]LogConfig: Setting CVar [[r.SkyAtmosphere.MultiScatteringLUT.SampleCount:15.0]]
[2022.11.23-03.49.58:072][  0]LogConfig: Setting CVar [[r.SkyLight.RealTimeReflectionCapture:1]]
[2022.11.23-03.49.58:072][  0]LogConfig: Applying CVar settings from Section [FoliageQuality@3] File [C:/Users/Jarod/OneDrive/Desktop/Level-Design/Saved/Config/Windows/Scalability.ini]
[2022.11.23-03.49.58:072][  0]LogConfig: Setting CVar [[foliage.DensityScale:1.0]]
[2022.11.23-03.49.58:072][  0]LogConfig: Setting CVar [[grass.DensityScale:1.0]]
[2022.11.23-03.49.58:072][  0]LogConfig: Applying CVar settings from Section [ShadingQuality@3] File [C:/Users/Jarod/OneDrive/Desktop/Level-Design/Saved/Config/Windows/Scalability.ini]
[2022.11.23-03.49.58:072][  0]LogConfig: Setting CVar [[r.HairStrands.SkyLighting.IntegrationType:2]]
[2022.11.23-03.49.58:072][  0]LogConfig: Setting CVar [[r.HairStrands.SkyAO.SampleCount:4]]
[2022.11.23-03.49.58:072][  0]LogConfig: Setting CVar [[r.HairStrands.Visibility.MSAA.SamplePerPixel:4]]
[2022.11.23-03.49.58:072][  0]LogInit: Selected Device Profile: [Windows]
[2022.11.23-03.49.58:072][  0]LogInit: Applying CVar settings loaded from the selected device profile: [Windows]
[2022.11.23-03.49.58:072][  0]LogHAL: Display: Platform has ~ 16 GB [17099546624 / 17179869184 / 16], which maps to Larger [LargestMinGB=32, LargerMinGB=12, DefaultMinGB=8, SmallerMinGB=6, SmallestMinGB=0)
[2022.11.23-03.49.58:072][  0]LogInit: Going up to parent DeviceProfile []
[2022.11.23-03.49.58:072][  0]LogConfig: Applying CVar settings from Section [ViewDistanceQuality@3] File [C:/Users/Jarod/OneDrive/Desktop/Level-Design/Saved/Config/Windows/Scalability.ini]
[2022.11.23-03.49.58:072][  0]LogConfig: Setting CVar [[r.SkeletalMeshLODBias:0]]
[2022.11.23-03.49.58:072][  0]LogConfig: Setting CVar [[r.ViewDistanceScale:1.0]]
[2022.11.23-03.49.58:072][  0]LogConfig: Applying CVar settings from Section [AntiAliasingQuality@3] File [C:/Users/Jarod/OneDrive/Desktop/Level-Design/Saved/Config/Windows/Scalability.ini]
[2022.11.23-03.49.58:072][  0]LogConfig: Setting CVar [[r.PostProcessAAQuality:4]]
[2022.11.23-03.49.58:072][  0]LogConfig: Applying CVar settings from Section [ShadowQuality@3] File [C:/Users/Jarod/OneDrive/Desktop/Level-Design/Saved/Config/Windows/Scalability.ini]
[2022.11.23-03.49.58:072][  0]LogConfig: Setting CVar [[r.LightFunctionQuality:1]]
[2022.11.23-03.49.58:072][  0]LogConfig: Setting CVar [[r.ShadowQuality:5]]
[2022.11.23-03.49.58:072][  0]LogConfig: Setting CVar [[r.Shadow.CSM.MaxCascades:10]]
[2022.11.23-03.49.58:072][  0]LogConfig: Setting CVar [[r.Shadow.MaxResolution:2048]]
[2022.11.23-03.49.58:072][  0]LogConfig: Setting CVar [[r.Shadow.MaxCSMResolution:2048]]
[2022.11.23-03.49.58:072][  0]LogConfig: Setting CVar [[r.Shadow.RadiusThreshold:0.01]]
[2022.11.23-03.49.58:072][  0]LogConfig: Setting CVar [[r.Shadow.DistanceScale:1.0]]
[2022.11.23-03.49.58:072][  0]LogConfig: Setting CVar [[r.Shadow.CSM.TransitionScale:1.0]]
[2022.11.23-03.49.58:072][  0]LogConfig: Setting CVar [[r.Shadow.PreShadowResolutionFactor:1.0]]
[2022.11.23-03.49.58:072][  0]LogConfig: Setting CVar [[r.DistanceFieldShadowing:1]]
[2022.11.23-03.49.58:072][  0]LogConfig: Setting CVar [[r.DistanceFieldAO:1]]
[2022.11.23-03.49.58:072][  0]LogConfig: Setting CVar [[r.AOQuality:2]]
[2022.11.23-03.49.58:072][  0]LogConfig: Setting CVar [[r.VolumetricFog:1]]
[2022.11.23-03.49.58:072][  0]LogConfig: Setting CVar [[r.VolumetricFog.GridPixelSize:8]]
[2022.11.23-03.49.58:072][  0]LogConfig: Setting CVar [[r.VolumetricFog.GridSizeZ:128]]
[2022.11.23-03.49.58:072][  0]LogConfig: Setting CVar [[r.VolumetricFog.HistoryMissSupersampleCount:4]]
[2022.11.23-03.49.58:072][  0]LogConfig: Setting CVar [[r.LightMaxDrawDistanceScale:1]]
[2022.11.23-03.49.58:072][  0]LogConfig: Setting CVar [[r.CapsuleShadows:1]]
[2022.11.23-03.49.58:072][  0]LogConfig: Applying CVar settings from Section [PostProcessQuality@3] File [C:/Users/Jarod/OneDrive/Desktop/Level-Design/Saved/Config/Windows/Scalability.ini]
[2022.11.23-03.49.58:072][  0]LogConfig: Setting CVar [[r.MotionBlurQuality:4]]
[2022.11.23-03.49.58:072][  0]LogConfig: Setting CVar [[r.AmbientOcclusionMipLevelFactor:0.4]]
[2022.11.23-03.49.58:072][  0]LogConfig: Setting CVar [[r.AmbientOcclusionMaxQuality:100]]
[2022.11.23-03.49.58:072][  0]LogConfig: Setting CVar [[r.AmbientOcclusionLevels:-1]]
[2022.11.23-03.49.58:072][  0]LogConfig: Setting CVar [[r.AmbientOcclusionRadiusScale:1.0]]
[2022.11.23-03.49.58:072][  0]LogConfig: Setting CVar [[r.DepthOfFieldQuality:2]]
[2022.11.23-03.49.58:072][  0]LogConfig: Setting CVar [[r.RenderTargetPoolMin:400]]
[2022.11.23-03.49.58:072][  0]LogConfig: Setting CVar [[r.LensFlareQuality:2]]
[2022.11.23-03.49.58:072][  0]LogConfig: Setting CVar [[r.SceneColorFringeQuality:1]]
[2022.11.23-03.49.58:072][  0]LogConfig: Setting CVar [[r.EyeAdaptationQuality:2]]
[2022.11.23-03.49.58:072][  0]LogConfig: Setting CVar [[r.BloomQuality:5]]
[2022.11.23-03.49.58:072][  0]LogConfig: Setting CVar [[r.FastBlurThreshold:100]]
[2022.11.23-03.49.58:072][  0]LogConfig: Setting CVar [[r.Upscale.Quality:3]]
[2022.11.23-03.49.58:072][  0]LogConfig: Setting CVar [[r.Tonemapper.GrainQuantization:1]]
[2022.11.23-03.49.58:072][  0]LogConfig: Setting CVar [[r.LightShaftQuality:1]]
[2022.11.23-03.49.58:072][  0]LogConfig: Setting CVar [[r.Filter.SizeScale:1]]
[2022.11.23-03.49.58:072][  0]LogConfig: Setting CVar [[r.Tonemapper.Quality:5]]
[2022.11.23-03.49.58:072][  0]LogConfig: Setting CVar [[r.DOF.Gather.AccumulatorQuality:1        ; higher gathering accumulator quality]]
[2022.11.23-03.49.58:072][  0]LogConfig: Setting CVar [[r.DOF.Gather.PostfilterMethod:1          ; Median3x3 postfilering method]]
[2022.11.23-03.49.58:072][  0]LogConfig: Setting CVar [[r.DOF.Gather.EnableBokehSettings:0       ; no bokeh simulation when gathering]]
[2022.11.23-03.49.58:072][  0]LogConfig: Setting CVar [[r.DOF.Gather.RingCount:4                 ; medium number of samples when gathering]]
[2022.11.23-03.49.58:072][  0]LogConfig: Setting CVar [[r.DOF.Scatter.ForegroundCompositing:1    ; additive foreground scattering]]
[2022.11.23-03.49.58:072][  0]LogConfig: Setting CVar [[r.DOF.Scatter.BackgroundCompositing:2    ; additive background scattering]]
[2022.11.23-03.49.58:073][  0]LogConfig: Setting CVar [[r.DOF.Scatter.EnableBokehSettings:1      ; bokeh simulation when scattering]]
[2022.11.23-03.49.58:073][  0]LogConfig: Setting CVar [[r.DOF.Scatter.MaxSpriteRatio:0.1         ; only a maximum of 10% of scattered bokeh]]
[2022.11.23-03.49.58:073][  0]LogConfig: Setting CVar [[r.DOF.Recombine.Quality:1                ; cheap slight out of focus]]
[2022.11.23-03.49.58:073][  0]LogConfig: Setting CVar [[r.DOF.Recombine.EnableBokehSettings:0    ; no bokeh simulation on slight out of focus]]
[2022.11.23-03.49.58:073][  0]LogConfig: Setting CVar [[r.DOF.TemporalAAQuality:1                ; more stable temporal accumulation]]
[2022.11.23-03.49.58:073][  0]LogConfig: Setting CVar [[r.DOF.Kernel.MaxForegroundRadius:0.025]]
[2022.11.23-03.49.58:073][  0]LogConfig: Setting CVar [[r.DOF.Kernel.MaxBackgroundRadius:0.025]]
[2022.11.23-03.49.58:073][  0]LogConfig: Applying CVar settings from Section [TextureQuality@3] File [C:/Users/Jarod/OneDrive/Desktop/Level-Design/Saved/Config/Windows/Scalability.ini]
[2022.11.23-03.49.58:073][  0]LogConfig: Setting CVar [[r.Streaming.MipBias:0]]
[2022.11.23-03.49.58:073][  0]LogConfig: Setting CVar [[r.Streaming.AmortizeCPUToGPUCopy:0]]
[2022.11.23-03.49.58:073][  0]LogConfig: Setting CVar [[r.Streaming.MaxNumTexturesToStreamPerFrame:0]]
[2022.11.23-03.49.58:073][  0]LogConfig: Setting CVar [[r.Streaming.Boost:1]]
[2022.11.23-03.49.58:073][  0]LogConfig: Setting CVar [[r.MaxAnisotropy:8]]
[2022.11.23-03.49.58:073][  0]LogConfig: Setting CVar [[r.VT.MaxAnisotropy:8]]
[2022.11.23-03.49.58:073][  0]LogConfig: Setting CVar [[r.Streaming.LimitPoolSizeToVRAM:0]]
[2022.11.23-03.49.58:073][  0]LogConfig: Setting CVar [[r.Streaming.PoolSize:1000]]
[2022.11.23-03.49.58:073][  0]LogConfig: Setting CVar [[r.Streaming.MaxEffectiveScreenSize:0]]
[2022.11.23-03.49.58:073][  0]LogConfig: Applying CVar settings from Section [EffectsQuality@3] File [C:/Users/Jarod/OneDrive/Desktop/Level-Design/Saved/Config/Windows/Scalability.ini]
[2022.11.23-03.49.58:073][  0]LogConfig: Setting CVar [[r.TranslucencyLightingVolumeDim:64]]
[2022.11.23-03.49.58:073][  0]LogConfig: Setting CVar [[r.RefractionQuality:2]]
[2022.11.23-03.49.58:073][  0]LogConfig: Setting CVar [[r.SSR.Quality:3]]
[2022.11.23-03.49.58:073][  0]LogConfig: Setting CVar [[r.SSR.HalfResSceneColor:0]]
[2022.11.23-03.49.58:073][  0]LogConfig: Setting CVar [[r.SceneColorFormat:4]]
[2022.11.23-03.49.58:073][  0]LogConfig: Setting CVar [[r.DetailMode:2]]
[2022.11.23-03.49.58:073][  0]LogConfig: Setting CVar [[r.TranslucencyVolumeBlur:1]]
[2022.11.23-03.49.58:073][  0]LogConfig: Setting CVar [[r.MaterialQualityLevel:1 ; High quality]]
[2022.11.23-03.49.58:073][  0]LogConfig: Setting CVar [[r.AnisotropicMaterials:1]]
[2022.11.23-03.49.58:073][  0]LogConfig: Setting CVar [[r.SSS.Scale:1]]
[2022.11.23-03.49.58:073][  0]LogConfig: Setting CVar [[r.SSS.SampleSet:2]]
[2022.11.23-03.49.58:073][  0]LogConfig: Setting CVar [[r.SSS.Quality:1]]
[2022.11.23-03.49.58:073][  0]LogConfig: Setting CVar [[r.SSS.HalfRes:0]]
[2022.11.23-03.49.58:073][  0]LogConfig: Setting CVar [[r.SSGI.Quality:3]]
[2022.11.23-03.49.58:073][  0]LogConfig: Setting CVar [[r.EmitterSpawnRateScale:1.0]]
[2022.11.23-03.49.58:073][  0]LogConfig: Setting CVar [[r.ParticleLightQuality:2]]
[2022.11.23-03.49.58:073][  0]LogConfig: Setting CVar [[r.SkyAtmosphere.AerialPerspectiveLUT.FastApplyOnOpaque:1 ; Always have FastSkyLUT 1 in this case to avoid wrong sky]]
[2022.11.23-03.49.58:073][  0]LogConfig: Setting CVar [[r.SkyAtmosphere.AerialPerspectiveLUT.SampleCountMaxPerSlice:4]]
[2022.11.23-03.49.58:073][  0]LogConfig: Setting CVar [[r.SkyAtmosphere.AerialPerspectiveLUT.DepthResolution:16.0]]
[2022.11.23-03.49.58:073][  0]LogConfig: Setting CVar [[r.SkyAtmosphere.FastSkyLUT:1]]
[2022.11.23-03.49.58:073][  0]LogConfig: Setting CVar [[r.SkyAtmosphere.FastSkyLUT.SampleCountMin:4.0]]
[2022.11.23-03.49.58:073][  0]LogConfig: Setting CVar [[r.SkyAtmosphere.FastSkyLUT.SampleCountMax:128.0]]
[2022.11.23-03.49.58:073][  0]LogConfig: Setting CVar [[r.SkyAtmosphere.SampleCountMin:4.0]]
[2022.11.23-03.49.58:073][  0]LogConfig: Setting CVar [[r.SkyAtmosphere.SampleCountMax:128.0]]
[2022.11.23-03.49.58:073][  0]LogConfig: Setting CVar [[r.SkyAtmosphere.TransmittanceLUT.UseSmallFormat:0]]
[2022.11.23-03.49.58:073][  0]LogConfig: Setting CVar [[r.SkyAtmosphere.TransmittanceLUT.SampleCount:10.0]]
[2022.11.23-03.49.58:073][  0]LogConfig: Setting CVar [[r.SkyAtmosphere.MultiScatteringLUT.SampleCount:15.0]]
[2022.11.23-03.49.58:073][  0]LogConfig: Setting CVar [[r.SkyLight.RealTimeReflectionCapture:1]]
[2022.11.23-03.49.58:073][  0]LogConfig: Applying CVar settings from Section [FoliageQuality@3] File [C:/Users/Jarod/OneDrive/Desktop/Level-Design/Saved/Config/Windows/Scalability.ini]
[2022.11.23-03.49.58:073][  0]LogConfig: Setting CVar [[foliage.DensityScale:1.0]]
[2022.11.23-03.49.58:073][  0]LogConfig: Setting CVar [[grass.DensityScale:1.0]]
[2022.11.23-03.49.58:073][  0]LogConfig: Applying CVar settings from Section [ShadingQuality@3] File [C:/Users/Jarod/OneDrive/Desktop/Level-Design/Saved/Config/Windows/Scalability.ini]
[2022.11.23-03.49.58:073][  0]LogConfig: Setting CVar [[r.HairStrands.SkyLighting.IntegrationType:2]]
[2022.11.23-03.49.58:073][  0]LogConfig: Setting CVar [[r.HairStrands.SkyAO.SampleCount:4]]
[2022.11.23-03.49.58:073][  0]LogConfig: Setting CVar [[r.HairStrands.Visibility.MSAA.SamplePerPixel:4]]
[2022.11.23-03.49.58:073][  0]LogConfig: Applying CVar settings from Section [Startup] File [../../../Engine/Config/ConsoleVariables.ini]
[2022.11.23-03.49.58:074][  0]LogConfig: Setting CVar [[net.UseAdaptiveNetUpdateFrequency:0]]
[2022.11.23-03.49.58:074][  0]LogConfig: Setting CVar [[p.chaos.AllowCreatePhysxBodies:1]]
[2022.11.23-03.49.58:074][  0]LogConfig: Setting CVar [[fx.SkipVectorVMBackendOptimizations:1]]
[2022.11.23-03.49.58:074][  0]LogConfig: Applying CVar settings from Section [ConsoleVariables] File [C:/Users/Jarod/OneDrive/Desktop/Level-Design/Saved/Config/Windows/Engine.ini]
[2022.11.23-03.49.58:074][  0]LogConfig: Applying CVar settings from Section [ConsoleVariables] File [C:/Users/Jarod/OneDrive/Desktop/Level-Design/Saved/Config/Windows/Editor.ini]
[2022.11.23-03.49.58:074][  0]LogInit: Computer: DESKTOP-H5DVIKR
[2022.11.23-03.49.58:074][  0]LogInit: User: Jarod
[2022.11.23-03.49.58:074][  0]LogInit: CPU Page size=4096, Cores=8
[2022.11.23-03.49.58:074][  0]LogInit: High frequency timer resolution =10.000000 MHz
[2022.11.23-03.49.58:074][  0]LogMemory: Memory total: Physical=15.9GB (16GB approx)
[2022.11.23-03.49.58:074][  0]LogMemory: Platform Memory Stats for Windows
[2022.11.23-03.49.58:074][  0]LogMemory: Process Physical Memory: 147.96 MB used, 147.97 MB peak
[2022.11.23-03.49.58:074][  0]LogMemory: Process Virtual Memory: 131.37 MB used, 131.37 MB peak
[2022.11.23-03.49.58:074][  0]LogMemory: Physical Memory: 8586.44 MB used,  7720.96 MB free, 16307.40 MB total
[2022.11.23-03.49.58:074][  0]LogMemory: Virtual Memory: 134214064.00 MB used,  3665.07 MB free, 134217728.00 MB total
[2022.11.23-03.49.58:079][  0]LogWindows: WindowsPlatformFeatures enabled
[2022.11.23-03.49.58:339][  0]LogInit: Physics initialised using underlying interface: PhysX
[2022.11.23-03.49.58:339][  0]LogInit: Using OS detected language (en-US).
[2022.11.23-03.49.58:340][  0]LogInit: Using OS detected locale (en-US).
[2022.11.23-03.49.58:358][  0]LogTextLocalizationManager: No specific localization for 'en-US' exists, so the 'en' localization will be used.
[2022.11.23-03.49.58:989][  0]LogWindowsTextInputMethodSystem: Display: IME system deactivated.
[2022.11.23-03.49.59:223][  0]LogSlate: New Slate User Created.  User Index 0, Is Virtual User: 0
[2022.11.23-03.49.59:223][  0]LogSlate: Slate User Registered.  User Index 0, Is Virtual User: 0
[2022.11.23-03.49.59:278][  0]LogD3D11RHI: Loaded GFSDK_Aftermath_Lib.x64.dll
[2022.11.23-03.49.59:292][  0]LogHMD: Failed to initialize OpenVR with code 110
[2022.11.23-03.49.59:292][  0]LogD3D11RHI: D3D11 min allowed feature level: 11_0
[2022.11.23-03.49.59:292][  0]LogD3D11RHI: D3D11 max allowed feature level: 11_0
[2022.11.23-03.49.59:292][  0]LogD3D11RHI: D3D11 adapters:
[2022.11.23-03.49.59:396][  0]LogD3D11RHI:    0. 'NVIDIA GeForce GTX 1660 Ti' (Feature Level 11_0)
[2022.11.23-03.49.59:396][  0]LogD3D11RHI:       5991/0/8153 MB DedicatedVideo/DedicatedSystem/SharedSystem, Outputs:2, VendorId:0x10de
[2022.11.23-03.49.59:402][  0]LogD3D11RHI:    1. 'Microsoft Basic Render Driver' (Feature Level 11_0)
[2022.11.23-03.49.59:402][  0]LogD3D11RHI:       0/0/8153 MB DedicatedVideo/DedicatedSystem/SharedSystem, Outputs:0, VendorId:0x1414
[2022.11.23-03.49.59:402][  0]LogD3D11RHI: Chosen D3D11 Adapter:
[2022.11.23-03.49.59:402][  0]LogD3D11RHI:     Description : NVIDIA GeForce GTX 1660 Ti
[2022.11.23-03.49.59:402][  0]LogD3D11RHI:     VendorId    : 10de
[2022.11.23-03.49.59:402][  0]LogD3D11RHI:     DeviceId    : 2182
[2022.11.23-03.49.59:402][  0]LogD3D11RHI:     SubSysId    : 37501462
[2022.11.23-03.49.59:402][  0]LogD3D11RHI:     Revision    : 00a1
[2022.11.23-03.49.59:402][  0]LogD3D11RHI:     DedicatedVideoMemory : 6282018816 bytes
[2022.11.23-03.49.59:402][  0]LogD3D11RHI:     DedicatedSystemMemory : 0 bytes
[2022.11.23-03.49.59:402][  0]LogD3D11RHI:     SharedSystemMemory : 8549773312 bytes
[2022.11.23-03.49.59:402][  0]LogD3D11RHI:     AdapterLuid : 0 59724
[2022.11.23-03.49.59:413][  0]LogD3D11RHI: Creating new Direct3DDevice
[2022.11.23-03.49.59:413][  0]LogD3D11RHI:     GPU DeviceId: 0x2182 (for the marketing name, search the web for "GPU Device Id")
[2022.11.23-03.49.59:413][  0]LogWindows: EnumDisplayDevices:
[2022.11.23-03.49.59:413][  0]LogWindows:    0. 'NVIDIA GeForce GTX 1660 Ti' (P:1 D:1)
[2022.11.23-03.49.59:413][  0]LogWindows:    1. 'NVIDIA GeForce GTX 1660 Ti' (P:0 D:1)
[2022.11.23-03.49.59:413][  0]LogWindows:    2. 'NVIDIA GeForce GTX 1660 Ti' (P:0 D:0)
[2022.11.23-03.49.59:413][  0]LogWindows:    3. 'NVIDIA GeForce GTX 1660 Ti' (P:0 D:0)
[2022.11.23-03.49.59:413][  0]LogWindows: DebugString: FoundDriverCount:4 
[2022.11.23-03.49.59:414][  0]LogD3D11RHI:     Adapter Name: NVIDIA GeForce GTX 1660 Ti
[2022.11.23-03.49.59:414][  0]LogD3D11RHI:   Driver Version: 522.25 (internal:31.0.15.2225, unified:522.25)
[2022.11.23-03.49.59:414][  0]LogD3D11RHI:      Driver Date: 10-6-2022
[2022.11.23-03.49.59:414][  0]LogRHI: Texture pool is 4193 MB (70% of 5991 MB)
[2022.11.23-03.49.59:414][  0]LogD3D11RHI: Creating D3DDevice using adapter:
[2022.11.23-03.49.59:414][  0]LogD3D11RHI:     Description : NVIDIA GeForce GTX 1660 Ti
[2022.11.23-03.49.59:414][  0]LogD3D11RHI:     VendorId    : 10de
[2022.11.23-03.49.59:414][  0]LogD3D11RHI:     DeviceId    : 2182
[2022.11.23-03.49.59:414][  0]LogD3D11RHI:     SubSysId    : 37501462
[2022.11.23-03.49.59:414][  0]LogD3D11RHI:     Revision    : 00a1
[2022.11.23-03.49.59:414][  0]LogD3D11RHI:     DedicatedVideoMemory : 6282018816 bytes
[2022.11.23-03.49.59:414][  0]LogD3D11RHI:     DedicatedSystemMemory : 0 bytes
[2022.11.23-03.49.59:414][  0]LogD3D11RHI:     SharedSystemMemory : 8549773312 bytes
[2022.11.23-03.49.59:414][  0]LogD3D11RHI:     AdapterLuid : 0 59724
[2022.11.23-03.49.59:484][  0]LogD3D11RHI: RHI has support for 64 bit atomics
[2022.11.23-03.49.59:484][  0]LogD3D11RHI: Async texture creation enabled
[2022.11.23-03.49.59:484][  0]LogD3D11RHI: Array index from any shader is supported
[2022.11.23-03.49.59:485][  0]LogD3D11RHI: HDR output is supported on display 0 (NvId: 0x80061086).
[2022.11.23-03.49.59:510][  0]LogD3D11RHI: GPU Timing Frequency: 1000.000000 (Debug: 2 1)
[2022.11.23-03.49.59:571][  0]LogRHI: GeForceNow SDK initialized: 1
[2022.11.23-03.50.00:544][  0]LogTargetPlatformManager: Display: Loaded TargetPlatform 'WindowsNoEditor'
[2022.11.23-03.50.00:553][  0]LogTargetPlatformManager: Display: Loaded TargetPlatform 'Windows'
[2022.11.23-03.50.00:558][  0]LogTargetPlatformManager: Display: Loaded TargetPlatform 'WindowsClient'
[2022.11.23-03.50.00:568][  0]LogTargetPlatformManager: Display: Loaded TargetPlatform 'WindowsServer'
[2022.11.23-03.50.00:568][  0]LogTargetPlatformManager: Display: Building Assets For Windows
[2022.11.23-03.50.00:622][  0]LogAudioDebug: Display: Lib vorbis DLL was dynamically loaded.
[2022.11.23-03.50.00:733][  0]LogTextureFormatOodle: Display: Oodle Texture 2.9.0 init RDO Off
[2022.11.23-03.50.00:901][  0]LogRendererCore: Ray tracing is disabled. Reason: r.RayTracing=0.
[2022.11.23-03.50.00:901][  0]LogShaderCompilers: Guid format shader working directory is 1 characters bigger than the processId version (C:/Users/Jarod/OneDrive/Desktop/Level-Design/Intermediate/Shaders/WorkingDirectory/26372/).
[2022.11.23-03.50.00:901][  0]LogShaderCompilers: Cleaned the shader compiler working directory 'C:/Users/Jarod/AppData/Local/Temp/UnrealShaderWorkingDir/3F9A6432411C7DDCB6273A84FD19C5FA/'.
[2022.11.23-03.50.00:902][  0]LogXGEController: Cannot use XGE Controller as Incredibuild is not installed on this machine.
[2022.11.23-03.50.00:902][  0]LogShaderCompilers: Cannot use XGE Shader Compiler as Incredibuild is not installed on this machine.
[2022.11.23-03.50.00:902][  0]LogShaderCompilers: Display: Using Local Shader Compiler.
[2022.11.23-03.50.01:959][  0]LogDerivedDataCache: Display: Max Cache Size: 512 MB
[2022.11.23-03.50.02:205][  0]LogDerivedDataCache: Loaded boot cache 0.25s 94MB C:/Users/Jarod/AppData/Local/UnrealEngine/4.27/DerivedDataCache/Boot.ddc.
[2022.11.23-03.50.02:205][  0]LogDerivedDataCache: Display: Loaded Boot cache: C:/Users/Jarod/AppData/Local/UnrealEngine/4.27/DerivedDataCache/Boot.ddc
[2022.11.23-03.50.02:205][  0]LogDerivedDataCache: FDerivedDataBackendGraph:  Pak pak cache file C:/Users/Jarod/OneDrive/Desktop/Level-Design/DerivedDataCache/DDC.ddp not found, will not use a pak cache.
[2022.11.23-03.50.02:205][  0]LogDerivedDataCache: Unable to find inner node Pak for hierarchical cache Hierarchy.
[2022.11.23-03.50.02:205][  0]LogDerivedDataCache: FDerivedDataBackendGraph:  CompressedPak pak cache file C:/Users/Jarod/OneDrive/Desktop/Level-Design/DerivedDataCache/Compressed.ddp not found, will not use a pak cache.
[2022.11.23-03.50.02:205][  0]LogDerivedDataCache: Unable to find inner node CompressedPak for hierarchical cache Hierarchy.
[2022.11.23-03.50.02:284][  0]LogDerivedDataCache: Display: Pak cache opened for reading ../../../Engine/DerivedDataCache/Compressed.ddp.
[2022.11.23-03.50.02:285][  0]LogDerivedDataCache: FDerivedDataBackendGraph:  EnterprisePak pak cache file ../../../Enterprise/DerivedDataCache/Compressed.ddp not found, will not use a pak cache.
[2022.11.23-03.50.02:285][  0]LogDerivedDataCache: Unable to find inner node EnterprisePak for hierarchical cache Hierarchy.
[2022.11.23-03.50.02:300][  0]LogDerivedDataCache: Speed tests for C:/Users/Jarod/AppData/Local/UnrealEngine/Common/DerivedDataCache took 0.01 seconds
[2022.11.23-03.50.02:300][  0]LogDerivedDataCache: Display: Performance to C:/Users/Jarod/AppData/Local/UnrealEngine/Common/DerivedDataCache: Latency=0.02ms. RandomReadSpeed=95.81MBs, RandomWriteSpeed=189.45MBs. Assigned SpeedClass 'Local'
[2022.11.23-03.50.02:301][  0]LogDerivedDataCache: Using Local data cache path C:/Users/Jarod/AppData/Local/UnrealEngine/Common/DerivedDataCache: Writable
[2022.11.23-03.50.02:301][  0]LogDerivedDataCache: Shared data cache path not found in *engine.ini, will not use an Shared cache.
[2022.11.23-03.50.02:301][  0]LogDerivedDataCache: Unable to find inner node Shared for hierarchical cache Hierarchy.
[2022.11.23-03.50.02:372][  0]LogSlate: Using FreeType 2.10.0
[2022.11.23-03.50.02:390][  0]LogSlate: SlateFontServices - WITH_FREETYPE: 1, WITH_HARFBUZZ: 1
[2022.11.23-03.50.02:934][  0]LogInit: Using OS detected language (en-US).
[2022.11.23-03.50.02:934][  0]LogInit: Using OS detected locale (en-US).
[2022.11.23-03.50.02:934][  0]LogTextLocalizationManager: No localization for 'en-US' exists, so 'en' will be used for the language.
[2022.11.23-03.50.02:934][  0]LogTextLocalizationManager: No localization for 'en-US' exists, so 'en' will be used for the locale.
[2022.11.23-03.50.02:934][  0]LogSlate: FontCache flush requested. Reason: Culture for localization was changed
[2022.11.23-03.50.02:934][  0]LogSlate: FontCache flush requested. Reason: Culture for localization was changed
[2022.11.23-03.50.02:970][  0]LogTextLocalizationManager: Compacting localization data took   0.01ms
[2022.11.23-03.50.02:970][  0]LogAssetRegistry: FAssetRegistry took 0.0020 seconds to start up
[2022.11.23-03.50.03:181][  0]LogPackageLocalizationCache: Processed 27 localized package path(s) for 1 prioritized culture(s) in 0.013448 seconds
[2022.11.23-03.50.03:248][  0]LogInit: Selected Device Profile: [Windows]
[2022.11.23-03.50.03:248][  0]LogInit: Active device profile: [0000025C522E4B00][0000025C4AC92E80 49] Windows
[2022.11.23-03.50.03:248][  0]LogInit: Profiles: [0000025C522E4B00][0000025C4AC92E80 49] Windows, [0000025C522B2100][0000025C4AC9B000 49] WindowsNoEditor, [0000025C522E5900][0000025C4AC9F180 49] WindowsServer, [0000025C522B2E00][0000025C4AC972C0 49] WindowsClient, [0000025C522E7C00][0000025C488E5400 49] IOS, [0000025C522B0F00][0000025C488E9540 49] iPadAir, [0000025C522E7E00][0000025C488ED680 49] iPadAir2, [0000025C52260C00][0000025C488F9940 49] IPadPro, [0000025C52260D00][0000025C488F5980 49] iPadAir3, [0000025C522B3B00][0000025C488FDB00 49] iPadAir4, [0000025C52263600][0000025C4AB02100 49] iPadMini2, [0000025C522B3200][0000025C4AB06280 49] iPadMini3, [0000025C52263800][0000025C4AB0A400 49] iPadMini4, [0000025C522B3800][0000025C4AB0E580 49] iPadMini5, [0000025C52284600][0000025C4AB16840 49] iPhone6, [0000025C52284700][0000025C4AB12880 49] iPodTouch6, [0000025C522E6900][0000025C4AB1EB40 49] iPhone7, [0000025C522E6800][0000025C4AB1AB80 49] iPodTouch7, [0000025C52284100][0000025C4AB22D00 49] iPhone5S, [0000025C52260700][0000025C4AB26E80 49] iPhone6Plus, [0000025C52286500][0000025C4AB2B000 49] iPhone6S, [0000025C52261300][0000025C4AB2F180 49] iPhone6SPlus, [0000025C52287B00][0000025C4AB33300 49] iPhone7Plus, [0000025C52263500][0000025C4AB37480 49] iPhoneSE, [0000025C522E6600][0000025C488F15C0 49] iPhone8, [0000025C52260600][0000025C4AB3B700 49] iPhone8Plus, [0000025C522E6200][0000025C4AB3F840 49] iPhoneX, [0000025C52263300][0000025C4AB479C0 49] iPhoneXS, [0000025C522E7400][0000025C48BFBB40 49] iPhoneXSMax, [0000025C52262D00][0000025C48BFE140 49] iPhoneXR, [0000025C522E4200][0000025C48C022C0 49] iPhone11, [0000025C52261E00][0000025C48C06440 49] iPhone11Pro, [0000025C522E6A00][0000025C48C0A5C0 49] iPhone11ProMax, [0000025C52263700][0000025C48C0E740 49] iPhoneSE2, [0000025C522E4D00][0000025C48C128C0 49] iPhone12Mini, [0000025C52261F00][0000025C48C16A40 49] iPhone12, [0000025C522E4700][0000025C48C1ABC0 49] iPhone12Pro, [0000025C52261400][0000025C48C1ED40 49] iPhone12ProMax, [0000025C522E4C00][0000025C48C22EC0 49] iPadPro105, [0000025C52261700][0000025C48C27040 49] iPadPro129, [0000025C522E4100][0000025C48C2B1C0 49] iPadPro97, [0000025C52263C00][0000025C48C2F340 49] iPadPro2_129, [0000025C522E4800][0000025C48C334C0 49] iPad5, [0000025C52263100][0000025C48C37640 49] iPad6, [0000025C522E4500][0000025C4AB43780 49] iPad7, [0000025C52262800][0000025C48C3B8C0 49] iPad8, [0000025C522E4600][0000025C48C3FA00 49] iPadPro11, [0000025C52260100][0000025C48C43B40 49] iPadPro2_11, [0000025C522E5C00][0000025C48346140 49] iPadPro3_129, [0000025C52263E00][0000025C4834A2C0 49] iPadPro4_129, [0000025C522E6500][0000025C4834E440 49] AppleTV, [0000025C52262300][0000025C483525C0 49] AppleTV4K, [0000025C522E4400][0000025C48356740 49] TVOS, [0000025C52261C00][0000025C4835A8C0 49] Mac, [0000025C522E7D00][0000025C4835EA40 49] MacClient, [0000025C52262500][0000025C48362BC0 49] MacNoEditor, [0000025C522E7100][0000025C48366D40 49] MacServer, [0000025C52263900][0000025C4836AEC0 49] Linux, [0000025C522E5D00][0000025C4836F040 49] LinuxAArch64, [0000025C52262100][0000025C483731C0 49] LinuxNoEditor, [0000025C522E5B00][0000025C48377340 49] LinuxAArch64NoEditor, [0000025C52263B00][0000025C4837B4C0 49] LinuxClient, [0000025C522E6E00][0000025C4837F640 49] LinuxAArch64Client, [0000025C52262200][0000025C483837C0 49] LinuxServer, [0000025C522E6F00][0000025C48343900 49] LinuxAArch64Server, [0000025C52261000][0000025C48387A40 49] Android, [0000025C522E5E00][0000025C4838BB80 49] Android_Low, [0000025C52260500][0000025C4838E140 49] Android_Mid, [0000025C522E6400][0000025C483962C0 49] Android_High, [0000025C52263F00][0000025C4839A440 49] Android_Default, [0000025C522E6000][0000025C4839E5C0 49] Android_Adreno4xx, [0000025C522B2400][0000025C483A2740 49] Android_Adreno5xx_Low, [0000025C52287500][0000025C483A68C0 49] Android_Adreno5xx, [0000025C522B3D00][0000025C483AAA40 49] Android_Adreno6xx, [0000025C52286B00][0000025C483AEBC0 49] Android_Adreno6xx_Vulkan, [0000025C522B3E00][0000025C483B2D40 49] Android_Mali_T6xx, [0000025C52284F00][0000025C483B6EC0 49] Android_Mali_T7xx, [0000025C522B1300][0000025C483BB040 49] Android_Mali_T8xx, [0000025C52285F00][0000025C483BF1C0 49] Android_Mali_G71, [0000025C522B1C00][0000025C483C3340 49] Android_Mali_G72, [0000025C52286400][0000025C483C74C0 49] Android_Mali_G72_Vulkan, [0000025C522B3600][0000025C483CB640 49] Android_Mali_G76, [0000025C52286100][0000025C483CF7C0 49] Android_Mali_G76_Vulkan, [0000025C522B1B00][0000025C483D3940 49] Android_Mali_G77, [0000025C52284A00][0000025C483D7AC0 49] Android_Mali_G77_Vulkan, [0000025C522B3400][0000025C48393C00 49] Android_Mali_G78, [0000025C52285300][0000025C483DA1C0 49] Android_Mali_G78_Vulkan, [0000025C522B2900][0000025C483DE300 49] Android_Mali_G710, [0000025C52287D00][0000025C483E6480 49] Android_Mali_G710_Vulkan, [0000025C522B1E00][0000025C483EA600 49] Android_Vulkan_SM5, [0000025C52284900][0000025C483EE780 49] Android_PowerVR_G6xxx, [0000025C522B1F00][0000025C483F2900 49] Android_PowerVR_GT7xxx, [0000025C52286700][0000025C483F6A80 49] Android_PowerVR_GE8xxx, [0000025C522B2300][0000025C483FAC00 49] Android_PowerVR_GM9xxx, [0000025C52287200][0000025C483FED80 49] Android_PowerVR_GM9xxx_Vulkan, [0000025C522B3000][0000025C48402F00 49] Android_TegraK1, [0000025C52285700][0000025C48407080 49] Android_Unknown_Vulkan, [0000025C522B3700][0000025C4840B200 49] Lumin, [0000025C52284200][0000025C4840F380 49] Lumin_Desktop, [0000025C522B2200][0000025C48413500 49] HoloLens, 
[2022.11.23-03.50.03:597][  0]LogMeshReduction: Using QuadricMeshReduction for automatic static mesh reduction
[2022.11.23-03.50.03:597][  0]LogMeshReduction: Using SimplygonMeshReduction for automatic skeletal mesh reduction
[2022.11.23-03.50.03:597][  0]LogMeshReduction: Using ProxyLODMeshReduction for automatic mesh merging
[2022.11.23-03.50.03:597][  0]LogMeshReduction: No distributed automatic mesh merging module available
[2022.11.23-03.50.03:597][  0]LogMeshMerging: No distributed automatic mesh merging module available
[2022.11.23-03.50.03:729][  0]LogNetVersion: SideScroller_V422_Fall2019 1.0.0, NetCL: 17155196, EngineNetVer: 17, GameNetVer: 0 (Checksum: 1441273239)
[2022.11.23-03.50.05:164][  0]LogTexture: Default maximum texture size for cubemaps generated from long-lat sources has been changed from 512 to unlimited. In order to preserve old behaiour for '/Engine/MapTemplates/Sky/DaylightAmbientCubemap.DaylightAmbientCubemap', its maximum texture size has been explicitly set to 512.
[2022.11.23-03.50.05:290][  0]LogHMD: PokeAHoleMaterial loaded successfully
[2022.11.23-03.50.06:068][  0]LogMoviePlayer: Initializing movie player
[2022.11.23-03.50.06:297][  0]LogNiagaraDebuggerClient: Niagara Debugger Client Initialized | Session: 2C17ED5E49311E3174EC07A0992A0A4B | Instance: C2580F8248747959676145A8A9E6662F (DESKTOP-H5DVIKR-26372).
[2022.11.23-03.50.06:408][  0]LogCollectionManager: Loaded 0 collections in 0.000648 seconds
[2022.11.23-03.50.06:414][  0]LogFileCache: Scanning file cache for directory 'C:/Users/Jarod/OneDrive/Desktop/Level-Design/Saved/Collections/' took 0.00s
[2022.11.23-03.50.06:414][  0]LogFileCache: Scanning file cache for directory 'C:/Users/Jarod/OneDrive/Desktop/Level-Design/Content/Developers/Jarod/Collections/' took 0.00s
[2022.11.23-03.50.06:414][  0]LogCollectionManager: Fixed up redirectors for 0 collections in 0.000002 seconds (updated 0 objects)
[2022.11.23-03.50.06:983][  0]LogFileCache: Scanning file cache for directory 'C:/Users/Jarod/OneDrive/Desktop/Level-Design/Content/Collections/' took 0.00s
[2022.11.23-03.50.06:983][  0]LogPython: Using Python 3.7.7
[2022.11.23-03.50.07:833][  0]LogTcpMessaging: Initializing TcpMessaging bridge
[2022.11.23-03.50.07:853][  0]LogUdpMessaging: Initializing bridge on interface 0.0.0.0:0 to multicast group 230.0.0.1:6666.
[2022.11.23-03.50.08:276][  0]SourceControl: Source control is disabled
[2022.11.23-03.50.08:276][  0]SourceControl: Source control is disabled
[2022.11.23-03.50.08:305][  0]SourceControl: Source control is disabled
[2022.11.23-03.50.08:344][  0]LogUProjectInfo: Found projects:
[2022.11.23-03.50.08:747][  0]LogOpenImageDenoise: OIDN starting up
[2022.11.23-03.50.08:764][  0]LogAndroidPermission: UAndroidPermissionCallbackProxy::GetInstance
[2022.11.23-03.50.08:824][  0]LogAudioCaptureCore: Display: No Audio Capture implementations found. Audio input will be silent.
[2022.11.23-03.50.08:824][  0]LogAudioCaptureCore: Display: No Audio Capture implementations found. Audio input will be silent.
[2022.11.23-03.50.09:064][  0]LogOcInput: OculusInput pre-init called
[2022.11.23-03.50.09:074][  0]LogUObjectArray: 22163 objects as part of root set at end of initial load.
[2022.11.23-03.50.09:074][  0]LogUObjectAllocator: 5993712 out of 0 bytes used by permanent object pool.
[2022.11.23-03.50.09:074][  0]LogUObjectArray: CloseDisregardForGC: 0/0 objects in disregard for GC pool
[2022.11.23-03.50.09:272][  0]LogEngine: Initializing Engine...
[2022.11.23-03.50.09:291][  0]LogHMD: Failed to enumerate extensions. Please check that you have a valid OpenXR runtime installed.
[2022.11.23-03.50.09:291][  0]LogHMD: Failed to initialize OpenVR with code 110
[2022.11.23-03.50.09:291][  0]LogMagicLeap: Warning: VR disabled because ZI is not enabled.  To enable, in the editor, Edit -> Project Settings -> Plugins -> Magic Leap Plugin -> Enable Zero Iteration
[2022.11.23-03.50.09:293][  0]LogStats: UGameplayTagsManager::InitializeManager -  0.000 s
[2022.11.23-03.50.09:595][  0]LogInit: Initializing FReadOnlyCVARCache
[2022.11.23-03.50.09:595][  0]LogAudio: Display: Initializing Audio Device Manager...
[2022.11.23-03.50.09:614][  0]LogAudio: Display: Loading Default Audio Settings Objects...
[2022.11.23-03.50.09:626][  0]LogAudio: Display: No default SoundConcurrencyObject specified (or failed to load).
[2022.11.23-03.50.09:626][  0]LogAudio: Display: Audio Device Manager Initialized
[2022.11.23-03.50.09:626][  0]LogAudio: Display: Creating Audio Device:                 Id: 1, Scope: Shared, Realtime: True
[2022.11.23-03.50.09:626][  0]LogAudioMixer: Display: Audio Mixer Platform Settings:
[2022.11.23-03.50.09:626][  0]LogAudioMixer: Display: 	Sample Rate:						  48000
[2022.11.23-03.50.09:626][  0]LogAudioMixer: Display: 	Callback Buffer Frame Size Requested: 1024
[2022.11.23-03.50.09:626][  0]LogAudioMixer: Display: 	Callback Buffer Frame Size To Use:	  1024
[2022.11.23-03.50.09:626][  0]LogAudioMixer: Display: 	Number of buffers to queue:			  2
[2022.11.23-03.50.09:626][  0]LogAudioMixer: Display: 	Max Channels (voices):				  32
[2022.11.23-03.50.09:626][  0]LogAudioMixer: Display: 	Number of Async Source Workers:		  0
[2022.11.23-03.50.09:626][  0]LogAudio: Display: AudioDevice MaxSources: 32
[2022.11.23-03.50.09:627][  0]LogAudio: Display: Audio Spatialization Plugin: None (built-in).
[2022.11.23-03.50.09:627][  0]LogAudio: Display: Audio Reverb Plugin: None (built-in).
[2022.11.23-03.50.09:627][  0]LogAudio: Display: Audio Occlusion Plugin: None (built-in).
[2022.11.23-03.50.09:627][  0]LogAudioMixer: Display: Initializing audio mixer.
[2022.11.23-03.50.09:652][  0]LogAudioMixer: Display: 0: FrontLeft
[2022.11.23-03.50.09:652][  0]LogAudioMixer: Display: 1: FrontRight
[2022.11.23-03.50.09:682][  0]LogAudioMixer: Display: Using Audio Device Speakers (Realtek(R) Audio)
[2022.11.23-03.50.09:683][  0]LogAudioMixer: Display: Initializing Sound Submixes...
[2022.11.23-03.50.09:702][  0]LogAudioMixer: Display: Creating Master Submix 'MasterSubmixDefault'
[2022.11.23-03.50.09:702][  0]LogAudioMixer: Display: Creating Master Submix 'MasterReverbSubmixDefault'
[2022.11.23-03.50.09:703][  0]LogAudioMixer: Display: Creating Master Submix 'MasterEQSubmixDefault'
[2022.11.23-03.50.09:703][  0]LogAudioMixer: FMixerPlatformXAudio2::StartAudioStream() called
[2022.11.23-03.50.09:703][  0]LogAudioMixer: Display: Output buffers initialized: Frames=1024, Channels=2, Samples=2048
[2022.11.23-03.50.09:705][  0]LogAudioMixer: Display: Starting AudioMixerPlatformInterface::RunInternal()
[2022.11.23-03.50.09:705][  0]LogAudioMixer: Display: FMixerPlatformXAudio2::SubmitBuffer() called for the first time
[2022.11.23-03.50.09:705][  0]LogInit: FAudioDevice initialized.
[2022.11.23-03.50.09:716][  0]LogNetVersion: Set ProjectVersion to 1.0.0.0. Version Checksum will be recalculated on next use.
[2022.11.23-03.50.09:717][  0]LogInit: Texture streaming: Enabled
[2022.11.23-03.50.10:377][  0]LogAudio: Display: Audio Device (ID: 1) registered with world 'Untitled'.
[2022.11.23-03.50.10:395][  0]LogSlate: Updating window title bar state: overlay mode, drag disabled, window buttons hidden, title bar hidden
[2022.11.23-03.50.10:408][  0]LogInit: Display: Game Engine Initialized.
[2022.11.23-03.50.10:418][  0]LogNiagaraEditor: GEditor isn't valid! Particle reset commands will not work for Niagara components!
[2022.11.23-03.50.10:776][  0]LogInit: Display: Starting Game.
[2022.11.23-03.50.10:803][  0]LogNet: Browse: /Game/StarterContent/Maps/My_level?Name=Player
[2022.11.23-03.50.10:837][  0]LogLoad: LoadMap: /Game/StarterContent/Maps/My_level?Name=Player
[2022.11.23-03.50.10:837][  0]LogWorld: BeginTearingDown for /Temp/Untitled_0
[2022.11.23-03.50.10:977][  0]LogWorld: UWorld::CleanupWorld for Untitled, bSessionEnded=true, bCleanupResources=true
[2022.11.23-03.50.10:977][  0]LogSlate: InvalidateAllWidgets triggered.  All widgets were invalidated
[2022.11.23-03.50.11:000][  0]LogAudio: Display: Audio Device unregistered from world 'None'.
[2022.11.23-03.50.11:015][  0]LogUObjectHash: Compacting FUObjectHashTables data took   0.86ms
[2022.11.23-03.50.11:281][  0]LogBlueprint: Warning: [AssetLog] C:\Users\Jarod\OneDrive\Desktop\Level-Design\Content\Custom_Blueprints\Puzzle_Elements\Sphere_Door.uasset: [Compiler] OnComponentBeginOverlap (Box)  does not have a valid matching component!
[2022.11.23-03.50.12:066][  0]LogSkeletalMesh: Display: [AssetLog] C:\Users\Jarod\OneDrive\Desktop\Level-Design\Content\Custom_Assets\Hazards\Bat\Model\Bat_Enemy.uasset: Find and fix some bad tangent! please re-import this skeletal mesh asset to fix the issue. The shading of the skeletal mesh will be bad and faceted.
[2022.11.23-03.50.12:092][  0]LogAudio: Display: Audio Device (ID: 1) registered with world 'My_level'.
[2022.11.23-03.50.12:127][  0]LogAIModule: Creating AISystem for world My_level
[2022.11.23-03.50.12:139][  0]LogLoad: Game class is 'SideScrollerGameMode_C'
[2022.11.23-03.50.12:149][  0]LogWorld: Bringing World /Game/StarterContent/Maps/My_level.My_level up for play (max tick rate 0) at 2022.11.22-22.50.12
[2022.11.23-03.50.12:172][  0]LogWorld: Bringing up level for play took: 0.032371
[2022.11.23-03.50.12:564][  0]LogLoad: Took 1.725912 seconds to LoadMap(/Game/StarterContent/Maps/My_level)
[2022.11.23-03.50.12:693][  0]LogRenderer: Reallocating scene render targets to support 1280x720 Format 10 NumSamples 1 (Frame:1).
[2022.11.23-03.50.12:693][  0]LogSlate: Took 0.011159 seconds to synchronously load lazily loaded font '../../../Engine/Content/Slate/Fonts/Roboto-Regular.ttf' (155K)
[2022.11.23-03.50.12:829][  0]LogInit: Display: Engine is initialized. Leaving FEngineLoop::Init()
[2022.11.23-03.50.12:829][  0]LogLoad: (Engine Initialization) Total time: 28.51 seconds
[2022.11.23-03.50.12:829][  0]LogLoad: (Engine Initialization) Total Blueprint compile time: 0.00 seconds
[2022.11.23-03.50.12:914][  0]LogContentStreaming: Texture pool size now 1000 MB
[2022.11.23-03.50.12:953][  0]LogSlate: InvalidateAllWidgets triggered.  All widgets were invalidated
[2022.11.23-03.50.13:063][  1]LogSlate: Took 0.000294 seconds to synchronously load lazily loaded font '../../../Engine/Content/Slate/Fonts/Roboto-Regular.ttf' (155K)
[2022.11.23-03.50.18:506][802]LogSlate: Window 'SideScroller_V422_Fall2019 (64-bit Development PCD3D_SM5) ' being destroyed
[2022.11.23-03.50.18:562][802]LogWindowsTextInputMethodSystem: Display: IME system deactivated.
[2022.11.23-03.50.18:568][802]LogSlate: Updating window title bar state: overlay mode, drag disabled, window buttons hidden, title bar hidden
[2022.11.23-03.50.18:569][802]LogEngine: All Windows Closed
[2022.11.23-03.50.18:569][802]LogWindows: FPlatformMisc::RequestExit(0)
[2022.11.23-03.50.18:569][802]LogWindows: FPlatformMisc::RequestExitWithStatus(0, 0)
[2022.11.23-03.50.18:569][802]LogCore: Engine exit requested (reason: Win RequestExit)
[2022.11.23-03.50.18:569][803]LogCore: Engine exit requested (reason: EngineExit() was called; note: exit was already requested)
[2022.11.23-03.50.18:589][803]LogInit: Display: PreExit Game.
[2022.11.23-03.50.18:620][803]LogWorld: BeginTearingDown for /Game/StarterContent/Maps/My_level
[2022.11.23-03.50.18:628][803]LogWorld: UWorld::CleanupWorld for My_level, bSessionEnded=true, bCleanupResources=true
[2022.11.23-03.50.18:629][803]LogSlate: InvalidateAllWidgets triggered.  All widgets were invalidated
