Log file open, 11/23/22 01:43:50
LogWindows: Failed to load 'aqProf.dll' (GetLastError=126)
LogWindows: File 'aqProf.dll' does not exist
LogWindows: Failed to load 'VtuneApi.dll' (GetLastError=126)
LogWindows: File 'VtuneApi.dll' does not exist
LogWindows: Failed to load 'VtuneApi32e.dll' (GetLastError=126)
LogWindows: File 'VtuneApi32e.dll' does not exist
LogConsoleResponse: Display: Failed to find resolution value strings in scalability ini. Falling back to default.
LogConsoleResponse: Display: Failed to find resolution value strings in scalability ini. Falling back to default.
LogInit: Display: Running engine for game: SideScroller_V422_Fall2019
LogPlatformFile: Not using cached read wrapper
LogTaskGraph: Started task graph with 5 named threads and 47 total threads with 3 sets of task threads.
LogStats: Stats thread started at 0.220117
LogICUInternationalization: ICU TimeZone Detection - Raw Offset: -5:00, Platform Override: ''
LogInit: Display: Loading text-based GConfig....
LogPluginManager: Mounting plugin MeshPainting
LogPluginManager: Mounting plugin XGEController
LogPluginManager: Mounting plugin Paper2D
LogPluginManager: Mounting plugin LiveLink
LogPluginManager: Mounting plugin OodleData
LogPluginManager: Mounting plugin OodleNetwork
LogPluginManager: Mounting plugin AISupport
LogPluginManager: Mounting plugin GameplayCameras
LogPluginManager: Mounting plugin CameraShakePreviewer
LogPluginManager: Mounting plugin EnvironmentQueryEditor
LogPluginManager: Mounting plugin CurveEditorTools
LogPluginManager: Mounting plugin AnimationSharing
LogPluginManager: Mounting plugin GameplayTagsEditor
LogPluginManager: Mounting plugin CryptoKeys
LogPluginManager: Mounting plugin DataValidation
LogPluginManager: Mounting plugin MobileLauncherProfileWizard
LogPluginManager: Mounting plugin MacGraphicsSwitching
LogPluginManager: Mounting plugin CLionSourceCodeAccess
LogPluginManager: Mounting plugin CodeLiteSourceCodeAccess
LogPluginManager: Mounting plugin AssetManagerEditor
LogPluginManager: Mounting plugin GitSourceControl
LogPluginManager: Mounting plugin AlembicImporter
LogPluginManager: Mounting plugin AutomationUtils
LogPluginManager: Mounting plugin BackChannel
LogPluginManager: Mounting plugin MaterialAnalyzer
LogPluginManager: Mounting plugin KDevelopSourceCodeAccess
LogPluginManager: Mounting plugin ChaosCloth
LogPluginManager: Mounting plugin ChaosClothEditor
LogPluginManager: Mounting plugin NullSourceCodeAccess
LogPluginManager: Mounting plugin ChaosEditor
LogPluginManager: Mounting plugin ChaosSolverPlugin
LogPluginManager: Mounting plugin GeometryMode
LogPluginManager: Mounting plugin CharacterAI
LogPluginManager: Mounting plugin FacialAnimation
LogPluginManager: Mounting plugin SpeedTreeImporter
LogPluginManager: Mounting plugin PluginBrowser
LogPluginManager: Mounting plugin ChaosNiagara
LogPluginManager: Mounting plugin PerforceSourceControl
LogPluginManager: Mounting plugin PixWinPlugin
LogPluginManager: Mounting plugin PlasticSourceControl
LogPluginManager: Mounting plugin PropertyAccessNode
LogPluginManager: Mounting plugin PluginUtils
LogPluginManager: Mounting plugin SubversionSourceControl
LogPluginManager: Mounting plugin RiderSourceCodeAccess
LogPluginManager: Mounting plugin TextureFormatOodle
LogPluginManager: Mounting plugin GeometryCollectionPlugin
LogPluginManager: Mounting plugin UObjectPlugin
LogPluginManager: Mounting plugin GeometryCache
LogPluginManager: Mounting plugin VisualStudioSourceCodeAccess
LogPluginManager: Mounting plugin VisualStudioCodeSourceCodeAccess
LogPluginManager: Mounting plugin XCodeSourceCodeAccess
LogPluginManager: Mounting plugin Niagara
LogPluginManager: Mounting plugin PlanarCut
LogPluginManager: Mounting plugin PlatformCrypto
LogPluginManager: Mounting plugin OpenImageDenoise
LogPluginManager: Mounting plugin ProxyLODPlugin
LogPluginManager: Mounting plugin PythonScriptPlugin
LogPluginManager: Mounting plugin SkeletalReduction
LogPluginManager: Mounting plugin AndroidMedia
LogPluginManager: Mounting plugin AvfMedia
LogPluginManager: Mounting plugin ImgMedia
LogPluginManager: Mounting plugin MotoSynth
LogPluginManager: Mounting plugin TcpMessaging
LogPluginManager: Mounting plugin WmfMedia
LogPluginManager: Mounting plugin UdpMessaging
LogPluginManager: Mounting plugin WebMMedia
LogPluginManager: Mounting plugin ActorSequence
LogPluginManager: Mounting plugin MatineeToLevelSequence
LogPluginManager: Mounting plugin LevelSequenceEditor
LogPluginManager: Mounting plugin LauncherChunkInstaller
LogPluginManager: Mounting plugin GeometryProcessing
LogPluginManager: Mounting plugin OnlineSubsystem
LogPluginManager: Mounting plugin MediaCompositing
LogPluginManager: Mounting plugin OnlineSubsystemNull
LogPluginManager: Mounting plugin LuminPlatformFeatures
LogPluginManager: Mounting plugin MediaPlayerEditor
LogPluginManager: Mounting plugin MagicLeap
LogPluginManager: Mounting plugin TemplateSequence
LogPluginManager: Mounting plugin MagicLeapLightEstimation
LogPluginManager: Mounting plugin MagicLeapMedia
LogPluginManager: Mounting plugin MagicLeapPassableWorld
LogPluginManager: Mounting plugin MLSDK
LogPluginManager: Mounting plugin ActorLayerUtilities
LogPluginManager: Mounting plugin ScreenshotTools
LogPluginManager: Mounting plugin OnlineSubsystemUtils
LogPluginManager: Mounting plugin AndroidDeviceProfileSelector
LogPluginManager: Mounting plugin AndroidMoviePlayer
LogPluginManager: Mounting plugin AndroidPermission
LogPluginManager: Mounting plugin ApexDestruction
LogPluginManager: Mounting plugin AppleImageUtils
LogPluginManager: Mounting plugin AppleMoviePlayer
LogPluginManager: Mounting plugin ArchVisCharacter
LogPluginManager: Mounting plugin AssetTags
LogPluginManager: Mounting plugin AudioCapture
LogPluginManager: Mounting plugin AudioSynesthesia
LogPluginManager: Mounting plugin CableComponent
LogPluginManager: Mounting plugin ChunkDownloader
LogPluginManager: Mounting plugin CustomMeshComponent
LogPluginManager: Mounting plugin ExampleDeviceProfileSelector
LogPluginManager: Mounting plugin EditableMesh
LogPluginManager: Mounting plugin GooglePAD
LogPluginManager: Mounting plugin GoogleCloudMessaging
LogPluginManager: Mounting plugin IOSDeviceProfileSelector
LogPluginManager: Mounting plugin LinuxDeviceProfileSelector
LogPluginManager: Mounting plugin LocationServicesBPLibrary
LogPluginManager: Mounting plugin Takes
LogPluginManager: Mounting plugin MobilePatchingUtils
LogPluginManager: Mounting plugin PhysXVehicles
LogPluginManager: Mounting plugin RuntimePhysXCooking
LogPluginManager: Mounting plugin PropertyAccessEditor
LogPluginManager: Mounting plugin ProceduralMeshComponent
LogPluginManager: Mounting plugin OpenXR
LogPluginManager: Mounting plugin SignificanceManager
LogPluginManager: Mounting plugin PostSplashScreen
LogPluginManager: Mounting plugin OpenXRHandTracking
LogPluginManager: Mounting plugin SoundFields
LogPluginManager: Mounting plugin OpenXREyeTracker
LogPluginManager: Mounting plugin Synthesis
LogPluginManager: Mounting plugin DatasmithContent
LogPluginManager: Mounting plugin LightPropagationVolume
LogPluginManager: Mounting plugin VariantManagerContent
LogPluginManager: Mounting plugin WebMMoviePlayer
LogPluginManager: Mounting plugin WindowsMoviePlayer
LogPluginManager: Mounting plugin ContentBrowserAssetDataSource
LogPluginManager: Mounting plugin ContentBrowserClassDataSource
LogPluginManager: Mounting plugin ContentBrowserFileDataSource
LogPluginManager: Mounting plugin OnlineSubsystemIOS
LogPluginManager: Mounting plugin OnlineSubsystemGooglePlay
LogPluginManager: Mounting plugin OculusVR
LogPluginManager: Mounting plugin SteamVR
PixWinPlugin: PIX capture plugin failed to initialize! Check that the process is launched from PIX.
LogInit: Using libcurl 7.55.1-DEV
LogInit:  - built for x86_64-pc-win32
LogInit:  - supports SSL with OpenSSL/1.1.1
LogInit:  - supports HTTP deflate (compression) using libz 1.2.8
LogInit:  - other features:
LogInit:      CURL_VERSION_SSL
LogInit:      CURL_VERSION_LIBZ
LogInit:      CURL_VERSION_IPV6
LogInit:      CURL_VERSION_ASYNCHDNS
LogInit:      CURL_VERSION_LARGEFILE
LogInit:      CURL_VERSION_IDN
LogInit:  CurlRequestOptions (configurable via config and command line):
LogInit:  - bVerifyPeer = true  - Libcurl will verify peer certificate
LogInit:  - bUseHttpProxy = false  - Libcurl will NOT use HTTP proxy
LogInit:  - bDontReuseConnections = false  - Libcurl will reuse connections
LogInit:  - MaxHostConnections = 16  - Libcurl will limit the number of connections to a host
LogInit:  - LocalHostAddr = Default
LogInit:  - BufferSize = 65536
LogOnline: OSS: Creating online subsystem instance for: NULL
LogInit: WinSock: version 1.1 (2.2), MaxSocks=32767, MaxUdp=65467
LogOnline: OSS: TryLoadSubsystemAndSetDefault: Loaded subsystem for module [NULL]
LogOculusPluginWrapper: OculusPlugin initialized successfully
LogHMD: Failed initializing OVRPlugin 1.59.0
LogInit: Build: ++UE4+Release-4.27-CL-18319896
LogInit: Engine Version: 4.27.2-18319896+++UE4+Release-4.27
LogInit: Compatible Engine Version: 4.27.0-17155196+++UE4+Release-4.27
LogInit: Net CL: 17155196
LogInit: OS: Windows 10 (Release 2009) (), CPU: AMD Ryzen 7 3700X 8-Core Processor             , GPU: NVIDIA GeForce GTX 1660 Ti
LogInit: Compiled (64-bit): Nov 30 2021 07:12:08
LogInit: Compiled with Visual C++: 19.24.28315.00
LogInit: Build Configuration: Development
LogInit: Branch Name: ++UE4+Release-4.27
LogInit: Command Line:  /Game/StarterContent/Maps/My_level -game -PIEVIACONSOLE -Multiprocess GameUserSettingsINI=C:/Users/Jarod/OneDrive/Desktop/Level-Design/Saved/Config/Windows/PIEGameUserSettings0.ini -MultiprocessSaveConfig -forcepassthrough -messaging -SessionName="Play in Standalone Game" -windowed -WinX=315 -WinY=167 SAVEWINPOS=1 -ResX=1280 -ResY=720
LogInit: Base Directory: E:/Program Files(x86)/Epic Games/UE_4.27/Engine/Binaries/Win64/
LogInit: Allocator: TBB
LogInit: Installed Engine Build: 1
LogDevObjectVersion: Number of dev versions registered: 29
LogDevObjectVersion:   Dev-Blueprints (B0D832E4-1F89-4F0D-ACCF-7EB736FD4AA2): 10
LogDevObjectVersion:   Dev-Build (E1C64328-A22C-4D53-A36C-8E866417BD8C): 0
LogDevObjectVersion:   Dev-Core (375EC13C-06E4-48FB-B500-84F0262A717E): 4
LogDevObjectVersion:   Dev-Editor (E4B068ED-F494-42E9-A231-DA0B2E46BB41): 40
LogDevObjectVersion:   Dev-Framework (CFFC743F-43B0-4480-9391-14DF171D2073): 37
LogDevObjectVersion:   Dev-Mobile (B02B49B5-BB20-44E9-A304-32B752E40360): 3
LogDevObjectVersion:   Dev-Networking (A4E4105C-59A1-49B5-A7C5-40C4547EDFEE): 0
LogDevObjectVersion:   Dev-Online (39C831C9-5AE6-47DC-9A44-9C173E1C8E7C): 0
LogDevObjectVersion:   Dev-Physics (78F01B33-EBEA-4F98-B9B4-84EACCB95AA2): 14
LogDevObjectVersion:   Dev-Platform (6631380F-2D4D-43E0-8009-CF276956A95A): 0
LogDevObjectVersion:   Dev-Rendering (12F88B9F-8875-4AFC-A67C-D90C383ABD29): 45
LogDevObjectVersion:   Dev-Sequencer (7B5AE74C-D270-4C10-A958-57980B212A5A): 13
LogDevObjectVersion:   Dev-VR (D7296918-1DD6-4BDD-9DE2-64A83CC13884): 3
LogDevObjectVersion:   Dev-LoadTimes (C2A15278-BFE7-4AFE-6C17-90FF531DF755): 1
LogDevObjectVersion:   Private-Geometry (6EACA3D4-40EC-4CC1-B786-8BED09428FC5): 3
LogDevObjectVersion:   Dev-AnimPhys (29E575DD-E0A3-4627-9D10-D276232CDCEA): 17
LogDevObjectVersion:   Dev-Anim (AF43A65D-7FD3-4947-9873-3E8ED9C1BB05): 15
LogDevObjectVersion:   Dev-ReflectionCapture (6B266CEC-1EC7-4B8F-A30B-E4D90942FC07): 1
LogDevObjectVersion:   Dev-Automation (0DF73D61-A23F-47EA-B727-89E90C41499A): 1
LogDevObjectVersion:   FortniteMain (601D1886-AC64-4F84-AA16-D3DE0DEAC7D6): 47
LogDevObjectVersion:   FortniteRelease (E7086368-6B23-4C58-8439-1B7016265E91): 1
LogDevObjectVersion:   Dev-Enterprise (9DFFBCD6-494F-0158-E221-12823C92A888): 10
LogDevObjectVersion:   Dev-Niagara (F2AED0AC-9AFE-416F-8664-AA7FFA26D6FC): 1
LogDevObjectVersion:   Dev-Destruction (174F1F0B-B4C6-45A5-B13F-2EE8D0FB917D): 10
LogDevObjectVersion:   Dev-Physics-Ext (35F94A83-E258-406C-A318-09F59610247C): 41
LogDevObjectVersion:   Dev-PhysicsMaterial-Chaos (B68FC16E-8B1B-42E2-B453-215C058844FE): 1
LogDevObjectVersion:   Dev-CineCamera (B2E18506-4273-CFC2-A54E-F4BB758BBA07): 1
LogDevObjectVersion:   Dev-VirtualProduction (64F58936-FD1B-42BA-BA96-7289D5D0FA4E): 1
LogDevObjectVersion:   Dev-MediaFramework (6F0ED827-A609-4895-9C91-998D90180EA4): 2
LogInit: Presizing for max 25165824 objects, including 0 objects not considered by GC, pre-allocating 0 bytes for permanent pool.
LogConfig: Applying CVar settings from Section [/Script/Engine.StreamingSettings] File [C:/Users/Jarod/OneDrive/Desktop/Level-Design/Saved/Config/Windows/Engine.ini]
LogConfig: Setting CVar [[s.MinBulkDataSizeForAsyncLoading:131072]]
LogConfig: Setting CVar [[s.AsyncLoadingThreadEnabled:0]]
LogConfig: Setting CVar [[s.EventDrivenLoaderEnabled:1]]
LogConfig: Setting CVar [[s.WarnIfTimeLimitExceeded:0]]
LogConfig: Setting CVar [[s.TimeLimitExceededMultiplier:1.5]]
LogConfig: Setting CVar [[s.TimeLimitExceededMinTime:0.005]]
LogConfig: Setting CVar [[s.UseBackgroundLevelStreaming:1]]
LogConfig: Setting CVar [[s.PriorityAsyncLoadingExtraTime:15.0]]
LogConfig: Setting CVar [[s.LevelStreamingActorsUpdateTimeLimit:5.0]]
LogConfig: Setting CVar [[s.PriorityLevelStreamingActorsUpdateExtraTime:5.0]]
LogConfig: Setting CVar [[s.LevelStreamingComponentsRegistrationGranularity:10]]
LogConfig: Setting CVar [[s.UnregisterComponentsTimeLimit:1.0]]
LogConfig: Setting CVar [[s.LevelStreamingComponentsUnregistrationGranularity:5]]
LogConfig: Setting CVar [[s.FlushStreamingOnExit:1]]
LogInit: Object subsystem initialized
LogConfig: Setting CVar [[con.DebugEarlyDefault:1]]
LogConfig: Setting CVar [[r.setres:1280x720]]
[2022.11.23-06.43.50:772][  0]LogConfig: Setting CVar [[con.DebugEarlyDefault:1]]
[2022.11.23-06.43.50:772][  0]LogConfig: Setting CVar [[r.setres:1280x720]]
[2022.11.23-06.43.50:773][  0]LogConfig: Applying CVar settings from Section [/Script/Engine.RendererSettings] File [C:/Users/Jarod/OneDrive/Desktop/Level-Design/Saved/Config/Windows/Engine.ini]
[2022.11.23-06.43.50:773][  0]LogConfig: Setting CVar [[r.GPUCrashDebugging:0]]
[2022.11.23-06.43.50:773][  0]LogConfig: Applying CVar settings from Section [/Script/Engine.RendererOverrideSettings] File [C:/Users/Jarod/OneDrive/Desktop/Level-Design/Saved/Config/Windows/Engine.ini]
[2022.11.23-06.43.50:773][  0]LogConfig: Applying CVar settings from Section [/Script/Engine.StreamingSettings] File [C:/Users/Jarod/OneDrive/Desktop/Level-Design/Saved/Config/Windows/Engine.ini]
[2022.11.23-06.43.50:773][  0]LogConfig: Setting CVar [[s.MinBulkDataSizeForAsyncLoading:131072]]
[2022.11.23-06.43.50:773][  0]LogConfig: Setting CVar [[s.AsyncLoadingThreadEnabled:0]]
[2022.11.23-06.43.50:773][  0]LogConfig: Setting CVar [[s.EventDrivenLoaderEnabled:1]]
[2022.11.23-06.43.50:773][  0]LogConfig: Setting CVar [[s.WarnIfTimeLimitExceeded:0]]
[2022.11.23-06.43.50:773][  0]LogConfig: Setting CVar [[s.TimeLimitExceededMultiplier:1.5]]
[2022.11.23-06.43.50:773][  0]LogConfig: Setting CVar [[s.TimeLimitExceededMinTime:0.005]]
[2022.11.23-06.43.50:773][  0]LogConfig: Setting CVar [[s.UseBackgroundLevelStreaming:1]]
[2022.11.23-06.43.50:773][  0]LogConfig: Setting CVar [[s.PriorityAsyncLoadingExtraTime:15.0]]
[2022.11.23-06.43.50:773][  0]LogConfig: Setting CVar [[s.LevelStreamingActorsUpdateTimeLimit:5.0]]
[2022.11.23-06.43.50:773][  0]LogConfig: Setting CVar [[s.PriorityLevelStreamingActorsUpdateExtraTime:5.0]]
[2022.11.23-06.43.50:773][  0]LogConfig: Setting CVar [[s.LevelStreamingComponentsRegistrationGranularity:10]]
[2022.11.23-06.43.50:773][  0]LogConfig: Setting CVar [[s.UnregisterComponentsTimeLimit:1.0]]
[2022.11.23-06.43.50:773][  0]LogConfig: Setting CVar [[s.LevelStreamingComponentsUnregistrationGranularity:5]]
[2022.11.23-06.43.50:773][  0]LogConfig: Setting CVar [[s.FlushStreamingOnExit:1]]
[2022.11.23-06.43.50:773][  0]LogConfig: Applying CVar settings from Section [/Script/Engine.GarbageCollectionSettings] File [C:/Users/Jarod/OneDrive/Desktop/Level-Design/Saved/Config/Windows/Engine.ini]
[2022.11.23-06.43.50:773][  0]LogConfig: Setting CVar [[gc.MaxObjectsNotConsideredByGC:1]]
[2022.11.23-06.43.50:773][  0]LogConfig: Setting CVar [[gc.SizeOfPermanentObjectPool:0]]
[2022.11.23-06.43.50:773][  0]LogConfig: Setting CVar [[gc.FlushStreamingOnGC:0]]
[2022.11.23-06.43.50:773][  0]LogConfig: Setting CVar [[gc.NumRetriesBeforeForcingGC:10]]
[2022.11.23-06.43.50:773][  0]LogConfig: Setting CVar [[gc.AllowParallelGC:1]]
[2022.11.23-06.43.50:773][  0]LogConfig: Setting CVar [[gc.TimeBetweenPurgingPendingKillObjects:61.1]]
[2022.11.23-06.43.50:773][  0]LogConfig: Setting CVar [[gc.MaxObjectsInEditor:25165824]]
[2022.11.23-06.43.50:773][  0]LogConfig: Setting CVar [[gc.IncrementalBeginDestroyEnabled:1]]
[2022.11.23-06.43.50:773][  0]LogConfig: Setting CVar [[gc.CreateGCClusters:1]]
[2022.11.23-06.43.50:773][  0]LogConfig: Setting CVar [[gc.MinGCClusterSize:5]]
[2022.11.23-06.43.50:773][  0]LogConfig: Setting CVar [[gc.ActorClusteringEnabled:0]]
[2022.11.23-06.43.50:773][  0]LogConfig: Setting CVar [[gc.BlueprintClusteringEnabled:0]]
[2022.11.23-06.43.50:773][  0]LogConfig: Setting CVar [[gc.UseDisregardForGCOnDedicatedServers:0]]
[2022.11.23-06.43.50:773][  0]LogConfig: Setting CVar [[gc.MultithreadedDestructionEnabled:1]]
[2022.11.23-06.43.50:773][  0]LogConfig: Applying CVar settings from Section [/Script/Engine.NetworkSettings] File [C:/Users/Jarod/OneDrive/Desktop/Level-Design/Saved/Config/Windows/Engine.ini]
[2022.11.23-06.43.50:773][  0]LogConfig: Applying CVar settings from Section [/Script/UnrealEd.CookerSettings] File [C:/Users/Jarod/OneDrive/Desktop/Level-Design/Saved/Config/Windows/Engine.ini]
[2022.11.23-06.43.50:794][  0]LogConfig: Applying CVar settings from Section [ViewDistanceQuality@3] File [C:/Users/Jarod/OneDrive/Desktop/Level-Design/Saved/Config/Windows/Scalability.ini]
[2022.11.23-06.43.50:794][  0]LogConfig: Setting CVar [[r.SkeletalMeshLODBias:0]]
[2022.11.23-06.43.50:794][  0]LogConfig: Setting CVar [[r.ViewDistanceScale:1.0]]
[2022.11.23-06.43.50:794][  0]LogConfig: Applying CVar settings from Section [AntiAliasingQuality@3] File [C:/Users/Jarod/OneDrive/Desktop/Level-Design/Saved/Config/Windows/Scalability.ini]
[2022.11.23-06.43.50:794][  0]LogConfig: Setting CVar [[r.PostProcessAAQuality:4]]
[2022.11.23-06.43.50:794][  0]LogConfig: Applying CVar settings from Section [ShadowQuality@3] File [C:/Users/Jarod/OneDrive/Desktop/Level-Design/Saved/Config/Windows/Scalability.ini]
[2022.11.23-06.43.50:794][  0]LogConfig: Setting CVar [[r.LightFunctionQuality:1]]
[2022.11.23-06.43.50:794][  0]LogConfig: Setting CVar [[r.ShadowQuality:5]]
[2022.11.23-06.43.50:794][  0]LogConfig: Setting CVar [[r.Shadow.CSM.MaxCascades:10]]
[2022.11.23-06.43.50:794][  0]LogConfig: Setting CVar [[r.Shadow.MaxResolution:2048]]
[2022.11.23-06.43.50:794][  0]LogConfig: Setting CVar [[r.Shadow.MaxCSMResolution:2048]]
[2022.11.23-06.43.50:794][  0]LogConfig: Setting CVar [[r.Shadow.RadiusThreshold:0.01]]
[2022.11.23-06.43.50:794][  0]LogConfig: Setting CVar [[r.Shadow.DistanceScale:1.0]]
[2022.11.23-06.43.50:794][  0]LogConfig: Setting CVar [[r.Shadow.CSM.TransitionScale:1.0]]
[2022.11.23-06.43.50:794][  0]LogConfig: Setting CVar [[r.Shadow.PreShadowResolutionFactor:1.0]]
[2022.11.23-06.43.50:794][  0]LogConfig: Setting CVar [[r.DistanceFieldShadowing:1]]
[2022.11.23-06.43.50:794][  0]LogConfig: Setting CVar [[r.DistanceFieldAO:1]]
[2022.11.23-06.43.50:794][  0]LogConfig: Setting CVar [[r.AOQuality:2]]
[2022.11.23-06.43.50:794][  0]LogConfig: Setting CVar [[r.VolumetricFog:1]]
[2022.11.23-06.43.50:795][  0]LogConfig: Setting CVar [[r.VolumetricFog.GridPixelSize:8]]
[2022.11.23-06.43.50:795][  0]LogConfig: Setting CVar [[r.VolumetricFog.GridSizeZ:128]]
[2022.11.23-06.43.50:795][  0]LogConfig: Setting CVar [[r.VolumetricFog.HistoryMissSupersampleCount:4]]
[2022.11.23-06.43.50:795][  0]LogConfig: Setting CVar [[r.LightMaxDrawDistanceScale:1]]
[2022.11.23-06.43.50:795][  0]LogConfig: Setting CVar [[r.CapsuleShadows:1]]
[2022.11.23-06.43.50:795][  0]LogConfig: Applying CVar settings from Section [PostProcessQuality@3] File [C:/Users/Jarod/OneDrive/Desktop/Level-Design/Saved/Config/Windows/Scalability.ini]
[2022.11.23-06.43.50:795][  0]LogConfig: Setting CVar [[r.MotionBlurQuality:4]]
[2022.11.23-06.43.50:795][  0]LogConfig: Setting CVar [[r.AmbientOcclusionMipLevelFactor:0.4]]
[2022.11.23-06.43.50:795][  0]LogConfig: Setting CVar [[r.AmbientOcclusionMaxQuality:100]]
[2022.11.23-06.43.50:795][  0]LogConfig: Setting CVar [[r.AmbientOcclusionLevels:-1]]
[2022.11.23-06.43.50:795][  0]LogConfig: Setting CVar [[r.AmbientOcclusionRadiusScale:1.0]]
[2022.11.23-06.43.50:795][  0]LogConfig: Setting CVar [[r.DepthOfFieldQuality:2]]
[2022.11.23-06.43.50:795][  0]LogConfig: Setting CVar [[r.RenderTargetPoolMin:400]]
[2022.11.23-06.43.50:795][  0]LogConfig: Setting CVar [[r.LensFlareQuality:2]]
[2022.11.23-06.43.50:795][  0]LogConfig: Setting CVar [[r.SceneColorFringeQuality:1]]
[2022.11.23-06.43.50:795][  0]LogConfig: Setting CVar [[r.EyeAdaptationQuality:2]]
[2022.11.23-06.43.50:795][  0]LogConfig: Setting CVar [[r.BloomQuality:5]]
[2022.11.23-06.43.50:795][  0]LogConfig: Setting CVar [[r.FastBlurThreshold:100]]
[2022.11.23-06.43.50:795][  0]LogConfig: Setting CVar [[r.Upscale.Quality:3]]
[2022.11.23-06.43.50:795][  0]LogConfig: Setting CVar [[r.Tonemapper.GrainQuantization:1]]
[2022.11.23-06.43.50:795][  0]LogConfig: Setting CVar [[r.LightShaftQuality:1]]
[2022.11.23-06.43.50:795][  0]LogConfig: Setting CVar [[r.Filter.SizeScale:1]]
[2022.11.23-06.43.50:795][  0]LogConfig: Setting CVar [[r.Tonemapper.Quality:5]]
[2022.11.23-06.43.50:795][  0]LogConfig: Setting CVar [[r.DOF.Gather.AccumulatorQuality:1        ; higher gathering accumulator quality]]
[2022.11.23-06.43.50:795][  0]LogConfig: Setting CVar [[r.DOF.Gather.PostfilterMethod:1          ; Median3x3 postfilering method]]
[2022.11.23-06.43.50:795][  0]LogConfig: Setting CVar [[r.DOF.Gather.EnableBokehSettings:0       ; no bokeh simulation when gathering]]
[2022.11.23-06.43.50:795][  0]LogConfig: Setting CVar [[r.DOF.Gather.RingCount:4                 ; medium number of samples when gathering]]
[2022.11.23-06.43.50:795][  0]LogConfig: Setting CVar [[r.DOF.Scatter.ForegroundCompositing:1    ; additive foreground scattering]]
[2022.11.23-06.43.50:795][  0]LogConfig: Setting CVar [[r.DOF.Scatter.BackgroundCompositing:2    ; additive background scattering]]
[2022.11.23-06.43.50:795][  0]LogConfig: Setting CVar [[r.DOF.Scatter.EnableBokehSettings:1      ; bokeh simulation when scattering]]
[2022.11.23-06.43.50:795][  0]LogConfig: Setting CVar [[r.DOF.Scatter.MaxSpriteRatio:0.1         ; only a maximum of 10% of scattered bokeh]]
[2022.11.23-06.43.50:795][  0]LogConfig: Setting CVar [[r.DOF.Recombine.Quality:1                ; cheap slight out of focus]]
[2022.11.23-06.43.50:795][  0]LogConfig: Setting CVar [[r.DOF.Recombine.EnableBokehSettings:0    ; no bokeh simulation on slight out of focus]]
[2022.11.23-06.43.50:795][  0]LogConfig: Setting CVar [[r.DOF.TemporalAAQuality:1                ; more stable temporal accumulation]]
[2022.11.23-06.43.50:795][  0]LogConfig: Setting CVar [[r.DOF.Kernel.MaxForegroundRadius:0.025]]
[2022.11.23-06.43.50:795][  0]LogConfig: Setting CVar [[r.DOF.Kernel.MaxBackgroundRadius:0.025]]
[2022.11.23-06.43.50:795][  0]LogConfig: Applying CVar settings from Section [TextureQuality@3] File [C:/Users/Jarod/OneDrive/Desktop/Level-Design/Saved/Config/Windows/Scalability.ini]
[2022.11.23-06.43.50:795][  0]LogConfig: Setting CVar [[r.Streaming.MipBias:0]]
[2022.11.23-06.43.50:795][  0]LogConfig: Setting CVar [[r.Streaming.AmortizeCPUToGPUCopy:0]]
[2022.11.23-06.43.50:795][  0]LogConfig: Setting CVar [[r.Streaming.MaxNumTexturesToStreamPerFrame:0]]
[2022.11.23-06.43.50:795][  0]LogConfig: Setting CVar [[r.Streaming.Boost:1]]
[2022.11.23-06.43.50:795][  0]LogConfig: Setting CVar [[r.MaxAnisotropy:8]]
[2022.11.23-06.43.50:795][  0]LogConfig: Setting CVar [[r.VT.MaxAnisotropy:8]]
[2022.11.23-06.43.50:795][  0]LogConfig: Setting CVar [[r.Streaming.LimitPoolSizeToVRAM:0]]
[2022.11.23-06.43.50:795][  0]LogConfig: Setting CVar [[r.Streaming.PoolSize:1000]]
[2022.11.23-06.43.50:795][  0]LogConfig: Setting CVar [[r.Streaming.MaxEffectiveScreenSize:0]]
[2022.11.23-06.43.50:795][  0]LogConfig: Applying CVar settings from Section [EffectsQuality@3] File [C:/Users/Jarod/OneDrive/Desktop/Level-Design/Saved/Config/Windows/Scalability.ini]
[2022.11.23-06.43.50:795][  0]LogConfig: Setting CVar [[r.TranslucencyLightingVolumeDim:64]]
[2022.11.23-06.43.50:795][  0]LogConfig: Setting CVar [[r.RefractionQuality:2]]
[2022.11.23-06.43.50:795][  0]LogConfig: Setting CVar [[r.SSR.Quality:3]]
[2022.11.23-06.43.50:795][  0]LogConfig: Setting CVar [[r.SSR.HalfResSceneColor:0]]
[2022.11.23-06.43.50:795][  0]LogConfig: Setting CVar [[r.SceneColorFormat:4]]
[2022.11.23-06.43.50:795][  0]LogConfig: Setting CVar [[r.DetailMode:2]]
[2022.11.23-06.43.50:795][  0]LogConfig: Setting CVar [[r.TranslucencyVolumeBlur:1]]
[2022.11.23-06.43.50:795][  0]LogConfig: Setting CVar [[r.MaterialQualityLevel:1 ; High quality]]
[2022.11.23-06.43.50:795][  0]LogConfig: Setting CVar [[r.AnisotropicMaterials:1]]
[2022.11.23-06.43.50:795][  0]LogConfig: Setting CVar [[r.SSS.Scale:1]]
[2022.11.23-06.43.50:795][  0]LogConfig: Setting CVar [[r.SSS.SampleSet:2]]
[2022.11.23-06.43.50:795][  0]LogConfig: Setting CVar [[r.SSS.Quality:1]]
[2022.11.23-06.43.50:795][  0]LogConfig: Setting CVar [[r.SSS.HalfRes:0]]
[2022.11.23-06.43.50:795][  0]LogConfig: Setting CVar [[r.SSGI.Quality:3]]
[2022.11.23-06.43.50:795][  0]LogConfig: Setting CVar [[r.EmitterSpawnRateScale:1.0]]
[2022.11.23-06.43.50:795][  0]LogConfig: Setting CVar [[r.ParticleLightQuality:2]]
[2022.11.23-06.43.50:795][  0]LogConfig: Setting CVar [[r.SkyAtmosphere.AerialPerspectiveLUT.FastApplyOnOpaque:1 ; Always have FastSkyLUT 1 in this case to avoid wrong sky]]
[2022.11.23-06.43.50:795][  0]LogConfig: Setting CVar [[r.SkyAtmosphere.AerialPerspectiveLUT.SampleCountMaxPerSlice:4]]
[2022.11.23-06.43.50:795][  0]LogConfig: Setting CVar [[r.SkyAtmosphere.AerialPerspectiveLUT.DepthResolution:16.0]]
[2022.11.23-06.43.50:795][  0]LogConfig: Setting CVar [[r.SkyAtmosphere.FastSkyLUT:1]]
[2022.11.23-06.43.50:795][  0]LogConfig: Setting CVar [[r.SkyAtmosphere.FastSkyLUT.SampleCountMin:4.0]]
[2022.11.23-06.43.50:795][  0]LogConfig: Setting CVar [[r.SkyAtmosphere.FastSkyLUT.SampleCountMax:128.0]]
[2022.11.23-06.43.50:795][  0]LogConfig: Setting CVar [[r.SkyAtmosphere.SampleCountMin:4.0]]
[2022.11.23-06.43.50:795][  0]LogConfig: Setting CVar [[r.SkyAtmosphere.SampleCountMax:128.0]]
[2022.11.23-06.43.50:795][  0]LogConfig: Setting CVar [[r.SkyAtmosphere.TransmittanceLUT.UseSmallFormat:0]]
[2022.11.23-06.43.50:795][  0]LogConfig: Setting CVar [[r.SkyAtmosphere.TransmittanceLUT.SampleCount:10.0]]
[2022.11.23-06.43.50:795][  0]LogConfig: Setting CVar [[r.SkyAtmosphere.MultiScatteringLUT.SampleCount:15.0]]
[2022.11.23-06.43.50:795][  0]LogConfig: Setting CVar [[r.SkyLight.RealTimeReflectionCapture:1]]
[2022.11.23-06.43.50:795][  0]LogConfig: Applying CVar settings from Section [FoliageQuality@3] File [C:/Users/Jarod/OneDrive/Desktop/Level-Design/Saved/Config/Windows/Scalability.ini]
[2022.11.23-06.43.50:795][  0]LogConfig: Setting CVar [[foliage.DensityScale:1.0]]
[2022.11.23-06.43.50:795][  0]LogConfig: Setting CVar [[grass.DensityScale:1.0]]
[2022.11.23-06.43.50:795][  0]LogConfig: Applying CVar settings from Section [ShadingQuality@3] File [C:/Users/Jarod/OneDrive/Desktop/Level-Design/Saved/Config/Windows/Scalability.ini]
[2022.11.23-06.43.50:795][  0]LogConfig: Setting CVar [[r.HairStrands.SkyLighting.IntegrationType:2]]
[2022.11.23-06.43.50:795][  0]LogConfig: Setting CVar [[r.HairStrands.SkyAO.SampleCount:4]]
[2022.11.23-06.43.50:795][  0]LogConfig: Setting CVar [[r.HairStrands.Visibility.MSAA.SamplePerPixel:4]]
[2022.11.23-06.43.50:795][  0]LogInit: Selected Device Profile: [Windows]
[2022.11.23-06.43.50:795][  0]LogInit: Applying CVar settings loaded from the selected device profile: [Windows]
[2022.11.23-06.43.50:796][  0]LogHAL: Display: Platform has ~ 16 GB [17099546624 / 17179869184 / 16], which maps to Larger [LargestMinGB=32, LargerMinGB=12, DefaultMinGB=8, SmallerMinGB=6, SmallestMinGB=0)
[2022.11.23-06.43.50:796][  0]LogInit: Going up to parent DeviceProfile []
[2022.11.23-06.43.50:796][  0]LogConfig: Applying CVar settings from Section [ViewDistanceQuality@3] File [C:/Users/Jarod/OneDrive/Desktop/Level-Design/Saved/Config/Windows/Scalability.ini]
[2022.11.23-06.43.50:796][  0]LogConfig: Setting CVar [[r.SkeletalMeshLODBias:0]]
[2022.11.23-06.43.50:796][  0]LogConfig: Setting CVar [[r.ViewDistanceScale:1.0]]
[2022.11.23-06.43.50:796][  0]LogConfig: Applying CVar settings from Section [AntiAliasingQuality@3] File [C:/Users/Jarod/OneDrive/Desktop/Level-Design/Saved/Config/Windows/Scalability.ini]
[2022.11.23-06.43.50:796][  0]LogConfig: Setting CVar [[r.PostProcessAAQuality:4]]
[2022.11.23-06.43.50:796][  0]LogConfig: Applying CVar settings from Section [ShadowQuality@3] File [C:/Users/Jarod/OneDrive/Desktop/Level-Design/Saved/Config/Windows/Scalability.ini]
[2022.11.23-06.43.50:796][  0]LogConfig: Setting CVar [[r.LightFunctionQuality:1]]
[2022.11.23-06.43.50:796][  0]LogConfig: Setting CVar [[r.ShadowQuality:5]]
[2022.11.23-06.43.50:796][  0]LogConfig: Setting CVar [[r.Shadow.CSM.MaxCascades:10]]
[2022.11.23-06.43.50:796][  0]LogConfig: Setting CVar [[r.Shadow.MaxResolution:2048]]
[2022.11.23-06.43.50:796][  0]LogConfig: Setting CVar [[r.Shadow.MaxCSMResolution:2048]]
[2022.11.23-06.43.50:796][  0]LogConfig: Setting CVar [[r.Shadow.RadiusThreshold:0.01]]
[2022.11.23-06.43.50:796][  0]LogConfig: Setting CVar [[r.Shadow.DistanceScale:1.0]]
[2022.11.23-06.43.50:796][  0]LogConfig: Setting CVar [[r.Shadow.CSM.TransitionScale:1.0]]
[2022.11.23-06.43.50:796][  0]LogConfig: Setting CVar [[r.Shadow.PreShadowResolutionFactor:1.0]]
[2022.11.23-06.43.50:796][  0]LogConfig: Setting CVar [[r.DistanceFieldShadowing:1]]
[2022.11.23-06.43.50:796][  0]LogConfig: Setting CVar [[r.DistanceFieldAO:1]]
[2022.11.23-06.43.50:796][  0]LogConfig: Setting CVar [[r.AOQuality:2]]
[2022.11.23-06.43.50:796][  0]LogConfig: Setting CVar [[r.VolumetricFog:1]]
[2022.11.23-06.43.50:796][  0]LogConfig: Setting CVar [[r.VolumetricFog.GridPixelSize:8]]
[2022.11.23-06.43.50:796][  0]LogConfig: Setting CVar [[r.VolumetricFog.GridSizeZ:128]]
[2022.11.23-06.43.50:796][  0]LogConfig: Setting CVar [[r.VolumetricFog.HistoryMissSupersampleCount:4]]
[2022.11.23-06.43.50:796][  0]LogConfig: Setting CVar [[r.LightMaxDrawDistanceScale:1]]
[2022.11.23-06.43.50:796][  0]LogConfig: Setting CVar [[r.CapsuleShadows:1]]
[2022.11.23-06.43.50:796][  0]LogConfig: Applying CVar settings from Section [PostProcessQuality@3] File [C:/Users/Jarod/OneDrive/Desktop/Level-Design/Saved/Config/Windows/Scalability.ini]
[2022.11.23-06.43.50:796][  0]LogConfig: Setting CVar [[r.MotionBlurQuality:4]]
[2022.11.23-06.43.50:796][  0]LogConfig: Setting CVar [[r.AmbientOcclusionMipLevelFactor:0.4]]
[2022.11.23-06.43.50:796][  0]LogConfig: Setting CVar [[r.AmbientOcclusionMaxQuality:100]]
[2022.11.23-06.43.50:796][  0]LogConfig: Setting CVar [[r.AmbientOcclusionLevels:-1]]
[2022.11.23-06.43.50:796][  0]LogConfig: Setting CVar [[r.AmbientOcclusionRadiusScale:1.0]]
[2022.11.23-06.43.50:796][  0]LogConfig: Setting CVar [[r.DepthOfFieldQuality:2]]
[2022.11.23-06.43.50:796][  0]LogConfig: Setting CVar [[r.RenderTargetPoolMin:400]]
[2022.11.23-06.43.50:796][  0]LogConfig: Setting CVar [[r.LensFlareQuality:2]]
[2022.11.23-06.43.50:796][  0]LogConfig: Setting CVar [[r.SceneColorFringeQuality:1]]
[2022.11.23-06.43.50:796][  0]LogConfig: Setting CVar [[r.EyeAdaptationQuality:2]]
[2022.11.23-06.43.50:796][  0]LogConfig: Setting CVar [[r.BloomQuality:5]]
[2022.11.23-06.43.50:796][  0]LogConfig: Setting CVar [[r.FastBlurThreshold:100]]
[2022.11.23-06.43.50:796][  0]LogConfig: Setting CVar [[r.Upscale.Quality:3]]
[2022.11.23-06.43.50:796][  0]LogConfig: Setting CVar [[r.Tonemapper.GrainQuantization:1]]
[2022.11.23-06.43.50:796][  0]LogConfig: Setting CVar [[r.LightShaftQuality:1]]
[2022.11.23-06.43.50:796][  0]LogConfig: Setting CVar [[r.Filter.SizeScale:1]]
[2022.11.23-06.43.50:796][  0]LogConfig: Setting CVar [[r.Tonemapper.Quality:5]]
[2022.11.23-06.43.50:796][  0]LogConfig: Setting CVar [[r.DOF.Gather.AccumulatorQuality:1        ; higher gathering accumulator quality]]
[2022.11.23-06.43.50:796][  0]LogConfig: Setting CVar [[r.DOF.Gather.PostfilterMethod:1          ; Median3x3 postfilering method]]
[2022.11.23-06.43.50:796][  0]LogConfig: Setting CVar [[r.DOF.Gather.EnableBokehSettings:0       ; no bokeh simulation when gathering]]
[2022.11.23-06.43.50:796][  0]LogConfig: Setting CVar [[r.DOF.Gather.RingCount:4                 ; medium number of samples when gathering]]
[2022.11.23-06.43.50:796][  0]LogConfig: Setting CVar [[r.DOF.Scatter.ForegroundCompositing:1    ; additive foreground scattering]]
[2022.11.23-06.43.50:796][  0]LogConfig: Setting CVar [[r.DOF.Scatter.BackgroundCompositing:2    ; additive background scattering]]
[2022.11.23-06.43.50:796][  0]LogConfig: Setting CVar [[r.DOF.Scatter.EnableBokehSettings:1      ; bokeh simulation when scattering]]
[2022.11.23-06.43.50:796][  0]LogConfig: Setting CVar [[r.DOF.Scatter.MaxSpriteRatio:0.1         ; only a maximum of 10% of scattered bokeh]]
[2022.11.23-06.43.50:796][  0]LogConfig: Setting CVar [[r.DOF.Recombine.Quality:1                ; cheap slight out of focus]]
[2022.11.23-06.43.50:796][  0]LogConfig: Setting CVar [[r.DOF.Recombine.EnableBokehSettings:0    ; no bokeh simulation on slight out of focus]]
[2022.11.23-06.43.50:796][  0]LogConfig: Setting CVar [[r.DOF.TemporalAAQuality:1                ; more stable temporal accumulation]]
[2022.11.23-06.43.50:796][  0]LogConfig: Setting CVar [[r.DOF.Kernel.MaxForegroundRadius:0.025]]
[2022.11.23-06.43.50:796][  0]LogConfig: Setting CVar [[r.DOF.Kernel.MaxBackgroundRadius:0.025]]
[2022.11.23-06.43.50:796][  0]LogConfig: Applying CVar settings from Section [TextureQuality@3] File [C:/Users/Jarod/OneDrive/Desktop/Level-Design/Saved/Config/Windows/Scalability.ini]
[2022.11.23-06.43.50:796][  0]LogConfig: Setting CVar [[r.Streaming.MipBias:0]]
[2022.11.23-06.43.50:796][  0]LogConfig: Setting CVar [[r.Streaming.AmortizeCPUToGPUCopy:0]]
[2022.11.23-06.43.50:796][  0]LogConfig: Setting CVar [[r.Streaming.MaxNumTexturesToStreamPerFrame:0]]
[2022.11.23-06.43.50:796][  0]LogConfig: Setting CVar [[r.Streaming.Boost:1]]
[2022.11.23-06.43.50:796][  0]LogConfig: Setting CVar [[r.MaxAnisotropy:8]]
[2022.11.23-06.43.50:796][  0]LogConfig: Setting CVar [[r.VT.MaxAnisotropy:8]]
[2022.11.23-06.43.50:796][  0]LogConfig: Setting CVar [[r.Streaming.LimitPoolSizeToVRAM:0]]
[2022.11.23-06.43.50:796][  0]LogConfig: Setting CVar [[r.Streaming.PoolSize:1000]]
[2022.11.23-06.43.50:796][  0]LogConfig: Setting CVar [[r.Streaming.MaxEffectiveScreenSize:0]]
[2022.11.23-06.43.50:796][  0]LogConfig: Applying CVar settings from Section [EffectsQuality@3] File [C:/Users/Jarod/OneDrive/Desktop/Level-Design/Saved/Config/Windows/Scalability.ini]
[2022.11.23-06.43.50:796][  0]LogConfig: Setting CVar [[r.TranslucencyLightingVolumeDim:64]]
[2022.11.23-06.43.50:796][  0]LogConfig: Setting CVar [[r.RefractionQuality:2]]
[2022.11.23-06.43.50:796][  0]LogConfig: Setting CVar [[r.SSR.Quality:3]]
[2022.11.23-06.43.50:796][  0]LogConfig: Setting CVar [[r.SSR.HalfResSceneColor:0]]
[2022.11.23-06.43.50:796][  0]LogConfig: Setting CVar [[r.SceneColorFormat:4]]
[2022.11.23-06.43.50:796][  0]LogConfig: Setting CVar [[r.DetailMode:2]]
[2022.11.23-06.43.50:796][  0]LogConfig: Setting CVar [[r.TranslucencyVolumeBlur:1]]
[2022.11.23-06.43.50:796][  0]LogConfig: Setting CVar [[r.MaterialQualityLevel:1 ; High quality]]
[2022.11.23-06.43.50:796][  0]LogConfig: Setting CVar [[r.AnisotropicMaterials:1]]
[2022.11.23-06.43.50:796][  0]LogConfig: Setting CVar [[r.SSS.Scale:1]]
[2022.11.23-06.43.50:796][  0]LogConfig: Setting CVar [[r.SSS.SampleSet:2]]
[2022.11.23-06.43.50:796][  0]LogConfig: Setting CVar [[r.SSS.Quality:1]]
[2022.11.23-06.43.50:796][  0]LogConfig: Setting CVar [[r.SSS.HalfRes:0]]
[2022.11.23-06.43.50:796][  0]LogConfig: Setting CVar [[r.SSGI.Quality:3]]
[2022.11.23-06.43.50:796][  0]LogConfig: Setting CVar [[r.EmitterSpawnRateScale:1.0]]
[2022.11.23-06.43.50:796][  0]LogConfig: Setting CVar [[r.ParticleLightQuality:2]]
[2022.11.23-06.43.50:797][  0]LogConfig: Setting CVar [[r.SkyAtmosphere.AerialPerspectiveLUT.FastApplyOnOpaque:1 ; Always have FastSkyLUT 1 in this case to avoid wrong sky]]
[2022.11.23-06.43.50:797][  0]LogConfig: Setting CVar [[r.SkyAtmosphere.AerialPerspectiveLUT.SampleCountMaxPerSlice:4]]
[2022.11.23-06.43.50:797][  0]LogConfig: Setting CVar [[r.SkyAtmosphere.AerialPerspectiveLUT.DepthResolution:16.0]]
[2022.11.23-06.43.50:797][  0]LogConfig: Setting CVar [[r.SkyAtmosphere.FastSkyLUT:1]]
[2022.11.23-06.43.50:797][  0]LogConfig: Setting CVar [[r.SkyAtmosphere.FastSkyLUT.SampleCountMin:4.0]]
[2022.11.23-06.43.50:797][  0]LogConfig: Setting CVar [[r.SkyAtmosphere.FastSkyLUT.SampleCountMax:128.0]]
[2022.11.23-06.43.50:797][  0]LogConfig: Setting CVar [[r.SkyAtmosphere.SampleCountMin:4.0]]
[2022.11.23-06.43.50:797][  0]LogConfig: Setting CVar [[r.SkyAtmosphere.SampleCountMax:128.0]]
[2022.11.23-06.43.50:797][  0]LogConfig: Setting CVar [[r.SkyAtmosphere.TransmittanceLUT.UseSmallFormat:0]]
[2022.11.23-06.43.50:797][  0]LogConfig: Setting CVar [[r.SkyAtmosphere.TransmittanceLUT.SampleCount:10.0]]
[2022.11.23-06.43.50:797][  0]LogConfig: Setting CVar [[r.SkyAtmosphere.MultiScatteringLUT.SampleCount:15.0]]
[2022.11.23-06.43.50:797][  0]LogConfig: Setting CVar [[r.SkyLight.RealTimeReflectionCapture:1]]
[2022.11.23-06.43.50:797][  0]LogConfig: Applying CVar settings from Section [FoliageQuality@3] File [C:/Users/Jarod/OneDrive/Desktop/Level-Design/Saved/Config/Windows/Scalability.ini]
[2022.11.23-06.43.50:797][  0]LogConfig: Setting CVar [[foliage.DensityScale:1.0]]
[2022.11.23-06.43.50:797][  0]LogConfig: Setting CVar [[grass.DensityScale:1.0]]
[2022.11.23-06.43.50:797][  0]LogConfig: Applying CVar settings from Section [ShadingQuality@3] File [C:/Users/Jarod/OneDrive/Desktop/Level-Design/Saved/Config/Windows/Scalability.ini]
[2022.11.23-06.43.50:797][  0]LogConfig: Setting CVar [[r.HairStrands.SkyLighting.IntegrationType:2]]
[2022.11.23-06.43.50:797][  0]LogConfig: Setting CVar [[r.HairStrands.SkyAO.SampleCount:4]]
[2022.11.23-06.43.50:797][  0]LogConfig: Setting CVar [[r.HairStrands.Visibility.MSAA.SamplePerPixel:4]]
[2022.11.23-06.43.50:797][  0]LogConfig: Applying CVar settings from Section [Startup] File [../../../Engine/Config/ConsoleVariables.ini]
[2022.11.23-06.43.50:797][  0]LogConfig: Setting CVar [[net.UseAdaptiveNetUpdateFrequency:0]]
[2022.11.23-06.43.50:797][  0]LogConfig: Setting CVar [[p.chaos.AllowCreatePhysxBodies:1]]
[2022.11.23-06.43.50:797][  0]LogConfig: Setting CVar [[fx.SkipVectorVMBackendOptimizations:1]]
[2022.11.23-06.43.50:798][  0]LogConfig: Applying CVar settings from Section [ConsoleVariables] File [C:/Users/Jarod/OneDrive/Desktop/Level-Design/Saved/Config/Windows/Engine.ini]
[2022.11.23-06.43.50:798][  0]LogConfig: Applying CVar settings from Section [ConsoleVariables] File [C:/Users/Jarod/OneDrive/Desktop/Level-Design/Saved/Config/Windows/Editor.ini]
[2022.11.23-06.43.50:798][  0]LogInit: Computer: DESKTOP-H5DVIKR
[2022.11.23-06.43.50:798][  0]LogInit: User: Jarod
[2022.11.23-06.43.50:798][  0]LogInit: CPU Page size=4096, Cores=8
[2022.11.23-06.43.50:798][  0]LogInit: High frequency timer resolution =10.000000 MHz
[2022.11.23-06.43.50:798][  0]LogMemory: Memory total: Physical=15.9GB (16GB approx)
[2022.11.23-06.43.50:798][  0]LogMemory: Platform Memory Stats for Windows
[2022.11.23-06.43.50:798][  0]LogMemory: Process Physical Memory: 147.55 MB used, 147.55 MB peak
[2022.11.23-06.43.50:798][  0]LogMemory: Process Virtual Memory: 123.15 MB used, 123.15 MB peak
[2022.11.23-06.43.50:798][  0]LogMemory: Physical Memory: 9375.01 MB used,  6932.39 MB free, 16307.40 MB total
[2022.11.23-06.43.50:798][  0]LogMemory: Virtual Memory: 134213872.00 MB used,  3855.37 MB free, 134217728.00 MB total
[2022.11.23-06.43.50:802][  0]LogWindows: WindowsPlatformFeatures enabled
[2022.11.23-06.43.50:837][  0]LogInit: Physics initialised using underlying interface: PhysX
[2022.11.23-06.43.50:837][  0]LogInit: Using OS detected language (en-US).
[2022.11.23-06.43.50:837][  0]LogInit: Using OS detected locale (en-US).
[2022.11.23-06.43.50:841][  0]LogTextLocalizationManager: No specific localization for 'en-US' exists, so the 'en' localization will be used.
[2022.11.23-06.43.51:104][  0]LogWindowsTextInputMethodSystem: Display: IME system deactivated.
[2022.11.23-06.43.51:151][  0]LogSlate: New Slate User Created.  User Index 0, Is Virtual User: 0
[2022.11.23-06.43.51:151][  0]LogSlate: Slate User Registered.  User Index 0, Is Virtual User: 0
[2022.11.23-06.43.51:178][  0]LogD3D11RHI: Loaded GFSDK_Aftermath_Lib.x64.dll
[2022.11.23-06.43.51:181][  0]LogHMD: Failed to initialize OpenVR with code 110
[2022.11.23-06.43.51:181][  0]LogD3D11RHI: D3D11 min allowed feature level: 11_0
[2022.11.23-06.43.51:181][  0]LogD3D11RHI: D3D11 max allowed feature level: 11_0
[2022.11.23-06.43.51:181][  0]LogD3D11RHI: D3D11 adapters:
[2022.11.23-06.43.51:274][  0]LogD3D11RHI:    0. 'NVIDIA GeForce GTX 1660 Ti' (Feature Level 11_0)
[2022.11.23-06.43.51:275][  0]LogD3D11RHI:       5991/0/8153 MB DedicatedVideo/DedicatedSystem/SharedSystem, Outputs:2, VendorId:0x10de
[2022.11.23-06.43.51:276][  0]LogD3D11RHI:    1. 'Microsoft Basic Render Driver' (Feature Level 11_0)
[2022.11.23-06.43.51:276][  0]LogD3D11RHI:       0/0/8153 MB DedicatedVideo/DedicatedSystem/SharedSystem, Outputs:0, VendorId:0x1414
[2022.11.23-06.43.51:276][  0]LogD3D11RHI: Chosen D3D11 Adapter:
[2022.11.23-06.43.51:276][  0]LogD3D11RHI:     Description : NVIDIA GeForce GTX 1660 Ti
[2022.11.23-06.43.51:276][  0]LogD3D11RHI:     VendorId    : 10de
[2022.11.23-06.43.51:276][  0]LogD3D11RHI:     DeviceId    : 2182
[2022.11.23-06.43.51:276][  0]LogD3D11RHI:     SubSysId    : 37501462
[2022.11.23-06.43.51:276][  0]LogD3D11RHI:     Revision    : 00a1
[2022.11.23-06.43.51:276][  0]LogD3D11RHI:     DedicatedVideoMemory : 6282018816 bytes
[2022.11.23-06.43.51:276][  0]LogD3D11RHI:     DedicatedSystemMemory : 0 bytes
[2022.11.23-06.43.51:277][  0]LogD3D11RHI:     SharedSystemMemory : 8549773312 bytes
[2022.11.23-06.43.51:277][  0]LogD3D11RHI:     AdapterLuid : 0 59724
[2022.11.23-06.43.51:288][  0]LogD3D11RHI: Creating new Direct3DDevice
[2022.11.23-06.43.51:288][  0]LogD3D11RHI:     GPU DeviceId: 0x2182 (for the marketing name, search the web for "GPU Device Id")
[2022.11.23-06.43.51:288][  0]LogWindows: EnumDisplayDevices:
[2022.11.23-06.43.51:288][  0]LogWindows:    0. 'NVIDIA GeForce GTX 1660 Ti' (P:1 D:1)
[2022.11.23-06.43.51:288][  0]LogWindows:    1. 'NVIDIA GeForce GTX 1660 Ti' (P:0 D:1)
[2022.11.23-06.43.51:288][  0]LogWindows:    2. 'NVIDIA GeForce GTX 1660 Ti' (P:0 D:0)
[2022.11.23-06.43.51:288][  0]LogWindows:    3. 'NVIDIA GeForce GTX 1660 Ti' (P:0 D:0)
[2022.11.23-06.43.51:289][  0]LogWindows: DebugString: FoundDriverCount:4 
[2022.11.23-06.43.51:289][  0]LogD3D11RHI:     Adapter Name: NVIDIA GeForce GTX 1660 Ti
[2022.11.23-06.43.51:289][  0]LogD3D11RHI:   Driver Version: 522.25 (internal:31.0.15.2225, unified:522.25)
[2022.11.23-06.43.51:289][  0]LogD3D11RHI:      Driver Date: 10-6-2022
[2022.11.23-06.43.51:289][  0]LogRHI: Texture pool is 4193 MB (70% of 5991 MB)
[2022.11.23-06.43.51:289][  0]LogD3D11RHI: Creating D3DDevice using adapter:
[2022.11.23-06.43.51:289][  0]LogD3D11RHI:     Description : NVIDIA GeForce GTX 1660 Ti
[2022.11.23-06.43.51:289][  0]LogD3D11RHI:     VendorId    : 10de
[2022.11.23-06.43.51:289][  0]LogD3D11RHI:     DeviceId    : 2182
[2022.11.23-06.43.51:289][  0]LogD3D11RHI:     SubSysId    : 37501462
[2022.11.23-06.43.51:289][  0]LogD3D11RHI:     Revision    : 00a1
[2022.11.23-06.43.51:289][  0]LogD3D11RHI:     DedicatedVideoMemory : 6282018816 bytes
[2022.11.23-06.43.51:289][  0]LogD3D11RHI:     DedicatedSystemMemory : 0 bytes
[2022.11.23-06.43.51:289][  0]LogD3D11RHI:     SharedSystemMemory : 8549773312 bytes
[2022.11.23-06.43.51:289][  0]LogD3D11RHI:     AdapterLuid : 0 59724
[2022.11.23-06.43.51:363][  0]LogD3D11RHI: RHI has support for 64 bit atomics
[2022.11.23-06.43.51:363][  0]LogD3D11RHI: Async texture creation enabled
[2022.11.23-06.43.51:363][  0]LogD3D11RHI: Array index from any shader is supported
[2022.11.23-06.43.51:365][  0]LogD3D11RHI: HDR output is supported on display 0 (NvId: 0x80061086).
[2022.11.23-06.43.51:381][  0]LogD3D11RHI: GPU Timing Frequency: 1000.000000 (Debug: 2 1)
[2022.11.23-06.43.51:404][  0]LogRHI: GeForceNow SDK initialized: 1
[2022.11.23-06.43.51:660][  0]LogTargetPlatformManager: Display: Loaded TargetPlatform 'WindowsNoEditor'
[2022.11.23-06.43.51:664][  0]LogTargetPlatformManager: Display: Loaded TargetPlatform 'Windows'
[2022.11.23-06.43.51:668][  0]LogTargetPlatformManager: Display: Loaded TargetPlatform 'WindowsClient'
[2022.11.23-06.43.51:672][  0]LogTargetPlatformManager: Display: Loaded TargetPlatform 'WindowsServer'
[2022.11.23-06.43.51:672][  0]LogTargetPlatformManager: Display: Building Assets For Windows
[2022.11.23-06.43.51:677][  0]LogAudioDebug: Display: Lib vorbis DLL was dynamically loaded.
[2022.11.23-06.43.51:698][  0]LogTextureFormatOodle: Display: Oodle Texture 2.9.0 init RDO Off
[2022.11.23-06.43.51:720][  0]LogRendererCore: Ray tracing is disabled. Reason: r.RayTracing=0.
[2022.11.23-06.43.51:720][  0]LogShaderCompilers: Guid format shader working directory is 1 characters bigger than the processId version (C:/Users/Jarod/OneDrive/Desktop/Level-Design/Intermediate/Shaders/WorkingDirectory/44140/).
[2022.11.23-06.43.51:720][  0]LogShaderCompilers: Cleaned the shader compiler working directory 'C:/Users/Jarod/AppData/Local/Temp/UnrealShaderWorkingDir/319E593E4C3E2580EF178F8763C8424D/'.
[2022.11.23-06.43.51:720][  0]LogXGEController: Cannot use XGE Controller as Incredibuild is not installed on this machine.
[2022.11.23-06.43.51:720][  0]LogShaderCompilers: Cannot use XGE Shader Compiler as Incredibuild is not installed on this machine.
[2022.11.23-06.43.51:720][  0]LogShaderCompilers: Display: Using Local Shader Compiler.
[2022.11.23-06.43.52:349][  0]LogDerivedDataCache: Display: Max Cache Size: 512 MB
[2022.11.23-06.43.52:407][  0]LogDerivedDataCache: Loaded boot cache 0.06s 94MB C:/Users/Jarod/AppData/Local/UnrealEngine/4.27/DerivedDataCache/Boot.ddc.
[2022.11.23-06.43.52:407][  0]LogDerivedDataCache: Display: Loaded Boot cache: C:/Users/Jarod/AppData/Local/UnrealEngine/4.27/DerivedDataCache/Boot.ddc
[2022.11.23-06.43.52:407][  0]LogDerivedDataCache: FDerivedDataBackendGraph:  Pak pak cache file C:/Users/Jarod/OneDrive/Desktop/Level-Design/DerivedDataCache/DDC.ddp not found, will not use a pak cache.
[2022.11.23-06.43.52:407][  0]LogDerivedDataCache: Unable to find inner node Pak for hierarchical cache Hierarchy.
[2022.11.23-06.43.52:407][  0]LogDerivedDataCache: FDerivedDataBackendGraph:  CompressedPak pak cache file C:/Users/Jarod/OneDrive/Desktop/Level-Design/DerivedDataCache/Compressed.ddp not found, will not use a pak cache.
[2022.11.23-06.43.52:407][  0]LogDerivedDataCache: Unable to find inner node CompressedPak for hierarchical cache Hierarchy.
[2022.11.23-06.43.52:426][  0]LogDerivedDataCache: Display: Pak cache opened for reading ../../../Engine/DerivedDataCache/Compressed.ddp.
[2022.11.23-06.43.52:426][  0]LogDerivedDataCache: FDerivedDataBackendGraph:  EnterprisePak pak cache file ../../../Enterprise/DerivedDataCache/Compressed.ddp not found, will not use a pak cache.
[2022.11.23-06.43.52:426][  0]LogDerivedDataCache: Unable to find inner node EnterprisePak for hierarchical cache Hierarchy.
[2022.11.23-06.43.52:435][  0]LogDerivedDataCache: Speed tests for C:/Users/Jarod/AppData/Local/UnrealEngine/Common/DerivedDataCache took 0.01 seconds
[2022.11.23-06.43.52:435][  0]LogDerivedDataCache: Display: Performance to C:/Users/Jarod/AppData/Local/UnrealEngine/Common/DerivedDataCache: Latency=0.03ms. RandomReadSpeed=278.48MBs, RandomWriteSpeed=161.48MBs. Assigned SpeedClass 'Local'
[2022.11.23-06.43.52:436][  0]LogDerivedDataCache: Using Local data cache path C:/Users/Jarod/AppData/Local/UnrealEngine/Common/DerivedDataCache: Writable
[2022.11.23-06.43.52:436][  0]LogDerivedDataCache: Shared data cache path not found in *engine.ini, will not use an Shared cache.
[2022.11.23-06.43.52:436][  0]LogDerivedDataCache: Unable to find inner node Shared for hierarchical cache Hierarchy.
[2022.11.23-06.43.52:474][  0]LogSlate: Using FreeType 2.10.0
[2022.11.23-06.43.52:474][  0]LogSlate: SlateFontServices - WITH_FREETYPE: 1, WITH_HARFBUZZ: 1
[2022.11.23-06.43.52:566][  0]LogInit: Using OS detected language (en-US).
[2022.11.23-06.43.52:566][  0]LogInit: Using OS detected locale (en-US).
[2022.11.23-06.43.52:566][  0]LogTextLocalizationManager: No localization for 'en-US' exists, so 'en' will be used for the language.
[2022.11.23-06.43.52:566][  0]LogTextLocalizationManager: No localization for 'en-US' exists, so 'en' will be used for the locale.
[2022.11.23-06.43.52:566][  0]LogSlate: FontCache flush requested. Reason: Culture for localization was changed
[2022.11.23-06.43.52:566][  0]LogSlate: FontCache flush requested. Reason: Culture for localization was changed
[2022.11.23-06.43.52:570][  0]LogTextLocalizationManager: Compacting localization data took   0.01ms
[2022.11.23-06.43.52:570][  0]LogAssetRegistry: FAssetRegistry took 0.0022 seconds to start up
[2022.11.23-06.43.52:732][  0]LogPackageLocalizationCache: Processed 27 localized package path(s) for 1 prioritized culture(s) in 0.001082 seconds
[2022.11.23-06.43.52:797][  0]LogInit: Selected Device Profile: [Windows]
[2022.11.23-06.43.52:797][  0]LogInit: Active device profile: [00000118BF6A0B00][00000118B5B171C0 49] Windows
[2022.11.23-06.43.52:797][  0]LogInit: Profiles: [00000118BF6A0B00][00000118B5B171C0 49] Windows, [00000118BF669E00][00000118B5B1B300 49] WindowsNoEditor, [00000118BF6A1900][00000118B5B1F440 49] WindowsServer, [00000118BF66AB00][00000118B5B23580 49] WindowsClient, [00000118BF6A3C00][00000118B66156C0 49] IOS, [00000118BF66BF00][00000118B661D840 49] iPadAir, [00000118BF6A3E00][00000118B66219C0 49] iPadAir2, [00000118BF610C00][00000118B6628100 49] IPadPro, [00000118BF610D00][00000118B6624140 49] iPadAir3, [00000118BF66B800][00000118B662C2C0 49] iPadAir4, [00000118BF613600][00000118B6630440 49] iPadMini2, [00000118BF66AF00][00000118B66345C0 49] iPadMini3, [00000118BF613800][00000118B6638740 49] iPadMini4, [00000118BF66B500][00000118B663C8C0 49] iPadMini5, [00000118BF634600][00000118B6644B80 49] iPhone6, [00000118BF634700][00000118B6640BC0 49] iPodTouch6, [00000118BF6A2900][00000118B664CE80 49] iPhone7, [00000118BF6A2800][00000118B6648EC0 49] iPodTouch7, [00000118BF634100][00000118B6651040 49] iPhone5S, [00000118BF610700][00000118B66551C0 49] iPhone6Plus, [00000118BF636500][00000118B6659340 49] iPhone6S, [00000118BF611300][00000118B665D4C0 49] iPhone6SPlus, [00000118BF637B00][00000118B6619600 49] iPhone7Plus, [00000118BF613500][00000118B63A9740 49] iPhoneSE, [00000118BF6A2600][00000118B63AD880 49] iPhone8, [00000118BF610600][00000118B63B5A00 49] iPhone8Plus, [00000118BF6A2200][00000118B63B9B80 49] iPhoneX, [00000118BF613300][00000118B63BC180 49] iPhoneXS, [00000118BF6A3400][00000118B63C0300 49] iPhoneXSMax, [00000118BF612D00][00000118B63C4480 49] iPhoneXR, [00000118BF6A0200][00000118B63C8600 49] iPhone11, [00000118BF611E00][00000118B63CC780 49] iPhone11Pro, [00000118BF6A2A00][00000118B63D0900 49] iPhone11ProMax, [00000118BF613700][00000118B63D4A80 49] iPhoneSE2, [00000118BF6A0D00][00000118B63D8C00 49] iPhone12Mini, [00000118BF611F00][00000118B63DCD80 49] iPhone12, [00000118BF6A0700][00000118B63E0F00 49] iPhone12Pro, [00000118BF611400][00000118B63E5080 49] iPhone12ProMax, [00000118BF6A0C00][00000118B63E9200 49] iPadPro105, [00000118BF611700][00000118B63ED380 49] iPadPro129, [00000118BF6A0100][00000118B63F1500 49] iPadPro97, [00000118BF613C00][00000118B63F5680 49] iPadPro2_129, [00000118BF6A0800][00000118B63B17C0 49] iPad5, [00000118BF613100][00000118B63F9900 49] iPad6, [00000118BF6A0500][00000118B63FDA40 49] iPad7, [00000118BF612800][00000118B6405BC0 49] iPad8, [00000118BF6A0600][00000118B64081C0 49] iPadPro11, [00000118BF610100][00000118B640C340 49] iPadPro2_11, [00000118BF6A1C00][00000118B5E584C0 49] iPadPro3_129, [00000118BF613E00][00000118B5E5C640 49] iPadPro4_129, [00000118BF6A2500][00000118B5E607C0 49] AppleTV, [00000118BF612300][00000118B5E64940 49] AppleTV4K, [00000118BF6A0400][00000118B5E68AC0 49] TVOS, [00000118BF611C00][00000118B5E6CC40 49] Mac, [00000118BF6A3D00][00000118B5E70DC0 49] MacClient, [00000118BF612500][00000118B5E74F40 49] MacNoEditor, [00000118BF6A3100][00000118B5E790C0 49] MacServer, [00000118BF613900][00000118B5E7D240 49] Linux, [00000118BF6A1D00][00000118B5E813C0 49] LinuxAArch64, [00000118BF612100][00000118B5E85540 49] LinuxNoEditor, [00000118BF6A1B00][00000118B5E896C0 49] LinuxAArch64NoEditor, [00000118BF613B00][00000118B5E8D840 49] LinuxClient, [00000118BF6A2E00][00000118B6401980 49] LinuxAArch64Client, [00000118BF612200][00000118B5E91AC0 49] LinuxServer, [00000118BF6A2F00][00000118B5E95C00 49] LinuxAArch64Server, [00000118BF611000][00000118B5E981C0 49] Android, [00000118BF6A1E00][00000118B5EA0340 49] Android_Low, [00000118BF610500][00000118B5EA44C0 49] Android_Mid, [00000118BF6A2400][00000118B5EA8640 49] Android_High, [00000118BF613F00][00000118B5EAC7C0 49] Android_Default, [00000118BF6A2000][00000118B5EB0940 49] Android_Adreno4xx, [00000118BF66A100][00000118B5EB4AC0 49] Android_Adreno5xx_Low, [00000118BF637500][00000118B5EB8C40 49] Android_Adreno5xx, [00000118BF66BA00][00000118B5EBCDC0 49] Android_Adreno6xx, [00000118BF636B00][00000118B5EC0F40 49] Android_Adreno6xx_Vulkan, [00000118BF66BB00][00000118B5EC50C0 49] Android_Mali_T6xx, [00000118BF634F00][00000118B5EC9240 49] Android_Mali_T7xx, [00000118BF669000][00000118B5ECD3C0 49] Android_Mali_T8xx, [00000118BF635F00][00000118B5ED1540 49] Android_Mali_G71, [00000118BF669900][00000118B5ED56C0 49] Android_Mali_G72, [00000118BF636400][00000118B5ED9840 49] Android_Mali_G72_Vulkan, [00000118BF66B300][00000118B5EDD9C0 49] Android_Mali_G76, [00000118BF636100][00000118B5E9DB00 49] Android_Mali_G76_Vulkan, [00000118BF669800][00000118B5EE00C0 49] Android_Mali_G77, [00000118BF634A00][00000118B5EE4200 49] Android_Mali_G77_Vulkan, [00000118BF66B100][00000118B5EE8340 49] Android_Mali_G78, [00000118BF635300][00000118B5EF04C0 49] Android_Mali_G78_Vulkan, [00000118BF66A600][00000118B5EF4640 49] Android_Mali_G710, [00000118BF637D00][00000118B5EF87C0 49] Android_Mali_G710_Vulkan, [00000118BF669B00][00000118B5EFC940 49] Android_Vulkan_SM5, [00000118BF634900][00000118B5F00AC0 49] Android_PowerVR_G6xxx, [00000118BF669C00][00000118B5F04C40 49] Android_PowerVR_GT7xxx, [00000118BF636700][00000118B5F08DC0 49] Android_PowerVR_GE8xxx, [00000118BF66A000][00000118B5F0CF40 49] Android_PowerVR_GM9xxx, [00000118BF637200][00000118B5F110C0 49] Android_PowerVR_GM9xxx_Vulkan, [00000118BF66AD00][00000118B5F15240 49] Android_TegraK1, [00000118BF635700][00000118B5F193C0 49] Android_Unknown_Vulkan, [00000118BF66B400][00000118B5F1D540 49] Lumin, [00000118BF634200][00000118B5F216C0 49] Lumin_Desktop, [00000118BF669F00][00000118B5F25840 49] HoloLens, 
[2022.11.23-06.43.52:829][  0]LogMeshReduction: Using QuadricMeshReduction for automatic static mesh reduction
[2022.11.23-06.43.52:829][  0]LogMeshReduction: Using SimplygonMeshReduction for automatic skeletal mesh reduction
[2022.11.23-06.43.52:829][  0]LogMeshReduction: Using ProxyLODMeshReduction for automatic mesh merging
[2022.11.23-06.43.52:829][  0]LogMeshReduction: No distributed automatic mesh merging module available
[2022.11.23-06.43.52:829][  0]LogMeshMerging: No distributed automatic mesh merging module available
[2022.11.23-06.43.52:937][  0]LogNetVersion: SideScroller_V422_Fall2019 1.0.0, NetCL: 17155196, EngineNetVer: 17, GameNetVer: 0 (Checksum: 1441273239)
[2022.11.23-06.43.53:154][  0]LogTexture: Default maximum texture size for cubemaps generated from long-lat sources has been changed from 512 to unlimited. In order to preserve old behaiour for '/Engine/MapTemplates/Sky/DaylightAmbientCubemap.DaylightAmbientCubemap', its maximum texture size has been explicitly set to 512.
[2022.11.23-06.43.53:201][  0]LogHMD: PokeAHoleMaterial loaded successfully
[2022.11.23-06.43.53:274][  0]LogMoviePlayer: Initializing movie player
[2022.11.23-06.43.53:362][  0]LogNiagaraDebuggerClient: Niagara Debugger Client Initialized | Session: 6AEE40E24391EA7037013480BD72408A | Instance: 1C4EE0A64C884C593096E79E4A156BCC (DESKTOP-H5DVIKR-44140).
[2022.11.23-06.43.53:379][  0]LogCollectionManager: Loaded 0 collections in 0.000683 seconds
[2022.11.23-06.43.53:381][  0]LogFileCache: Scanning file cache for directory 'C:/Users/Jarod/OneDrive/Desktop/Level-Design/Saved/Collections/' took 0.00s
[2022.11.23-06.43.53:381][  0]LogFileCache: Scanning file cache for directory 'C:/Users/Jarod/OneDrive/Desktop/Level-Design/Content/Developers/Jarod/Collections/' took 0.00s
[2022.11.23-06.43.53:381][  0]LogFileCache: Scanning file cache for directory 'C:/Users/Jarod/OneDrive/Desktop/Level-Design/Content/Collections/' took 0.00s
[2022.11.23-06.43.53:381][  0]LogCollectionManager: Fixed up redirectors for 0 collections in 0.000002 seconds (updated 0 objects)
[2022.11.23-06.43.53:394][  0]LogPython: Using Python 3.7.7
[2022.11.23-06.43.53:808][  0]LogTcpMessaging: Initializing TcpMessaging bridge
[2022.11.23-06.43.53:811][  0]LogUdpMessaging: Initializing bridge on interface 0.0.0.0:0 to multicast group 230.0.0.1:6666.
[2022.11.23-06.43.53:978][  0]SourceControl: Source control is disabled
[2022.11.23-06.43.53:978][  0]SourceControl: Source control is disabled
[2022.11.23-06.43.53:980][  0]SourceControl: Source control is disabled
[2022.11.23-06.43.54:008][  0]LogUProjectInfo: Found projects:
[2022.11.23-06.43.54:014][  0]LogOpenImageDenoise: OIDN starting up
[2022.11.23-06.43.54:047][  0]LogAndroidPermission: UAndroidPermissionCallbackProxy::GetInstance
[2022.11.23-06.43.54:060][  0]LogAudioCaptureCore: Display: No Audio Capture implementations found. Audio input will be silent.
[2022.11.23-06.43.54:060][  0]LogAudioCaptureCore: Display: No Audio Capture implementations found. Audio input will be silent.
[2022.11.23-06.43.54:116][  0]LogOcInput: OculusInput pre-init called
[2022.11.23-06.43.54:126][  0]LogUObjectArray: 22163 objects as part of root set at end of initial load.
[2022.11.23-06.43.54:126][  0]LogUObjectAllocator: 5993712 out of 0 bytes used by permanent object pool.
[2022.11.23-06.43.54:126][  0]LogUObjectArray: CloseDisregardForGC: 0/0 objects in disregard for GC pool
[2022.11.23-06.43.54:171][  0]LogEngine: Initializing Engine...
[2022.11.23-06.43.54:173][  0]LogHMD: Failed to enumerate extensions. Please check that you have a valid OpenXR runtime installed.
[2022.11.23-06.43.54:173][  0]LogHMD: Failed to initialize OpenVR with code 110
[2022.11.23-06.43.54:174][  0]LogMagicLeap: Warning: VR disabled because ZI is not enabled.  To enable, in the editor, Edit -> Project Settings -> Plugins -> Magic Leap Plugin -> Enable Zero Iteration
[2022.11.23-06.43.54:175][  0]LogStats: UGameplayTagsManager::InitializeManager -  0.000 s
[2022.11.23-06.43.54:267][  0]LogInit: Initializing FReadOnlyCVARCache
[2022.11.23-06.43.54:267][  0]LogAudio: Display: Initializing Audio Device Manager...
[2022.11.23-06.43.54:270][  0]LogAudio: Display: Loading Default Audio Settings Objects...
[2022.11.23-06.43.54:270][  0]LogAudio: Display: No default SoundConcurrencyObject specified (or failed to load).
[2022.11.23-06.43.54:271][  0]LogAudio: Display: Audio Device Manager Initialized
[2022.11.23-06.43.54:271][  0]LogAudio: Display: Creating Audio Device:                 Id: 1, Scope: Shared, Realtime: True
[2022.11.23-06.43.54:271][  0]LogAudioMixer: Display: Audio Mixer Platform Settings:
[2022.11.23-06.43.54:271][  0]LogAudioMixer: Display: 	Sample Rate:						  48000
[2022.11.23-06.43.54:271][  0]LogAudioMixer: Display: 	Callback Buffer Frame Size Requested: 1024
[2022.11.23-06.43.54:271][  0]LogAudioMixer: Display: 	Callback Buffer Frame Size To Use:	  1024
[2022.11.23-06.43.54:271][  0]LogAudioMixer: Display: 	Number of buffers to queue:			  2
[2022.11.23-06.43.54:271][  0]LogAudioMixer: Display: 	Max Channels (voices):				  32
[2022.11.23-06.43.54:271][  0]LogAudioMixer: Display: 	Number of Async Source Workers:		  0
[2022.11.23-06.43.54:271][  0]LogAudio: Display: AudioDevice MaxSources: 32
[2022.11.23-06.43.54:271][  0]LogAudio: Display: Audio Spatialization Plugin: None (built-in).
[2022.11.23-06.43.54:271][  0]LogAudio: Display: Audio Reverb Plugin: None (built-in).
[2022.11.23-06.43.54:271][  0]LogAudio: Display: Audio Occlusion Plugin: None (built-in).
[2022.11.23-06.43.54:271][  0]LogAudioMixer: Display: Initializing audio mixer.
[2022.11.23-06.43.54:322][  0]LogAudioMixer: Display: 0: FrontLeft
[2022.11.23-06.43.54:322][  0]LogAudioMixer: Display: 1: FrontRight
[2022.11.23-06.43.54:362][  0]LogAudioMixer: Display: Using Audio Device Speakers (Realtek(R) Audio)
[2022.11.23-06.43.54:368][  0]LogAudioMixer: Display: Initializing Sound Submixes...
[2022.11.23-06.43.54:369][  0]LogAudioMixer: Display: Creating Master Submix 'MasterSubmixDefault'
[2022.11.23-06.43.54:369][  0]LogAudioMixer: Display: Creating Master Submix 'MasterReverbSubmixDefault'
[2022.11.23-06.43.54:370][  0]LogAudioMixer: Display: Creating Master Submix 'MasterEQSubmixDefault'
[2022.11.23-06.43.54:370][  0]LogAudioMixer: FMixerPlatformXAudio2::StartAudioStream() called
[2022.11.23-06.43.54:370][  0]LogAudioMixer: Display: Output buffers initialized: Frames=1024, Channels=2, Samples=2048
[2022.11.23-06.43.54:372][  0]LogAudioMixer: Display: Starting AudioMixerPlatformInterface::RunInternal()
[2022.11.23-06.43.54:372][  0]LogAudioMixer: Display: FMixerPlatformXAudio2::SubmitBuffer() called for the first time
[2022.11.23-06.43.54:372][  0]LogInit: FAudioDevice initialized.
[2022.11.23-06.43.54:373][  0]LogNetVersion: Set ProjectVersion to 1.0.0.0. Version Checksum will be recalculated on next use.
[2022.11.23-06.43.54:373][  0]LogInit: Texture streaming: Enabled
[2022.11.23-06.43.54:432][  0]LogAudio: Display: Audio Device (ID: 1) registered with world 'Untitled'.
[2022.11.23-06.43.54:432][  0]LogSlate: Updating window title bar state: overlay mode, drag disabled, window buttons hidden, title bar hidden
[2022.11.23-06.43.54:433][  0]LogInit: Display: Game Engine Initialized.
[2022.11.23-06.43.54:433][  0]LogNiagaraEditor: GEditor isn't valid! Particle reset commands will not work for Niagara components!
[2022.11.23-06.43.54:535][  0]LogInit: Display: Starting Game.
[2022.11.23-06.43.54:535][  0]LogNet: Browse: /Game/StarterContent/Maps/My_level?Name=Player
[2022.11.23-06.43.54:536][  0]LogLoad: LoadMap: /Game/StarterContent/Maps/My_level?Name=Player
[2022.11.23-06.43.54:536][  0]LogWorld: BeginTearingDown for /Temp/Untitled_0
[2022.11.23-06.43.54:537][  0]LogWorld: UWorld::CleanupWorld for Untitled, bSessionEnded=true, bCleanupResources=true
[2022.11.23-06.43.54:537][  0]LogSlate: InvalidateAllWidgets triggered.  All widgets were invalidated
[2022.11.23-06.43.54:540][  0]LogAudio: Display: Audio Device unregistered from world 'None'.
[2022.11.23-06.43.54:543][  0]LogUObjectHash: Compacting FUObjectHashTables data took   0.84ms
[2022.11.23-06.43.54:741][  0]LogBlueprint: Warning: [AssetLog] C:\Users\Jarod\OneDrive\Desktop\Level-Design\Content\Custom_Blueprints\Puzzle_Elements\Sphere_Door.uasset: [Compiler] OnComponentBeginOverlap (Box)  does not have a valid matching component!
[2022.11.23-06.43.55:261][  0]LogSkeletalMesh: Display: [AssetLog] C:\Users\Jarod\OneDrive\Desktop\Level-Design\Content\Custom_Assets\Hazards\Bat\Model\Bat_Enemy.uasset: Find and fix some bad tangent! please re-import this skeletal mesh asset to fix the issue. The shading of the skeletal mesh will be bad and faceted.
[2022.11.23-06.43.55:288][  0]LogSkeletalMesh: Display: [AssetLog] C:\Users\Jarod\OneDrive\Desktop\Level-Design\Content\Custom_Assets\Utility\Flag\Flag.uasset: Find and fix some bad tangent! please re-import this skeletal mesh asset to fix the issue. The shading of the skeletal mesh will be bad and faceted.
[2022.11.23-06.43.55:291][  0]LogAudio: Display: Audio Device (ID: 1) registered with world 'My_level'.
[2022.11.23-06.43.55:299][  0]LogAIModule: Creating AISystem for world My_level
[2022.11.23-06.43.55:302][  0]LogLoad: Game class is 'SideScrollerGameMode_C'
[2022.11.23-06.43.55:348][  0]LogWorld: Bringing World /Game/StarterContent/Maps/My_level.My_level up for play (max tick rate 0) at 2022.11.23-01.43.55
[2022.11.23-06.43.55:349][  0]LogWorld: Bringing up level for play took: 0.045767
[2022.11.23-06.43.55:354][  0]LogLoad: Took 0.818320 seconds to LoadMap(/Game/StarterContent/Maps/My_level)
[2022.11.23-06.43.55:447][  0]LogSlate: Took 0.000127 seconds to synchronously load lazily loaded font '../../../Engine/Content/Slate/Fonts/Roboto-Regular.ttf' (155K)
[2022.11.23-06.43.55:501][  0]LogRenderer: Reallocating scene render targets to support 1280x720 Format 10 NumSamples 1 (Frame:1).
[2022.11.23-06.43.55:501][  0]LogInit: Display: Engine is initialized. Leaving FEngineLoop::Init()
[2022.11.23-06.43.55:501][  0]LogLoad: (Engine Initialization) Total time: 5.66 seconds
[2022.11.23-06.43.55:501][  0]LogLoad: (Engine Initialization) Total Blueprint compile time: 0.00 seconds
[2022.11.23-06.43.55:505][  0]LogContentStreaming: Texture pool size now 1000 MB
[2022.11.23-06.43.55:510][  0]LogSlate: InvalidateAllWidgets triggered.  All widgets were invalidated
[2022.11.23-06.43.55:556][  1]LogSlate: Took 0.000112 seconds to synchronously load lazily loaded font '../../../Engine/Content/Slate/Fonts/Roboto-Regular.ttf' (155K)
[2022.11.23-06.43.58:251][508]LogWindowsDesktop: Alt-F4 pressed!
[2022.11.23-06.43.58:260][508]LogSlate: Window 'SideScroller_V422_Fall2019 (64-bit Development PCD3D_SM5) ' being destroyed
[2022.11.23-06.43.58:261][508]LogWindowsTextInputMethodSystem: Display: IME system deactivated.
[2022.11.23-06.43.58:266][508]LogWindowsTextInputMethodSystem: Display: IME system deactivated.
[2022.11.23-06.43.58:267][508]LogSlate: Updating window title bar state: overlay mode, drag disabled, window buttons hidden, title bar hidden
[2022.11.23-06.43.58:267][508]LogEngine: All Windows Closed
[2022.11.23-06.43.58:267][508]LogWindows: FPlatformMisc::RequestExit(0)
[2022.11.23-06.43.58:267][508]LogWindows: FPlatformMisc::RequestExitWithStatus(0, 0)
[2022.11.23-06.43.58:267][508]LogCore: Engine exit requested (reason: Win RequestExit)
[2022.11.23-06.43.58:267][509]LogCore: Engine exit requested (reason: EngineExit() was called; note: exit was already requested)
[2022.11.23-06.43.58:267][509]LogInit: Display: PreExit Game.
[2022.11.23-06.43.58:282][509]LogWorld: BeginTearingDown for /Game/StarterContent/Maps/My_level
[2022.11.23-06.43.58:282][509]LogWorld: UWorld::CleanupWorld for My_level, bSessionEnded=true, bCleanupResources=true
[2022.11.23-06.43.58:287][509]LogSlate: InvalidateAllWidgets triggered.  All widgets were invalidated
[2022.11.23-06.43.59:179][509]LogAudio: Display: Beginning Audio Device Manager Shutdown (Module: AudioMixerXAudio2)...
[2022.11.23-06.43.59:179][509]LogAudio: Display: Destroying 1 Remaining Audio Device(s)...
[2022.11.23-06.43.59:179][509]LogAudio: Display: Audio Device unregistered from world 'My_level'.
[2022.11.23-06.43.59:221][509]LogAudioMixer: FMixerPlatformXAudio2::StopAudioStream() called
[2022.11.23-06.43.59:222][509]LogAudioMixer: FMixerPlatformXAudio2::StopAudioStream() called
[2022.11.23-06.43.59:230][509]LogAudio: Display: Audio Device Manager Shutdown
[2022.11.23-06.43.59:234][509]LogExit: Preparing to exit.
[2022.11.23-06.43.59:823][509]LogSlate: Updating window title bar state: overlay mode, drag disabled, window buttons hidden, title bar hidden
[2022.11.23-06.43.59:838][509]LogUObjectHash: Compacting FUObjectHashTables data took   2.03ms
[2022.11.23-06.43.59:873][509]LogMoviePlayer: Shutting down movie player
[2022.11.23-06.43.59:957][509]LogDemo: Cleaned up 0 splitscreen connections with owner deletion
[2022.11.23-06.43.59:965][509]LogExit: Game engine shut down
[2022.11.23-06.44.00:022][509]LogExit: Object subsystem successfully closed.
[2022.11.23-06.44.00:037][509]LogShaderCompilers: Display: === FShaderJobCache stats ===
[2022.11.23-06.44.00:037][509]LogShaderCompilers: Display: Total job queries 0, among them cache hits 0 (0.00%)
[2022.11.23-06.44.00:037][509]LogShaderCompilers: Display: Tracking 0 distinct input hashes that result in 0 distinct outputs (0.00%)
[2022.11.23-06.44.00:037][509]LogShaderCompilers: Display: RAM used: 0.00 MB (0.00 GB) of 819.20 MB (0.80 GB) budget. Usage: 0.00%
[2022.11.23-06.44.00:037][509]LogShaderCompilers: Display: ================================================
[2022.11.23-06.44.00:043][509]LogShaderCompilers: Display: Shaders left to compile 0
[2022.11.23-06.44.00:052][509]LogModuleManager: Shutting down and abandoning module SequenceRecorderSections (564)
[2022.11.23-06.44.00:052][509]LogModuleManager: Shutting down and abandoning module SequenceRecorder (562)
[2022.11.23-06.44.00:052][509]LogModuleManager: Shutting down and abandoning module AutomationController (560)
[2022.11.23-06.44.00:052][509]LogModuleManager: Shutting down and abandoning module AutomationWorker (558)
[2022.11.23-06.44.00:052][509]LogModuleManager: Shutting down and abandoning module Voice (556)
[2022.11.23-06.44.00:052][509]LogModuleManager: Shutting down and abandoning module AIModule (554)
[2022.11.23-06.44.00:052][509]LogModuleManager: Shutting down and abandoning module GameplayDebugger (553)
[2022.11.23-06.44.00:052][509]LogModuleManager: Shutting down and abandoning module AITestSuite (551)
[2022.11.23-06.44.00:052][509]LogModuleManager: Shutting down and abandoning module NavigationSystem (549)
[2022.11.23-06.44.00:052][509]LogModuleManager: Shutting down and abandoning module AnimGraph (546)
[2022.11.23-06.44.00:052][509]LogModuleManager: Shutting down and abandoning module SteamVREditor (544)
[2022.11.23-06.44.00:052][509]LogModuleManager: Shutting down and abandoning module ToolMenus (543)
[2022.11.23-06.44.00:052][509]LogModuleManager: Shutting down and abandoning module OculusMR (540)
[2022.11.23-06.44.00:052][509]LogModuleManager: Shutting down and abandoning module OpenXRInput (538)
[2022.11.23-06.44.00:052][509]LogModuleManager: Shutting down and abandoning module TakeRecorderSources (536)
[2022.11.23-06.44.00:052][509]LogModuleManager: Shutting down and abandoning module TakeRecorder (535)
[2022.11.23-06.44.00:052][509]LogModuleManager: Shutting down and abandoning module TakeTrackRecorders (532)
[2022.11.23-06.44.00:052][509]LogModuleManager: Shutting down and abandoning module TakesCore (530)
[2022.11.23-06.44.00:052][509]LogModuleManager: Shutting down and abandoning module MagicLeapMediaCodecFactory (528)
[2022.11.23-06.44.00:052][509]LogModuleManager: Shutting down and abandoning module MagicLeapMediaFactory (526)
[2022.11.23-06.44.00:052][509]LogModuleManager: Shutting down and abandoning module WebMMediaFactory (524)
[2022.11.23-06.44.00:052][509]LogModuleManager: Shutting down and abandoning module WebMMedia (522)
[2022.11.23-06.44.00:052][509]LogModuleManager: Shutting down and abandoning module WmfMediaFactory (520)
[2022.11.23-06.44.00:052][509]LogModuleManager: Shutting down and abandoning module OpenExrWrapper (518)
[2022.11.23-06.44.00:052][509]LogModuleManager: Shutting down and abandoning module ImgMediaFactory (516)
[2022.11.23-06.44.00:052][509]LogModuleManager: Shutting down and abandoning module AvfMediaFactory (514)
[2022.11.23-06.44.00:052][509]LogModuleManager: Shutting down and abandoning module PlanarCut (512)
[2022.11.23-06.44.00:052][509]LogModuleManager: Shutting down and abandoning module CharacterAI (510)
[2022.11.23-06.44.00:052][509]LogModuleManager: Shutting down and abandoning module SessionServices (508)
[2022.11.23-06.44.00:052][509]LogModuleManager: Shutting down and abandoning module MovieSceneCapture (506)
[2022.11.23-06.44.00:052][509]LogModuleManager: Shutting down and abandoning module LiveCoding (504)
[2022.11.23-06.44.00:052][509]LogModuleManager: Shutting down and abandoning module LevelSequence (502)
[2022.11.23-06.44.00:052][509]LogModuleManager: Shutting down and abandoning module MovieSceneTracks (500)
[2022.11.23-06.44.00:052][509]LogModuleManager: Shutting down and abandoning module MovieScene (498)
[2022.11.23-06.44.00:052][509]LogModuleManager: Shutting down and abandoning module StreamingPauseRendering (496)
[2022.11.23-06.44.00:052][509]LogModuleManager: Shutting down and abandoning module PortalServices (494)
[2022.11.23-06.44.00:052][509]LogModuleManager: Shutting down and abandoning module PortalRpc (492)
[2022.11.23-06.44.00:052][509]LogModuleManager: Shutting down and abandoning module MessagingRpc (490)
[2022.11.23-06.44.00:052][509]LogModuleManager: Shutting down and abandoning module AudioMixerXAudio2 (488)
[2022.11.23-06.44.00:052][509]LogModuleManager: Shutting down and abandoning module AudioMixerCore (487)
[2022.11.23-06.44.00:052][509]LogModuleManager: Shutting down and abandoning module ImageWriteQueue (484)
[2022.11.23-06.44.00:056][509]LogModuleManager: Shutting down and abandoning module ProfilerService (482)
[2022.11.23-06.44.00:147][509]LogModuleManager: Shutting down and abandoning module TaskGraph (480)
[2022.11.23-06.44.00:148][509]LogModuleManager: Shutting down and abandoning module OculusInput (478)
[2022.11.23-06.44.00:148][509]LogModuleManager: Shutting down and abandoning module Synthesis (476)
[2022.11.23-06.44.00:148][509]LogModuleManager: Shutting down and abandoning module ProceduralMeshComponent (474)
[2022.11.23-06.44.00:148][509]LogModuleManager: Shutting down and abandoning module MobilePatchingUtils (472)
[2022.11.23-06.44.00:148][509]LogModuleManager: Shutting down and abandoning module TakeMovieScene (470)
[2022.11.23-06.44.00:148][509]LogModuleManager: Shutting down and abandoning module GooglePAD (468)
[2022.11.23-06.44.00:148][509]LogModuleManager: Shutting down and abandoning module EditableMesh (466)
[2022.11.23-06.44.00:148][509]LogModuleManager: Shutting down and abandoning module CustomMeshComponent (464)
[2022.11.23-06.44.00:148][509]LogModuleManager: Shutting down and abandoning module CableComponent (462)
[2022.11.23-06.44.00:148][509]LogModuleManager: Shutting down and abandoning module AudioCapture (460)
[2022.11.23-06.44.00:148][509]LogModuleManager: Shutting down and abandoning module AudioCaptureRtAudio (459)
[2022.11.23-06.44.00:148][509]LogModuleManager: Shutting down and abandoning module AssetTags (456)
[2022.11.23-06.44.00:148][509]LogModuleManager: Shutting down and abandoning module ArchVisCharacter (454)
[2022.11.23-06.44.00:148][509]LogModuleManager: Shutting down and abandoning module AppleImageUtilsBlueprintSupport (452)
[2022.11.23-06.44.00:148][509]LogModuleManager: Shutting down and abandoning module AppleImageUtils (450)
[2022.11.23-06.44.00:148][509]LogModuleManager: Shutting down and abandoning module AndroidPermission (448)
[2022.11.23-06.44.00:148][509]LogModuleManager: Shutting down and abandoning module ActorLayerUtilities (446)
[2022.11.23-06.44.00:148][509]LogModuleManager: Shutting down and abandoning module MagicLeapSharedWorld (444)
[2022.11.23-06.44.00:148][509]LogModuleManager: Shutting down and abandoning module MagicLeapLightEstimation (442)
[2022.11.23-06.44.00:148][509]LogModuleManager: Shutting down and abandoning module TemplateSequence (440)
[2022.11.23-06.44.00:148][509]LogModuleManager: Shutting down and abandoning module MagicLeapHelperVulkan (438)
[2022.11.23-06.44.00:148][509]LogModuleManager: Shutting down and abandoning module MagicLeapHelperOpenGL (436)
[2022.11.23-06.44.00:148][509]LogModuleManager: Shutting down and abandoning module MagicLeapAudio (434)
[2022.11.23-06.44.00:148][509]LogModuleManager: Shutting down and abandoning module MediaCompositing (432)
[2022.11.23-06.44.00:148][509]LogModuleManager: Shutting down and abandoning module MeshConversion (430)
[2022.11.23-06.44.00:148][509]LogModuleManager: Shutting down and abandoning module DynamicMesh (428)
[2022.11.23-06.44.00:148][509]LogModuleManager: Shutting down and abandoning module GeometryAlgorithms (426)
[2022.11.23-06.44.00:148][509]LogModuleManager: Shutting down and abandoning module GeometricObjects (424)
[2022.11.23-06.44.00:148][509]LogModuleManager: Shutting down and abandoning module MotoSynth (422)
[2022.11.23-06.44.00:148][509]LogModuleManager: Shutting down and abandoning module ImgMedia (420)
[2022.11.23-06.44.00:148][509]LogModuleManager: Shutting down and abandoning module OpenImageDenoise (418)
[2022.11.23-06.44.00:148][509]LogOpenImageDenoise: OIDN shutting down
[2022.11.23-06.44.00:148][509]LogModuleManager: Shutting down and abandoning module VisualStudioCodeSourceCodeAccess (416)
[2022.11.23-06.44.00:148][509]LogModuleManager: Shutting down and abandoning module VisualStudioSourceCodeAccess (414)
[2022.11.23-06.44.00:148][509]LogModuleManager: Shutting down and abandoning module HotReload (413)
[2022.11.23-06.44.00:148][509]LogModuleManager: Shutting down and abandoning module GeometryCacheTracks (410)
[2022.11.23-06.44.00:148][509]LogModuleManager: Shutting down and abandoning module GeometryCacheSequencer (409)
[2022.11.23-06.44.00:148][509]LogModuleManager: Shutting down and abandoning module GeometryCache (406)
[2022.11.23-06.44.00:148][509]LogModuleManager: Shutting down and abandoning module GeometryCacheEd (405)
[2022.11.23-06.44.00:148][509]LogModuleManager: Shutting down and abandoning module UObjectPlugin (402)
[2022.11.23-06.44.00:148][509]LogModuleManager: Shutting down and abandoning module GeometryCollectionTracks (400)
[2022.11.23-06.44.00:148][509]LogModuleManager: Shutting down and abandoning module GeometryCollectionSequencer (399)
[2022.11.23-06.44.00:148][509]LogModuleManager: Shutting down and abandoning module SubversionSourceControl (396)
[2022.11.23-06.44.00:148][509]LogModuleManager: Shutting down and abandoning module PerforceSourceControl (394)
[2022.11.23-06.44.00:148][509]LogModuleManager: Shutting down and abandoning module SourceControl (393)
[2022.11.23-06.44.00:148][509]LogModuleManager: Shutting down and abandoning module ChaosNiagara (390)
[2022.11.23-06.44.00:148][509]LogModuleManager: Shutting down and abandoning module FieldSystemEngine (389)
[2022.11.23-06.44.00:148][509]LogModuleManager: Shutting down and abandoning module BackChannel (386)
[2022.11.23-06.44.00:148][509]LogModuleManager: Shutting down and abandoning module AutomationUtils (384)
[2022.11.23-06.44.00:148][509]LogModuleManager: Shutting down and abandoning module CLionSourceCodeAccess (382)
[2022.11.23-06.44.00:148][509]LogModuleManager: Shutting down and abandoning module OodleNetworkHandlerComponent (380)
[2022.11.23-06.44.00:148][509]LogModuleManager: Shutting down and abandoning module LiveLinkSequencer (378)
[2022.11.23-06.44.00:148][509]LogModuleManager: Shutting down and abandoning module LiveLinkMovieScene (376)
[2022.11.23-06.44.00:148][509]LogModuleManager: Shutting down and abandoning module LiveLinkGraphNode (374)
[2022.11.23-06.44.00:148][509]LogModuleManager: Shutting down and abandoning module LiveLinkComponents (372)
[2022.11.23-06.44.00:148][509]LogModuleManager: Shutting down and abandoning module LiveLink (370)
[2022.11.23-06.44.00:936][509]LogModuleManager: Shutting down and abandoning module LightPropagationVolumeRuntime (368)
[2022.11.23-06.44.00:936][509]LogModuleManager: Shutting down and abandoning module SoundFields (366)
[2022.11.23-06.44.00:936][509]LogModuleManager: Shutting down and abandoning module SignificanceManager (364)
[2022.11.23-06.44.00:936][509]LogModuleManager: Shutting down and abandoning module PropertyAccessEditor (362)
[2022.11.23-06.44.00:936][509]LogModuleManager: Shutting down and abandoning module RuntimePhysXCooking (360)
[2022.11.23-06.44.00:936][509]LogModuleManager: Shutting down and abandoning module PhysXVehiclesEditor (358)
[2022.11.23-06.44.00:936][509]LogModuleManager: Shutting down and abandoning module LocationServicesBPLibrary (354)
[2022.11.23-06.44.00:936][509]LogModuleManager: Shutting down and abandoning module AudioSynesthesia (352)
[2022.11.23-06.44.00:936][509]LogModuleManager: Shutting down and abandoning module AudioSynesthesiaCore (350)
[2022.11.23-06.44.00:936][509]LogModuleManager: Shutting down and abandoning module ApexDestructionEditor (348)
[2022.11.23-06.44.00:936][509]LogModuleManager: Shutting down and abandoning module ApexDestruction (346)
[2022.11.23-06.44.00:936][509]LogModuleManager: Shutting down and abandoning module MagicLeapARPin (344)
[2022.11.23-06.44.00:936][509]LogModuleManager: Shutting down and abandoning module MagicLeapHandMeshing (342)
[2022.11.23-06.44.00:936][509]LogModuleManager: Shutting down and abandoning module MagicLeapSecureStorage (340)
[2022.11.23-06.44.00:936][509]LogModuleManager: Shutting down and abandoning module MagicLeapPrivileges (338)
[2022.11.23-06.44.00:936][509]LogModuleManager: Shutting down and abandoning module MagicLeapPlanes (336)
[2022.11.23-06.44.00:936][509]LogMagicLeapPlanes: Planes tracker already destroyed.
[2022.11.23-06.44.00:936][509]LogModuleManager: Shutting down and abandoning module MagicLeapImageTracker (334)
[2022.11.23-06.44.00:936][509]LogModuleManager: Shutting down and abandoning module MagicLeapIdentity (332)
[2022.11.23-06.44.00:936][509]LogModuleManager: Shutting down and abandoning module MagicLeapHandTracking (330)
[2022.11.23-06.44.00:936][509]LogModuleManager: Shutting down and abandoning module MagicLeapEyeTracker (328)
[2022.11.23-06.44.00:936][509]LogModuleManager: Shutting down and abandoning module MagicLeapController (326)
[2022.11.23-06.44.00:936][509]LogModuleManager: Shutting down and abandoning module MagicLeapARPinImpl (324)
[2022.11.23-06.44.00:936][509]LogModuleManager: Shutting down and abandoning module MagicLeapAR (322)
[2022.11.23-06.44.00:936][509]LogModuleManager: Shutting down and abandoning module ActorSequence (320)
[2022.11.23-06.44.00:936][509]LogModuleManager: Shutting down and abandoning module UdpMessaging (318)
[2022.11.23-06.44.01:036][509]LogModuleManager: Shutting down and abandoning module TcpMessaging (316)
[2022.11.23-06.44.01:137][509]LogModuleManager: Shutting down and abandoning module ImgMediaEngine (314)
[2022.11.23-06.44.01:137][509]LogModuleManager: Shutting down and abandoning module PythonScriptPlugin (312)
[2022.11.23-06.44.01:137][509]LogModuleManager: Shutting down and abandoning module NiagaraAnimNotifies (310)
[2022.11.23-06.44.01:137][509]LogModuleManager: Shutting down and abandoning module Niagara (308)
[2022.11.23-06.44.01:137][509]LogModuleManager: Shutting down and abandoning module SignalProcessing (307)
[2022.11.23-06.44.01:137][509]LogModuleManager: Shutting down and abandoning module NiagaraEditor (305)
[2022.11.23-06.44.01:137][509]LogModuleManager: Shutting down and abandoning module ContentBrowser (304)
[2022.11.23-06.44.01:137][509]LogModuleManager: Shutting down and abandoning module CollectionManager (303)
[2022.11.23-06.44.01:137][509]LogModuleManager: Shutting down and abandoning module DirectoryWatcher (302)
[2022.11.23-06.44.01:138][509]LogModuleManager: Shutting down and abandoning module ContentBrowserData (299)
[2022.11.23-06.44.01:138][509]LogModuleManager: Shutting down and abandoning module NiagaraCore (294)
[2022.11.23-06.44.01:138][509]LogModuleManager: Shutting down and abandoning module PropertyAccessNode (292)
[2022.11.23-06.44.01:138][509]LogModuleManager: Shutting down and abandoning module FacialAnimation (290)
[2022.11.23-06.44.01:138][509]LogModuleManager: Shutting down and abandoning module AssetManagerEditor (288)
[2022.11.23-06.44.01:138][509]LogModuleManager: Shutting down and abandoning module TreeMap (287)
[2022.11.23-06.44.01:138][509]LogModuleManager: Shutting down and abandoning module GameplayTagsEditor (284)
[2022.11.23-06.44.01:138][509]LogModuleManager: Shutting down and abandoning module AnimationSharing (282)
[2022.11.23-06.44.01:138][509]LogModuleManager: Shutting down and abandoning module EnvironmentQueryEditor (280)
[2022.11.23-06.44.01:138][509]LogModuleManager: Shutting down and abandoning module GameplayCameras (278)
[2022.11.23-06.44.01:138][509]LogModuleManager: Shutting down and abandoning module Paper2D (276)
[2022.11.23-06.44.01:138][509]LogModuleManager: Shutting down and abandoning module WindowsMoviePlayer (274)
[2022.11.23-06.44.01:139][509]LogModuleManager: Shutting down and abandoning module WebMMoviePlayer (272)
[2022.11.23-06.44.01:139][509]LogModuleManager: Shutting down and abandoning module NetworkReplayStreaming (270)
[2022.11.23-06.44.01:139][509]LogModuleManager: Shutting down and abandoning module PacketHandler (268)
[2022.11.23-06.44.01:139][509]LogModuleManager: Shutting down and abandoning module ClothingSystemEditor (266)
[2022.11.23-06.44.01:139][509]LogModuleManager: Shutting down and abandoning module ClothingSystemRuntimeNv (264)
[2022.11.23-06.44.01:139][509]LogModuleManager: Shutting down and abandoning module MediaAssets (262)
[2022.11.23-06.44.01:139][509]LogModuleManager: Shutting down and abandoning module Overlay (260)
[2022.11.23-06.44.01:139][509]LogModuleManager: Shutting down and abandoning module OverlayEditor (259)
[2022.11.23-06.44.01:139][509]LogModuleManager: Shutting down and abandoning module VREditor (256)
[2022.11.23-06.44.01:139][509]LogModuleManager: Shutting down and abandoning module StringTableEditor (254)
[2022.11.23-06.44.01:139][509]LogModuleManager: Shutting down and abandoning module GameplayTasksEditor (252)
[2022.11.23-06.44.01:139][509]LogModuleManager: Shutting down and abandoning module BehaviorTreeEditor (250)
[2022.11.23-06.44.01:139][509]LogModuleManager: Shutting down and abandoning module FunctionalTesting (248)
[2022.11.23-06.44.01:139][509]LogModuleManager: Shutting down and abandoning module CollisionAnalyzer (246)
[2022.11.23-06.44.01:139][509]LogModuleManager: Shutting down and abandoning module WorkspaceMenuStructure (245)
[2022.11.23-06.44.01:139][509]LogModuleManager: Shutting down and abandoning module UMG (242)
[2022.11.23-06.44.01:139][509]LogModuleManager: Shutting down and abandoning module UMGEditor (241)
[2022.11.23-06.44.01:139][509]LogModuleManager: Shutting down and abandoning module Sequencer (240)
[2022.11.23-06.44.01:139][509]LogModuleManager: Shutting down and abandoning module MessageLog (237)
[2022.11.23-06.44.01:139][509]LogModuleManager: Shutting down and abandoning module SlateReflector (232)
[2022.11.23-06.44.01:139][509]LogModuleManager: Shutting down and abandoning module Slate (230)
[2022.11.23-06.44.01:139][509]LogModuleManager: Shutting down and abandoning module SlateCore (228)
[2022.11.23-06.44.01:140][509]LogModuleManager: Shutting down and abandoning module LandscapeEditorUtilities (226)
[2022.11.23-06.44.01:140][509]LogModuleManager: Shutting down and abandoning module UnrealEd (224)
[2022.11.23-06.44.01:140][509]LogModuleManager: Shutting down and abandoning module MRMesh (222)
[2022.11.23-06.44.01:140][509]LogModuleManager: Shutting down and abandoning module Messaging (220)
[2022.11.23-06.44.01:140][509]LogModuleManager: Shutting down and abandoning module SourceCodeAccess (218)
[2022.11.23-06.44.01:140][509]LogModuleManager: Shutting down and abandoning module HeadMountedDisplay (216)
[2022.11.23-06.44.01:140][509]LogModuleManager: Shutting down and abandoning module XAudio2 (214)
[2022.11.23-06.44.01:140][509]LogModuleManager: Shutting down and abandoning module Networking (212)
[2022.11.23-06.44.01:140][509]LogModuleManager: Shutting down and abandoning module Core (210)
[2022.11.23-06.44.01:140][509]LogModuleManager: Shutting down and abandoning module MaterialEditor (208)
[2022.11.23-06.44.01:140][509]LogModuleManager: Shutting down and abandoning module MovieSceneTools (206)
[2022.11.23-06.44.01:140][509]LogModuleManager: Shutting down and abandoning module EditorStyle (205)
[2022.11.23-06.44.01:141][509]LogModuleManager: Shutting down and abandoning module KismetCompiler (202)
[2022.11.23-06.44.01:141][509]LogModuleManager: Shutting down and abandoning module MeshBuilder (200)
[2022.11.23-06.44.01:141][509]LogModuleManager: Shutting down and abandoning module MeshUtilities (198)
[2022.11.23-06.44.01:141][509]LogModuleManager: Shutting down and abandoning module MeshMergeUtilities (197)
[2022.11.23-06.44.01:141][509]LogModuleManager: Shutting down and abandoning module MeshReductionInterface (196)
[2022.11.23-06.44.01:141][509]LogModuleManager: Shutting down and abandoning module MeshBoneReduction (195)
[2022.11.23-06.44.01:141][509]LogModuleManager: Shutting down and abandoning module SkeletalMeshReduction (193)
[2022.11.23-06.44.01:141][509]LogModuleManager: Shutting down and abandoning module ProxyLODMeshReduction (191)
[2022.11.23-06.44.01:141][509]LogModuleManager: Shutting down and abandoning module QuadricMeshReduction (189)
[2022.11.23-06.44.01:141][509]LogModuleManager: Shutting down and abandoning module MaterialBaking (185)
[2022.11.23-06.44.01:141][509]LogModuleManager: Shutting down and abandoning module NullInstallBundleManager (180)
[2022.11.23-06.44.01:141][509]LogModuleManager: Shutting down and abandoning module PIEPreviewDeviceProfileSelector (178)
[2022.11.23-06.44.01:141][509]LogModuleManager: Shutting down and abandoning module DerivedDataCache (176)
[2022.11.23-06.44.01:141][509]LogModuleManager: Shutting down and abandoning module TargetPlatform (174)
[2022.11.23-06.44.01:141][509]LogModuleManager: Shutting down and abandoning module VulkanShaderFormat (173)
[2022.11.23-06.44.01:141][509]LogModuleManager: Shutting down and abandoning module ShaderFormatVectorVM (171)
[2022.11.23-06.44.01:141][509]LogModuleManager: Shutting down and abandoning module ShaderFormatOpenGL (169)
[2022.11.23-06.44.01:141][509]LogModuleManager: Shutting down and abandoning module ShaderFormatD3D (167)
[2022.11.23-06.44.01:141][509]LogModuleManager: Shutting down and abandoning module MetalShaderFormat (165)
[2022.11.23-06.44.01:141][509]LogModuleManager: Shutting down and abandoning module TextureFormatOodle (163)
[2022.11.23-06.44.01:141][509]LogModuleManager: Shutting down and abandoning module TextureFormatUncompressed (161)
[2022.11.23-06.44.01:141][509]LogModuleManager: Shutting down and abandoning module TextureFormatPVR (159)
[2022.11.23-06.44.01:142][509]LogModuleManager: Shutting down and abandoning module TextureFormatETC2 (157)
[2022.11.23-06.44.01:142][509]LogModuleManager: Shutting down and abandoning module TextureFormatDXT (155)
[2022.11.23-06.44.01:142][509]LogModuleManager: Shutting down and abandoning module TextureFormatIntelISPCTexComp (153)
[2022.11.23-06.44.01:142][509]LogModuleManager: Shutting down and abandoning module TextureFormatASTC (151)
[2022.11.23-06.44.01:142][509]LogModuleManager: Shutting down and abandoning module ImageWrapper (150)
[2022.11.23-06.44.01:142][509]LogModuleManager: Shutting down and abandoning module AudioFormatOpus (147)
[2022.11.23-06.44.01:142][509]LogModuleManager: Shutting down and abandoning module AudioFormatOgg (145)
[2022.11.23-06.44.01:142][509]LogModuleManager: Shutting down and abandoning module AudioFormatADPCM (143)
[2022.11.23-06.44.01:142][509]LogModuleManager: Shutting down and abandoning module WindowsServerTargetPlatform (141)
[2022.11.23-06.44.01:142][509]LogModuleManager: Shutting down and abandoning module WindowsClientTargetPlatform (139)
[2022.11.23-06.44.01:142][509]LogModuleManager: Shutting down and abandoning module WindowsTargetPlatform (137)
[2022.11.23-06.44.01:142][509]LogModuleManager: Shutting down and abandoning module WindowsNoEditorTargetPlatform (135)
[2022.11.23-06.44.01:142][509]LogModuleManager: Shutting down and abandoning module D3D11RHI (132)
[2022.11.23-06.44.01:142][509]LogModuleManager: Shutting down and abandoning module InputCore (130)
[2022.11.23-06.44.01:142][509]LogModuleManager: Shutting down and abandoning module Settings (128)
[2022.11.23-06.44.01:142][509]LogModuleManager: Shutting down and abandoning module PhysXCooking (126)
[2022.11.23-06.44.01:142][509]LogModuleManager: Shutting down and abandoning module Chaos (124)
[2022.11.23-06.44.01:142][509]LogModuleManager: Shutting down and abandoning module WindowsPlatformFeatures (122)
[2022.11.23-06.44.01:142][509]LogModuleManager: Shutting down and abandoning module GameplayMediaEncoder (121)
[2022.11.23-06.44.01:142][509]LogModuleManager: Shutting down and abandoning module AVEncoder (120)
[2022.11.23-06.44.01:142][509]LogModuleManager: Shutting down and abandoning module SteamVRInputDevice (116)
[2022.11.23-06.44.01:142][509]LogModuleManager: Shutting down and abandoning module SteamVRInput (114)
[2022.11.23-06.44.01:142][509]LogModuleManager: Shutting down and abandoning module SteamVR (112)
[2022.11.23-06.44.01:142][509]LogHMD: Freeing OpenVRDLLHandle.
[2022.11.23-06.44.01:142][509]LogModuleManager: Shutting down and abandoning module OculusHMD (110)
[2022.11.23-06.44.01:142][509]LogModuleManager: Shutting down and abandoning module VariantManagerContent (108)
[2022.11.23-06.44.01:142][509]LogModuleManager: Shutting down and abandoning module DatasmithContent (106)
[2022.11.23-06.44.01:142][509]LogModuleManager: Shutting down and abandoning module OpenXREyeTracker (104)
[2022.11.23-06.44.01:142][509]LogModuleManager: Shutting down and abandoning module OpenXRHandTracking (102)
[2022.11.23-06.44.01:142][509]LogSlate: Slate User Destroyed.  User Index 0, Is Virtual User: 0
[2022.11.23-06.44.01:142][509]LogModuleManager: Shutting down and abandoning module OpenXRAR (100)
[2022.11.23-06.44.01:142][509]LogModuleManager: Shutting down and abandoning module AugmentedReality (99)
[2022.11.23-06.44.01:142][509]LogModuleManager: Shutting down and abandoning module OpenXRHMD (96)
[2022.11.23-06.44.01:143][509]LogModuleManager: Shutting down and abandoning module ExampleDeviceProfileSelector (94)
[2022.11.23-06.44.01:143][509]LogModuleManager: Shutting down and abandoning module ChunkDownloader (92)
[2022.11.23-06.44.01:143][509]LogModuleManager: Shutting down and abandoning module OnlineBlueprintSupport (90)
[2022.11.23-06.44.01:143][509]LogModuleManager: Shutting down and abandoning module MLSDK (86)
[2022.11.23-06.44.01:143][509]LogModuleManager: Shutting down and abandoning module MagicLeap (84)
[2022.11.23-06.44.01:143][509]LogModuleManager: Shutting down and abandoning module OnlineSubsystem (82)
[2022.11.23-06.44.01:144][509]LogModuleManager: Shutting down and abandoning module XMPP (77)
[2022.11.23-06.44.01:144][509]LogModuleManager: Shutting down and abandoning module WebSockets (76)
[2022.11.23-06.44.01:155][509]LogModuleManager: Shutting down and abandoning module HTTP (73)
[2022.11.23-06.44.01:155][509]LogHttp: Display: cleaning up 0 outstanding Http requests.
[2022.11.23-06.44.01:177][509]LogModuleManager: Shutting down and abandoning module SSL (72)
[2022.11.23-06.44.01:178][509]LogModuleManager: Shutting down and abandoning module LauncherChunkInstaller (68)
[2022.11.23-06.44.01:178][509]LogModuleManager: Shutting down and abandoning module WmfMedia (66)
[2022.11.23-06.44.01:179][509]LogModuleManager: Shutting down and abandoning module Media (65)
[2022.11.23-06.44.01:179][509]LogModuleManager: Shutting down and abandoning module MediaInfo (64)
[2022.11.23-06.44.01:179][509]LogModuleManager: Shutting down and abandoning module ExrReaderGpu (60)
[2022.11.23-06.44.01:179][509]LogModuleManager: Shutting down and abandoning module NiagaraVertexFactories (58)
[2022.11.23-06.44.01:179][509]LogModuleManager: Shutting down and abandoning module NiagaraShader (56)
[2022.11.23-06.44.01:179][509]LogModuleManager: Shutting down and abandoning module PixWinPlugin (54)
[2022.11.23-06.44.01:179][509]LogModuleManager: Shutting down and abandoning module ChaosCloth (52)
[2022.11.23-06.44.01:179][509]LogModuleManager: Shutting down and abandoning module AISupportModule (50)
[2022.11.23-06.44.01:179][509]LogModuleManager: Shutting down and abandoning module DesktopPlatform (48)
[2022.11.23-06.44.01:179][509]LogModuleManager: Shutting down and abandoning module PythonScriptPluginPreload (46)
[2022.11.23-06.44.01:179][509]LogModuleManager: Shutting down and abandoning module PlatformCryptoOpenSSL (44)
[2022.11.23-06.44.01:180][509]LogModuleManager: Shutting down and abandoning module PlatformCryptoTypes (42)
[2022.11.23-06.44.01:180][509]LogModuleManager: Shutting down and abandoning module PlatformCrypto (40)
[2022.11.23-06.44.01:180][509]LogModuleManager: Shutting down and abandoning module OodleDataCompressionFormat (38)
[2022.11.23-06.44.01:180][509]LogModuleManager: Shutting down and abandoning module XGEController (36)
[2022.11.23-06.44.01:180][509]LogModuleManager: Shutting down and abandoning module AnimationModifiers (34)
[2022.11.23-06.44.01:180][509]LogModuleManager: Shutting down and abandoning module AudioEditor (32)
[2022.11.23-06.44.01:180][509]LogModuleManager: Shutting down and abandoning module PropertyEditor (31)
[2022.11.23-06.44.01:180][509]LogModuleManager: Shutting down and abandoning module TextureCompressor (28)
[2022.11.23-06.44.01:180][509]LogModuleManager: Shutting down and abandoning module RenderCore (26)
[2022.11.23-06.44.01:180][509]LogModuleManager: Shutting down and abandoning module Landscape (24)
[2022.11.23-06.44.01:180][509]LogModuleManager: Shutting down and abandoning module SlateRHIRenderer (22)
[2022.11.23-06.44.01:180][509]LogModuleManager: Shutting down and abandoning module AnimGraphRuntime (20)
[2022.11.23-06.44.01:180][509]LogModuleManager: Shutting down and abandoning module Renderer (18)
[2022.11.23-06.44.01:180][509]LogModuleManager: Shutting down and abandoning module Engine (16)
[2022.11.23-06.44.01:180][509]LogModuleManager: Shutting down and abandoning module CoreUObject (14)
[2022.11.23-06.44.01:180][509]LogModuleManager: Shutting down and abandoning module NetworkFile (12)
[2022.11.23-06.44.01:180][509]LogModuleManager: Shutting down and abandoning module CookedIterativeFile (10)
[2022.11.23-06.44.01:180][509]LogModuleManager: Shutting down and abandoning module StreamingFile (8)
[2022.11.23-06.44.01:180][509]LogModuleManager: Shutting down and abandoning module SandboxFile (6)
[2022.11.23-06.44.01:180][509]LogModuleManager: Shutting down and abandoning module PakFile (4)
[2022.11.23-06.44.01:180][509]LogModuleManager: Shutting down and abandoning module RSA (3)
[2022.11.23-06.44.01:312][509]LogContentStreaming: Display: There are 1 unreleased StreamingManagers
[2022.11.23-06.44.01:325][509]LogD3D11RHI: Shutdown
[2022.11.23-06.44.01:325][509]LogD3D11RHI: CleanupD3DDevice
[2022.11.23-06.44.01:327][509]LogExit: Exiting.
[2022.11.23-06.44.01:338][509]Log file closed, 11/23/22 01:44:01
