Log file open, 11/22/22 23:09:25
LogWindows: Failed to load 'aqProf.dll' (GetLastError=126)
LogWindows: File 'aqProf.dll' does not exist
LogWindows: Failed to load 'VtuneApi.dll' (GetLastError=126)
LogWindows: File 'VtuneApi.dll' does not exist
LogWindows: Failed to load 'VtuneApi32e.dll' (GetLastError=126)
LogWindows: File 'VtuneApi32e.dll' does not exist
LogConsoleResponse: Display: Failed to find resolution value strings in scalability ini. Falling back to default.
LogConsoleResponse: Display: Failed to find resolution value strings in scalability ini. Falling back to default.
LogInit: Display: Running engine for game: SideScroller_V422_Fall2019
LogPlatformFile: Not using cached read wrapper
LogTaskGraph: Started task graph with 5 named threads and 47 total threads with 3 sets of task threads.
LogStats: Stats thread started at 0.245380
LogICUInternationalization: ICU TimeZone Detection - Raw Offset: -5:00, Platform Override: ''
LogInit: Display: Loading text-based GConfig....
LogPluginManager: Mounting plugin MeshPainting
LogPluginManager: Mounting plugin XGEController
LogPluginManager: Mounting plugin Paper2D
LogPluginManager: Mounting plugin AISupport
LogPluginManager: Mounting plugin EnvironmentQueryEditor
LogPluginManager: Mounting plugin LightPropagationVolume
LogPluginManager: Mounting plugin LiveLink
LogPluginManager: Mounting plugin GameplayCameras
LogPluginManager: Mounting plugin AnimationSharing
LogPluginManager: Mounting plugin CodeLiteSourceCodeAccess
LogPluginManager: Mounting plugin GitSourceControl
LogPluginManager: Mounting plugin OodleData
LogPluginManager: Mounting plugin NullSourceCodeAccess
LogPluginManager: Mounting plugin KDevelopSourceCodeAccess
LogPluginManager: Mounting plugin PerforceSourceControl
LogPluginManager: Mounting plugin CameraShakePreviewer
LogPluginManager: Mounting plugin DatasmithContent
LogPluginManager: Mounting plugin AssetManagerEditor
LogPluginManager: Mounting plugin VariantManagerContent
LogPluginManager: Mounting plugin LuminPlatformFeatures
LogPluginManager: Mounting plugin AlembicImporter
LogPluginManager: Mounting plugin MagicLeap
LogPluginManager: Mounting plugin CryptoKeys
LogPluginManager: Mounting plugin AutomationUtils
LogPluginManager: Mounting plugin CurveEditorTools
LogPluginManager: Mounting plugin CLionSourceCodeAccess
LogPluginManager: Mounting plugin DataValidation
LogPluginManager: Mounting plugin BackChannel
LogPluginManager: Mounting plugin FacialAnimation
LogPluginManager: Mounting plugin MagicLeapMedia
LogPluginManager: Mounting plugin GameplayTagsEditor
LogPluginManager: Mounting plugin ChaosCloth
LogPluginManager: Mounting plugin ChaosClothEditor
LogPluginManager: Mounting plugin MagicLeapLightEstimation
LogPluginManager: Mounting plugin ChaosEditor
LogPluginManager: Mounting plugin GeometryMode
LogPluginManager: Mounting plugin ChaosNiagara
LogPluginManager: Mounting plugin ChaosSolverPlugin
LogPluginManager: Mounting plugin MagicLeapPassableWorld
LogPluginManager: Mounting plugin MLSDK
LogPluginManager: Mounting plugin MacGraphicsSwitching
LogPluginManager: Mounting plugin CharacterAI
LogPluginManager: Mounting plugin PluginBrowser
LogPluginManager: Mounting plugin MaterialAnalyzer
LogPluginManager: Mounting plugin MobileLauncherProfileWizard
LogPluginManager: Mounting plugin SpeedTreeImporter
LogPluginManager: Mounting plugin GeometryCollectionPlugin
LogPluginManager: Mounting plugin AndroidMedia
LogPluginManager: Mounting plugin AvfMedia
LogPluginManager: Mounting plugin GeometryCache
LogPluginManager: Mounting plugin OodleNetwork
LogPluginManager: Mounting plugin GeometryProcessing
LogPluginManager: Mounting plugin ImgMedia
LogPluginManager: Mounting plugin MediaCompositing
LogPluginManager: Mounting plugin MediaPlayerEditor
LogPluginManager: Mounting plugin PixWinPlugin
LogPluginManager: Mounting plugin MotoSynth
LogPluginManager: Mounting plugin OpenImageDenoise
LogPluginManager: Mounting plugin PlasticSourceControl
LogPluginManager: Mounting plugin PlatformCrypto
LogPluginManager: Mounting plugin WebMMedia
LogPluginManager: Mounting plugin PlanarCut
LogPluginManager: Mounting plugin WmfMedia
LogPluginManager: Mounting plugin ProxyLODPlugin
LogPluginManager: Mounting plugin PropertyAccessNode
LogPluginManager: Mounting plugin RiderSourceCodeAccess
LogPluginManager: Mounting plugin PluginUtils
LogPluginManager: Mounting plugin PythonScriptPlugin
LogPluginManager: Mounting plugin SubversionSourceControl
LogPluginManager: Mounting plugin TextureFormatOodle
LogPluginManager: Mounting plugin SkeletalReduction
LogPluginManager: Mounting plugin UObjectPlugin
LogPluginManager: Mounting plugin VisualStudioCodeSourceCodeAccess
LogPluginManager: Mounting plugin VisualStudioSourceCodeAccess
LogPluginManager: Mounting plugin UdpMessaging
LogPluginManager: Mounting plugin XCodeSourceCodeAccess
LogPluginManager: Mounting plugin TcpMessaging
LogPluginManager: Mounting plugin OnlineSubsystem
LogPluginManager: Mounting plugin LauncherChunkInstaller
LogPluginManager: Mounting plugin ActorSequence
LogPluginManager: Mounting plugin LevelSequenceEditor
LogPluginManager: Mounting plugin MatineeToLevelSequence
LogPluginManager: Mounting plugin OnlineSubsystemNull
LogPluginManager: Mounting plugin ActorLayerUtilities
LogPluginManager: Mounting plugin TemplateSequence
LogPluginManager: Mounting plugin AndroidMoviePlayer
LogPluginManager: Mounting plugin OnlineSubsystemUtils
LogPluginManager: Mounting plugin ApexDestruction
LogPluginManager: Mounting plugin ArchVisCharacter
LogPluginManager: Mounting plugin AssetTags
LogPluginManager: Mounting plugin AudioCapture
LogPluginManager: Mounting plugin AudioSynesthesia
LogPluginManager: Mounting plugin CableComponent
LogPluginManager: Mounting plugin EditableMesh
LogPluginManager: Mounting plugin CustomMeshComponent
LogPluginManager: Mounting plugin ChunkDownloader
LogPluginManager: Mounting plugin ExampleDeviceProfileSelector
LogPluginManager: Mounting plugin GoogleCloudMessaging
LogPluginManager: Mounting plugin AndroidPermission
LogPluginManager: Mounting plugin GooglePAD
LogPluginManager: Mounting plugin ScreenshotTools
LogPluginManager: Mounting plugin AppleMoviePlayer
LogPluginManager: Mounting plugin LinuxDeviceProfileSelector
LogPluginManager: Mounting plugin LocationServicesBPLibrary
LogPluginManager: Mounting plugin MobilePatchingUtils
LogPluginManager: Mounting plugin OpenXR
LogPluginManager: Mounting plugin AndroidDeviceProfileSelector
LogPluginManager: Mounting plugin OpenXREyeTracker
LogPluginManager: Mounting plugin OpenXRHandTracking
LogPluginManager: Mounting plugin Takes
LogPluginManager: Mounting plugin PostSplashScreen
LogPluginManager: Mounting plugin AppleImageUtils
LogPluginManager: Mounting plugin ProceduralMeshComponent
LogPluginManager: Mounting plugin PropertyAccessEditor
LogPluginManager: Mounting plugin SoundFields
LogPluginManager: Mounting plugin SignificanceManager
LogPluginManager: Mounting plugin RuntimePhysXCooking
LogPluginManager: Mounting plugin PhysXVehicles
LogPluginManager: Mounting plugin Synthesis
LogPluginManager: Mounting plugin WebMMoviePlayer
LogPluginManager: Mounting plugin WindowsMoviePlayer
LogPluginManager: Mounting plugin Niagara
LogPluginManager: Mounting plugin IOSDeviceProfileSelector
LogPluginManager: Mounting plugin ContentBrowserAssetDataSource
LogPluginManager: Mounting plugin ContentBrowserClassDataSource
LogPluginManager: Mounting plugin ContentBrowserFileDataSource
LogPluginManager: Mounting plugin OnlineSubsystemGooglePlay
LogPluginManager: Mounting plugin OnlineSubsystemIOS
LogPluginManager: Mounting plugin SteamVR
LogPluginManager: Mounting plugin OculusVR
PixWinPlugin: PIX capture plugin failed to initialize! Check that the process is launched from PIX.
LogInit: Using libcurl 7.55.1-DEV
LogInit:  - built for x86_64-pc-win32
LogInit:  - supports SSL with OpenSSL/1.1.1
LogInit:  - supports HTTP deflate (compression) using libz 1.2.8
LogInit:  - other features:
LogInit:      CURL_VERSION_SSL
LogInit:      CURL_VERSION_LIBZ
LogInit:      CURL_VERSION_IPV6
LogInit:      CURL_VERSION_ASYNCHDNS
LogInit:      CURL_VERSION_LARGEFILE
LogInit:      CURL_VERSION_IDN
LogInit:  CurlRequestOptions (configurable via config and command line):
LogInit:  - bVerifyPeer = true  - Libcurl will verify peer certificate
LogInit:  - bUseHttpProxy = false  - Libcurl will NOT use HTTP proxy
LogInit:  - bDontReuseConnections = false  - Libcurl will reuse connections
LogInit:  - MaxHostConnections = 16  - Libcurl will limit the number of connections to a host
LogInit:  - LocalHostAddr = Default
LogInit:  - BufferSize = 65536
LogOnline: OSS: Creating online subsystem instance for: NULL
LogInit: WinSock: version 1.1 (2.2), MaxSocks=32767, MaxUdp=65467
LogOnline: OSS: TryLoadSubsystemAndSetDefault: Loaded subsystem for module [NULL]
LogOculusPluginWrapper: OculusPlugin initialized successfully
LogHMD: Failed initializing OVRPlugin 1.59.0
LogInit: Build: ++UE4+Release-4.27-CL-18319896
LogInit: Engine Version: 4.27.2-18319896+++UE4+Release-4.27
LogInit: Compatible Engine Version: 4.27.0-17155196+++UE4+Release-4.27
LogInit: Net CL: 17155196
LogInit: OS: Windows 10 (Release 2009) (), CPU: AMD Ryzen 7 3700X 8-Core Processor             , GPU: NVIDIA GeForce GTX 1660 Ti
LogInit: Compiled (64-bit): Nov 30 2021 07:12:08
LogInit: Compiled with Visual C++: 19.24.28315.00
LogInit: Build Configuration: Development
LogInit: Branch Name: ++UE4+Release-4.27
LogInit: Command Line:  /Game/StarterContent/Maps/My_level -game -PIEVIACONSOLE -Multiprocess GameUserSettingsINI=C:/Users/Jarod/OneDrive/Desktop/Level-Design/Saved/Config/Windows/PIEGameUserSettings0.ini -MultiprocessSaveConfig -forcepassthrough -messaging -SessionName="Play in Standalone Game" -windowed -WinX=315 -WinY=167 SAVEWINPOS=1 -ResX=1280 -ResY=720
LogInit: Base Directory: E:/Program Files(x86)/Epic Games/UE_4.27/Engine/Binaries/Win64/
LogInit: Allocator: TBB
LogInit: Installed Engine Build: 1
LogDevObjectVersion: Number of dev versions registered: 29
LogDevObjectVersion:   Dev-Blueprints (B0D832E4-1F89-4F0D-ACCF-7EB736FD4AA2): 10
LogDevObjectVersion:   Dev-Build (E1C64328-A22C-4D53-A36C-8E866417BD8C): 0
LogDevObjectVersion:   Dev-Core (375EC13C-06E4-48FB-B500-84F0262A717E): 4
LogDevObjectVersion:   Dev-Editor (E4B068ED-F494-42E9-A231-DA0B2E46BB41): 40
LogDevObjectVersion:   Dev-Framework (CFFC743F-43B0-4480-9391-14DF171D2073): 37
LogDevObjectVersion:   Dev-Mobile (B02B49B5-BB20-44E9-A304-32B752E40360): 3
LogDevObjectVersion:   Dev-Networking (A4E4105C-59A1-49B5-A7C5-40C4547EDFEE): 0
LogDevObjectVersion:   Dev-Online (39C831C9-5AE6-47DC-9A44-9C173E1C8E7C): 0
LogDevObjectVersion:   Dev-Physics (78F01B33-EBEA-4F98-B9B4-84EACCB95AA2): 14
LogDevObjectVersion:   Dev-Platform (6631380F-2D4D-43E0-8009-CF276956A95A): 0
LogDevObjectVersion:   Dev-Rendering (12F88B9F-8875-4AFC-A67C-D90C383ABD29): 45
LogDevObjectVersion:   Dev-Sequencer (7B5AE74C-D270-4C10-A958-57980B212A5A): 13
LogDevObjectVersion:   Dev-VR (D7296918-1DD6-4BDD-9DE2-64A83CC13884): 3
LogDevObjectVersion:   Dev-LoadTimes (C2A15278-BFE7-4AFE-6C17-90FF531DF755): 1
LogDevObjectVersion:   Private-Geometry (6EACA3D4-40EC-4CC1-B786-8BED09428FC5): 3
LogDevObjectVersion:   Dev-AnimPhys (29E575DD-E0A3-4627-9D10-D276232CDCEA): 17
LogDevObjectVersion:   Dev-Anim (AF43A65D-7FD3-4947-9873-3E8ED9C1BB05): 15
LogDevObjectVersion:   Dev-ReflectionCapture (6B266CEC-1EC7-4B8F-A30B-E4D90942FC07): 1
LogDevObjectVersion:   Dev-Automation (0DF73D61-A23F-47EA-B727-89E90C41499A): 1
LogDevObjectVersion:   FortniteMain (601D1886-AC64-4F84-AA16-D3DE0DEAC7D6): 47
LogDevObjectVersion:   FortniteRelease (E7086368-6B23-4C58-8439-1B7016265E91): 1
LogDevObjectVersion:   Dev-Enterprise (9DFFBCD6-494F-0158-E221-12823C92A888): 10
LogDevObjectVersion:   Dev-Niagara (F2AED0AC-9AFE-416F-8664-AA7FFA26D6FC): 1
LogDevObjectVersion:   Dev-Destruction (174F1F0B-B4C6-45A5-B13F-2EE8D0FB917D): 10
LogDevObjectVersion:   Dev-Physics-Ext (35F94A83-E258-406C-A318-09F59610247C): 41
LogDevObjectVersion:   Dev-PhysicsMaterial-Chaos (B68FC16E-8B1B-42E2-B453-215C058844FE): 1
LogDevObjectVersion:   Dev-CineCamera (B2E18506-4273-CFC2-A54E-F4BB758BBA07): 1
LogDevObjectVersion:   Dev-VirtualProduction (64F58936-FD1B-42BA-BA96-7289D5D0FA4E): 1
LogDevObjectVersion:   Dev-MediaFramework (6F0ED827-A609-4895-9C91-998D90180EA4): 2
LogInit: Presizing for max 25165824 objects, including 0 objects not considered by GC, pre-allocating 0 bytes for permanent pool.
LogConfig: Applying CVar settings from Section [/Script/Engine.StreamingSettings] File [C:/Users/Jarod/OneDrive/Desktop/Level-Design/Saved/Config/Windows/Engine.ini]
LogConfig: Setting CVar [[s.MinBulkDataSizeForAsyncLoading:131072]]
LogConfig: Setting CVar [[s.AsyncLoadingThreadEnabled:0]]
LogConfig: Setting CVar [[s.EventDrivenLoaderEnabled:1]]
LogConfig: Setting CVar [[s.WarnIfTimeLimitExceeded:0]]
LogConfig: Setting CVar [[s.TimeLimitExceededMultiplier:1.5]]
LogConfig: Setting CVar [[s.TimeLimitExceededMinTime:0.005]]
LogConfig: Setting CVar [[s.UseBackgroundLevelStreaming:1]]
LogConfig: Setting CVar [[s.PriorityAsyncLoadingExtraTime:15.0]]
LogConfig: Setting CVar [[s.LevelStreamingActorsUpdateTimeLimit:5.0]]
LogConfig: Setting CVar [[s.PriorityLevelStreamingActorsUpdateExtraTime:5.0]]
LogConfig: Setting CVar [[s.LevelStreamingComponentsRegistrationGranularity:10]]
LogConfig: Setting CVar [[s.UnregisterComponentsTimeLimit:1.0]]
LogConfig: Setting CVar [[s.LevelStreamingComponentsUnregistrationGranularity:5]]
LogConfig: Setting CVar [[s.FlushStreamingOnExit:1]]
LogInit: Object subsystem initialized
LogConfig: Setting CVar [[con.DebugEarlyDefault:1]]
LogConfig: Setting CVar [[r.setres:1280x720]]
[2022.11.23-04.09.25:611][  0]LogConfig: Setting CVar [[con.DebugEarlyDefault:1]]
[2022.11.23-04.09.25:611][  0]LogConfig: Setting CVar [[r.setres:1280x720]]
[2022.11.23-04.09.25:611][  0]LogConfig: Applying CVar settings from Section [/Script/Engine.RendererSettings] File [C:/Users/Jarod/OneDrive/Desktop/Level-Design/Saved/Config/Windows/Engine.ini]
[2022.11.23-04.09.25:611][  0]LogConfig: Setting CVar [[r.GPUCrashDebugging:0]]
[2022.11.23-04.09.25:611][  0]LogConfig: Applying CVar settings from Section [/Script/Engine.RendererOverrideSettings] File [C:/Users/Jarod/OneDrive/Desktop/Level-Design/Saved/Config/Windows/Engine.ini]
[2022.11.23-04.09.25:611][  0]LogConfig: Applying CVar settings from Section [/Script/Engine.StreamingSettings] File [C:/Users/Jarod/OneDrive/Desktop/Level-Design/Saved/Config/Windows/Engine.ini]
[2022.11.23-04.09.25:611][  0]LogConfig: Setting CVar [[s.MinBulkDataSizeForAsyncLoading:131072]]
[2022.11.23-04.09.25:611][  0]LogConfig: Setting CVar [[s.AsyncLoadingThreadEnabled:0]]
[2022.11.23-04.09.25:611][  0]LogConfig: Setting CVar [[s.EventDrivenLoaderEnabled:1]]
[2022.11.23-04.09.25:611][  0]LogConfig: Setting CVar [[s.WarnIfTimeLimitExceeded:0]]
[2022.11.23-04.09.25:611][  0]LogConfig: Setting CVar [[s.TimeLimitExceededMultiplier:1.5]]
[2022.11.23-04.09.25:611][  0]LogConfig: Setting CVar [[s.TimeLimitExceededMinTime:0.005]]
[2022.11.23-04.09.25:611][  0]LogConfig: Setting CVar [[s.UseBackgroundLevelStreaming:1]]
[2022.11.23-04.09.25:611][  0]LogConfig: Setting CVar [[s.PriorityAsyncLoadingExtraTime:15.0]]
[2022.11.23-04.09.25:611][  0]LogConfig: Setting CVar [[s.LevelStreamingActorsUpdateTimeLimit:5.0]]
[2022.11.23-04.09.25:611][  0]LogConfig: Setting CVar [[s.PriorityLevelStreamingActorsUpdateExtraTime:5.0]]
[2022.11.23-04.09.25:611][  0]LogConfig: Setting CVar [[s.LevelStreamingComponentsRegistrationGranularity:10]]
[2022.11.23-04.09.25:611][  0]LogConfig: Setting CVar [[s.UnregisterComponentsTimeLimit:1.0]]
[2022.11.23-04.09.25:611][  0]LogConfig: Setting CVar [[s.LevelStreamingComponentsUnregistrationGranularity:5]]
[2022.11.23-04.09.25:611][  0]LogConfig: Setting CVar [[s.FlushStreamingOnExit:1]]
[2022.11.23-04.09.25:611][  0]LogConfig: Applying CVar settings from Section [/Script/Engine.GarbageCollectionSettings] File [C:/Users/Jarod/OneDrive/Desktop/Level-Design/Saved/Config/Windows/Engine.ini]
[2022.11.23-04.09.25:611][  0]LogConfig: Setting CVar [[gc.MaxObjectsNotConsideredByGC:1]]
[2022.11.23-04.09.25:611][  0]LogConfig: Setting CVar [[gc.SizeOfPermanentObjectPool:0]]
[2022.11.23-04.09.25:611][  0]LogConfig: Setting CVar [[gc.FlushStreamingOnGC:0]]
[2022.11.23-04.09.25:611][  0]LogConfig: Setting CVar [[gc.NumRetriesBeforeForcingGC:10]]
[2022.11.23-04.09.25:611][  0]LogConfig: Setting CVar [[gc.AllowParallelGC:1]]
[2022.11.23-04.09.25:611][  0]LogConfig: Setting CVar [[gc.TimeBetweenPurgingPendingKillObjects:61.1]]
[2022.11.23-04.09.25:611][  0]LogConfig: Setting CVar [[gc.MaxObjectsInEditor:25165824]]
[2022.11.23-04.09.25:611][  0]LogConfig: Setting CVar [[gc.IncrementalBeginDestroyEnabled:1]]
[2022.11.23-04.09.25:611][  0]LogConfig: Setting CVar [[gc.CreateGCClusters:1]]
[2022.11.23-04.09.25:611][  0]LogConfig: Setting CVar [[gc.MinGCClusterSize:5]]
[2022.11.23-04.09.25:611][  0]LogConfig: Setting CVar [[gc.ActorClusteringEnabled:0]]
[2022.11.23-04.09.25:611][  0]LogConfig: Setting CVar [[gc.BlueprintClusteringEnabled:0]]
[2022.11.23-04.09.25:611][  0]LogConfig: Setting CVar [[gc.UseDisregardForGCOnDedicatedServers:0]]
[2022.11.23-04.09.25:611][  0]LogConfig: Setting CVar [[gc.MultithreadedDestructionEnabled:1]]
[2022.11.23-04.09.25:611][  0]LogConfig: Applying CVar settings from Section [/Script/Engine.NetworkSettings] File [C:/Users/Jarod/OneDrive/Desktop/Level-Design/Saved/Config/Windows/Engine.ini]
[2022.11.23-04.09.25:612][  0]LogConfig: Applying CVar settings from Section [/Script/UnrealEd.CookerSettings] File [C:/Users/Jarod/OneDrive/Desktop/Level-Design/Saved/Config/Windows/Engine.ini]
[2022.11.23-04.09.25:632][  0]LogConfig: Applying CVar settings from Section [ViewDistanceQuality@3] File [C:/Users/Jarod/OneDrive/Desktop/Level-Design/Saved/Config/Windows/Scalability.ini]
[2022.11.23-04.09.25:632][  0]LogConfig: Setting CVar [[r.SkeletalMeshLODBias:0]]
[2022.11.23-04.09.25:632][  0]LogConfig: Setting CVar [[r.ViewDistanceScale:1.0]]
[2022.11.23-04.09.25:632][  0]LogConfig: Applying CVar settings from Section [AntiAliasingQuality@3] File [C:/Users/Jarod/OneDrive/Desktop/Level-Design/Saved/Config/Windows/Scalability.ini]
[2022.11.23-04.09.25:632][  0]LogConfig: Setting CVar [[r.PostProcessAAQuality:4]]
[2022.11.23-04.09.25:632][  0]LogConfig: Applying CVar settings from Section [ShadowQuality@3] File [C:/Users/Jarod/OneDrive/Desktop/Level-Design/Saved/Config/Windows/Scalability.ini]
[2022.11.23-04.09.25:632][  0]LogConfig: Setting CVar [[r.LightFunctionQuality:1]]
[2022.11.23-04.09.25:632][  0]LogConfig: Setting CVar [[r.ShadowQuality:5]]
[2022.11.23-04.09.25:632][  0]LogConfig: Setting CVar [[r.Shadow.CSM.MaxCascades:10]]
[2022.11.23-04.09.25:632][  0]LogConfig: Setting CVar [[r.Shadow.MaxResolution:2048]]
[2022.11.23-04.09.25:632][  0]LogConfig: Setting CVar [[r.Shadow.MaxCSMResolution:2048]]
[2022.11.23-04.09.25:632][  0]LogConfig: Setting CVar [[r.Shadow.RadiusThreshold:0.01]]
[2022.11.23-04.09.25:632][  0]LogConfig: Setting CVar [[r.Shadow.DistanceScale:1.0]]
[2022.11.23-04.09.25:632][  0]LogConfig: Setting CVar [[r.Shadow.CSM.TransitionScale:1.0]]
[2022.11.23-04.09.25:632][  0]LogConfig: Setting CVar [[r.Shadow.PreShadowResolutionFactor:1.0]]
[2022.11.23-04.09.25:632][  0]LogConfig: Setting CVar [[r.DistanceFieldShadowing:1]]
[2022.11.23-04.09.25:632][  0]LogConfig: Setting CVar [[r.DistanceFieldAO:1]]
[2022.11.23-04.09.25:632][  0]LogConfig: Setting CVar [[r.AOQuality:2]]
[2022.11.23-04.09.25:632][  0]LogConfig: Setting CVar [[r.VolumetricFog:1]]
[2022.11.23-04.09.25:632][  0]LogConfig: Setting CVar [[r.VolumetricFog.GridPixelSize:8]]
[2022.11.23-04.09.25:632][  0]LogConfig: Setting CVar [[r.VolumetricFog.GridSizeZ:128]]
[2022.11.23-04.09.25:632][  0]LogConfig: Setting CVar [[r.VolumetricFog.HistoryMissSupersampleCount:4]]
[2022.11.23-04.09.25:632][  0]LogConfig: Setting CVar [[r.LightMaxDrawDistanceScale:1]]
[2022.11.23-04.09.25:632][  0]LogConfig: Setting CVar [[r.CapsuleShadows:1]]
[2022.11.23-04.09.25:632][  0]LogConfig: Applying CVar settings from Section [PostProcessQuality@3] File [C:/Users/Jarod/OneDrive/Desktop/Level-Design/Saved/Config/Windows/Scalability.ini]
[2022.11.23-04.09.25:632][  0]LogConfig: Setting CVar [[r.MotionBlurQuality:4]]
[2022.11.23-04.09.25:632][  0]LogConfig: Setting CVar [[r.AmbientOcclusionMipLevelFactor:0.4]]
[2022.11.23-04.09.25:632][  0]LogConfig: Setting CVar [[r.AmbientOcclusionMaxQuality:100]]
[2022.11.23-04.09.25:632][  0]LogConfig: Setting CVar [[r.AmbientOcclusionLevels:-1]]
[2022.11.23-04.09.25:632][  0]LogConfig: Setting CVar [[r.AmbientOcclusionRadiusScale:1.0]]
[2022.11.23-04.09.25:632][  0]LogConfig: Setting CVar [[r.DepthOfFieldQuality:2]]
[2022.11.23-04.09.25:632][  0]LogConfig: Setting CVar [[r.RenderTargetPoolMin:400]]
[2022.11.23-04.09.25:632][  0]LogConfig: Setting CVar [[r.LensFlareQuality:2]]
[2022.11.23-04.09.25:632][  0]LogConfig: Setting CVar [[r.SceneColorFringeQuality:1]]
[2022.11.23-04.09.25:632][  0]LogConfig: Setting CVar [[r.EyeAdaptationQuality:2]]
[2022.11.23-04.09.25:632][  0]LogConfig: Setting CVar [[r.BloomQuality:5]]
[2022.11.23-04.09.25:632][  0]LogConfig: Setting CVar [[r.FastBlurThreshold:100]]
[2022.11.23-04.09.25:632][  0]LogConfig: Setting CVar [[r.Upscale.Quality:3]]
[2022.11.23-04.09.25:632][  0]LogConfig: Setting CVar [[r.Tonemapper.GrainQuantization:1]]
[2022.11.23-04.09.25:632][  0]LogConfig: Setting CVar [[r.LightShaftQuality:1]]
[2022.11.23-04.09.25:632][  0]LogConfig: Setting CVar [[r.Filter.SizeScale:1]]
[2022.11.23-04.09.25:633][  0]LogConfig: Setting CVar [[r.Tonemapper.Quality:5]]
[2022.11.23-04.09.25:633][  0]LogConfig: Setting CVar [[r.DOF.Gather.AccumulatorQuality:1        ; higher gathering accumulator quality]]
[2022.11.23-04.09.25:633][  0]LogConfig: Setting CVar [[r.DOF.Gather.PostfilterMethod:1          ; Median3x3 postfilering method]]
[2022.11.23-04.09.25:633][  0]LogConfig: Setting CVar [[r.DOF.Gather.EnableBokehSettings:0       ; no bokeh simulation when gathering]]
[2022.11.23-04.09.25:633][  0]LogConfig: Setting CVar [[r.DOF.Gather.RingCount:4                 ; medium number of samples when gathering]]
[2022.11.23-04.09.25:633][  0]LogConfig: Setting CVar [[r.DOF.Scatter.ForegroundCompositing:1    ; additive foreground scattering]]
[2022.11.23-04.09.25:633][  0]LogConfig: Setting CVar [[r.DOF.Scatter.BackgroundCompositing:2    ; additive background scattering]]
[2022.11.23-04.09.25:633][  0]LogConfig: Setting CVar [[r.DOF.Scatter.EnableBokehSettings:1      ; bokeh simulation when scattering]]
[2022.11.23-04.09.25:633][  0]LogConfig: Setting CVar [[r.DOF.Scatter.MaxSpriteRatio:0.1         ; only a maximum of 10% of scattered bokeh]]
[2022.11.23-04.09.25:633][  0]LogConfig: Setting CVar [[r.DOF.Recombine.Quality:1                ; cheap slight out of focus]]
[2022.11.23-04.09.25:633][  0]LogConfig: Setting CVar [[r.DOF.Recombine.EnableBokehSettings:0    ; no bokeh simulation on slight out of focus]]
[2022.11.23-04.09.25:633][  0]LogConfig: Setting CVar [[r.DOF.TemporalAAQuality:1                ; more stable temporal accumulation]]
[2022.11.23-04.09.25:633][  0]LogConfig: Setting CVar [[r.DOF.Kernel.MaxForegroundRadius:0.025]]
[2022.11.23-04.09.25:633][  0]LogConfig: Setting CVar [[r.DOF.Kernel.MaxBackgroundRadius:0.025]]
[2022.11.23-04.09.25:633][  0]LogConfig: Applying CVar settings from Section [TextureQuality@3] File [C:/Users/Jarod/OneDrive/Desktop/Level-Design/Saved/Config/Windows/Scalability.ini]
[2022.11.23-04.09.25:633][  0]LogConfig: Setting CVar [[r.Streaming.MipBias:0]]
[2022.11.23-04.09.25:633][  0]LogConfig: Setting CVar [[r.Streaming.AmortizeCPUToGPUCopy:0]]
[2022.11.23-04.09.25:633][  0]LogConfig: Setting CVar [[r.Streaming.MaxNumTexturesToStreamPerFrame:0]]
[2022.11.23-04.09.25:633][  0]LogConfig: Setting CVar [[r.Streaming.Boost:1]]
[2022.11.23-04.09.25:633][  0]LogConfig: Setting CVar [[r.MaxAnisotropy:8]]
[2022.11.23-04.09.25:633][  0]LogConfig: Setting CVar [[r.VT.MaxAnisotropy:8]]
[2022.11.23-04.09.25:633][  0]LogConfig: Setting CVar [[r.Streaming.LimitPoolSizeToVRAM:0]]
[2022.11.23-04.09.25:633][  0]LogConfig: Setting CVar [[r.Streaming.PoolSize:1000]]
[2022.11.23-04.09.25:633][  0]LogConfig: Setting CVar [[r.Streaming.MaxEffectiveScreenSize:0]]
[2022.11.23-04.09.25:633][  0]LogConfig: Applying CVar settings from Section [EffectsQuality@3] File [C:/Users/Jarod/OneDrive/Desktop/Level-Design/Saved/Config/Windows/Scalability.ini]
[2022.11.23-04.09.25:633][  0]LogConfig: Setting CVar [[r.TranslucencyLightingVolumeDim:64]]
[2022.11.23-04.09.25:633][  0]LogConfig: Setting CVar [[r.RefractionQuality:2]]
[2022.11.23-04.09.25:633][  0]LogConfig: Setting CVar [[r.SSR.Quality:3]]
[2022.11.23-04.09.25:633][  0]LogConfig: Setting CVar [[r.SSR.HalfResSceneColor:0]]
[2022.11.23-04.09.25:633][  0]LogConfig: Setting CVar [[r.SceneColorFormat:4]]
[2022.11.23-04.09.25:633][  0]LogConfig: Setting CVar [[r.DetailMode:2]]
[2022.11.23-04.09.25:633][  0]LogConfig: Setting CVar [[r.TranslucencyVolumeBlur:1]]
[2022.11.23-04.09.25:633][  0]LogConfig: Setting CVar [[r.MaterialQualityLevel:1 ; High quality]]
[2022.11.23-04.09.25:633][  0]LogConfig: Setting CVar [[r.AnisotropicMaterials:1]]
[2022.11.23-04.09.25:633][  0]LogConfig: Setting CVar [[r.SSS.Scale:1]]
[2022.11.23-04.09.25:633][  0]LogConfig: Setting CVar [[r.SSS.SampleSet:2]]
[2022.11.23-04.09.25:633][  0]LogConfig: Setting CVar [[r.SSS.Quality:1]]
[2022.11.23-04.09.25:633][  0]LogConfig: Setting CVar [[r.SSS.HalfRes:0]]
[2022.11.23-04.09.25:633][  0]LogConfig: Setting CVar [[r.SSGI.Quality:3]]
[2022.11.23-04.09.25:633][  0]LogConfig: Setting CVar [[r.EmitterSpawnRateScale:1.0]]
[2022.11.23-04.09.25:633][  0]LogConfig: Setting CVar [[r.ParticleLightQuality:2]]
[2022.11.23-04.09.25:633][  0]LogConfig: Setting CVar [[r.SkyAtmosphere.AerialPerspectiveLUT.FastApplyOnOpaque:1 ; Always have FastSkyLUT 1 in this case to avoid wrong sky]]
[2022.11.23-04.09.25:633][  0]LogConfig: Setting CVar [[r.SkyAtmosphere.AerialPerspectiveLUT.SampleCountMaxPerSlice:4]]
[2022.11.23-04.09.25:633][  0]LogConfig: Setting CVar [[r.SkyAtmosphere.AerialPerspectiveLUT.DepthResolution:16.0]]
[2022.11.23-04.09.25:633][  0]LogConfig: Setting CVar [[r.SkyAtmosphere.FastSkyLUT:1]]
[2022.11.23-04.09.25:633][  0]LogConfig: Setting CVar [[r.SkyAtmosphere.FastSkyLUT.SampleCountMin:4.0]]
[2022.11.23-04.09.25:633][  0]LogConfig: Setting CVar [[r.SkyAtmosphere.FastSkyLUT.SampleCountMax:128.0]]
[2022.11.23-04.09.25:633][  0]LogConfig: Setting CVar [[r.SkyAtmosphere.SampleCountMin:4.0]]
[2022.11.23-04.09.25:633][  0]LogConfig: Setting CVar [[r.SkyAtmosphere.SampleCountMax:128.0]]
[2022.11.23-04.09.25:633][  0]LogConfig: Setting CVar [[r.SkyAtmosphere.TransmittanceLUT.UseSmallFormat:0]]
[2022.11.23-04.09.25:633][  0]LogConfig: Setting CVar [[r.SkyAtmosphere.TransmittanceLUT.SampleCount:10.0]]
[2022.11.23-04.09.25:633][  0]LogConfig: Setting CVar [[r.SkyAtmosphere.MultiScatteringLUT.SampleCount:15.0]]
[2022.11.23-04.09.25:633][  0]LogConfig: Setting CVar [[r.SkyLight.RealTimeReflectionCapture:1]]
[2022.11.23-04.09.25:633][  0]LogConfig: Applying CVar settings from Section [FoliageQuality@3] File [C:/Users/Jarod/OneDrive/Desktop/Level-Design/Saved/Config/Windows/Scalability.ini]
[2022.11.23-04.09.25:633][  0]LogConfig: Setting CVar [[foliage.DensityScale:1.0]]
[2022.11.23-04.09.25:633][  0]LogConfig: Setting CVar [[grass.DensityScale:1.0]]
[2022.11.23-04.09.25:633][  0]LogConfig: Applying CVar settings from Section [ShadingQuality@3] File [C:/Users/Jarod/OneDrive/Desktop/Level-Design/Saved/Config/Windows/Scalability.ini]
[2022.11.23-04.09.25:633][  0]LogConfig: Setting CVar [[r.HairStrands.SkyLighting.IntegrationType:2]]
[2022.11.23-04.09.25:633][  0]LogConfig: Setting CVar [[r.HairStrands.SkyAO.SampleCount:4]]
[2022.11.23-04.09.25:633][  0]LogConfig: Setting CVar [[r.HairStrands.Visibility.MSAA.SamplePerPixel:4]]
[2022.11.23-04.09.25:633][  0]LogInit: Selected Device Profile: [Windows]
[2022.11.23-04.09.25:633][  0]LogInit: Applying CVar settings loaded from the selected device profile: [Windows]
[2022.11.23-04.09.25:633][  0]LogHAL: Display: Platform has ~ 16 GB [17099546624 / 17179869184 / 16], which maps to Larger [LargestMinGB=32, LargerMinGB=12, DefaultMinGB=8, SmallerMinGB=6, SmallestMinGB=0)
[2022.11.23-04.09.25:633][  0]LogInit: Going up to parent DeviceProfile []
[2022.11.23-04.09.25:633][  0]LogConfig: Applying CVar settings from Section [ViewDistanceQuality@3] File [C:/Users/Jarod/OneDrive/Desktop/Level-Design/Saved/Config/Windows/Scalability.ini]
[2022.11.23-04.09.25:633][  0]LogConfig: Setting CVar [[r.SkeletalMeshLODBias:0]]
[2022.11.23-04.09.25:633][  0]LogConfig: Setting CVar [[r.ViewDistanceScale:1.0]]
[2022.11.23-04.09.25:633][  0]LogConfig: Applying CVar settings from Section [AntiAliasingQuality@3] File [C:/Users/Jarod/OneDrive/Desktop/Level-Design/Saved/Config/Windows/Scalability.ini]
[2022.11.23-04.09.25:633][  0]LogConfig: Setting CVar [[r.PostProcessAAQuality:4]]
[2022.11.23-04.09.25:633][  0]LogConfig: Applying CVar settings from Section [ShadowQuality@3] File [C:/Users/Jarod/OneDrive/Desktop/Level-Design/Saved/Config/Windows/Scalability.ini]
[2022.11.23-04.09.25:633][  0]LogConfig: Setting CVar [[r.LightFunctionQuality:1]]
[2022.11.23-04.09.25:633][  0]LogConfig: Setting CVar [[r.ShadowQuality:5]]
[2022.11.23-04.09.25:633][  0]LogConfig: Setting CVar [[r.Shadow.CSM.MaxCascades:10]]
[2022.11.23-04.09.25:633][  0]LogConfig: Setting CVar [[r.Shadow.MaxResolution:2048]]
[2022.11.23-04.09.25:633][  0]LogConfig: Setting CVar [[r.Shadow.MaxCSMResolution:2048]]
[2022.11.23-04.09.25:633][  0]LogConfig: Setting CVar [[r.Shadow.RadiusThreshold:0.01]]
[2022.11.23-04.09.25:633][  0]LogConfig: Setting CVar [[r.Shadow.DistanceScale:1.0]]
[2022.11.23-04.09.25:633][  0]LogConfig: Setting CVar [[r.Shadow.CSM.TransitionScale:1.0]]
[2022.11.23-04.09.25:633][  0]LogConfig: Setting CVar [[r.Shadow.PreShadowResolutionFactor:1.0]]
[2022.11.23-04.09.25:633][  0]LogConfig: Setting CVar [[r.DistanceFieldShadowing:1]]
[2022.11.23-04.09.25:633][  0]LogConfig: Setting CVar [[r.DistanceFieldAO:1]]
[2022.11.23-04.09.25:633][  0]LogConfig: Setting CVar [[r.AOQuality:2]]
[2022.11.23-04.09.25:633][  0]LogConfig: Setting CVar [[r.VolumetricFog:1]]
[2022.11.23-04.09.25:634][  0]LogConfig: Setting CVar [[r.VolumetricFog.GridPixelSize:8]]
[2022.11.23-04.09.25:634][  0]LogConfig: Setting CVar [[r.VolumetricFog.GridSizeZ:128]]
[2022.11.23-04.09.25:634][  0]LogConfig: Setting CVar [[r.VolumetricFog.HistoryMissSupersampleCount:4]]
[2022.11.23-04.09.25:634][  0]LogConfig: Setting CVar [[r.LightMaxDrawDistanceScale:1]]
[2022.11.23-04.09.25:634][  0]LogConfig: Setting CVar [[r.CapsuleShadows:1]]
[2022.11.23-04.09.25:634][  0]LogConfig: Applying CVar settings from Section [PostProcessQuality@3] File [C:/Users/Jarod/OneDrive/Desktop/Level-Design/Saved/Config/Windows/Scalability.ini]
[2022.11.23-04.09.25:634][  0]LogConfig: Setting CVar [[r.MotionBlurQuality:4]]
[2022.11.23-04.09.25:634][  0]LogConfig: Setting CVar [[r.AmbientOcclusionMipLevelFactor:0.4]]
[2022.11.23-04.09.25:634][  0]LogConfig: Setting CVar [[r.AmbientOcclusionMaxQuality:100]]
[2022.11.23-04.09.25:634][  0]LogConfig: Setting CVar [[r.AmbientOcclusionLevels:-1]]
[2022.11.23-04.09.25:634][  0]LogConfig: Setting CVar [[r.AmbientOcclusionRadiusScale:1.0]]
[2022.11.23-04.09.25:634][  0]LogConfig: Setting CVar [[r.DepthOfFieldQuality:2]]
[2022.11.23-04.09.25:634][  0]LogConfig: Setting CVar [[r.RenderTargetPoolMin:400]]
[2022.11.23-04.09.25:634][  0]LogConfig: Setting CVar [[r.LensFlareQuality:2]]
[2022.11.23-04.09.25:634][  0]LogConfig: Setting CVar [[r.SceneColorFringeQuality:1]]
[2022.11.23-04.09.25:634][  0]LogConfig: Setting CVar [[r.EyeAdaptationQuality:2]]
[2022.11.23-04.09.25:634][  0]LogConfig: Setting CVar [[r.BloomQuality:5]]
[2022.11.23-04.09.25:634][  0]LogConfig: Setting CVar [[r.FastBlurThreshold:100]]
[2022.11.23-04.09.25:634][  0]LogConfig: Setting CVar [[r.Upscale.Quality:3]]
[2022.11.23-04.09.25:634][  0]LogConfig: Setting CVar [[r.Tonemapper.GrainQuantization:1]]
[2022.11.23-04.09.25:634][  0]LogConfig: Setting CVar [[r.LightShaftQuality:1]]
[2022.11.23-04.09.25:634][  0]LogConfig: Setting CVar [[r.Filter.SizeScale:1]]
[2022.11.23-04.09.25:634][  0]LogConfig: Setting CVar [[r.Tonemapper.Quality:5]]
[2022.11.23-04.09.25:634][  0]LogConfig: Setting CVar [[r.DOF.Gather.AccumulatorQuality:1        ; higher gathering accumulator quality]]
[2022.11.23-04.09.25:634][  0]LogConfig: Setting CVar [[r.DOF.Gather.PostfilterMethod:1          ; Median3x3 postfilering method]]
[2022.11.23-04.09.25:634][  0]LogConfig: Setting CVar [[r.DOF.Gather.EnableBokehSettings:0       ; no bokeh simulation when gathering]]
[2022.11.23-04.09.25:634][  0]LogConfig: Setting CVar [[r.DOF.Gather.RingCount:4                 ; medium number of samples when gathering]]
[2022.11.23-04.09.25:634][  0]LogConfig: Setting CVar [[r.DOF.Scatter.ForegroundCompositing:1    ; additive foreground scattering]]
[2022.11.23-04.09.25:634][  0]LogConfig: Setting CVar [[r.DOF.Scatter.BackgroundCompositing:2    ; additive background scattering]]
[2022.11.23-04.09.25:634][  0]LogConfig: Setting CVar [[r.DOF.Scatter.EnableBokehSettings:1      ; bokeh simulation when scattering]]
[2022.11.23-04.09.25:634][  0]LogConfig: Setting CVar [[r.DOF.Scatter.MaxSpriteRatio:0.1         ; only a maximum of 10% of scattered bokeh]]
[2022.11.23-04.09.25:634][  0]LogConfig: Setting CVar [[r.DOF.Recombine.Quality:1                ; cheap slight out of focus]]
[2022.11.23-04.09.25:634][  0]LogConfig: Setting CVar [[r.DOF.Recombine.EnableBokehSettings:0    ; no bokeh simulation on slight out of focus]]
[2022.11.23-04.09.25:634][  0]LogConfig: Setting CVar [[r.DOF.TemporalAAQuality:1                ; more stable temporal accumulation]]
[2022.11.23-04.09.25:634][  0]LogConfig: Setting CVar [[r.DOF.Kernel.MaxForegroundRadius:0.025]]
[2022.11.23-04.09.25:634][  0]LogConfig: Setting CVar [[r.DOF.Kernel.MaxBackgroundRadius:0.025]]
[2022.11.23-04.09.25:634][  0]LogConfig: Applying CVar settings from Section [TextureQuality@3] File [C:/Users/Jarod/OneDrive/Desktop/Level-Design/Saved/Config/Windows/Scalability.ini]
[2022.11.23-04.09.25:634][  0]LogConfig: Setting CVar [[r.Streaming.MipBias:0]]
[2022.11.23-04.09.25:634][  0]LogConfig: Setting CVar [[r.Streaming.AmortizeCPUToGPUCopy:0]]
[2022.11.23-04.09.25:634][  0]LogConfig: Setting CVar [[r.Streaming.MaxNumTexturesToStreamPerFrame:0]]
[2022.11.23-04.09.25:634][  0]LogConfig: Setting CVar [[r.Streaming.Boost:1]]
[2022.11.23-04.09.25:634][  0]LogConfig: Setting CVar [[r.MaxAnisotropy:8]]
[2022.11.23-04.09.25:634][  0]LogConfig: Setting CVar [[r.VT.MaxAnisotropy:8]]
[2022.11.23-04.09.25:634][  0]LogConfig: Setting CVar [[r.Streaming.LimitPoolSizeToVRAM:0]]
[2022.11.23-04.09.25:634][  0]LogConfig: Setting CVar [[r.Streaming.PoolSize:1000]]
[2022.11.23-04.09.25:634][  0]LogConfig: Setting CVar [[r.Streaming.MaxEffectiveScreenSize:0]]
[2022.11.23-04.09.25:634][  0]LogConfig: Applying CVar settings from Section [EffectsQuality@3] File [C:/Users/Jarod/OneDrive/Desktop/Level-Design/Saved/Config/Windows/Scalability.ini]
[2022.11.23-04.09.25:634][  0]LogConfig: Setting CVar [[r.TranslucencyLightingVolumeDim:64]]
[2022.11.23-04.09.25:634][  0]LogConfig: Setting CVar [[r.RefractionQuality:2]]
[2022.11.23-04.09.25:634][  0]LogConfig: Setting CVar [[r.SSR.Quality:3]]
[2022.11.23-04.09.25:634][  0]LogConfig: Setting CVar [[r.SSR.HalfResSceneColor:0]]
[2022.11.23-04.09.25:634][  0]LogConfig: Setting CVar [[r.SceneColorFormat:4]]
[2022.11.23-04.09.25:634][  0]LogConfig: Setting CVar [[r.DetailMode:2]]
[2022.11.23-04.09.25:634][  0]LogConfig: Setting CVar [[r.TranslucencyVolumeBlur:1]]
[2022.11.23-04.09.25:634][  0]LogConfig: Setting CVar [[r.MaterialQualityLevel:1 ; High quality]]
[2022.11.23-04.09.25:634][  0]LogConfig: Setting CVar [[r.AnisotropicMaterials:1]]
[2022.11.23-04.09.25:634][  0]LogConfig: Setting CVar [[r.SSS.Scale:1]]
[2022.11.23-04.09.25:634][  0]LogConfig: Setting CVar [[r.SSS.SampleSet:2]]
[2022.11.23-04.09.25:634][  0]LogConfig: Setting CVar [[r.SSS.Quality:1]]
[2022.11.23-04.09.25:634][  0]LogConfig: Setting CVar [[r.SSS.HalfRes:0]]
[2022.11.23-04.09.25:634][  0]LogConfig: Setting CVar [[r.SSGI.Quality:3]]
[2022.11.23-04.09.25:634][  0]LogConfig: Setting CVar [[r.EmitterSpawnRateScale:1.0]]
[2022.11.23-04.09.25:634][  0]LogConfig: Setting CVar [[r.ParticleLightQuality:2]]
[2022.11.23-04.09.25:634][  0]LogConfig: Setting CVar [[r.SkyAtmosphere.AerialPerspectiveLUT.FastApplyOnOpaque:1 ; Always have FastSkyLUT 1 in this case to avoid wrong sky]]
[2022.11.23-04.09.25:634][  0]LogConfig: Setting CVar [[r.SkyAtmosphere.AerialPerspectiveLUT.SampleCountMaxPerSlice:4]]
[2022.11.23-04.09.25:634][  0]LogConfig: Setting CVar [[r.SkyAtmosphere.AerialPerspectiveLUT.DepthResolution:16.0]]
[2022.11.23-04.09.25:634][  0]LogConfig: Setting CVar [[r.SkyAtmosphere.FastSkyLUT:1]]
[2022.11.23-04.09.25:634][  0]LogConfig: Setting CVar [[r.SkyAtmosphere.FastSkyLUT.SampleCountMin:4.0]]
[2022.11.23-04.09.25:634][  0]LogConfig: Setting CVar [[r.SkyAtmosphere.FastSkyLUT.SampleCountMax:128.0]]
[2022.11.23-04.09.25:634][  0]LogConfig: Setting CVar [[r.SkyAtmosphere.SampleCountMin:4.0]]
[2022.11.23-04.09.25:634][  0]LogConfig: Setting CVar [[r.SkyAtmosphere.SampleCountMax:128.0]]
[2022.11.23-04.09.25:634][  0]LogConfig: Setting CVar [[r.SkyAtmosphere.TransmittanceLUT.UseSmallFormat:0]]
[2022.11.23-04.09.25:634][  0]LogConfig: Setting CVar [[r.SkyAtmosphere.TransmittanceLUT.SampleCount:10.0]]
[2022.11.23-04.09.25:634][  0]LogConfig: Setting CVar [[r.SkyAtmosphere.MultiScatteringLUT.SampleCount:15.0]]
[2022.11.23-04.09.25:634][  0]LogConfig: Setting CVar [[r.SkyLight.RealTimeReflectionCapture:1]]
[2022.11.23-04.09.25:634][  0]LogConfig: Applying CVar settings from Section [FoliageQuality@3] File [C:/Users/Jarod/OneDrive/Desktop/Level-Design/Saved/Config/Windows/Scalability.ini]
[2022.11.23-04.09.25:634][  0]LogConfig: Setting CVar [[foliage.DensityScale:1.0]]
[2022.11.23-04.09.25:634][  0]LogConfig: Setting CVar [[grass.DensityScale:1.0]]
[2022.11.23-04.09.25:634][  0]LogConfig: Applying CVar settings from Section [ShadingQuality@3] File [C:/Users/Jarod/OneDrive/Desktop/Level-Design/Saved/Config/Windows/Scalability.ini]
[2022.11.23-04.09.25:634][  0]LogConfig: Setting CVar [[r.HairStrands.SkyLighting.IntegrationType:2]]
[2022.11.23-04.09.25:634][  0]LogConfig: Setting CVar [[r.HairStrands.SkyAO.SampleCount:4]]
[2022.11.23-04.09.25:634][  0]LogConfig: Setting CVar [[r.HairStrands.Visibility.MSAA.SamplePerPixel:4]]
[2022.11.23-04.09.25:634][  0]LogConfig: Applying CVar settings from Section [Startup] File [../../../Engine/Config/ConsoleVariables.ini]
[2022.11.23-04.09.25:635][  0]LogConfig: Setting CVar [[net.UseAdaptiveNetUpdateFrequency:0]]
[2022.11.23-04.09.25:635][  0]LogConfig: Setting CVar [[p.chaos.AllowCreatePhysxBodies:1]]
[2022.11.23-04.09.25:635][  0]LogConfig: Setting CVar [[fx.SkipVectorVMBackendOptimizations:1]]
[2022.11.23-04.09.25:635][  0]LogConfig: Applying CVar settings from Section [ConsoleVariables] File [C:/Users/Jarod/OneDrive/Desktop/Level-Design/Saved/Config/Windows/Engine.ini]
[2022.11.23-04.09.25:635][  0]LogConfig: Applying CVar settings from Section [ConsoleVariables] File [C:/Users/Jarod/OneDrive/Desktop/Level-Design/Saved/Config/Windows/Editor.ini]
[2022.11.23-04.09.25:635][  0]LogInit: Computer: DESKTOP-H5DVIKR
[2022.11.23-04.09.25:635][  0]LogInit: User: Jarod
[2022.11.23-04.09.25:635][  0]LogInit: CPU Page size=4096, Cores=8
[2022.11.23-04.09.25:635][  0]LogInit: High frequency timer resolution =10.000000 MHz
[2022.11.23-04.09.25:635][  0]LogMemory: Memory total: Physical=15.9GB (16GB approx)
[2022.11.23-04.09.25:635][  0]LogMemory: Platform Memory Stats for Windows
[2022.11.23-04.09.25:635][  0]LogMemory: Process Physical Memory: 147.82 MB used, 147.82 MB peak
[2022.11.23-04.09.25:635][  0]LogMemory: Process Virtual Memory: 123.51 MB used, 123.51 MB peak
[2022.11.23-04.09.25:635][  0]LogMemory: Physical Memory: 8866.54 MB used,  7440.86 MB free, 16307.40 MB total
[2022.11.23-04.09.25:635][  0]LogMemory: Virtual Memory: 134213544.00 MB used,  4187.48 MB free, 134217728.00 MB total
[2022.11.23-04.09.25:640][  0]LogWindows: WindowsPlatformFeatures enabled
[2022.11.23-04.09.25:671][  0]LogInit: Physics initialised using underlying interface: PhysX
[2022.11.23-04.09.25:672][  0]LogInit: Using OS detected language (en-US).
[2022.11.23-04.09.25:672][  0]LogInit: Using OS detected locale (en-US).
[2022.11.23-04.09.25:674][  0]LogTextLocalizationManager: No specific localization for 'en-US' exists, so the 'en' localization will be used.
[2022.11.23-04.09.25:923][  0]LogWindowsTextInputMethodSystem: Display: IME system deactivated.
[2022.11.23-04.09.25:972][  0]LogSlate: New Slate User Created.  User Index 0, Is Virtual User: 0
[2022.11.23-04.09.25:972][  0]LogSlate: Slate User Registered.  User Index 0, Is Virtual User: 0
[2022.11.23-04.09.26:003][  0]LogD3D11RHI: Loaded GFSDK_Aftermath_Lib.x64.dll
[2022.11.23-04.09.26:006][  0]LogHMD: Failed to initialize OpenVR with code 110
[2022.11.23-04.09.26:006][  0]LogD3D11RHI: D3D11 min allowed feature level: 11_0
[2022.11.23-04.09.26:006][  0]LogD3D11RHI: D3D11 max allowed feature level: 11_0
[2022.11.23-04.09.26:006][  0]LogD3D11RHI: D3D11 adapters:
[2022.11.23-04.09.26:113][  0]LogD3D11RHI:    0. 'NVIDIA GeForce GTX 1660 Ti' (Feature Level 11_0)
[2022.11.23-04.09.26:113][  0]LogD3D11RHI:       5991/0/8153 MB DedicatedVideo/DedicatedSystem/SharedSystem, Outputs:2, VendorId:0x10de
[2022.11.23-04.09.26:116][  0]LogD3D11RHI:    1. 'Microsoft Basic Render Driver' (Feature Level 11_0)
[2022.11.23-04.09.26:116][  0]LogD3D11RHI:       0/0/8153 MB DedicatedVideo/DedicatedSystem/SharedSystem, Outputs:0, VendorId:0x1414
[2022.11.23-04.09.26:116][  0]LogD3D11RHI: Chosen D3D11 Adapter:
[2022.11.23-04.09.26:116][  0]LogD3D11RHI:     Description : NVIDIA GeForce GTX 1660 Ti
[2022.11.23-04.09.26:116][  0]LogD3D11RHI:     VendorId    : 10de
[2022.11.23-04.09.26:116][  0]LogD3D11RHI:     DeviceId    : 2182
[2022.11.23-04.09.26:116][  0]LogD3D11RHI:     SubSysId    : 37501462
[2022.11.23-04.09.26:116][  0]LogD3D11RHI:     Revision    : 00a1
[2022.11.23-04.09.26:116][  0]LogD3D11RHI:     DedicatedVideoMemory : 6282018816 bytes
[2022.11.23-04.09.26:116][  0]LogD3D11RHI:     DedicatedSystemMemory : 0 bytes
[2022.11.23-04.09.26:116][  0]LogD3D11RHI:     SharedSystemMemory : 8549773312 bytes
[2022.11.23-04.09.26:116][  0]LogD3D11RHI:     AdapterLuid : 0 59724
[2022.11.23-04.09.26:128][  0]LogD3D11RHI: Creating new Direct3DDevice
[2022.11.23-04.09.26:128][  0]LogD3D11RHI:     GPU DeviceId: 0x2182 (for the marketing name, search the web for "GPU Device Id")
[2022.11.23-04.09.26:128][  0]LogWindows: EnumDisplayDevices:
[2022.11.23-04.09.26:128][  0]LogWindows:    0. 'NVIDIA GeForce GTX 1660 Ti' (P:1 D:1)
[2022.11.23-04.09.26:128][  0]LogWindows:    1. 'NVIDIA GeForce GTX 1660 Ti' (P:0 D:1)
[2022.11.23-04.09.26:129][  0]LogWindows:    2. 'NVIDIA GeForce GTX 1660 Ti' (P:0 D:0)
[2022.11.23-04.09.26:129][  0]LogWindows:    3. 'NVIDIA GeForce GTX 1660 Ti' (P:0 D:0)
[2022.11.23-04.09.26:129][  0]LogWindows: DebugString: FoundDriverCount:4 
[2022.11.23-04.09.26:129][  0]LogD3D11RHI:     Adapter Name: NVIDIA GeForce GTX 1660 Ti
[2022.11.23-04.09.26:129][  0]LogD3D11RHI:   Driver Version: 522.25 (internal:31.0.15.2225, unified:522.25)
[2022.11.23-04.09.26:129][  0]LogD3D11RHI:      Driver Date: 10-6-2022
[2022.11.23-04.09.26:129][  0]LogRHI: Texture pool is 4193 MB (70% of 5991 MB)
[2022.11.23-04.09.26:129][  0]LogD3D11RHI: Creating D3DDevice using adapter:
[2022.11.23-04.09.26:129][  0]LogD3D11RHI:     Description : NVIDIA GeForce GTX 1660 Ti
[2022.11.23-04.09.26:129][  0]LogD3D11RHI:     VendorId    : 10de
[2022.11.23-04.09.26:129][  0]LogD3D11RHI:     DeviceId    : 2182
[2022.11.23-04.09.26:129][  0]LogD3D11RHI:     SubSysId    : 37501462
[2022.11.23-04.09.26:129][  0]LogD3D11RHI:     Revision    : 00a1
[2022.11.23-04.09.26:129][  0]LogD3D11RHI:     DedicatedVideoMemory : 6282018816 bytes
[2022.11.23-04.09.26:129][  0]LogD3D11RHI:     DedicatedSystemMemory : 0 bytes
[2022.11.23-04.09.26:129][  0]LogD3D11RHI:     SharedSystemMemory : 8549773312 bytes
[2022.11.23-04.09.26:129][  0]LogD3D11RHI:     AdapterLuid : 0 59724
[2022.11.23-04.09.26:198][  0]LogD3D11RHI: RHI has support for 64 bit atomics
[2022.11.23-04.09.26:198][  0]LogD3D11RHI: Async texture creation enabled
[2022.11.23-04.09.26:198][  0]LogD3D11RHI: Array index from any shader is supported
[2022.11.23-04.09.26:199][  0]LogD3D11RHI: HDR output is supported on display 0 (NvId: 0x80061086).
[2022.11.23-04.09.26:221][  0]LogD3D11RHI: GPU Timing Frequency: 1000.000000 (Debug: 2 1)
[2022.11.23-04.09.26:242][  0]LogRHI: GeForceNow SDK initialized: 1
[2022.11.23-04.09.26:564][  0]LogTargetPlatformManager: Display: Loaded TargetPlatform 'WindowsNoEditor'
[2022.11.23-04.09.26:568][  0]LogTargetPlatformManager: Display: Loaded TargetPlatform 'Windows'
[2022.11.23-04.09.26:572][  0]LogTargetPlatformManager: Display: Loaded TargetPlatform 'WindowsClient'
[2022.11.23-04.09.26:577][  0]LogTargetPlatformManager: Display: Loaded TargetPlatform 'WindowsServer'
[2022.11.23-04.09.26:577][  0]LogTargetPlatformManager: Display: Building Assets For Windows
[2022.11.23-04.09.26:583][  0]LogAudioDebug: Display: Lib vorbis DLL was dynamically loaded.
[2022.11.23-04.09.26:605][  0]LogTextureFormatOodle: Display: Oodle Texture 2.9.0 init RDO Off
[2022.11.23-04.09.26:628][  0]LogRendererCore: Ray tracing is disabled. Reason: r.RayTracing=0.
[2022.11.23-04.09.26:628][  0]LogShaderCompilers: Guid format shader working directory is 1 characters bigger than the processId version (C:/Users/Jarod/OneDrive/Desktop/Level-Design/Intermediate/Shaders/WorkingDirectory/28840/).
[2022.11.23-04.09.26:628][  0]LogShaderCompilers: Cleaned the shader compiler working directory 'C:/Users/Jarod/AppData/Local/Temp/UnrealShaderWorkingDir/E337331544162091B3A798A0E3C35F8F/'.
[2022.11.23-04.09.26:628][  0]LogXGEController: Cannot use XGE Controller as Incredibuild is not installed on this machine.
[2022.11.23-04.09.26:628][  0]LogShaderCompilers: Cannot use XGE Shader Compiler as Incredibuild is not installed on this machine.
[2022.11.23-04.09.26:628][  0]LogShaderCompilers: Display: Using Local Shader Compiler.
[2022.11.23-04.09.27:254][  0]LogDerivedDataCache: Display: Max Cache Size: 512 MB
[2022.11.23-04.09.27:310][  0]LogDerivedDataCache: Loaded boot cache 0.06s 94MB C:/Users/Jarod/AppData/Local/UnrealEngine/4.27/DerivedDataCache/Boot.ddc.
[2022.11.23-04.09.27:310][  0]LogDerivedDataCache: Display: Loaded Boot cache: C:/Users/Jarod/AppData/Local/UnrealEngine/4.27/DerivedDataCache/Boot.ddc
[2022.11.23-04.09.27:310][  0]LogDerivedDataCache: FDerivedDataBackendGraph:  Pak pak cache file C:/Users/Jarod/OneDrive/Desktop/Level-Design/DerivedDataCache/DDC.ddp not found, will not use a pak cache.
[2022.11.23-04.09.27:310][  0]LogDerivedDataCache: Unable to find inner node Pak for hierarchical cache Hierarchy.
[2022.11.23-04.09.27:310][  0]LogDerivedDataCache: FDerivedDataBackendGraph:  CompressedPak pak cache file C:/Users/Jarod/OneDrive/Desktop/Level-Design/DerivedDataCache/Compressed.ddp not found, will not use a pak cache.
[2022.11.23-04.09.27:310][  0]LogDerivedDataCache: Unable to find inner node CompressedPak for hierarchical cache Hierarchy.
[2022.11.23-04.09.27:329][  0]LogDerivedDataCache: Display: Pak cache opened for reading ../../../Engine/DerivedDataCache/Compressed.ddp.
[2022.11.23-04.09.27:329][  0]LogDerivedDataCache: FDerivedDataBackendGraph:  EnterprisePak pak cache file ../../../Enterprise/DerivedDataCache/Compressed.ddp not found, will not use a pak cache.
[2022.11.23-04.09.27:329][  0]LogDerivedDataCache: Unable to find inner node EnterprisePak for hierarchical cache Hierarchy.
[2022.11.23-04.09.27:337][  0]LogDerivedDataCache: Speed tests for C:/Users/Jarod/AppData/Local/UnrealEngine/Common/DerivedDataCache took 0.01 seconds
[2022.11.23-04.09.27:337][  0]LogDerivedDataCache: Display: Performance to C:/Users/Jarod/AppData/Local/UnrealEngine/Common/DerivedDataCache: Latency=0.03ms. RandomReadSpeed=350.81MBs, RandomWriteSpeed=178.74MBs. Assigned SpeedClass 'Local'
[2022.11.23-04.09.27:338][  0]LogDerivedDataCache: Using Local data cache path C:/Users/Jarod/AppData/Local/UnrealEngine/Common/DerivedDataCache: Writable
[2022.11.23-04.09.27:338][  0]LogDerivedDataCache: Shared data cache path not found in *engine.ini, will not use an Shared cache.
[2022.11.23-04.09.27:338][  0]LogDerivedDataCache: Unable to find inner node Shared for hierarchical cache Hierarchy.
[2022.11.23-04.09.27:370][  0]LogSlate: Using FreeType 2.10.0
[2022.11.23-04.09.27:371][  0]LogSlate: SlateFontServices - WITH_FREETYPE: 1, WITH_HARFBUZZ: 1
[2022.11.23-04.09.27:505][  0]LogInit: Using OS detected language (en-US).
[2022.11.23-04.09.27:505][  0]LogInit: Using OS detected locale (en-US).
[2022.11.23-04.09.27:505][  0]LogTextLocalizationManager: No localization for 'en-US' exists, so 'en' will be used for the language.
[2022.11.23-04.09.27:505][  0]LogTextLocalizationManager: No localization for 'en-US' exists, so 'en' will be used for the locale.
[2022.11.23-04.09.27:505][  0]LogSlate: FontCache flush requested. Reason: Culture for localization was changed
[2022.11.23-04.09.27:505][  0]LogSlate: FontCache flush requested. Reason: Culture for localization was changed
[2022.11.23-04.09.27:508][  0]LogTextLocalizationManager: Compacting localization data took   0.01ms
[2022.11.23-04.09.27:508][  0]LogAssetRegistry: FAssetRegistry took 0.0021 seconds to start up
[2022.11.23-04.09.27:661][  0]LogPackageLocalizationCache: Processed 27 localized package path(s) for 1 prioritized culture(s) in 0.000935 seconds
[2022.11.23-04.09.27:723][  0]LogInit: Selected Device Profile: [Windows]
[2022.11.23-04.09.27:723][  0]LogInit: Active device profile: [0000018A6A534B00][0000018A64AFD1C0 49] Windows
[2022.11.23-04.09.27:723][  0]LogInit: Profiles: [0000018A6A534B00][0000018A64AFD1C0 49] Windows, [0000018A6A506100][0000018A63D69300 49] WindowsNoEditor, [0000018A6A535900][0000018A63D6D440 49] WindowsServer, [0000018A6A506E00][0000018A63D71580 49] WindowsClient, [0000018A6A537C00][0000018A63D756C0 49] IOS, [0000018A6A504F00][0000018A63D7D840 49] iPadAir, [0000018A6A537E00][0000018A63E159C0 49] iPadAir2, [0000018A6A4ACC00][0000018A63E1C100 49] IPadPro, [0000018A6A4ACD00][0000018A63E18140 49] iPadAir3, [0000018A6A507B00][0000018A63E202C0 49] iPadAir4, [0000018A6A4AF600][0000018A63E24440 49] iPadMini2, [0000018A6A507200][0000018A63E285C0 49] iPadMini3, [0000018A6A4AF800][0000018A63E2C740 49] iPadMini4, [0000018A6A507800][0000018A63E308C0 49] iPadMini5, [0000018A6A4E8600][0000018A63E38B80 49] iPhone6, [0000018A6A4E8700][0000018A63E34BC0 49] iPodTouch6, [0000018A6A536900][0000018A63E40E80 49] iPhone7, [0000018A6A536800][0000018A63E3CEC0 49] iPodTouch7, [0000018A6A4E8100][0000018A63E45040 49] iPhone5S, [0000018A6A4AC700][0000018A63E491C0 49] iPhone6Plus, [0000018A6A4EA500][0000018A63E4D340 49] iPhone6S, [0000018A6A4AD300][0000018A63E514C0 49] iPhone6SPlus, [0000018A6A4EBB00][0000018A63D79600 49] iPhone7Plus, [0000018A6A4AF500][0000018A63E55740 49] iPhoneSE, [0000018A6A536600][0000018A63E59880 49] iPhone8, [0000018A6A4AC600][0000018A6B273A00 49] iPhone8Plus, [0000018A6A536200][0000018A6B277B80 49] iPhoneX, [0000018A6A4AF300][0000018A6B27A180 49] iPhoneXS, [0000018A6A537400][0000018A6B27E300 49] iPhoneXSMax, [0000018A6A4AED00][0000018A6B282480 49] iPhoneXR, [0000018A6A534200][0000018A6B286600 49] iPhone11, [0000018A6A4ADE00][0000018A6B28A780 49] iPhone11Pro, [0000018A6A536A00][0000018A6B28E900 49] iPhone11ProMax, [0000018A6A4AF700][0000018A6B292A80 49] iPhoneSE2, [0000018A6A534D00][0000018A6B296C00 49] iPhone12Mini, [0000018A6A4ADF00][0000018A6B29AD80 49] iPhone12, [0000018A6A534700][0000018A6B29EF00 49] iPhone12Pro, [0000018A6A4AD400][0000018A6B2A3080 49] iPhone12ProMax, [0000018A6A534C00][0000018A6B2A7200 49] iPadPro105, [0000018A6A4AD700][0000018A6B2AB380 49] iPadPro129, [0000018A6A534100][0000018A6B2AF500 49] iPadPro97, [0000018A6A4AFC00][0000018A6B2B3680 49] iPadPro2_129, [0000018A6A534800][0000018A63E5D7C0 49] iPad5, [0000018A6A4AF100][0000018A6B2B7900 49] iPad6, [0000018A6A534500][0000018A6B2BBA40 49] iPad7, [0000018A6A4AE800][0000018A6B2C3BC0 49] iPad8, [0000018A6A534600][0000018A6B2C61C0 49] iPadPro11, [0000018A6A4AC100][0000018A6B2CA340 49] iPadPro2_11, [0000018A6A535C00][0000018A6B2CE4C0 49] iPadPro3_129, [0000018A6A4AFE00][0000018A6B2D2640 49] iPadPro4_129, [0000018A6A536500][0000018A6B2D67C0 49] AppleTV, [0000018A6A4AE300][0000018A6B2DA940 49] AppleTV4K, [0000018A6A534400][0000018A6B2DEAC0 49] TVOS, [0000018A6A4ADC00][0000018A6B2E2C40 49] Mac, [0000018A6A537D00][0000018A6B2E6DC0 49] MacClient, [0000018A6A4AE500][0000018A6B2EAF40 49] MacNoEditor, [0000018A6A537100][0000018A6B2EF0C0 49] MacServer, [0000018A6A4AF900][0000018A6B2F3240 49] Linux, [0000018A6A535D00][0000018A6B2F73C0 49] LinuxAArch64, [0000018A6A4AE100][0000018A6B2FB540 49] LinuxNoEditor, [0000018A6A535B00][0000018A6B2FF6C0 49] LinuxAArch64NoEditor, [0000018A6A4AFB00][0000018A6B303840 49] LinuxClient, [0000018A6A536E00][0000018A6B2BF980 49] LinuxAArch64Client, [0000018A6A4AE200][0000018A6B307AC0 49] LinuxServer, [0000018A6A536F00][0000018A6B30BC00 49] LinuxAArch64Server, [0000018A6A4AD000][0000018A6B30E1C0 49] Android, [0000018A6A535E00][0000018A6B316340 49] Android_Low, [0000018A6A4AC500][0000018A6B31A4C0 49] Android_Mid, [0000018A6A536400][0000018A4E118640 49] Android_High, [0000018A6A4AFF00][0000018A4E11C7C0 49] Android_Default, [0000018A6A536000][0000018A4E120940 49] Android_Adreno4xx, [0000018A6A506400][0000018A4E124AC0 49] Android_Adreno5xx_Low, [0000018A6A4EB500][0000018A4E128C40 49] Android_Adreno5xx, [0000018A6A507D00][0000018A4E12CDC0 49] Android_Adreno6xx, [0000018A6A4EAB00][0000018A4E130F40 49] Android_Adreno6xx_Vulkan, [0000018A6A507E00][0000018A4E1350C0 49] Android_Mali_T6xx, [0000018A6A4E8F00][0000018A4E139240 49] Android_Mali_T7xx, [0000018A6A505300][0000018A4E13D3C0 49] Android_Mali_T8xx, [0000018A6A4E9F00][0000018A4E141540 49] Android_Mali_G71, [0000018A6A505C00][0000018A641036C0 49] Android_Mali_G72, [0000018A6A4EA400][0000018A64107840 49] Android_Mali_G72_Vulkan, [0000018A6A507600][0000018A6410B9C0 49] Android_Mali_G76, [0000018A6A4EA100][0000018A6B313B00 49] Android_Mali_G76_Vulkan, [0000018A6A505B00][0000018A6410E0C0 49] Android_Mali_G77, [0000018A6A4E8A00][0000018A64112200 49] Android_Mali_G77_Vulkan, [0000018A6A507400][0000018A64116340 49] Android_Mali_G78, [0000018A6A4E9300][0000018A6411E4C0 49] Android_Mali_G78_Vulkan, [0000018A6A506900][0000018A64122640 49] Android_Mali_G710, [0000018A6A4EBD00][0000018A641267C0 49] Android_Mali_G710_Vulkan, [0000018A6A505E00][0000018A6412A940 49] Android_Vulkan_SM5, [0000018A6A4E8900][0000018A6412EAC0 49] Android_PowerVR_G6xxx, [0000018A6A505F00][0000018A64132C40 49] Android_PowerVR_GT7xxx, [0000018A6A4EA700][0000018A64136DC0 49] Android_PowerVR_GE8xxx, [0000018A6A506300][0000018A6413AF40 49] Android_PowerVR_GM9xxx, [0000018A6A4EB200][0000018A6413F0C0 49] Android_PowerVR_GM9xxx_Vulkan, [0000018A6A507000][0000018A64143240 49] Android_TegraK1, [0000018A6A4E9700][0000018A641473C0 49] Android_Unknown_Vulkan, [0000018A6A507700][0000018A6414B540 49] Lumin, [0000018A6A4E8200][0000018A6414F6C0 49] Lumin_Desktop, [0000018A6A506200][0000018A64153840 49] HoloLens, 
[2022.11.23-04.09.27:754][  0]LogMeshReduction: Using QuadricMeshReduction for automatic static mesh reduction
[2022.11.23-04.09.27:754][  0]LogMeshReduction: Using SimplygonMeshReduction for automatic skeletal mesh reduction
[2022.11.23-04.09.27:754][  0]LogMeshReduction: Using ProxyLODMeshReduction for automatic mesh merging
[2022.11.23-04.09.27:754][  0]LogMeshReduction: No distributed automatic mesh merging module available
[2022.11.23-04.09.27:754][  0]LogMeshMerging: No distributed automatic mesh merging module available
[2022.11.23-04.09.27:851][  0]LogNetVersion: SideScroller_V422_Fall2019 1.0.0, NetCL: 17155196, EngineNetVer: 17, GameNetVer: 0 (Checksum: 1441273239)
[2022.11.23-04.09.28:057][  0]LogTexture: Default maximum texture size for cubemaps generated from long-lat sources has been changed from 512 to unlimited. In order to preserve old behaiour for '/Engine/MapTemplates/Sky/DaylightAmbientCubemap.DaylightAmbientCubemap', its maximum texture size has been explicitly set to 512.
[2022.11.23-04.09.28:103][  0]LogHMD: PokeAHoleMaterial loaded successfully
[2022.11.23-04.09.28:173][  0]LogMoviePlayer: Initializing movie player
[2022.11.23-04.09.28:314][  0]LogPython: Using Python 3.7.7
[2022.11.23-04.09.28:724][  0]LogUdpMessaging: Initializing bridge on interface 0.0.0.0:0 to multicast group 230.0.0.1:6666.
[2022.11.23-04.09.28:729][  0]LogTcpMessaging: Initializing TcpMessaging bridge
[2022.11.23-04.09.28:749][  0]LogCollectionManager: Loaded 0 collections in 0.000661 seconds
[2022.11.23-04.09.28:752][  0]LogFileCache: Scanning file cache for directory 'C:/Users/Jarod/OneDrive/Desktop/Level-Design/Saved/Collections/' took 0.00s
[2022.11.23-04.09.28:752][  0]LogFileCache: Scanning file cache for directory 'C:/Users/Jarod/OneDrive/Desktop/Level-Design/Content/Developers/Jarod/Collections/' took 0.00s
[2022.11.23-04.09.28:752][  0]LogFileCache: Scanning file cache for directory 'C:/Users/Jarod/OneDrive/Desktop/Level-Design/Content/Collections/' took 0.00s
[2022.11.23-04.09.28:752][  0]LogCollectionManager: Fixed up redirectors for 0 collections in 0.000002 seconds (updated 0 objects)
[2022.11.23-04.09.28:791][  0]LogNiagaraDebuggerClient: Niagara Debugger Client Initialized | Session: 24E9DF7F499D6B1E9D16EAA568986B4B | Instance: F8E4491A4F69C8A1575D9C990163C9E0 (DESKTOP-H5DVIKR-28840).
[2022.11.23-04.09.28:850][  0]SourceControl: Source control is disabled
[2022.11.23-04.09.28:850][  0]SourceControl: Source control is disabled
[2022.11.23-04.09.28:922][  0]LogOpenImageDenoise: OIDN starting up
[2022.11.23-04.09.28:924][  0]SourceControl: Source control is disabled
[2022.11.23-04.09.28:927][  0]LogUProjectInfo: Found projects:
[2022.11.23-04.09.28:946][  0]LogAudioCaptureCore: Display: No Audio Capture implementations found. Audio input will be silent.
[2022.11.23-04.09.28:946][  0]LogAudioCaptureCore: Display: No Audio Capture implementations found. Audio input will be silent.
[2022.11.23-04.09.28:965][  0]LogAndroidPermission: UAndroidPermissionCallbackProxy::GetInstance
[2022.11.23-04.09.29:008][  0]LogOcInput: OculusInput pre-init called
[2022.11.23-04.09.29:018][  0]LogUObjectArray: 22163 objects as part of root set at end of initial load.
[2022.11.23-04.09.29:018][  0]LogUObjectAllocator: 5993712 out of 0 bytes used by permanent object pool.
[2022.11.23-04.09.29:018][  0]LogUObjectArray: CloseDisregardForGC: 0/0 objects in disregard for GC pool
[2022.11.23-04.09.29:065][  0]LogEngine: Initializing Engine...
[2022.11.23-04.09.29:068][  0]LogHMD: Failed to enumerate extensions. Please check that you have a valid OpenXR runtime installed.
[2022.11.23-04.09.29:068][  0]LogHMD: Failed to initialize OpenVR with code 110
[2022.11.23-04.09.29:068][  0]LogMagicLeap: Warning: VR disabled because ZI is not enabled.  To enable, in the editor, Edit -> Project Settings -> Plugins -> Magic Leap Plugin -> Enable Zero Iteration
[2022.11.23-04.09.29:069][  0]LogStats: UGameplayTagsManager::InitializeManager -  0.000 s
[2022.11.23-04.09.29:155][  0]LogInit: Initializing FReadOnlyCVARCache
[2022.11.23-04.09.29:155][  0]LogAudio: Display: Initializing Audio Device Manager...
[2022.11.23-04.09.29:158][  0]LogAudio: Display: Loading Default Audio Settings Objects...
[2022.11.23-04.09.29:158][  0]LogAudio: Display: No default SoundConcurrencyObject specified (or failed to load).
[2022.11.23-04.09.29:159][  0]LogAudio: Display: Audio Device Manager Initialized
[2022.11.23-04.09.29:159][  0]LogAudio: Display: Creating Audio Device:                 Id: 1, Scope: Shared, Realtime: True
[2022.11.23-04.09.29:159][  0]LogAudioMixer: Display: Audio Mixer Platform Settings:
[2022.11.23-04.09.29:159][  0]LogAudioMixer: Display: 	Sample Rate:						  48000
[2022.11.23-04.09.29:159][  0]LogAudioMixer: Display: 	Callback Buffer Frame Size Requested: 1024
[2022.11.23-04.09.29:159][  0]LogAudioMixer: Display: 	Callback Buffer Frame Size To Use:	  1024
[2022.11.23-04.09.29:159][  0]LogAudioMixer: Display: 	Number of buffers to queue:			  2
[2022.11.23-04.09.29:159][  0]LogAudioMixer: Display: 	Max Channels (voices):				  32
[2022.11.23-04.09.29:159][  0]LogAudioMixer: Display: 	Number of Async Source Workers:		  0
[2022.11.23-04.09.29:159][  0]LogAudio: Display: AudioDevice MaxSources: 32
[2022.11.23-04.09.29:159][  0]LogAudio: Display: Audio Spatialization Plugin: None (built-in).
[2022.11.23-04.09.29:159][  0]LogAudio: Display: Audio Reverb Plugin: None (built-in).
[2022.11.23-04.09.29:159][  0]LogAudio: Display: Audio Occlusion Plugin: None (built-in).
[2022.11.23-04.09.29:159][  0]LogAudioMixer: Display: Initializing audio mixer.
[2022.11.23-04.09.29:227][  0]LogAudioMixer: Display: 0: FrontLeft
[2022.11.23-04.09.29:227][  0]LogAudioMixer: Display: 1: FrontRight
[2022.11.23-04.09.29:262][  0]LogAudioMixer: Display: Using Audio Device Speakers (Realtek(R) Audio)
[2022.11.23-04.09.29:268][  0]LogAudioMixer: Display: Initializing Sound Submixes...
[2022.11.23-04.09.29:270][  0]LogAudioMixer: Display: Creating Master Submix 'MasterSubmixDefault'
[2022.11.23-04.09.29:270][  0]LogAudioMixer: Display: Creating Master Submix 'MasterReverbSubmixDefault'
[2022.11.23-04.09.29:271][  0]LogAudioMixer: Display: Creating Master Submix 'MasterEQSubmixDefault'
[2022.11.23-04.09.29:271][  0]LogAudioMixer: FMixerPlatformXAudio2::StartAudioStream() called
[2022.11.23-04.09.29:271][  0]LogAudioMixer: Display: Output buffers initialized: Frames=1024, Channels=2, Samples=2048
[2022.11.23-04.09.29:272][  0]LogAudioMixer: Display: Starting AudioMixerPlatformInterface::RunInternal()
[2022.11.23-04.09.29:272][  0]LogAudioMixer: Display: FMixerPlatformXAudio2::SubmitBuffer() called for the first time
[2022.11.23-04.09.29:272][  0]LogInit: FAudioDevice initialized.
[2022.11.23-04.09.29:273][  0]LogNetVersion: Set ProjectVersion to 1.0.0.0. Version Checksum will be recalculated on next use.
[2022.11.23-04.09.29:274][  0]LogInit: Texture streaming: Enabled
[2022.11.23-04.09.29:327][  0]LogAudio: Display: Audio Device (ID: 1) registered with world 'Untitled'.
[2022.11.23-04.09.29:327][  0]LogSlate: Updating window title bar state: overlay mode, drag disabled, window buttons hidden, title bar hidden
[2022.11.23-04.09.29:327][  0]LogInit: Display: Game Engine Initialized.
[2022.11.23-04.09.29:327][  0]LogNiagaraEditor: GEditor isn't valid! Particle reset commands will not work for Niagara components!
[2022.11.23-04.09.29:423][  0]LogInit: Display: Starting Game.
[2022.11.23-04.09.29:423][  0]LogNet: Browse: /Game/StarterContent/Maps/My_level?Name=Player
[2022.11.23-04.09.29:423][  0]LogLoad: LoadMap: /Game/StarterContent/Maps/My_level?Name=Player
[2022.11.23-04.09.29:423][  0]LogWorld: BeginTearingDown for /Temp/Untitled_0
[2022.11.23-04.09.29:425][  0]LogWorld: UWorld::CleanupWorld for Untitled, bSessionEnded=true, bCleanupResources=true
[2022.11.23-04.09.29:425][  0]LogSlate: InvalidateAllWidgets triggered.  All widgets were invalidated
[2022.11.23-04.09.29:427][  0]LogAudio: Display: Audio Device unregistered from world 'None'.
[2022.11.23-04.09.29:430][  0]LogUObjectHash: Compacting FUObjectHashTables data took   0.81ms
[2022.11.23-04.09.29:616][  0]LogBlueprint: Warning: [AssetLog] C:\Users\Jarod\OneDrive\Desktop\Level-Design\Content\Custom_Blueprints\Puzzle_Elements\Sphere_Door.uasset: [Compiler] OnComponentBeginOverlap (Box)  does not have a valid matching component!
[2022.11.23-04.09.29:898][  0]LogSkeletalMesh: Display: [AssetLog] C:\Users\Jarod\OneDrive\Desktop\Level-Design\Content\Custom_Assets\Hazards\Bat\Model\Bat_Enemy.uasset: Find and fix some bad tangent! please re-import this skeletal mesh asset to fix the issue. The shading of the skeletal mesh will be bad and faceted.
[2022.11.23-04.09.29:989][  0]LogAudio: Display: Audio Device (ID: 1) registered with world 'My_level'.
[2022.11.23-04.09.29:997][  0]LogAIModule: Creating AISystem for world My_level
[2022.11.23-04.09.30:000][  0]LogLoad: Game class is 'SideScrollerGameMode_C'
[2022.11.23-04.09.30:012][  0]LogWorld: Bringing World /Game/StarterContent/Maps/My_level.My_level up for play (max tick rate 0) at 2022.11.22-23.09.30
[2022.11.23-04.09.30:012][  0]LogWorld: Bringing up level for play took: 0.010962
[2022.11.23-04.09.30:016][  0]LogLoad: Took 0.592176 seconds to LoadMap(/Game/StarterContent/Maps/My_level)
[2022.11.23-04.09.30:113][  0]LogSlate: Took 0.000177 seconds to synchronously load lazily loaded font '../../../Engine/Content/Slate/Fonts/Roboto-Regular.ttf' (155K)
[2022.11.23-04.09.30:167][  0]LogRenderer: Reallocating scene render targets to support 1280x720 Format 10 NumSamples 1 (Frame:1).
[2022.11.23-04.09.30:167][  0]LogInit: Display: Engine is initialized. Leaving FEngineLoop::Init()
[2022.11.23-04.09.30:167][  0]LogLoad: (Engine Initialization) Total time: 5.56 seconds
[2022.11.23-04.09.30:167][  0]LogLoad: (Engine Initialization) Total Blueprint compile time: 0.00 seconds
[2022.11.23-04.09.30:170][  0]LogContentStreaming: Texture pool size now 1000 MB
[2022.11.23-04.09.30:174][  0]LogSlate: InvalidateAllWidgets triggered.  All widgets were invalidated
[2022.11.23-04.09.30:218][  1]LogSlate: Took 0.000200 seconds to synchronously load lazily loaded font '../../../Engine/Content/Slate/Fonts/Roboto-Regular.ttf' (155K)
[2022.11.23-04.09.53:571][ 95]LogSlate: Window 'SideScroller_V422_Fall2019 (64-bit Development PCD3D_SM5) ' being destroyed
[2022.11.23-04.09.53:573][ 95]LogWindowsTextInputMethodSystem: Display: IME system deactivated.
[2022.11.23-04.09.53:577][ 95]LogSlate: Updating window title bar state: overlay mode, drag disabled, window buttons hidden, title bar hidden
[2022.11.23-04.09.53:578][ 95]LogEngine: All Windows Closed
[2022.11.23-04.09.53:578][ 95]LogWindows: FPlatformMisc::RequestExit(0)
[2022.11.23-04.09.53:578][ 95]LogWindows: FPlatformMisc::RequestExitWithStatus(0, 0)
[2022.11.23-04.09.53:578][ 95]LogCore: Engine exit requested (reason: Win RequestExit)
[2022.11.23-04.09.53:578][ 96]LogCore: Engine exit requested (reason: EngineExit() was called; note: exit was already requested)
[2022.11.23-04.09.53:578][ 96]LogInit: Display: PreExit Game.
[2022.11.23-04.09.53:590][ 96]LogWorld: BeginTearingDown for /Game/StarterContent/Maps/My_level
[2022.11.23-04.09.53:590][ 96]LogWorld: UWorld::CleanupWorld for My_level, bSessionEnded=true, bCleanupResources=true
[2022.11.23-04.09.53:591][ 96]LogSlate: InvalidateAllWidgets triggered.  All widgets were invalidated
[2022.11.23-04.09.54:085][ 96]LogAudio: Display: Beginning Audio Device Manager Shutdown (Module: AudioMixerXAudio2)...
[2022.11.23-04.09.54:085][ 96]LogAudio: Display: Destroying 1 Remaining Audio Device(s)...
[2022.11.23-04.09.54:085][ 96]LogAudio: Display: Audio Device unregistered from world 'My_level'.
[2022.11.23-04.09.54:110][ 96]LogAudioMixer: FMixerPlatformXAudio2::StopAudioStream() called
[2022.11.23-04.09.54:111][ 96]LogAudioMixer: FMixerPlatformXAudio2::StopAudioStream() called
[2022.11.23-04.09.54:115][ 96]LogAudio: Display: Audio Device Manager Shutdown
[2022.11.23-04.09.54:118][ 96]LogExit: Preparing to exit.
[2022.11.23-04.09.54:751][ 96]LogSlate: Updating window title bar state: overlay mode, drag disabled, window buttons hidden, title bar hidden
[2022.11.23-04.09.54:760][ 96]LogUObjectHash: Compacting FUObjectHashTables data took   1.49ms
[2022.11.23-04.09.54:795][ 96]LogMoviePlayer: Shutting down movie player
[2022.11.23-04.09.54:877][ 96]LogDemo: Cleaned up 0 splitscreen connections with owner deletion
[2022.11.23-04.09.54:879][ 96]LogExit: Game engine shut down
[2022.11.23-04.09.54:932][ 96]LogExit: Object subsystem successfully closed.
[2022.11.23-04.09.54:947][ 96]LogShaderCompilers: Display: === FShaderJobCache stats ===
[2022.11.23-04.09.54:947][ 96]LogShaderCompilers: Display: Total job queries 0, among them cache hits 0 (0.00%)
[2022.11.23-04.09.54:947][ 96]LogShaderCompilers: Display: Tracking 0 distinct input hashes that result in 0 distinct outputs (0.00%)
[2022.11.23-04.09.54:947][ 96]LogShaderCompilers: Display: RAM used: 0.00 MB (0.00 GB) of 819.20 MB (0.80 GB) budget. Usage: 0.00%
[2022.11.23-04.09.54:947][ 96]LogShaderCompilers: Display: ================================================
[2022.11.23-04.09.54:958][ 96]LogShaderCompilers: Display: Shaders left to compile 0
[2022.11.23-04.09.54:967][ 96]LogModuleManager: Shutting down and abandoning module SequenceRecorderSections (564)
[2022.11.23-04.09.54:967][ 96]LogModuleManager: Shutting down and abandoning module SequenceRecorder (562)
[2022.11.23-04.09.54:967][ 96]LogModuleManager: Shutting down and abandoning module AutomationController (560)
[2022.11.23-04.09.54:967][ 96]LogModuleManager: Shutting down and abandoning module AutomationWorker (558)
[2022.11.23-04.09.54:967][ 96]LogModuleManager: Shutting down and abandoning module Voice (556)
[2022.11.23-04.09.54:967][ 96]LogModuleManager: Shutting down and abandoning module AIModule (554)
[2022.11.23-04.09.54:967][ 96]LogModuleManager: Shutting down and abandoning module GameplayDebugger (553)
[2022.11.23-04.09.54:967][ 96]LogModuleManager: Shutting down and abandoning module AITestSuite (551)
[2022.11.23-04.09.54:967][ 96]LogModuleManager: Shutting down and abandoning module NavigationSystem (549)
[2022.11.23-04.09.54:967][ 96]LogModuleManager: Shutting down and abandoning module AnimGraph (546)
[2022.11.23-04.09.54:967][ 96]LogModuleManager: Shutting down and abandoning module OculusMR (544)
[2022.11.23-04.09.54:967][ 96]LogModuleManager: Shutting down and abandoning module SteamVREditor (542)
[2022.11.23-04.09.54:967][ 96]LogModuleManager: Shutting down and abandoning module ToolMenus (541)
[2022.11.23-04.09.54:967][ 96]LogModuleManager: Shutting down and abandoning module TakeRecorderSources (538)
[2022.11.23-04.09.54:967][ 96]LogModuleManager: Shutting down and abandoning module TakeRecorder (537)
[2022.11.23-04.09.54:967][ 96]LogModuleManager: Shutting down and abandoning module TakeTrackRecorders (534)
[2022.11.23-04.09.54:967][ 96]LogModuleManager: Shutting down and abandoning module TakesCore (532)
[2022.11.23-04.09.54:968][ 96]LogModuleManager: Shutting down and abandoning module OpenXRInput (530)
[2022.11.23-04.09.54:968][ 96]LogModuleManager: Shutting down and abandoning module WmfMediaFactory (528)
[2022.11.23-04.09.54:968][ 96]LogModuleManager: Shutting down and abandoning module PlanarCut (526)
[2022.11.23-04.09.54:968][ 96]LogModuleManager: Shutting down and abandoning module WebMMediaFactory (524)
[2022.11.23-04.09.54:968][ 96]LogModuleManager: Shutting down and abandoning module WebMMedia (522)
[2022.11.23-04.09.54:968][ 96]LogModuleManager: Shutting down and abandoning module OpenExrWrapper (520)
[2022.11.23-04.09.54:968][ 96]LogModuleManager: Shutting down and abandoning module ImgMediaFactory (518)
[2022.11.23-04.09.54:968][ 96]LogModuleManager: Shutting down and abandoning module AvfMediaFactory (516)
[2022.11.23-04.09.54:968][ 96]LogModuleManager: Shutting down and abandoning module CharacterAI (514)
[2022.11.23-04.09.54:968][ 96]LogModuleManager: Shutting down and abandoning module MagicLeapMediaCodecFactory (512)
[2022.11.23-04.09.54:968][ 96]LogModuleManager: Shutting down and abandoning module MagicLeapMediaFactory (510)
[2022.11.23-04.09.54:968][ 96]LogModuleManager: Shutting down and abandoning module SessionServices (508)
[2022.11.23-04.09.54:968][ 96]LogModuleManager: Shutting down and abandoning module MovieSceneCapture (506)
[2022.11.23-04.09.54:968][ 96]LogModuleManager: Shutting down and abandoning module LiveCoding (504)
[2022.11.23-04.09.54:968][ 96]LogModuleManager: Shutting down and abandoning module LevelSequence (502)
[2022.11.23-04.09.54:968][ 96]LogModuleManager: Shutting down and abandoning module MovieSceneTracks (500)
[2022.11.23-04.09.54:968][ 96]LogModuleManager: Shutting down and abandoning module MovieScene (498)
[2022.11.23-04.09.54:968][ 96]LogModuleManager: Shutting down and abandoning module StreamingPauseRendering (496)
[2022.11.23-04.09.54:968][ 96]LogModuleManager: Shutting down and abandoning module PortalServices (494)
[2022.11.23-04.09.54:968][ 96]LogModuleManager: Shutting down and abandoning module PortalRpc (492)
[2022.11.23-04.09.54:968][ 96]LogModuleManager: Shutting down and abandoning module MessagingRpc (490)
[2022.11.23-04.09.54:968][ 96]LogModuleManager: Shutting down and abandoning module AudioMixerXAudio2 (488)
[2022.11.23-04.09.54:968][ 96]LogModuleManager: Shutting down and abandoning module AudioMixerCore (487)
[2022.11.23-04.09.54:968][ 96]LogModuleManager: Shutting down and abandoning module ImageWriteQueue (484)
[2022.11.23-04.09.54:972][ 96]LogModuleManager: Shutting down and abandoning module ProfilerService (482)
[2022.11.23-04.09.55:087][ 96]LogModuleManager: Shutting down and abandoning module TaskGraph (480)
[2022.11.23-04.09.55:087][ 96]LogModuleManager: Shutting down and abandoning module OculusInput (478)
[2022.11.23-04.09.55:087][ 96]LogModuleManager: Shutting down and abandoning module Synthesis (476)
[2022.11.23-04.09.55:087][ 96]LogModuleManager: Shutting down and abandoning module ProceduralMeshComponent (474)
[2022.11.23-04.09.55:087][ 96]LogModuleManager: Shutting down and abandoning module AppleImageUtilsBlueprintSupport (472)
[2022.11.23-04.09.55:087][ 96]LogModuleManager: Shutting down and abandoning module AppleImageUtils (470)
[2022.11.23-04.09.55:087][ 96]LogModuleManager: Shutting down and abandoning module TakeMovieScene (468)
[2022.11.23-04.09.55:087][ 96]LogModuleManager: Shutting down and abandoning module MobilePatchingUtils (466)
[2022.11.23-04.09.55:087][ 96]LogModuleManager: Shutting down and abandoning module GooglePAD (464)
[2022.11.23-04.09.55:087][ 96]LogModuleManager: Shutting down and abandoning module AndroidPermission (462)
[2022.11.23-04.09.55:087][ 96]LogModuleManager: Shutting down and abandoning module CustomMeshComponent (460)
[2022.11.23-04.09.55:087][ 96]LogModuleManager: Shutting down and abandoning module EditableMesh (458)
[2022.11.23-04.09.55:087][ 96]LogModuleManager: Shutting down and abandoning module CableComponent (456)
[2022.11.23-04.09.55:087][ 96]LogModuleManager: Shutting down and abandoning module AudioCapture (454)
[2022.11.23-04.09.55:087][ 96]LogModuleManager: Shutting down and abandoning module AudioCaptureRtAudio (453)
[2022.11.23-04.09.55:087][ 96]LogModuleManager: Shutting down and abandoning module AssetTags (450)
[2022.11.23-04.09.55:087][ 96]LogModuleManager: Shutting down and abandoning module ArchVisCharacter (448)
[2022.11.23-04.09.55:087][ 96]LogModuleManager: Shutting down and abandoning module TemplateSequence (446)
[2022.11.23-04.09.55:087][ 96]LogModuleManager: Shutting down and abandoning module ActorLayerUtilities (444)
[2022.11.23-04.09.55:087][ 96]LogModuleManager: Shutting down and abandoning module VisualStudioSourceCodeAccess (442)
[2022.11.23-04.09.55:087][ 96]LogModuleManager: Shutting down and abandoning module HotReload (441)
[2022.11.23-04.09.55:087][ 96]LogModuleManager: Shutting down and abandoning module VisualStudioCodeSourceCodeAccess (438)
[2022.11.23-04.09.55:087][ 96]LogModuleManager: Shutting down and abandoning module UObjectPlugin (436)
[2022.11.23-04.09.55:087][ 96]LogModuleManager: Shutting down and abandoning module SubversionSourceControl (434)
[2022.11.23-04.09.55:087][ 96]LogModuleManager: Shutting down and abandoning module OpenImageDenoise (432)
[2022.11.23-04.09.55:087][ 96]LogOpenImageDenoise: OIDN shutting down
[2022.11.23-04.09.55:087][ 96]LogModuleManager: Shutting down and abandoning module MotoSynth (430)
[2022.11.23-04.09.55:087][ 96]LogModuleManager: Shutting down and abandoning module MediaCompositing (428)
[2022.11.23-04.09.55:087][ 96]LogModuleManager: Shutting down and abandoning module ImgMedia (426)
[2022.11.23-04.09.55:087][ 96]LogModuleManager: Shutting down and abandoning module MeshConversion (424)
[2022.11.23-04.09.55:087][ 96]LogModuleManager: Shutting down and abandoning module DynamicMesh (422)
[2022.11.23-04.09.55:087][ 96]LogModuleManager: Shutting down and abandoning module GeometryAlgorithms (420)
[2022.11.23-04.09.55:087][ 96]LogModuleManager: Shutting down and abandoning module GeometricObjects (418)
[2022.11.23-04.09.55:087][ 96]LogModuleManager: Shutting down and abandoning module OodleNetworkHandlerComponent (416)
[2022.11.23-04.09.55:087][ 96]LogModuleManager: Shutting down and abandoning module GeometryCacheTracks (414)
[2022.11.23-04.09.55:087][ 96]LogModuleManager: Shutting down and abandoning module GeometryCacheSequencer (413)
[2022.11.23-04.09.55:087][ 96]LogModuleManager: Shutting down and abandoning module GeometryCache (410)
[2022.11.23-04.09.55:087][ 96]LogModuleManager: Shutting down and abandoning module GeometryCacheEd (409)
[2022.11.23-04.09.55:087][ 96]LogModuleManager: Shutting down and abandoning module GeometryCollectionTracks (406)
[2022.11.23-04.09.55:087][ 96]LogModuleManager: Shutting down and abandoning module GeometryCollectionSequencer (405)
[2022.11.23-04.09.55:087][ 96]LogModuleManager: Shutting down and abandoning module MagicLeapSharedWorld (402)
[2022.11.23-04.09.55:087][ 96]LogModuleManager: Shutting down and abandoning module ChaosNiagara (400)
[2022.11.23-04.09.55:087][ 96]LogModuleManager: Shutting down and abandoning module FieldSystemEngine (399)
[2022.11.23-04.09.55:087][ 96]LogModuleManager: Shutting down and abandoning module MagicLeapLightEstimation (396)
[2022.11.23-04.09.55:087][ 96]LogModuleManager: Shutting down and abandoning module BackChannel (394)
[2022.11.23-04.09.55:087][ 96]LogModuleManager: Shutting down and abandoning module CLionSourceCodeAccess (392)
[2022.11.23-04.09.55:087][ 96]LogModuleManager: Shutting down and abandoning module AutomationUtils (390)
[2022.11.23-04.09.55:087][ 96]LogModuleManager: Shutting down and abandoning module MagicLeapHelperVulkan (388)
[2022.11.23-04.09.55:087][ 96]LogModuleManager: Shutting down and abandoning module MagicLeapHelperOpenGL (386)
[2022.11.23-04.09.55:087][ 96]LogModuleManager: Shutting down and abandoning module MagicLeapAudio (384)
[2022.11.23-04.09.55:087][ 96]LogModuleManager: Shutting down and abandoning module PerforceSourceControl (382)
[2022.11.23-04.09.55:087][ 96]LogModuleManager: Shutting down and abandoning module SourceControl (381)
[2022.11.23-04.09.55:087][ 96]LogModuleManager: Shutting down and abandoning module LiveLinkSequencer (378)
[2022.11.23-04.09.55:087][ 96]LogModuleManager: Shutting down and abandoning module LiveLinkMovieScene (376)
[2022.11.23-04.09.55:087][ 96]LogModuleManager: Shutting down and abandoning module LiveLinkGraphNode (374)
[2022.11.23-04.09.55:087][ 96]LogModuleManager: Shutting down and abandoning module LiveLinkComponents (372)
[2022.11.23-04.09.55:087][ 96]LogModuleManager: Shutting down and abandoning module LiveLink (370)
[2022.11.23-04.09.55:836][ 96]LogModuleManager: Shutting down and abandoning module NiagaraAnimNotifies (368)
[2022.11.23-04.09.55:837][ 96]LogModuleManager: Shutting down and abandoning module Niagara (366)
[2022.11.23-04.09.55:837][ 96]LogModuleManager: Shutting down and abandoning module SignalProcessing (365)
[2022.11.23-04.09.55:837][ 96]LogModuleManager: Shutting down and abandoning module NiagaraEditor (363)
[2022.11.23-04.09.55:837][ 96]LogModuleManager: Shutting down and abandoning module NiagaraCore (360)
[2022.11.23-04.09.55:837][ 96]LogModuleManager: Shutting down and abandoning module PhysXVehiclesEditor (358)
[2022.11.23-04.09.55:837][ 96]LogModuleManager: Shutting down and abandoning module RuntimePhysXCooking (354)
[2022.11.23-04.09.55:837][ 96]LogModuleManager: Shutting down and abandoning module SignificanceManager (352)
[2022.11.23-04.09.55:837][ 96]LogModuleManager: Shutting down and abandoning module SoundFields (350)
[2022.11.23-04.09.55:837][ 96]LogModuleManager: Shutting down and abandoning module PropertyAccessEditor (348)
[2022.11.23-04.09.55:837][ 96]LogModuleManager: Shutting down and abandoning module LocationServicesBPLibrary (346)
[2022.11.23-04.09.55:837][ 96]LogModuleManager: Shutting down and abandoning module AudioSynesthesia (344)
[2022.11.23-04.09.55:837][ 96]LogModuleManager: Shutting down and abandoning module AudioSynesthesiaCore (342)
[2022.11.23-04.09.55:837][ 96]LogModuleManager: Shutting down and abandoning module ApexDestructionEditor (340)
[2022.11.23-04.09.55:837][ 96]LogModuleManager: Shutting down and abandoning module ContentBrowser (339)
[2022.11.23-04.09.55:837][ 96]LogModuleManager: Shutting down and abandoning module CollectionManager (338)
[2022.11.23-04.09.55:837][ 96]LogModuleManager: Shutting down and abandoning module DirectoryWatcher (337)
[2022.11.23-04.09.55:837][ 96]LogModuleManager: Shutting down and abandoning module ContentBrowserData (334)
[2022.11.23-04.09.55:837][ 96]LogModuleManager: Shutting down and abandoning module ApexDestruction (330)
[2022.11.23-04.09.55:837][ 96]LogModuleManager: Shutting down and abandoning module ActorSequence (328)
[2022.11.23-04.09.55:837][ 96]LogModuleManager: Shutting down and abandoning module TcpMessaging (326)
[2022.11.23-04.09.55:939][ 96]LogModuleManager: Shutting down and abandoning module UdpMessaging (324)
[2022.11.23-04.09.56:039][ 96]LogModuleManager: Shutting down and abandoning module PythonScriptPlugin (322)
[2022.11.23-04.09.56:039][ 96]LogModuleManager: Shutting down and abandoning module PropertyAccessNode (320)
[2022.11.23-04.09.56:039][ 96]LogModuleManager: Shutting down and abandoning module ImgMediaEngine (318)
[2022.11.23-04.09.56:039][ 96]LogModuleManager: Shutting down and abandoning module MagicLeapARPin (316)
[2022.11.23-04.09.56:039][ 96]LogModuleManager: Shutting down and abandoning module GameplayTagsEditor (314)
[2022.11.23-04.09.56:039][ 96]LogModuleManager: Shutting down and abandoning module FacialAnimation (312)
[2022.11.23-04.09.56:039][ 96]LogModuleManager: Shutting down and abandoning module MagicLeapHandMeshing (310)
[2022.11.23-04.09.56:039][ 96]LogModuleManager: Shutting down and abandoning module MagicLeapSecureStorage (308)
[2022.11.23-04.09.56:039][ 96]LogModuleManager: Shutting down and abandoning module MagicLeapPrivileges (306)
[2022.11.23-04.09.56:039][ 96]LogModuleManager: Shutting down and abandoning module MagicLeapPlanes (304)
[2022.11.23-04.09.56:039][ 96]LogMagicLeapPlanes: Planes tracker already destroyed.
[2022.11.23-04.09.56:039][ 96]LogModuleManager: Shutting down and abandoning module MagicLeapImageTracker (302)
[2022.11.23-04.09.56:039][ 96]LogModuleManager: Shutting down and abandoning module MagicLeapIdentity (300)
[2022.11.23-04.09.56:039][ 96]LogModuleManager: Shutting down and abandoning module MagicLeapHandTracking (298)
[2022.11.23-04.09.56:039][ 96]LogModuleManager: Shutting down and abandoning module MagicLeapEyeTracker (296)
[2022.11.23-04.09.56:039][ 96]LogModuleManager: Shutting down and abandoning module MagicLeapController (294)
[2022.11.23-04.09.56:039][ 96]LogModuleManager: Shutting down and abandoning module MagicLeapARPinImpl (292)
[2022.11.23-04.09.56:039][ 96]LogModuleManager: Shutting down and abandoning module MagicLeapAR (290)
[2022.11.23-04.09.56:039][ 96]LogModuleManager: Shutting down and abandoning module AssetManagerEditor (288)
[2022.11.23-04.09.56:039][ 96]LogModuleManager: Shutting down and abandoning module TreeMap (287)
[2022.11.23-04.09.56:039][ 96]LogModuleManager: Shutting down and abandoning module AnimationSharing (284)
[2022.11.23-04.09.56:039][ 96]LogModuleManager: Shutting down and abandoning module GameplayCameras (282)
[2022.11.23-04.09.56:039][ 96]LogModuleManager: Shutting down and abandoning module LightPropagationVolumeRuntime (280)
[2022.11.23-04.09.56:039][ 96]LogModuleManager: Shutting down and abandoning module EnvironmentQueryEditor (278)
[2022.11.23-04.09.56:039][ 96]LogModuleManager: Shutting down and abandoning module Paper2D (276)
[2022.11.23-04.09.56:039][ 96]LogModuleManager: Shutting down and abandoning module WindowsMoviePlayer (274)
[2022.11.23-04.09.56:040][ 96]LogModuleManager: Shutting down and abandoning module WebMMoviePlayer (272)
[2022.11.23-04.09.56:040][ 96]LogModuleManager: Shutting down and abandoning module NetworkReplayStreaming (270)
[2022.11.23-04.09.56:040][ 96]LogModuleManager: Shutting down and abandoning module PacketHandler (268)
[2022.11.23-04.09.56:040][ 96]LogModuleManager: Shutting down and abandoning module ClothingSystemEditor (266)
[2022.11.23-04.09.56:040][ 96]LogModuleManager: Shutting down and abandoning module ClothingSystemRuntimeNv (264)
[2022.11.23-04.09.56:040][ 96]LogModuleManager: Shutting down and abandoning module MediaAssets (262)
[2022.11.23-04.09.56:040][ 96]LogModuleManager: Shutting down and abandoning module Overlay (260)
[2022.11.23-04.09.56:040][ 96]LogModuleManager: Shutting down and abandoning module OverlayEditor (259)
[2022.11.23-04.09.56:040][ 96]LogModuleManager: Shutting down and abandoning module VREditor (256)
[2022.11.23-04.09.56:040][ 96]LogModuleManager: Shutting down and abandoning module StringTableEditor (254)
[2022.11.23-04.09.56:040][ 96]LogModuleManager: Shutting down and abandoning module GameplayTasksEditor (252)
[2022.11.23-04.09.56:040][ 96]LogModuleManager: Shutting down and abandoning module BehaviorTreeEditor (250)
[2022.11.23-04.09.56:040][ 96]LogModuleManager: Shutting down and abandoning module FunctionalTesting (248)
[2022.11.23-04.09.56:040][ 96]LogModuleManager: Shutting down and abandoning module CollisionAnalyzer (246)
[2022.11.23-04.09.56:040][ 96]LogModuleManager: Shutting down and abandoning module WorkspaceMenuStructure (245)
[2022.11.23-04.09.56:040][ 96]LogModuleManager: Shutting down and abandoning module UMG (242)
[2022.11.23-04.09.56:040][ 96]LogModuleManager: Shutting down and abandoning module UMGEditor (241)
[2022.11.23-04.09.56:040][ 96]LogModuleManager: Shutting down and abandoning module Sequencer (240)
[2022.11.23-04.09.56:040][ 96]LogModuleManager: Shutting down and abandoning module MessageLog (237)
[2022.11.23-04.09.56:040][ 96]LogModuleManager: Shutting down and abandoning module SlateReflector (232)
[2022.11.23-04.09.56:040][ 96]LogModuleManager: Shutting down and abandoning module Slate (230)
[2022.11.23-04.09.56:040][ 96]LogModuleManager: Shutting down and abandoning module SlateCore (228)
[2022.11.23-04.09.56:041][ 96]LogModuleManager: Shutting down and abandoning module LandscapeEditorUtilities (226)
[2022.11.23-04.09.56:041][ 96]LogModuleManager: Shutting down and abandoning module UnrealEd (224)
[2022.11.23-04.09.56:041][ 96]LogModuleManager: Shutting down and abandoning module MRMesh (222)
[2022.11.23-04.09.56:041][ 96]LogModuleManager: Shutting down and abandoning module Messaging (220)
[2022.11.23-04.09.56:041][ 96]LogModuleManager: Shutting down and abandoning module SourceCodeAccess (218)
[2022.11.23-04.09.56:041][ 96]LogModuleManager: Shutting down and abandoning module HeadMountedDisplay (216)
[2022.11.23-04.09.56:041][ 96]LogModuleManager: Shutting down and abandoning module XAudio2 (214)
[2022.11.23-04.09.56:041][ 96]LogModuleManager: Shutting down and abandoning module Networking (212)
[2022.11.23-04.09.56:041][ 96]LogModuleManager: Shutting down and abandoning module Core (210)
[2022.11.23-04.09.56:041][ 96]LogModuleManager: Shutting down and abandoning module MaterialEditor (208)
[2022.11.23-04.09.56:041][ 96]LogModuleManager: Shutting down and abandoning module MovieSceneTools (206)
[2022.11.23-04.09.56:041][ 96]LogModuleManager: Shutting down and abandoning module EditorStyle (205)
[2022.11.23-04.09.56:042][ 96]LogModuleManager: Shutting down and abandoning module KismetCompiler (202)
[2022.11.23-04.09.56:042][ 96]LogModuleManager: Shutting down and abandoning module MeshBuilder (200)
[2022.11.23-04.09.56:042][ 96]LogModuleManager: Shutting down and abandoning module MeshUtilities (198)
[2022.11.23-04.09.56:042][ 96]LogModuleManager: Shutting down and abandoning module MeshMergeUtilities (197)
[2022.11.23-04.09.56:042][ 96]LogModuleManager: Shutting down and abandoning module MeshReductionInterface (196)
[2022.11.23-04.09.56:042][ 96]LogModuleManager: Shutting down and abandoning module MeshBoneReduction (195)
[2022.11.23-04.09.56:042][ 96]LogModuleManager: Shutting down and abandoning module SkeletalMeshReduction (193)
[2022.11.23-04.09.56:042][ 96]LogModuleManager: Shutting down and abandoning module ProxyLODMeshReduction (191)
[2022.11.23-04.09.56:042][ 96]LogModuleManager: Shutting down and abandoning module QuadricMeshReduction (189)
[2022.11.23-04.09.56:042][ 96]LogModuleManager: Shutting down and abandoning module MaterialBaking (185)
[2022.11.23-04.09.56:042][ 96]LogModuleManager: Shutting down and abandoning module NullInstallBundleManager (180)
[2022.11.23-04.09.56:042][ 96]LogModuleManager: Shutting down and abandoning module PIEPreviewDeviceProfileSelector (178)
[2022.11.23-04.09.56:042][ 96]LogModuleManager: Shutting down and abandoning module DerivedDataCache (176)
[2022.11.23-04.09.56:042][ 96]LogModuleManager: Shutting down and abandoning module TargetPlatform (174)
[2022.11.23-04.09.56:042][ 96]LogModuleManager: Shutting down and abandoning module VulkanShaderFormat (173)
[2022.11.23-04.09.56:042][ 96]LogModuleManager: Shutting down and abandoning module ShaderFormatVectorVM (171)
[2022.11.23-04.09.56:042][ 96]LogModuleManager: Shutting down and abandoning module ShaderFormatOpenGL (169)
[2022.11.23-04.09.56:042][ 96]LogModuleManager: Shutting down and abandoning module ShaderFormatD3D (167)
[2022.11.23-04.09.56:042][ 96]LogModuleManager: Shutting down and abandoning module MetalShaderFormat (165)
[2022.11.23-04.09.56:043][ 96]LogModuleManager: Shutting down and abandoning module TextureFormatOodle (163)
[2022.11.23-04.09.56:043][ 96]LogModuleManager: Shutting down and abandoning module TextureFormatUncompressed (161)
[2022.11.23-04.09.56:043][ 96]LogModuleManager: Shutting down and abandoning module TextureFormatPVR (159)
[2022.11.23-04.09.56:043][ 96]LogModuleManager: Shutting down and abandoning module TextureFormatETC2 (157)
[2022.11.23-04.09.56:043][ 96]LogModuleManager: Shutting down and abandoning module TextureFormatDXT (155)
[2022.11.23-04.09.56:043][ 96]LogModuleManager: Shutting down and abandoning module TextureFormatIntelISPCTexComp (153)
[2022.11.23-04.09.56:043][ 96]LogModuleManager: Shutting down and abandoning module TextureFormatASTC (151)
[2022.11.23-04.09.56:043][ 96]LogModuleManager: Shutting down and abandoning module ImageWrapper (150)
[2022.11.23-04.09.56:043][ 96]LogModuleManager: Shutting down and abandoning module AudioFormatOpus (147)
[2022.11.23-04.09.56:043][ 96]LogModuleManager: Shutting down and abandoning module AudioFormatOgg (145)
[2022.11.23-04.09.56:043][ 96]LogModuleManager: Shutting down and abandoning module AudioFormatADPCM (143)
[2022.11.23-04.09.56:043][ 96]LogModuleManager: Shutting down and abandoning module WindowsServerTargetPlatform (141)
[2022.11.23-04.09.56:043][ 96]LogModuleManager: Shutting down and abandoning module WindowsClientTargetPlatform (139)
[2022.11.23-04.09.56:043][ 96]LogModuleManager: Shutting down and abandoning module WindowsTargetPlatform (137)
[2022.11.23-04.09.56:043][ 96]LogModuleManager: Shutting down and abandoning module WindowsNoEditorTargetPlatform (135)
[2022.11.23-04.09.56:043][ 96]LogModuleManager: Shutting down and abandoning module D3D11RHI (132)
[2022.11.23-04.09.56:043][ 96]LogModuleManager: Shutting down and abandoning module InputCore (130)
[2022.11.23-04.09.56:043][ 96]LogModuleManager: Shutting down and abandoning module Settings (128)
[2022.11.23-04.09.56:043][ 96]LogModuleManager: Shutting down and abandoning module PhysXCooking (126)
[2022.11.23-04.09.56:043][ 96]LogModuleManager: Shutting down and abandoning module Chaos (124)
[2022.11.23-04.09.56:043][ 96]LogModuleManager: Shutting down and abandoning module WindowsPlatformFeatures (122)
[2022.11.23-04.09.56:043][ 96]LogModuleManager: Shutting down and abandoning module GameplayMediaEncoder (121)
[2022.11.23-04.09.56:043][ 96]LogModuleManager: Shutting down and abandoning module AVEncoder (120)
[2022.11.23-04.09.56:043][ 96]LogModuleManager: Shutting down and abandoning module OculusHMD (116)
[2022.11.23-04.09.56:043][ 96]LogModuleManager: Shutting down and abandoning module SteamVRInputDevice (114)
[2022.11.23-04.09.56:043][ 96]LogModuleManager: Shutting down and abandoning module SteamVRInput (112)
[2022.11.23-04.09.56:043][ 96]LogModuleManager: Shutting down and abandoning module SteamVR (110)
[2022.11.23-04.09.56:043][ 96]LogHMD: Freeing OpenVRDLLHandle.
[2022.11.23-04.09.56:043][ 96]LogModuleManager: Shutting down and abandoning module NiagaraVertexFactories (108)
[2022.11.23-04.09.56:043][ 96]LogModuleManager: Shutting down and abandoning module NiagaraShader (106)
[2022.11.23-04.09.56:043][ 96]LogModuleManager: Shutting down and abandoning module OpenXRHandTracking (104)
[2022.11.23-04.09.56:043][ 96]LogSlate: Slate User Destroyed.  User Index 0, Is Virtual User: 0
[2022.11.23-04.09.56:043][ 96]LogModuleManager: Shutting down and abandoning module OpenXREyeTracker (102)
[2022.11.23-04.09.56:043][ 96]LogModuleManager: Shutting down and abandoning module OpenXRAR (100)
[2022.11.23-04.09.56:043][ 96]LogModuleManager: Shutting down and abandoning module AugmentedReality (99)
[2022.11.23-04.09.56:043][ 96]LogModuleManager: Shutting down and abandoning module OpenXRHMD (96)
[2022.11.23-04.09.56:043][ 96]LogModuleManager: Shutting down and abandoning module ExampleDeviceProfileSelector (94)
[2022.11.23-04.09.56:043][ 96]LogModuleManager: Shutting down and abandoning module ChunkDownloader (92)
[2022.11.23-04.09.56:043][ 96]LogModuleManager: Shutting down and abandoning module OnlineBlueprintSupport (90)
[2022.11.23-04.09.56:043][ 96]LogModuleManager: Shutting down and abandoning module LauncherChunkInstaller (86)
[2022.11.23-04.09.56:043][ 96]LogModuleManager: Shutting down and abandoning module OnlineSubsystem (84)
[2022.11.23-04.09.56:044][ 96]LogModuleManager: Shutting down and abandoning module XMPP (79)
[2022.11.23-04.09.56:044][ 96]LogModuleManager: Shutting down and abandoning module WebSockets (78)
[2022.11.23-04.09.56:050][ 96]LogModuleManager: Shutting down and abandoning module HTTP (75)
[2022.11.23-04.09.56:050][ 96]LogHttp: Display: cleaning up 0 outstanding Http requests.
[2022.11.23-04.09.56:079][ 96]LogModuleManager: Shutting down and abandoning module SSL (74)
[2022.11.23-04.09.56:080][ 96]LogModuleManager: Shutting down and abandoning module WmfMedia (70)
[2022.11.23-04.09.56:081][ 96]LogModuleManager: Shutting down and abandoning module Media (69)
[2022.11.23-04.09.56:081][ 96]LogModuleManager: Shutting down and abandoning module MediaInfo (68)
[2022.11.23-04.09.56:081][ 96]LogModuleManager: Shutting down and abandoning module PixWinPlugin (64)
[2022.11.23-04.09.56:082][ 96]LogModuleManager: Shutting down and abandoning module ExrReaderGpu (62)
[2022.11.23-04.09.56:082][ 96]LogModuleManager: Shutting down and abandoning module MLSDK (60)
[2022.11.23-04.09.56:082][ 96]LogModuleManager: Shutting down and abandoning module ChaosCloth (58)
[2022.11.23-04.09.56:082][ 96]LogModuleManager: Shutting down and abandoning module MagicLeap (56)
[2022.11.23-04.09.56:082][ 96]LogModuleManager: Shutting down and abandoning module VariantManagerContent (54)
[2022.11.23-04.09.56:082][ 96]LogModuleManager: Shutting down and abandoning module DatasmithContent (52)
[2022.11.23-04.09.56:082][ 96]LogModuleManager: Shutting down and abandoning module AISupportModule (50)
[2022.11.23-04.09.56:082][ 96]LogModuleManager: Shutting down and abandoning module DesktopPlatform (48)
[2022.11.23-04.09.56:082][ 96]LogModuleManager: Shutting down and abandoning module PythonScriptPluginPreload (46)
[2022.11.23-04.09.56:082][ 96]LogModuleManager: Shutting down and abandoning module PlatformCryptoOpenSSL (44)
[2022.11.23-04.09.56:082][ 96]LogModuleManager: Shutting down and abandoning module PlatformCryptoTypes (42)
[2022.11.23-04.09.56:082][ 96]LogModuleManager: Shutting down and abandoning module PlatformCrypto (40)
[2022.11.23-04.09.56:082][ 96]LogModuleManager: Shutting down and abandoning module OodleDataCompressionFormat (38)
[2022.11.23-04.09.56:082][ 96]LogModuleManager: Shutting down and abandoning module XGEController (36)
[2022.11.23-04.09.56:082][ 96]LogModuleManager: Shutting down and abandoning module AnimationModifiers (34)
[2022.11.23-04.09.56:082][ 96]LogModuleManager: Shutting down and abandoning module AudioEditor (32)
[2022.11.23-04.09.56:083][ 96]LogModuleManager: Shutting down and abandoning module PropertyEditor (31)
[2022.11.23-04.09.56:083][ 96]LogModuleManager: Shutting down and abandoning module TextureCompressor (28)
[2022.11.23-04.09.56:083][ 96]LogModuleManager: Shutting down and abandoning module RenderCore (26)
[2022.11.23-04.09.56:083][ 96]LogModuleManager: Shutting down and abandoning module Landscape (24)
[2022.11.23-04.09.56:083][ 96]LogModuleManager: Shutting down and abandoning module SlateRHIRenderer (22)
[2022.11.23-04.09.56:083][ 96]LogModuleManager: Shutting down and abandoning module AnimGraphRuntime (20)
[2022.11.23-04.09.56:083][ 96]LogModuleManager: Shutting down and abandoning module Renderer (18)
[2022.11.23-04.09.56:083][ 96]LogModuleManager: Shutting down and abandoning module Engine (16)
[2022.11.23-04.09.56:083][ 96]LogModuleManager: Shutting down and abandoning module CoreUObject (14)
[2022.11.23-04.09.56:083][ 96]LogModuleManager: Shutting down and abandoning module NetworkFile (12)
[2022.11.23-04.09.56:083][ 96]LogModuleManager: Shutting down and abandoning module CookedIterativeFile (10)
[2022.11.23-04.09.56:083][ 96]LogModuleManager: Shutting down and abandoning module StreamingFile (8)
[2022.11.23-04.09.56:083][ 96]LogModuleManager: Shutting down and abandoning module SandboxFile (6)
[2022.11.23-04.09.56:083][ 96]LogModuleManager: Shutting down and abandoning module PakFile (4)
[2022.11.23-04.09.56:083][ 96]LogModuleManager: Shutting down and abandoning module RSA (3)
[2022.11.23-04.09.56:258][ 96]LogContentStreaming: Display: There are 1 unreleased StreamingManagers
[2022.11.23-04.09.56:270][ 96]LogD3D11RHI: Shutdown
[2022.11.23-04.09.56:270][ 96]LogD3D11RHI: CleanupD3DDevice
[2022.11.23-04.09.56:273][ 96]LogExit: Exiting.
[2022.11.23-04.09.56:287][ 96]Log file closed, 11/22/22 23:09:56
