Log file open, 11/23/22 01:41:57
LogWindows: Failed to load 'aqProf.dll' (GetLastError=126)
LogWindows: File 'aqProf.dll' does not exist
LogWindows: Failed to load 'VtuneApi.dll' (GetLastError=126)
LogWindows: File 'VtuneApi.dll' does not exist
LogWindows: Failed to load 'VtuneApi32e.dll' (GetLastError=126)
LogWindows: File 'VtuneApi32e.dll' does not exist
LogConsoleResponse: Display: Failed to find resolution value strings in scalability ini. Falling back to default.
LogConsoleResponse: Display: Failed to find resolution value strings in scalability ini. Falling back to default.
LogInit: Display: Running engine for game: SideScroller_V422_Fall2019
LogPlatformFile: Not using cached read wrapper
LogTaskGraph: Started task graph with 5 named threads and 47 total threads with 3 sets of task threads.
LogStats: Stats thread started at 0.235373
LogICUInternationalization: ICU TimeZone Detection - Raw Offset: -5:00, Platform Override: ''
LogInit: Display: Loading text-based GConfig....
LogPluginManager: Mounting plugin MeshPainting
LogPluginManager: Mounting plugin XGEController
LogPluginManager: Mounting plugin AISupport
LogPluginManager: Mounting plugin Paper2D
LogPluginManager: Mounting plugin GameplayCameras
LogPluginManager: Mounting plugin LightPropagationVolume
LogPluginManager: Mounting plugin CameraShakePreviewer
LogPluginManager: Mounting plugin LiveLink
LogPluginManager: Mounting plugin OodleData
LogPluginManager: Mounting plugin AnimationSharing
LogPluginManager: Mounting plugin OodleNetwork
LogPluginManager: Mounting plugin KDevelopSourceCodeAccess
LogPluginManager: Mounting plugin CodeLiteSourceCodeAccess
LogPluginManager: Mounting plugin NullSourceCodeAccess
LogPluginManager: Mounting plugin CLionSourceCodeAccess
LogPluginManager: Mounting plugin PerforceSourceControl
LogPluginManager: Mounting plugin GitSourceControl
LogPluginManager: Mounting plugin PixWinPlugin
LogPluginManager: Mounting plugin PlasticSourceControl
LogPluginManager: Mounting plugin PluginUtils
LogPluginManager: Mounting plugin PropertyAccessNode
LogPluginManager: Mounting plugin RiderSourceCodeAccess
LogPluginManager: Mounting plugin SubversionSourceControl
LogPluginManager: Mounting plugin VisualStudioSourceCodeAccess
LogPluginManager: Mounting plugin TextureFormatOodle
LogPluginManager: Mounting plugin UObjectPlugin
LogPluginManager: Mounting plugin XCodeSourceCodeAccess
LogPluginManager: Mounting plugin VisualStudioCodeSourceCodeAccess
LogPluginManager: Mounting plugin CryptoKeys
LogPluginManager: Mounting plugin DataValidation
LogPluginManager: Mounting plugin CurveEditorTools
LogPluginManager: Mounting plugin GeometryMode
LogPluginManager: Mounting plugin AssetManagerEditor
LogPluginManager: Mounting plugin MacGraphicsSwitching
LogPluginManager: Mounting plugin FacialAnimation
LogPluginManager: Mounting plugin GameplayTagsEditor
LogPluginManager: Mounting plugin MobileLauncherProfileWizard
LogPluginManager: Mounting plugin MaterialAnalyzer
LogPluginManager: Mounting plugin PluginBrowser
LogPluginManager: Mounting plugin SpeedTreeImporter
LogPluginManager: Mounting plugin DatasmithContent
LogPluginManager: Mounting plugin VariantManagerContent
LogPluginManager: Mounting plugin AlembicImporter
LogPluginManager: Mounting plugin AutomationUtils
LogPluginManager: Mounting plugin BackChannel
LogPluginManager: Mounting plugin ChaosCloth
LogPluginManager: Mounting plugin ChaosClothEditor
LogPluginManager: Mounting plugin ChaosEditor
LogPluginManager: Mounting plugin ChaosSolverPlugin
LogPluginManager: Mounting plugin ChaosNiagara
LogPluginManager: Mounting plugin CharacterAI
LogPluginManager: Mounting plugin GeometryCache
LogPluginManager: Mounting plugin Niagara
LogPluginManager: Mounting plugin GeometryCollectionPlugin
LogPluginManager: Mounting plugin MotoSynth
LogPluginManager: Mounting plugin OpenImageDenoise
LogPluginManager: Mounting plugin PlanarCut
LogPluginManager: Mounting plugin ProxyLODPlugin
LogPluginManager: Mounting plugin PythonScriptPlugin
LogPluginManager: Mounting plugin PlatformCrypto
LogPluginManager: Mounting plugin LuminPlatformFeatures
LogPluginManager: Mounting plugin AndroidMedia
LogPluginManager: Mounting plugin AvfMedia
LogPluginManager: Mounting plugin MagicLeap
LogPluginManager: Mounting plugin GeometryProcessing
LogPluginManager: Mounting plugin MagicLeapMedia
LogPluginManager: Mounting plugin SkeletalReduction
LogPluginManager: Mounting plugin MagicLeapLightEstimation
LogPluginManager: Mounting plugin ImgMedia
LogPluginManager: Mounting plugin MLSDK
LogPluginManager: Mounting plugin MediaCompositing
LogPluginManager: Mounting plugin MediaPlayerEditor
LogPluginManager: Mounting plugin MagicLeapPassableWorld
LogPluginManager: Mounting plugin WebMMedia
LogPluginManager: Mounting plugin WmfMedia
LogPluginManager: Mounting plugin TcpMessaging
LogPluginManager: Mounting plugin UdpMessaging
LogPluginManager: Mounting plugin ActorSequence
LogPluginManager: Mounting plugin MatineeToLevelSequence
LogPluginManager: Mounting plugin LevelSequenceEditor
LogPluginManager: Mounting plugin TemplateSequence
LogPluginManager: Mounting plugin OnlineSubsystem
LogPluginManager: Mounting plugin OnlineSubsystemNull
LogPluginManager: Mounting plugin OnlineSubsystemUtils
LogPluginManager: Mounting plugin ActorLayerUtilities
LogPluginManager: Mounting plugin LauncherChunkInstaller
LogPluginManager: Mounting plugin AndroidDeviceProfileSelector
LogPluginManager: Mounting plugin AndroidPermission
LogPluginManager: Mounting plugin AndroidMoviePlayer
LogPluginManager: Mounting plugin AppleMoviePlayer
LogPluginManager: Mounting plugin AppleImageUtils
LogPluginManager: Mounting plugin ApexDestruction
LogPluginManager: Mounting plugin AudioCapture
LogPluginManager: Mounting plugin AssetTags
LogPluginManager: Mounting plugin ArchVisCharacter
LogPluginManager: Mounting plugin AudioSynesthesia
LogPluginManager: Mounting plugin CableComponent
LogPluginManager: Mounting plugin ChunkDownloader
LogPluginManager: Mounting plugin CustomMeshComponent
LogPluginManager: Mounting plugin EditableMesh
LogPluginManager: Mounting plugin ExampleDeviceProfileSelector
LogPluginManager: Mounting plugin GoogleCloudMessaging
LogPluginManager: Mounting plugin GooglePAD
LogPluginManager: Mounting plugin IOSDeviceProfileSelector
LogPluginManager: Mounting plugin LinuxDeviceProfileSelector
LogPluginManager: Mounting plugin LocationServicesBPLibrary
LogPluginManager: Mounting plugin MobilePatchingUtils
LogPluginManager: Mounting plugin OpenXR
LogPluginManager: Mounting plugin OpenXREyeTracker
LogPluginManager: Mounting plugin OpenXRHandTracking
LogPluginManager: Mounting plugin ScreenshotTools
LogPluginManager: Mounting plugin PhysXVehicles
LogPluginManager: Mounting plugin PostSplashScreen
LogPluginManager: Mounting plugin PropertyAccessEditor
LogPluginManager: Mounting plugin ProceduralMeshComponent
LogPluginManager: Mounting plugin RuntimePhysXCooking
LogPluginManager: Mounting plugin SignificanceManager
LogPluginManager: Mounting plugin Takes
LogPluginManager: Mounting plugin Synthesis
LogPluginManager: Mounting plugin SoundFields
LogPluginManager: Mounting plugin WebMMoviePlayer
LogPluginManager: Mounting plugin WindowsMoviePlayer
LogPluginManager: Mounting plugin EnvironmentQueryEditor
LogPluginManager: Mounting plugin ContentBrowserAssetDataSource
LogPluginManager: Mounting plugin ContentBrowserClassDataSource
LogPluginManager: Mounting plugin ContentBrowserFileDataSource
LogPluginManager: Mounting plugin OnlineSubsystemGooglePlay
LogPluginManager: Mounting plugin OnlineSubsystemIOS
LogPluginManager: Mounting plugin OculusVR
LogPluginManager: Mounting plugin SteamVR
PixWinPlugin: PIX capture plugin failed to initialize! Check that the process is launched from PIX.
LogInit: Using libcurl 7.55.1-DEV
LogInit:  - built for x86_64-pc-win32
LogInit:  - supports SSL with OpenSSL/1.1.1
LogInit:  - supports HTTP deflate (compression) using libz 1.2.8
LogInit:  - other features:
LogInit:      CURL_VERSION_SSL
LogInit:      CURL_VERSION_LIBZ
LogInit:      CURL_VERSION_IPV6
LogInit:      CURL_VERSION_ASYNCHDNS
LogInit:      CURL_VERSION_LARGEFILE
LogInit:      CURL_VERSION_IDN
LogInit:  CurlRequestOptions (configurable via config and command line):
LogInit:  - bVerifyPeer = true  - Libcurl will verify peer certificate
LogInit:  - bUseHttpProxy = false  - Libcurl will NOT use HTTP proxy
LogInit:  - bDontReuseConnections = false  - Libcurl will reuse connections
LogInit:  - MaxHostConnections = 16  - Libcurl will limit the number of connections to a host
LogInit:  - LocalHostAddr = Default
LogInit:  - BufferSize = 65536
LogOnline: OSS: Creating online subsystem instance for: NULL
LogInit: WinSock: version 1.1 (2.2), MaxSocks=32767, MaxUdp=65467
LogOnline: OSS: TryLoadSubsystemAndSetDefault: Loaded subsystem for module [NULL]
LogOculusPluginWrapper: OculusPlugin initialized successfully
LogHMD: Failed initializing OVRPlugin 1.59.0
LogInit: Build: ++UE4+Release-4.27-CL-18319896
LogInit: Engine Version: 4.27.2-18319896+++UE4+Release-4.27
LogInit: Compatible Engine Version: 4.27.0-17155196+++UE4+Release-4.27
LogInit: Net CL: 17155196
LogInit: OS: Windows 10 (Release 2009) (), CPU: AMD Ryzen 7 3700X 8-Core Processor             , GPU: NVIDIA GeForce GTX 1660 Ti
LogInit: Compiled (64-bit): Nov 30 2021 07:12:08
LogInit: Compiled with Visual C++: 19.24.28315.00
LogInit: Build Configuration: Development
LogInit: Branch Name: ++UE4+Release-4.27
LogInit: Command Line:  /Game/StarterContent/Maps/My_level -game -PIEVIACONSOLE -Multiprocess GameUserSettingsINI=C:/Users/Jarod/OneDrive/Desktop/Level-Design/Saved/Config/Windows/PIEGameUserSettings0.ini -MultiprocessSaveConfig -forcepassthrough -messaging -SessionName="Play in Standalone Game" -windowed -WinX=315 -WinY=167 SAVEWINPOS=1 -ResX=1280 -ResY=720
LogInit: Base Directory: E:/Program Files(x86)/Epic Games/UE_4.27/Engine/Binaries/Win64/
LogInit: Allocator: TBB
LogInit: Installed Engine Build: 1
LogDevObjectVersion: Number of dev versions registered: 29
LogDevObjectVersion:   Dev-Blueprints (B0D832E4-1F89-4F0D-ACCF-7EB736FD4AA2): 10
LogDevObjectVersion:   Dev-Build (E1C64328-A22C-4D53-A36C-8E866417BD8C): 0
LogDevObjectVersion:   Dev-Core (375EC13C-06E4-48FB-B500-84F0262A717E): 4
LogDevObjectVersion:   Dev-Editor (E4B068ED-F494-42E9-A231-DA0B2E46BB41): 40
LogDevObjectVersion:   Dev-Framework (CFFC743F-43B0-4480-9391-14DF171D2073): 37
LogDevObjectVersion:   Dev-Mobile (B02B49B5-BB20-44E9-A304-32B752E40360): 3
LogDevObjectVersion:   Dev-Networking (A4E4105C-59A1-49B5-A7C5-40C4547EDFEE): 0
LogDevObjectVersion:   Dev-Online (39C831C9-5AE6-47DC-9A44-9C173E1C8E7C): 0
LogDevObjectVersion:   Dev-Physics (78F01B33-EBEA-4F98-B9B4-84EACCB95AA2): 14
LogDevObjectVersion:   Dev-Platform (6631380F-2D4D-43E0-8009-CF276956A95A): 0
LogDevObjectVersion:   Dev-Rendering (12F88B9F-8875-4AFC-A67C-D90C383ABD29): 45
LogDevObjectVersion:   Dev-Sequencer (7B5AE74C-D270-4C10-A958-57980B212A5A): 13
LogDevObjectVersion:   Dev-VR (D7296918-1DD6-4BDD-9DE2-64A83CC13884): 3
LogDevObjectVersion:   Dev-LoadTimes (C2A15278-BFE7-4AFE-6C17-90FF531DF755): 1
LogDevObjectVersion:   Private-Geometry (6EACA3D4-40EC-4CC1-B786-8BED09428FC5): 3
LogDevObjectVersion:   Dev-AnimPhys (29E575DD-E0A3-4627-9D10-D276232CDCEA): 17
LogDevObjectVersion:   Dev-Anim (AF43A65D-7FD3-4947-9873-3E8ED9C1BB05): 15
LogDevObjectVersion:   Dev-ReflectionCapture (6B266CEC-1EC7-4B8F-A30B-E4D90942FC07): 1
LogDevObjectVersion:   Dev-Automation (0DF73D61-A23F-47EA-B727-89E90C41499A): 1
LogDevObjectVersion:   FortniteMain (601D1886-AC64-4F84-AA16-D3DE0DEAC7D6): 47
LogDevObjectVersion:   FortniteRelease (E7086368-6B23-4C58-8439-1B7016265E91): 1
LogDevObjectVersion:   Dev-Enterprise (9DFFBCD6-494F-0158-E221-12823C92A888): 10
LogDevObjectVersion:   Dev-Niagara (F2AED0AC-9AFE-416F-8664-AA7FFA26D6FC): 1
LogDevObjectVersion:   Dev-Destruction (174F1F0B-B4C6-45A5-B13F-2EE8D0FB917D): 10
LogDevObjectVersion:   Dev-Physics-Ext (35F94A83-E258-406C-A318-09F59610247C): 41
LogDevObjectVersion:   Dev-PhysicsMaterial-Chaos (B68FC16E-8B1B-42E2-B453-215C058844FE): 1
LogDevObjectVersion:   Dev-CineCamera (B2E18506-4273-CFC2-A54E-F4BB758BBA07): 1
LogDevObjectVersion:   Dev-VirtualProduction (64F58936-FD1B-42BA-BA96-7289D5D0FA4E): 1
LogDevObjectVersion:   Dev-MediaFramework (6F0ED827-A609-4895-9C91-998D90180EA4): 2
LogInit: Presizing for max 25165824 objects, including 0 objects not considered by GC, pre-allocating 0 bytes for permanent pool.
LogConfig: Applying CVar settings from Section [/Script/Engine.StreamingSettings] File [C:/Users/Jarod/OneDrive/Desktop/Level-Design/Saved/Config/Windows/Engine.ini]
LogConfig: Setting CVar [[s.MinBulkDataSizeForAsyncLoading:131072]]
LogConfig: Setting CVar [[s.AsyncLoadingThreadEnabled:0]]
LogConfig: Setting CVar [[s.EventDrivenLoaderEnabled:1]]
LogConfig: Setting CVar [[s.WarnIfTimeLimitExceeded:0]]
LogConfig: Setting CVar [[s.TimeLimitExceededMultiplier:1.5]]
LogConfig: Setting CVar [[s.TimeLimitExceededMinTime:0.005]]
LogConfig: Setting CVar [[s.UseBackgroundLevelStreaming:1]]
LogConfig: Setting CVar [[s.PriorityAsyncLoadingExtraTime:15.0]]
LogConfig: Setting CVar [[s.LevelStreamingActorsUpdateTimeLimit:5.0]]
LogConfig: Setting CVar [[s.PriorityLevelStreamingActorsUpdateExtraTime:5.0]]
LogConfig: Setting CVar [[s.LevelStreamingComponentsRegistrationGranularity:10]]
LogConfig: Setting CVar [[s.UnregisterComponentsTimeLimit:1.0]]
LogConfig: Setting CVar [[s.LevelStreamingComponentsUnregistrationGranularity:5]]
LogConfig: Setting CVar [[s.FlushStreamingOnExit:1]]
LogInit: Object subsystem initialized
LogConfig: Setting CVar [[con.DebugEarlyDefault:1]]
LogConfig: Setting CVar [[r.setres:1280x720]]
[2022.11.23-06.41.58:207][  0]LogConfig: Setting CVar [[con.DebugEarlyDefault:1]]
[2022.11.23-06.41.58:207][  0]LogConfig: Setting CVar [[r.setres:1280x720]]
[2022.11.23-06.41.58:207][  0]LogConfig: Applying CVar settings from Section [/Script/Engine.RendererSettings] File [C:/Users/Jarod/OneDrive/Desktop/Level-Design/Saved/Config/Windows/Engine.ini]
[2022.11.23-06.41.58:207][  0]LogConfig: Setting CVar [[r.GPUCrashDebugging:0]]
[2022.11.23-06.41.58:207][  0]LogConfig: Applying CVar settings from Section [/Script/Engine.RendererOverrideSettings] File [C:/Users/Jarod/OneDrive/Desktop/Level-Design/Saved/Config/Windows/Engine.ini]
[2022.11.23-06.41.58:207][  0]LogConfig: Applying CVar settings from Section [/Script/Engine.StreamingSettings] File [C:/Users/Jarod/OneDrive/Desktop/Level-Design/Saved/Config/Windows/Engine.ini]
[2022.11.23-06.41.58:207][  0]LogConfig: Setting CVar [[s.MinBulkDataSizeForAsyncLoading:131072]]
[2022.11.23-06.41.58:207][  0]LogConfig: Setting CVar [[s.AsyncLoadingThreadEnabled:0]]
[2022.11.23-06.41.58:207][  0]LogConfig: Setting CVar [[s.EventDrivenLoaderEnabled:1]]
[2022.11.23-06.41.58:207][  0]LogConfig: Setting CVar [[s.WarnIfTimeLimitExceeded:0]]
[2022.11.23-06.41.58:207][  0]LogConfig: Setting CVar [[s.TimeLimitExceededMultiplier:1.5]]
[2022.11.23-06.41.58:207][  0]LogConfig: Setting CVar [[s.TimeLimitExceededMinTime:0.005]]
[2022.11.23-06.41.58:207][  0]LogConfig: Setting CVar [[s.UseBackgroundLevelStreaming:1]]
[2022.11.23-06.41.58:207][  0]LogConfig: Setting CVar [[s.PriorityAsyncLoadingExtraTime:15.0]]
[2022.11.23-06.41.58:207][  0]LogConfig: Setting CVar [[s.LevelStreamingActorsUpdateTimeLimit:5.0]]
[2022.11.23-06.41.58:207][  0]LogConfig: Setting CVar [[s.PriorityLevelStreamingActorsUpdateExtraTime:5.0]]
[2022.11.23-06.41.58:207][  0]LogConfig: Setting CVar [[s.LevelStreamingComponentsRegistrationGranularity:10]]
[2022.11.23-06.41.58:207][  0]LogConfig: Setting CVar [[s.UnregisterComponentsTimeLimit:1.0]]
[2022.11.23-06.41.58:207][  0]LogConfig: Setting CVar [[s.LevelStreamingComponentsUnregistrationGranularity:5]]
[2022.11.23-06.41.58:207][  0]LogConfig: Setting CVar [[s.FlushStreamingOnExit:1]]
[2022.11.23-06.41.58:207][  0]LogConfig: Applying CVar settings from Section [/Script/Engine.GarbageCollectionSettings] File [C:/Users/Jarod/OneDrive/Desktop/Level-Design/Saved/Config/Windows/Engine.ini]
[2022.11.23-06.41.58:207][  0]LogConfig: Setting CVar [[gc.MaxObjectsNotConsideredByGC:1]]
[2022.11.23-06.41.58:207][  0]LogConfig: Setting CVar [[gc.SizeOfPermanentObjectPool:0]]
[2022.11.23-06.41.58:207][  0]LogConfig: Setting CVar [[gc.FlushStreamingOnGC:0]]
[2022.11.23-06.41.58:207][  0]LogConfig: Setting CVar [[gc.NumRetriesBeforeForcingGC:10]]
[2022.11.23-06.41.58:207][  0]LogConfig: Setting CVar [[gc.AllowParallelGC:1]]
[2022.11.23-06.41.58:207][  0]LogConfig: Setting CVar [[gc.TimeBetweenPurgingPendingKillObjects:61.1]]
[2022.11.23-06.41.58:207][  0]LogConfig: Setting CVar [[gc.MaxObjectsInEditor:25165824]]
[2022.11.23-06.41.58:207][  0]LogConfig: Setting CVar [[gc.IncrementalBeginDestroyEnabled:1]]
[2022.11.23-06.41.58:207][  0]LogConfig: Setting CVar [[gc.CreateGCClusters:1]]
[2022.11.23-06.41.58:207][  0]LogConfig: Setting CVar [[gc.MinGCClusterSize:5]]
[2022.11.23-06.41.58:207][  0]LogConfig: Setting CVar [[gc.ActorClusteringEnabled:0]]
[2022.11.23-06.41.58:207][  0]LogConfig: Setting CVar [[gc.BlueprintClusteringEnabled:0]]
[2022.11.23-06.41.58:207][  0]LogConfig: Setting CVar [[gc.UseDisregardForGCOnDedicatedServers:0]]
[2022.11.23-06.41.58:207][  0]LogConfig: Setting CVar [[gc.MultithreadedDestructionEnabled:1]]
[2022.11.23-06.41.58:208][  0]LogConfig: Applying CVar settings from Section [/Script/Engine.NetworkSettings] File [C:/Users/Jarod/OneDrive/Desktop/Level-Design/Saved/Config/Windows/Engine.ini]
[2022.11.23-06.41.58:208][  0]LogConfig: Applying CVar settings from Section [/Script/UnrealEd.CookerSettings] File [C:/Users/Jarod/OneDrive/Desktop/Level-Design/Saved/Config/Windows/Engine.ini]
[2022.11.23-06.41.58:234][  0]LogConfig: Applying CVar settings from Section [ViewDistanceQuality@3] File [C:/Users/Jarod/OneDrive/Desktop/Level-Design/Saved/Config/Windows/Scalability.ini]
[2022.11.23-06.41.58:234][  0]LogConfig: Setting CVar [[r.SkeletalMeshLODBias:0]]
[2022.11.23-06.41.58:234][  0]LogConfig: Setting CVar [[r.ViewDistanceScale:1.0]]
[2022.11.23-06.41.58:234][  0]LogConfig: Applying CVar settings from Section [AntiAliasingQuality@3] File [C:/Users/Jarod/OneDrive/Desktop/Level-Design/Saved/Config/Windows/Scalability.ini]
[2022.11.23-06.41.58:234][  0]LogConfig: Setting CVar [[r.PostProcessAAQuality:4]]
[2022.11.23-06.41.58:234][  0]LogConfig: Applying CVar settings from Section [ShadowQuality@3] File [C:/Users/Jarod/OneDrive/Desktop/Level-Design/Saved/Config/Windows/Scalability.ini]
[2022.11.23-06.41.58:234][  0]LogConfig: Setting CVar [[r.LightFunctionQuality:1]]
[2022.11.23-06.41.58:234][  0]LogConfig: Setting CVar [[r.ShadowQuality:5]]
[2022.11.23-06.41.58:234][  0]LogConfig: Setting CVar [[r.Shadow.CSM.MaxCascades:10]]
[2022.11.23-06.41.58:234][  0]LogConfig: Setting CVar [[r.Shadow.MaxResolution:2048]]
[2022.11.23-06.41.58:234][  0]LogConfig: Setting CVar [[r.Shadow.MaxCSMResolution:2048]]
[2022.11.23-06.41.58:234][  0]LogConfig: Setting CVar [[r.Shadow.RadiusThreshold:0.01]]
[2022.11.23-06.41.58:234][  0]LogConfig: Setting CVar [[r.Shadow.DistanceScale:1.0]]
[2022.11.23-06.41.58:234][  0]LogConfig: Setting CVar [[r.Shadow.CSM.TransitionScale:1.0]]
[2022.11.23-06.41.58:234][  0]LogConfig: Setting CVar [[r.Shadow.PreShadowResolutionFactor:1.0]]
[2022.11.23-06.41.58:234][  0]LogConfig: Setting CVar [[r.DistanceFieldShadowing:1]]
[2022.11.23-06.41.58:234][  0]LogConfig: Setting CVar [[r.DistanceFieldAO:1]]
[2022.11.23-06.41.58:234][  0]LogConfig: Setting CVar [[r.AOQuality:2]]
[2022.11.23-06.41.58:234][  0]LogConfig: Setting CVar [[r.VolumetricFog:1]]
[2022.11.23-06.41.58:234][  0]LogConfig: Setting CVar [[r.VolumetricFog.GridPixelSize:8]]
[2022.11.23-06.41.58:234][  0]LogConfig: Setting CVar [[r.VolumetricFog.GridSizeZ:128]]
[2022.11.23-06.41.58:234][  0]LogConfig: Setting CVar [[r.VolumetricFog.HistoryMissSupersampleCount:4]]
[2022.11.23-06.41.58:234][  0]LogConfig: Setting CVar [[r.LightMaxDrawDistanceScale:1]]
[2022.11.23-06.41.58:234][  0]LogConfig: Setting CVar [[r.CapsuleShadows:1]]
[2022.11.23-06.41.58:234][  0]LogConfig: Applying CVar settings from Section [PostProcessQuality@3] File [C:/Users/Jarod/OneDrive/Desktop/Level-Design/Saved/Config/Windows/Scalability.ini]
[2022.11.23-06.41.58:234][  0]LogConfig: Setting CVar [[r.MotionBlurQuality:4]]
[2022.11.23-06.41.58:234][  0]LogConfig: Setting CVar [[r.AmbientOcclusionMipLevelFactor:0.4]]
[2022.11.23-06.41.58:234][  0]LogConfig: Setting CVar [[r.AmbientOcclusionMaxQuality:100]]
[2022.11.23-06.41.58:234][  0]LogConfig: Setting CVar [[r.AmbientOcclusionLevels:-1]]
[2022.11.23-06.41.58:234][  0]LogConfig: Setting CVar [[r.AmbientOcclusionRadiusScale:1.0]]
[2022.11.23-06.41.58:234][  0]LogConfig: Setting CVar [[r.DepthOfFieldQuality:2]]
[2022.11.23-06.41.58:234][  0]LogConfig: Setting CVar [[r.RenderTargetPoolMin:400]]
[2022.11.23-06.41.58:234][  0]LogConfig: Setting CVar [[r.LensFlareQuality:2]]
[2022.11.23-06.41.58:234][  0]LogConfig: Setting CVar [[r.SceneColorFringeQuality:1]]
[2022.11.23-06.41.58:234][  0]LogConfig: Setting CVar [[r.EyeAdaptationQuality:2]]
[2022.11.23-06.41.58:234][  0]LogConfig: Setting CVar [[r.BloomQuality:5]]
[2022.11.23-06.41.58:234][  0]LogConfig: Setting CVar [[r.FastBlurThreshold:100]]
[2022.11.23-06.41.58:234][  0]LogConfig: Setting CVar [[r.Upscale.Quality:3]]
[2022.11.23-06.41.58:234][  0]LogConfig: Setting CVar [[r.Tonemapper.GrainQuantization:1]]
[2022.11.23-06.41.58:234][  0]LogConfig: Setting CVar [[r.LightShaftQuality:1]]
[2022.11.23-06.41.58:234][  0]LogConfig: Setting CVar [[r.Filter.SizeScale:1]]
[2022.11.23-06.41.58:234][  0]LogConfig: Setting CVar [[r.Tonemapper.Quality:5]]
[2022.11.23-06.41.58:234][  0]LogConfig: Setting CVar [[r.DOF.Gather.AccumulatorQuality:1        ; higher gathering accumulator quality]]
[2022.11.23-06.41.58:234][  0]LogConfig: Setting CVar [[r.DOF.Gather.PostfilterMethod:1          ; Median3x3 postfilering method]]
[2022.11.23-06.41.58:234][  0]LogConfig: Setting CVar [[r.DOF.Gather.EnableBokehSettings:0       ; no bokeh simulation when gathering]]
[2022.11.23-06.41.58:234][  0]LogConfig: Setting CVar [[r.DOF.Gather.RingCount:4                 ; medium number of samples when gathering]]
[2022.11.23-06.41.58:234][  0]LogConfig: Setting CVar [[r.DOF.Scatter.ForegroundCompositing:1    ; additive foreground scattering]]
[2022.11.23-06.41.58:234][  0]LogConfig: Setting CVar [[r.DOF.Scatter.BackgroundCompositing:2    ; additive background scattering]]
[2022.11.23-06.41.58:234][  0]LogConfig: Setting CVar [[r.DOF.Scatter.EnableBokehSettings:1      ; bokeh simulation when scattering]]
[2022.11.23-06.41.58:234][  0]LogConfig: Setting CVar [[r.DOF.Scatter.MaxSpriteRatio:0.1         ; only a maximum of 10% of scattered bokeh]]
[2022.11.23-06.41.58:234][  0]LogConfig: Setting CVar [[r.DOF.Recombine.Quality:1                ; cheap slight out of focus]]
[2022.11.23-06.41.58:234][  0]LogConfig: Setting CVar [[r.DOF.Recombine.EnableBokehSettings:0    ; no bokeh simulation on slight out of focus]]
[2022.11.23-06.41.58:234][  0]LogConfig: Setting CVar [[r.DOF.TemporalAAQuality:1                ; more stable temporal accumulation]]
[2022.11.23-06.41.58:234][  0]LogConfig: Setting CVar [[r.DOF.Kernel.MaxForegroundRadius:0.025]]
[2022.11.23-06.41.58:234][  0]LogConfig: Setting CVar [[r.DOF.Kernel.MaxBackgroundRadius:0.025]]
[2022.11.23-06.41.58:234][  0]LogConfig: Applying CVar settings from Section [TextureQuality@3] File [C:/Users/Jarod/OneDrive/Desktop/Level-Design/Saved/Config/Windows/Scalability.ini]
[2022.11.23-06.41.58:234][  0]LogConfig: Setting CVar [[r.Streaming.MipBias:0]]
[2022.11.23-06.41.58:234][  0]LogConfig: Setting CVar [[r.Streaming.AmortizeCPUToGPUCopy:0]]
[2022.11.23-06.41.58:234][  0]LogConfig: Setting CVar [[r.Streaming.MaxNumTexturesToStreamPerFrame:0]]
[2022.11.23-06.41.58:234][  0]LogConfig: Setting CVar [[r.Streaming.Boost:1]]
[2022.11.23-06.41.58:234][  0]LogConfig: Setting CVar [[r.MaxAnisotropy:8]]
[2022.11.23-06.41.58:234][  0]LogConfig: Setting CVar [[r.VT.MaxAnisotropy:8]]
[2022.11.23-06.41.58:234][  0]LogConfig: Setting CVar [[r.Streaming.LimitPoolSizeToVRAM:0]]
[2022.11.23-06.41.58:234][  0]LogConfig: Setting CVar [[r.Streaming.PoolSize:1000]]
[2022.11.23-06.41.58:234][  0]LogConfig: Setting CVar [[r.Streaming.MaxEffectiveScreenSize:0]]
[2022.11.23-06.41.58:234][  0]LogConfig: Applying CVar settings from Section [EffectsQuality@3] File [C:/Users/Jarod/OneDrive/Desktop/Level-Design/Saved/Config/Windows/Scalability.ini]
[2022.11.23-06.41.58:234][  0]LogConfig: Setting CVar [[r.TranslucencyLightingVolumeDim:64]]
[2022.11.23-06.41.58:234][  0]LogConfig: Setting CVar [[r.RefractionQuality:2]]
[2022.11.23-06.41.58:234][  0]LogConfig: Setting CVar [[r.SSR.Quality:3]]
[2022.11.23-06.41.58:234][  0]LogConfig: Setting CVar [[r.SSR.HalfResSceneColor:0]]
[2022.11.23-06.41.58:234][  0]LogConfig: Setting CVar [[r.SceneColorFormat:4]]
[2022.11.23-06.41.58:234][  0]LogConfig: Setting CVar [[r.DetailMode:2]]
[2022.11.23-06.41.58:234][  0]LogConfig: Setting CVar [[r.TranslucencyVolumeBlur:1]]
[2022.11.23-06.41.58:234][  0]LogConfig: Setting CVar [[r.MaterialQualityLevel:1 ; High quality]]
[2022.11.23-06.41.58:234][  0]LogConfig: Setting CVar [[r.AnisotropicMaterials:1]]
[2022.11.23-06.41.58:235][  0]LogConfig: Setting CVar [[r.SSS.Scale:1]]
[2022.11.23-06.41.58:235][  0]LogConfig: Setting CVar [[r.SSS.SampleSet:2]]
[2022.11.23-06.41.58:235][  0]LogConfig: Setting CVar [[r.SSS.Quality:1]]
[2022.11.23-06.41.58:235][  0]LogConfig: Setting CVar [[r.SSS.HalfRes:0]]
[2022.11.23-06.41.58:235][  0]LogConfig: Setting CVar [[r.SSGI.Quality:3]]
[2022.11.23-06.41.58:235][  0]LogConfig: Setting CVar [[r.EmitterSpawnRateScale:1.0]]
[2022.11.23-06.41.58:235][  0]LogConfig: Setting CVar [[r.ParticleLightQuality:2]]
[2022.11.23-06.41.58:235][  0]LogConfig: Setting CVar [[r.SkyAtmosphere.AerialPerspectiveLUT.FastApplyOnOpaque:1 ; Always have FastSkyLUT 1 in this case to avoid wrong sky]]
[2022.11.23-06.41.58:235][  0]LogConfig: Setting CVar [[r.SkyAtmosphere.AerialPerspectiveLUT.SampleCountMaxPerSlice:4]]
[2022.11.23-06.41.58:235][  0]LogConfig: Setting CVar [[r.SkyAtmosphere.AerialPerspectiveLUT.DepthResolution:16.0]]
[2022.11.23-06.41.58:235][  0]LogConfig: Setting CVar [[r.SkyAtmosphere.FastSkyLUT:1]]
[2022.11.23-06.41.58:235][  0]LogConfig: Setting CVar [[r.SkyAtmosphere.FastSkyLUT.SampleCountMin:4.0]]
[2022.11.23-06.41.58:235][  0]LogConfig: Setting CVar [[r.SkyAtmosphere.FastSkyLUT.SampleCountMax:128.0]]
[2022.11.23-06.41.58:235][  0]LogConfig: Setting CVar [[r.SkyAtmosphere.SampleCountMin:4.0]]
[2022.11.23-06.41.58:235][  0]LogConfig: Setting CVar [[r.SkyAtmosphere.SampleCountMax:128.0]]
[2022.11.23-06.41.58:235][  0]LogConfig: Setting CVar [[r.SkyAtmosphere.TransmittanceLUT.UseSmallFormat:0]]
[2022.11.23-06.41.58:235][  0]LogConfig: Setting CVar [[r.SkyAtmosphere.TransmittanceLUT.SampleCount:10.0]]
[2022.11.23-06.41.58:235][  0]LogConfig: Setting CVar [[r.SkyAtmosphere.MultiScatteringLUT.SampleCount:15.0]]
[2022.11.23-06.41.58:235][  0]LogConfig: Setting CVar [[r.SkyLight.RealTimeReflectionCapture:1]]
[2022.11.23-06.41.58:235][  0]LogConfig: Applying CVar settings from Section [FoliageQuality@3] File [C:/Users/Jarod/OneDrive/Desktop/Level-Design/Saved/Config/Windows/Scalability.ini]
[2022.11.23-06.41.58:235][  0]LogConfig: Setting CVar [[foliage.DensityScale:1.0]]
[2022.11.23-06.41.58:235][  0]LogConfig: Setting CVar [[grass.DensityScale:1.0]]
[2022.11.23-06.41.58:235][  0]LogConfig: Applying CVar settings from Section [ShadingQuality@3] File [C:/Users/Jarod/OneDrive/Desktop/Level-Design/Saved/Config/Windows/Scalability.ini]
[2022.11.23-06.41.58:235][  0]LogConfig: Setting CVar [[r.HairStrands.SkyLighting.IntegrationType:2]]
[2022.11.23-06.41.58:235][  0]LogConfig: Setting CVar [[r.HairStrands.SkyAO.SampleCount:4]]
[2022.11.23-06.41.58:235][  0]LogConfig: Setting CVar [[r.HairStrands.Visibility.MSAA.SamplePerPixel:4]]
[2022.11.23-06.41.58:235][  0]LogInit: Selected Device Profile: [Windows]
[2022.11.23-06.41.58:235][  0]LogInit: Applying CVar settings loaded from the selected device profile: [Windows]
[2022.11.23-06.41.58:235][  0]LogHAL: Display: Platform has ~ 16 GB [17099546624 / 17179869184 / 16], which maps to Larger [LargestMinGB=32, LargerMinGB=12, DefaultMinGB=8, SmallerMinGB=6, SmallestMinGB=0)
[2022.11.23-06.41.58:235][  0]LogInit: Going up to parent DeviceProfile []
[2022.11.23-06.41.58:235][  0]LogConfig: Applying CVar settings from Section [ViewDistanceQuality@3] File [C:/Users/Jarod/OneDrive/Desktop/Level-Design/Saved/Config/Windows/Scalability.ini]
[2022.11.23-06.41.58:235][  0]LogConfig: Setting CVar [[r.SkeletalMeshLODBias:0]]
[2022.11.23-06.41.58:235][  0]LogConfig: Setting CVar [[r.ViewDistanceScale:1.0]]
[2022.11.23-06.41.58:235][  0]LogConfig: Applying CVar settings from Section [AntiAliasingQuality@3] File [C:/Users/Jarod/OneDrive/Desktop/Level-Design/Saved/Config/Windows/Scalability.ini]
[2022.11.23-06.41.58:235][  0]LogConfig: Setting CVar [[r.PostProcessAAQuality:4]]
[2022.11.23-06.41.58:235][  0]LogConfig: Applying CVar settings from Section [ShadowQuality@3] File [C:/Users/Jarod/OneDrive/Desktop/Level-Design/Saved/Config/Windows/Scalability.ini]
[2022.11.23-06.41.58:235][  0]LogConfig: Setting CVar [[r.LightFunctionQuality:1]]
[2022.11.23-06.41.58:235][  0]LogConfig: Setting CVar [[r.ShadowQuality:5]]
[2022.11.23-06.41.58:235][  0]LogConfig: Setting CVar [[r.Shadow.CSM.MaxCascades:10]]
[2022.11.23-06.41.58:235][  0]LogConfig: Setting CVar [[r.Shadow.MaxResolution:2048]]
[2022.11.23-06.41.58:235][  0]LogConfig: Setting CVar [[r.Shadow.MaxCSMResolution:2048]]
[2022.11.23-06.41.58:235][  0]LogConfig: Setting CVar [[r.Shadow.RadiusThreshold:0.01]]
[2022.11.23-06.41.58:235][  0]LogConfig: Setting CVar [[r.Shadow.DistanceScale:1.0]]
[2022.11.23-06.41.58:235][  0]LogConfig: Setting CVar [[r.Shadow.CSM.TransitionScale:1.0]]
[2022.11.23-06.41.58:235][  0]LogConfig: Setting CVar [[r.Shadow.PreShadowResolutionFactor:1.0]]
[2022.11.23-06.41.58:235][  0]LogConfig: Setting CVar [[r.DistanceFieldShadowing:1]]
[2022.11.23-06.41.58:235][  0]LogConfig: Setting CVar [[r.DistanceFieldAO:1]]
[2022.11.23-06.41.58:235][  0]LogConfig: Setting CVar [[r.AOQuality:2]]
[2022.11.23-06.41.58:235][  0]LogConfig: Setting CVar [[r.VolumetricFog:1]]
[2022.11.23-06.41.58:235][  0]LogConfig: Setting CVar [[r.VolumetricFog.GridPixelSize:8]]
[2022.11.23-06.41.58:235][  0]LogConfig: Setting CVar [[r.VolumetricFog.GridSizeZ:128]]
[2022.11.23-06.41.58:235][  0]LogConfig: Setting CVar [[r.VolumetricFog.HistoryMissSupersampleCount:4]]
[2022.11.23-06.41.58:235][  0]LogConfig: Setting CVar [[r.LightMaxDrawDistanceScale:1]]
[2022.11.23-06.41.58:235][  0]LogConfig: Setting CVar [[r.CapsuleShadows:1]]
[2022.11.23-06.41.58:235][  0]LogConfig: Applying CVar settings from Section [PostProcessQuality@3] File [C:/Users/Jarod/OneDrive/Desktop/Level-Design/Saved/Config/Windows/Scalability.ini]
[2022.11.23-06.41.58:235][  0]LogConfig: Setting CVar [[r.MotionBlurQuality:4]]
[2022.11.23-06.41.58:235][  0]LogConfig: Setting CVar [[r.AmbientOcclusionMipLevelFactor:0.4]]
[2022.11.23-06.41.58:235][  0]LogConfig: Setting CVar [[r.AmbientOcclusionMaxQuality:100]]
[2022.11.23-06.41.58:235][  0]LogConfig: Setting CVar [[r.AmbientOcclusionLevels:-1]]
[2022.11.23-06.41.58:235][  0]LogConfig: Setting CVar [[r.AmbientOcclusionRadiusScale:1.0]]
[2022.11.23-06.41.58:235][  0]LogConfig: Setting CVar [[r.DepthOfFieldQuality:2]]
[2022.11.23-06.41.58:235][  0]LogConfig: Setting CVar [[r.RenderTargetPoolMin:400]]
[2022.11.23-06.41.58:235][  0]LogConfig: Setting CVar [[r.LensFlareQuality:2]]
[2022.11.23-06.41.58:235][  0]LogConfig: Setting CVar [[r.SceneColorFringeQuality:1]]
[2022.11.23-06.41.58:235][  0]LogConfig: Setting CVar [[r.EyeAdaptationQuality:2]]
[2022.11.23-06.41.58:235][  0]LogConfig: Setting CVar [[r.BloomQuality:5]]
[2022.11.23-06.41.58:235][  0]LogConfig: Setting CVar [[r.FastBlurThreshold:100]]
[2022.11.23-06.41.58:235][  0]LogConfig: Setting CVar [[r.Upscale.Quality:3]]
[2022.11.23-06.41.58:235][  0]LogConfig: Setting CVar [[r.Tonemapper.GrainQuantization:1]]
[2022.11.23-06.41.58:235][  0]LogConfig: Setting CVar [[r.LightShaftQuality:1]]
[2022.11.23-06.41.58:235][  0]LogConfig: Setting CVar [[r.Filter.SizeScale:1]]
[2022.11.23-06.41.58:235][  0]LogConfig: Setting CVar [[r.Tonemapper.Quality:5]]
[2022.11.23-06.41.58:235][  0]LogConfig: Setting CVar [[r.DOF.Gather.AccumulatorQuality:1        ; higher gathering accumulator quality]]
[2022.11.23-06.41.58:235][  0]LogConfig: Setting CVar [[r.DOF.Gather.PostfilterMethod:1          ; Median3x3 postfilering method]]
[2022.11.23-06.41.58:235][  0]LogConfig: Setting CVar [[r.DOF.Gather.EnableBokehSettings:0       ; no bokeh simulation when gathering]]
[2022.11.23-06.41.58:235][  0]LogConfig: Setting CVar [[r.DOF.Gather.RingCount:4                 ; medium number of samples when gathering]]
[2022.11.23-06.41.58:235][  0]LogConfig: Setting CVar [[r.DOF.Scatter.ForegroundCompositing:1    ; additive foreground scattering]]
[2022.11.23-06.41.58:235][  0]LogConfig: Setting CVar [[r.DOF.Scatter.BackgroundCompositing:2    ; additive background scattering]]
[2022.11.23-06.41.58:235][  0]LogConfig: Setting CVar [[r.DOF.Scatter.EnableBokehSettings:1      ; bokeh simulation when scattering]]
[2022.11.23-06.41.58:235][  0]LogConfig: Setting CVar [[r.DOF.Scatter.MaxSpriteRatio:0.1         ; only a maximum of 10% of scattered bokeh]]
[2022.11.23-06.41.58:235][  0]LogConfig: Setting CVar [[r.DOF.Recombine.Quality:1                ; cheap slight out of focus]]
[2022.11.23-06.41.58:235][  0]LogConfig: Setting CVar [[r.DOF.Recombine.EnableBokehSettings:0    ; no bokeh simulation on slight out of focus]]
[2022.11.23-06.41.58:235][  0]LogConfig: Setting CVar [[r.DOF.TemporalAAQuality:1                ; more stable temporal accumulation]]
[2022.11.23-06.41.58:235][  0]LogConfig: Setting CVar [[r.DOF.Kernel.MaxForegroundRadius:0.025]]
[2022.11.23-06.41.58:235][  0]LogConfig: Setting CVar [[r.DOF.Kernel.MaxBackgroundRadius:0.025]]
[2022.11.23-06.41.58:236][  0]LogConfig: Applying CVar settings from Section [TextureQuality@3] File [C:/Users/Jarod/OneDrive/Desktop/Level-Design/Saved/Config/Windows/Scalability.ini]
[2022.11.23-06.41.58:236][  0]LogConfig: Setting CVar [[r.Streaming.MipBias:0]]
[2022.11.23-06.41.58:236][  0]LogConfig: Setting CVar [[r.Streaming.AmortizeCPUToGPUCopy:0]]
[2022.11.23-06.41.58:236][  0]LogConfig: Setting CVar [[r.Streaming.MaxNumTexturesToStreamPerFrame:0]]
[2022.11.23-06.41.58:236][  0]LogConfig: Setting CVar [[r.Streaming.Boost:1]]
[2022.11.23-06.41.58:236][  0]LogConfig: Setting CVar [[r.MaxAnisotropy:8]]
[2022.11.23-06.41.58:236][  0]LogConfig: Setting CVar [[r.VT.MaxAnisotropy:8]]
[2022.11.23-06.41.58:236][  0]LogConfig: Setting CVar [[r.Streaming.LimitPoolSizeToVRAM:0]]
[2022.11.23-06.41.58:236][  0]LogConfig: Setting CVar [[r.Streaming.PoolSize:1000]]
[2022.11.23-06.41.58:236][  0]LogConfig: Setting CVar [[r.Streaming.MaxEffectiveScreenSize:0]]
[2022.11.23-06.41.58:236][  0]LogConfig: Applying CVar settings from Section [EffectsQuality@3] File [C:/Users/Jarod/OneDrive/Desktop/Level-Design/Saved/Config/Windows/Scalability.ini]
[2022.11.23-06.41.58:236][  0]LogConfig: Setting CVar [[r.TranslucencyLightingVolumeDim:64]]
[2022.11.23-06.41.58:236][  0]LogConfig: Setting CVar [[r.RefractionQuality:2]]
[2022.11.23-06.41.58:236][  0]LogConfig: Setting CVar [[r.SSR.Quality:3]]
[2022.11.23-06.41.58:236][  0]LogConfig: Setting CVar [[r.SSR.HalfResSceneColor:0]]
[2022.11.23-06.41.58:236][  0]LogConfig: Setting CVar [[r.SceneColorFormat:4]]
[2022.11.23-06.41.58:236][  0]LogConfig: Setting CVar [[r.DetailMode:2]]
[2022.11.23-06.41.58:236][  0]LogConfig: Setting CVar [[r.TranslucencyVolumeBlur:1]]
[2022.11.23-06.41.58:236][  0]LogConfig: Setting CVar [[r.MaterialQualityLevel:1 ; High quality]]
[2022.11.23-06.41.58:236][  0]LogConfig: Setting CVar [[r.AnisotropicMaterials:1]]
[2022.11.23-06.41.58:236][  0]LogConfig: Setting CVar [[r.SSS.Scale:1]]
[2022.11.23-06.41.58:236][  0]LogConfig: Setting CVar [[r.SSS.SampleSet:2]]
[2022.11.23-06.41.58:236][  0]LogConfig: Setting CVar [[r.SSS.Quality:1]]
[2022.11.23-06.41.58:236][  0]LogConfig: Setting CVar [[r.SSS.HalfRes:0]]
[2022.11.23-06.41.58:236][  0]LogConfig: Setting CVar [[r.SSGI.Quality:3]]
[2022.11.23-06.41.58:236][  0]LogConfig: Setting CVar [[r.EmitterSpawnRateScale:1.0]]
[2022.11.23-06.41.58:236][  0]LogConfig: Setting CVar [[r.ParticleLightQuality:2]]
[2022.11.23-06.41.58:236][  0]LogConfig: Setting CVar [[r.SkyAtmosphere.AerialPerspectiveLUT.FastApplyOnOpaque:1 ; Always have FastSkyLUT 1 in this case to avoid wrong sky]]
[2022.11.23-06.41.58:236][  0]LogConfig: Setting CVar [[r.SkyAtmosphere.AerialPerspectiveLUT.SampleCountMaxPerSlice:4]]
[2022.11.23-06.41.58:236][  0]LogConfig: Setting CVar [[r.SkyAtmosphere.AerialPerspectiveLUT.DepthResolution:16.0]]
[2022.11.23-06.41.58:236][  0]LogConfig: Setting CVar [[r.SkyAtmosphere.FastSkyLUT:1]]
[2022.11.23-06.41.58:236][  0]LogConfig: Setting CVar [[r.SkyAtmosphere.FastSkyLUT.SampleCountMin:4.0]]
[2022.11.23-06.41.58:236][  0]LogConfig: Setting CVar [[r.SkyAtmosphere.FastSkyLUT.SampleCountMax:128.0]]
[2022.11.23-06.41.58:236][  0]LogConfig: Setting CVar [[r.SkyAtmosphere.SampleCountMin:4.0]]
[2022.11.23-06.41.58:236][  0]LogConfig: Setting CVar [[r.SkyAtmosphere.SampleCountMax:128.0]]
[2022.11.23-06.41.58:236][  0]LogConfig: Setting CVar [[r.SkyAtmosphere.TransmittanceLUT.UseSmallFormat:0]]
[2022.11.23-06.41.58:236][  0]LogConfig: Setting CVar [[r.SkyAtmosphere.TransmittanceLUT.SampleCount:10.0]]
[2022.11.23-06.41.58:236][  0]LogConfig: Setting CVar [[r.SkyAtmosphere.MultiScatteringLUT.SampleCount:15.0]]
[2022.11.23-06.41.58:236][  0]LogConfig: Setting CVar [[r.SkyLight.RealTimeReflectionCapture:1]]
[2022.11.23-06.41.58:236][  0]LogConfig: Applying CVar settings from Section [FoliageQuality@3] File [C:/Users/Jarod/OneDrive/Desktop/Level-Design/Saved/Config/Windows/Scalability.ini]
[2022.11.23-06.41.58:236][  0]LogConfig: Setting CVar [[foliage.DensityScale:1.0]]
[2022.11.23-06.41.58:236][  0]LogConfig: Setting CVar [[grass.DensityScale:1.0]]
[2022.11.23-06.41.58:236][  0]LogConfig: Applying CVar settings from Section [ShadingQuality@3] File [C:/Users/Jarod/OneDrive/Desktop/Level-Design/Saved/Config/Windows/Scalability.ini]
[2022.11.23-06.41.58:236][  0]LogConfig: Setting CVar [[r.HairStrands.SkyLighting.IntegrationType:2]]
[2022.11.23-06.41.58:236][  0]LogConfig: Setting CVar [[r.HairStrands.SkyAO.SampleCount:4]]
[2022.11.23-06.41.58:236][  0]LogConfig: Setting CVar [[r.HairStrands.Visibility.MSAA.SamplePerPixel:4]]
[2022.11.23-06.41.58:236][  0]LogConfig: Applying CVar settings from Section [Startup] File [../../../Engine/Config/ConsoleVariables.ini]
[2022.11.23-06.41.58:237][  0]LogConfig: Setting CVar [[net.UseAdaptiveNetUpdateFrequency:0]]
[2022.11.23-06.41.58:237][  0]LogConfig: Setting CVar [[p.chaos.AllowCreatePhysxBodies:1]]
[2022.11.23-06.41.58:237][  0]LogConfig: Setting CVar [[fx.SkipVectorVMBackendOptimizations:1]]
[2022.11.23-06.41.58:237][  0]LogConfig: Applying CVar settings from Section [ConsoleVariables] File [C:/Users/Jarod/OneDrive/Desktop/Level-Design/Saved/Config/Windows/Engine.ini]
[2022.11.23-06.41.58:237][  0]LogConfig: Applying CVar settings from Section [ConsoleVariables] File [C:/Users/Jarod/OneDrive/Desktop/Level-Design/Saved/Config/Windows/Editor.ini]
[2022.11.23-06.41.58:237][  0]LogInit: Computer: DESKTOP-H5DVIKR
[2022.11.23-06.41.58:237][  0]LogInit: User: Jarod
[2022.11.23-06.41.58:237][  0]LogInit: CPU Page size=4096, Cores=8
[2022.11.23-06.41.58:237][  0]LogInit: High frequency timer resolution =10.000000 MHz
[2022.11.23-06.41.58:237][  0]LogMemory: Memory total: Physical=15.9GB (16GB approx)
[2022.11.23-06.41.58:237][  0]LogMemory: Platform Memory Stats for Windows
[2022.11.23-06.41.58:237][  0]LogMemory: Process Physical Memory: 147.84 MB used, 147.84 MB peak
[2022.11.23-06.41.58:237][  0]LogMemory: Process Virtual Memory: 131.23 MB used, 131.23 MB peak
[2022.11.23-06.41.58:237][  0]LogMemory: Physical Memory: 9491.25 MB used,  6816.15 MB free, 16307.40 MB total
[2022.11.23-06.41.58:237][  0]LogMemory: Virtual Memory: 134213832.00 MB used,  3898.31 MB free, 134217728.00 MB total
[2022.11.23-06.41.58:241][  0]LogWindows: WindowsPlatformFeatures enabled
[2022.11.23-06.41.58:273][  0]LogInit: Physics initialised using underlying interface: PhysX
[2022.11.23-06.41.58:273][  0]LogInit: Using OS detected language (en-US).
[2022.11.23-06.41.58:273][  0]LogInit: Using OS detected locale (en-US).
[2022.11.23-06.41.58:275][  0]LogTextLocalizationManager: No specific localization for 'en-US' exists, so the 'en' localization will be used.
[2022.11.23-06.41.58:524][  0]LogWindowsTextInputMethodSystem: Display: IME system deactivated.
[2022.11.23-06.41.58:579][  0]LogSlate: New Slate User Created.  User Index 0, Is Virtual User: 0
[2022.11.23-06.41.58:579][  0]LogSlate: Slate User Registered.  User Index 0, Is Virtual User: 0
[2022.11.23-06.41.58:608][  0]LogD3D11RHI: Loaded GFSDK_Aftermath_Lib.x64.dll
[2022.11.23-06.41.58:610][  0]LogHMD: Failed to initialize OpenVR with code 110
[2022.11.23-06.41.58:610][  0]LogD3D11RHI: D3D11 min allowed feature level: 11_0
[2022.11.23-06.41.58:610][  0]LogD3D11RHI: D3D11 max allowed feature level: 11_0
[2022.11.23-06.41.58:610][  0]LogD3D11RHI: D3D11 adapters:
[2022.11.23-06.41.58:713][  0]LogD3D11RHI:    0. 'NVIDIA GeForce GTX 1660 Ti' (Feature Level 11_0)
[2022.11.23-06.41.58:713][  0]LogD3D11RHI:       5991/0/8153 MB DedicatedVideo/DedicatedSystem/SharedSystem, Outputs:2, VendorId:0x10de
[2022.11.23-06.41.58:715][  0]LogD3D11RHI:    1. 'Microsoft Basic Render Driver' (Feature Level 11_0)
[2022.11.23-06.41.58:715][  0]LogD3D11RHI:       0/0/8153 MB DedicatedVideo/DedicatedSystem/SharedSystem, Outputs:0, VendorId:0x1414
[2022.11.23-06.41.58:715][  0]LogD3D11RHI: Chosen D3D11 Adapter:
[2022.11.23-06.41.58:715][  0]LogD3D11RHI:     Description : NVIDIA GeForce GTX 1660 Ti
[2022.11.23-06.41.58:715][  0]LogD3D11RHI:     VendorId    : 10de
[2022.11.23-06.41.58:715][  0]LogD3D11RHI:     DeviceId    : 2182
[2022.11.23-06.41.58:715][  0]LogD3D11RHI:     SubSysId    : 37501462
[2022.11.23-06.41.58:715][  0]LogD3D11RHI:     Revision    : 00a1
[2022.11.23-06.41.58:715][  0]LogD3D11RHI:     DedicatedVideoMemory : 6282018816 bytes
[2022.11.23-06.41.58:715][  0]LogD3D11RHI:     DedicatedSystemMemory : 0 bytes
[2022.11.23-06.41.58:715][  0]LogD3D11RHI:     SharedSystemMemory : 8549773312 bytes
[2022.11.23-06.41.58:715][  0]LogD3D11RHI:     AdapterLuid : 0 59724
[2022.11.23-06.41.58:726][  0]LogD3D11RHI: Creating new Direct3DDevice
[2022.11.23-06.41.58:726][  0]LogD3D11RHI:     GPU DeviceId: 0x2182 (for the marketing name, search the web for "GPU Device Id")
[2022.11.23-06.41.58:726][  0]LogWindows: EnumDisplayDevices:
[2022.11.23-06.41.58:726][  0]LogWindows:    0. 'NVIDIA GeForce GTX 1660 Ti' (P:1 D:1)
[2022.11.23-06.41.58:726][  0]LogWindows:    1. 'NVIDIA GeForce GTX 1660 Ti' (P:0 D:1)
[2022.11.23-06.41.58:726][  0]LogWindows:    2. 'NVIDIA GeForce GTX 1660 Ti' (P:0 D:0)
[2022.11.23-06.41.58:727][  0]LogWindows:    3. 'NVIDIA GeForce GTX 1660 Ti' (P:0 D:0)
[2022.11.23-06.41.58:727][  0]LogWindows: DebugString: FoundDriverCount:4 
[2022.11.23-06.41.58:727][  0]LogD3D11RHI:     Adapter Name: NVIDIA GeForce GTX 1660 Ti
[2022.11.23-06.41.58:727][  0]LogD3D11RHI:   Driver Version: 522.25 (internal:31.0.15.2225, unified:522.25)
[2022.11.23-06.41.58:727][  0]LogD3D11RHI:      Driver Date: 10-6-2022
[2022.11.23-06.41.58:727][  0]LogRHI: Texture pool is 4193 MB (70% of 5991 MB)
[2022.11.23-06.41.58:727][  0]LogD3D11RHI: Creating D3DDevice using adapter:
[2022.11.23-06.41.58:727][  0]LogD3D11RHI:     Description : NVIDIA GeForce GTX 1660 Ti
[2022.11.23-06.41.58:727][  0]LogD3D11RHI:     VendorId    : 10de
[2022.11.23-06.41.58:727][  0]LogD3D11RHI:     DeviceId    : 2182
[2022.11.23-06.41.58:727][  0]LogD3D11RHI:     SubSysId    : 37501462
[2022.11.23-06.41.58:727][  0]LogD3D11RHI:     Revision    : 00a1
[2022.11.23-06.41.58:727][  0]LogD3D11RHI:     DedicatedVideoMemory : 6282018816 bytes
[2022.11.23-06.41.58:727][  0]LogD3D11RHI:     DedicatedSystemMemory : 0 bytes
[2022.11.23-06.41.58:727][  0]LogD3D11RHI:     SharedSystemMemory : 8549773312 bytes
[2022.11.23-06.41.58:727][  0]LogD3D11RHI:     AdapterLuid : 0 59724
[2022.11.23-06.41.58:797][  0]LogD3D11RHI: RHI has support for 64 bit atomics
[2022.11.23-06.41.58:798][  0]LogD3D11RHI: Async texture creation enabled
[2022.11.23-06.41.58:798][  0]LogD3D11RHI: Array index from any shader is supported
[2022.11.23-06.41.58:799][  0]LogD3D11RHI: HDR output is supported on display 0 (NvId: 0x80061086).
[2022.11.23-06.41.58:816][  0]LogD3D11RHI: GPU Timing Frequency: 1000.000000 (Debug: 2 1)
[2022.11.23-06.41.58:838][  0]LogRHI: GeForceNow SDK initialized: 1
[2022.11.23-06.41.59:117][  0]LogTargetPlatformManager: Display: Loaded TargetPlatform 'WindowsNoEditor'
[2022.11.23-06.41.59:120][  0]LogTargetPlatformManager: Display: Loaded TargetPlatform 'Windows'
[2022.11.23-06.41.59:124][  0]LogTargetPlatformManager: Display: Loaded TargetPlatform 'WindowsClient'
[2022.11.23-06.41.59:127][  0]LogTargetPlatformManager: Display: Loaded TargetPlatform 'WindowsServer'
[2022.11.23-06.41.59:127][  0]LogTargetPlatformManager: Display: Building Assets For Windows
[2022.11.23-06.41.59:132][  0]LogAudioDebug: Display: Lib vorbis DLL was dynamically loaded.
[2022.11.23-06.41.59:154][  0]LogTextureFormatOodle: Display: Oodle Texture 2.9.0 init RDO Off
[2022.11.23-06.41.59:176][  0]LogRendererCore: Ray tracing is disabled. Reason: r.RayTracing=0.
[2022.11.23-06.41.59:176][  0]LogShaderCompilers: Guid format shader working directory is 1 characters bigger than the processId version (C:/Users/Jarod/OneDrive/Desktop/Level-Design/Intermediate/Shaders/WorkingDirectory/13604/).
[2022.11.23-06.41.59:176][  0]LogShaderCompilers: Cleaned the shader compiler working directory 'C:/Users/Jarod/AppData/Local/Temp/UnrealShaderWorkingDir/B1F692584F798450D518D384F050D351/'.
[2022.11.23-06.41.59:176][  0]LogXGEController: Cannot use XGE Controller as Incredibuild is not installed on this machine.
[2022.11.23-06.41.59:176][  0]LogShaderCompilers: Cannot use XGE Shader Compiler as Incredibuild is not installed on this machine.
[2022.11.23-06.41.59:176][  0]LogShaderCompilers: Display: Using Local Shader Compiler.
[2022.11.23-06.41.59:810][  0]LogDerivedDataCache: Display: Max Cache Size: 512 MB
[2022.11.23-06.41.59:867][  0]LogDerivedDataCache: Loaded boot cache 0.06s 94MB C:/Users/Jarod/AppData/Local/UnrealEngine/4.27/DerivedDataCache/Boot.ddc.
[2022.11.23-06.41.59:867][  0]LogDerivedDataCache: Display: Loaded Boot cache: C:/Users/Jarod/AppData/Local/UnrealEngine/4.27/DerivedDataCache/Boot.ddc
[2022.11.23-06.41.59:867][  0]LogDerivedDataCache: FDerivedDataBackendGraph:  Pak pak cache file C:/Users/Jarod/OneDrive/Desktop/Level-Design/DerivedDataCache/DDC.ddp not found, will not use a pak cache.
[2022.11.23-06.41.59:867][  0]LogDerivedDataCache: Unable to find inner node Pak for hierarchical cache Hierarchy.
[2022.11.23-06.41.59:867][  0]LogDerivedDataCache: FDerivedDataBackendGraph:  CompressedPak pak cache file C:/Users/Jarod/OneDrive/Desktop/Level-Design/DerivedDataCache/Compressed.ddp not found, will not use a pak cache.
[2022.11.23-06.41.59:867][  0]LogDerivedDataCache: Unable to find inner node CompressedPak for hierarchical cache Hierarchy.
[2022.11.23-06.41.59:886][  0]LogDerivedDataCache: Display: Pak cache opened for reading ../../../Engine/DerivedDataCache/Compressed.ddp.
[2022.11.23-06.41.59:886][  0]LogDerivedDataCache: FDerivedDataBackendGraph:  EnterprisePak pak cache file ../../../Enterprise/DerivedDataCache/Compressed.ddp not found, will not use a pak cache.
[2022.11.23-06.41.59:886][  0]LogDerivedDataCache: Unable to find inner node EnterprisePak for hierarchical cache Hierarchy.
[2022.11.23-06.41.59:895][  0]LogDerivedDataCache: Speed tests for C:/Users/Jarod/AppData/Local/UnrealEngine/Common/DerivedDataCache took 0.01 seconds
[2022.11.23-06.41.59:895][  0]LogDerivedDataCache: Display: Performance to C:/Users/Jarod/AppData/Local/UnrealEngine/Common/DerivedDataCache: Latency=0.03ms. RandomReadSpeed=320.80MBs, RandomWriteSpeed=163.85MBs. Assigned SpeedClass 'Local'
[2022.11.23-06.41.59:896][  0]LogDerivedDataCache: Using Local data cache path C:/Users/Jarod/AppData/Local/UnrealEngine/Common/DerivedDataCache: Writable
[2022.11.23-06.41.59:896][  0]LogDerivedDataCache: Shared data cache path not found in *engine.ini, will not use an Shared cache.
[2022.11.23-06.41.59:896][  0]LogDerivedDataCache: Unable to find inner node Shared for hierarchical cache Hierarchy.
[2022.11.23-06.41.59:928][  0]LogSlate: Using FreeType 2.10.0
[2022.11.23-06.41.59:928][  0]LogSlate: SlateFontServices - WITH_FREETYPE: 1, WITH_HARFBUZZ: 1
[2022.11.23-06.41.59:997][  0]LogInit: Using OS detected language (en-US).
[2022.11.23-06.41.59:997][  0]LogInit: Using OS detected locale (en-US).
[2022.11.23-06.41.59:997][  0]LogTextLocalizationManager: No localization for 'en-US' exists, so 'en' will be used for the language.
[2022.11.23-06.41.59:997][  0]LogTextLocalizationManager: No localization for 'en-US' exists, so 'en' will be used for the locale.
[2022.11.23-06.41.59:997][  0]LogSlate: FontCache flush requested. Reason: Culture for localization was changed
[2022.11.23-06.41.59:997][  0]LogSlate: FontCache flush requested. Reason: Culture for localization was changed
[2022.11.23-06.42.00:001][  0]LogTextLocalizationManager: Compacting localization data took   0.01ms
[2022.11.23-06.42.00:001][  0]LogAssetRegistry: FAssetRegistry took 0.0024 seconds to start up
[2022.11.23-06.42.00:175][  0]LogPackageLocalizationCache: Processed 27 localized package path(s) for 1 prioritized culture(s) in 0.000906 seconds
[2022.11.23-06.42.00:237][  0]LogInit: Selected Device Profile: [Windows]
[2022.11.23-06.42.00:237][  0]LogInit: Active device profile: [000001FEF9B24B00][000001FEEF39B400 49] Windows
[2022.11.23-06.42.00:237][  0]LogInit: Profiles: [000001FEF9B24B00][000001FEEF39B400 49] Windows, [000001FEF9AF6100][000001FEEF39F540 49] WindowsNoEditor, [000001FEF9B25900][000001FEEF3A3680 49] WindowsServer, [000001FEF9AF6E00][000001FEEFEE1800 49] WindowsClient, [000001FEF9B27C00][000001FEEFEE5980 49] IOS, [000001FEF9AF4F00][000001FEEFEE9B00 49] iPadAir, [000001FEF9B27E00][000001FEEFEEC100 49] iPadAir2, [000001FEF9AA8C00][000001FEEFEF43C0 49] IPadPro, [000001FEF9AA8D00][000001FEEFEF0400 49] iPadAir3, [000001FEF9AF7B00][000001FEEFEF8580 49] iPadAir4, [000001FEF9AAB600][000001FEEFEFC700 49] iPadMini2, [000001FEF9AF7200][000001FEEFF00880 49] iPadMini3, [000001FEF9AAB800][000001FEEFF04A00 49] iPadMini4, [000001FEF9AF7800][000001FEEFF08B80 49] iPadMini5, [000001FEF9AD4600][000001FEEFF10E40 49] iPhone6, [000001FEF9AD4700][000001FEEFF0CE80 49] iPodTouch6, [000001FEF9B26900][000001FEEFF19140 49] iPhone7, [000001FEF9B26800][000001FEEFF15180 49] iPodTouch7, [000001FEF9AD4100][000001FEEFF1D300 49] iPhone5S, [000001FEF9AA8700][000001FEEFF21480 49] iPhone6Plus, [000001FEF9AD6500][000001FEEF3A75C0 49] iPhone6S, [000001FEF9AA9300][000001FEEFF25700 49] iPhone6SPlus, [000001FEF9AD7B00][000001FEEFF29840 49] iPhone7Plus, [000001FEF9AAB500][000001FEEFC639C0 49] iPhoneSE, [000001FEF9B26600][000001FEEFC67B40 49] iPhone8, [000001FEF9AA8600][000001FEEFC6A140 49] iPhone8Plus, [000001FEF9B26200][000001FEEFC6E2C0 49] iPhoneX, [000001FEF9AAB300][000001FEEFC72440 49] iPhoneXS, [000001FEF9B27400][000001FEEFC765C0 49] iPhoneXSMax, [000001FEF9AAAD00][000001FEEFC7A740 49] iPhoneXR, [000001FEF9B24200][000001FEEFC7E8C0 49] iPhone11, [000001FEF9AA9E00][000001FEEFC82A40 49] iPhone11Pro, [000001FEF9B26A00][000001FEEFC86BC0 49] iPhone11ProMax, [000001FEF9AAB700][000001FEEFC8AD40 49] iPhoneSE2, [000001FEF9B24D00][000001FEEFC8EEC0 49] iPhone12Mini, [000001FEF9AA9F00][000001FEEFC93040 49] iPhone12, [000001FEF9B24700][000001FEEFC971C0 49] iPhone12Pro, [000001FEF9AA9400][000001FEEFC9B340 49] iPhone12ProMax, [000001FEF9B24C00][000001FEEFC9F4C0 49] iPadPro105, [000001FEF9AA9700][000001FEEFCA3640 49] iPadPro129, [000001FEF9B24100][000001FEEFC5F780 49] iPadPro97, [000001FEF9AABC00][000001FEEFCA78C0 49] iPadPro2_129, [000001FEF9B24800][000001FEEFCABA00 49] iPad5, [000001FEF9AAB100][000001FEEFCAFB40 49] iPad6, [000001FEF9B24500][000001FEEFCB6140 49] iPad7, [000001FEF9AAA800][000001FEEFCBA2C0 49] iPad8, [000001FEF9B24600][000001FEEFCBE440 49] iPadPro11, [000001FEF9AA8100][000001FEEFCC25C0 49] iPadPro2_11, [000001FEF9B25C00][000001FEEFCC6740 49] iPadPro3_129, [000001FEF9AABE00][000001FEEFCCA8C0 49] iPadPro4_129, [000001FEF9B26500][000001FEEFCCEA40 49] AppleTV, [000001FEF9AAA300][000001FEEFCD2BC0 49] AppleTV4K, [000001FEF9B24400][000001FEEFCD6D40 49] TVOS, [000001FEF9AA9C00][000001FEEFCDAEC0 49] Mac, [000001FEF9B27D00][000001FEEF723040 49] MacClient, [000001FEF9AAA500][000001FEEF7271C0 49] MacNoEditor, [000001FEF9B27100][000001FEEF72B340 49] MacServer, [000001FEF9AAB900][000001FEEF72F4C0 49] Linux, [000001FEF9B25D00][000001FEEF733640 49] LinuxAArch64, [000001FEF9AAA100][000001FEEF7377C0 49] LinuxNoEditor, [000001FEF9B25B00][000001FEEFCB3900 49] LinuxAArch64NoEditor, [000001FEF9AABB00][000001FEEF73BA40 49] LinuxClient, [000001FEF9B26E00][000001FEEF73FB80 49] LinuxAArch64Client, [000001FEF9AAA200][000001FEEF742140 49] LinuxServer, [000001FEF9B26F00][000001FEEF74A2C0 49] LinuxAArch64Server, [000001FEF9AA9000][000001FEEF74E440 49] Android, [000001FEF9B25E00][000001FEEF7525C0 49] Android_Low, [000001FEF9AA8500][000001FEEF756740 49] Android_Mid, [000001FEF9B26400][000001FEEF75A8C0 49] Android_High, [000001FEF9AABF00][000001FEEF75EA40 49] Android_Default, [000001FEF9B26000][000001FEEF762BC0 49] Android_Adreno4xx, [000001FEF9AF6400][000001FEEF766D40 49] Android_Adreno5xx_Low, [000001FEF9AD7500][000001FEEF76AEC0 49] Android_Adreno5xx, [000001FEF9AF7D00][000001FEEF76F040 49] Android_Adreno6xx, [000001FEF9AD6B00][000001FEEF7731C0 49] Android_Adreno6xx_Vulkan, [000001FEF9AF7E00][000001FEEF777340 49] Android_Mali_T6xx, [000001FEF9AD4F00][000001FEEF77B4C0 49] Android_Mali_T7xx, [000001FEF9AF5300][000001FEEF77F640 49] Android_Mali_T8xx, [000001FEF9AD5F00][000001FEEF7837C0 49] Android_Mali_G71, [000001FEF9AF5C00][000001FEEF787940 49] Android_Mali_G72, [000001FEF9AD6400][000001FEEF78BAC0 49] Android_Mali_G72_Vulkan, [000001FEF9AF7600][000001FEEF747C00 49] Android_Mali_G76, [000001FEF9AD6100][000001FEEF78E1C0 49] Android_Mali_G76_Vulkan, [000001FEF9AF5B00][000001FEEF792300 49] Android_Mali_G77, [000001FEF9AD4A00][000001FEEF79A480 49] Android_Mali_G77_Vulkan, [000001FEF9AF7400][000001FEEF79E600 49] Android_Mali_G78, [000001FEF9AD5300][000001FEEF7A2780 49] Android_Mali_G78_Vulkan, [000001FEF9AF6900][000001FEEF7A6900 49] Android_Mali_G710, [000001FEF9AD7D00][000001FEEF7AAA80 49] Android_Mali_G710_Vulkan, [000001FEF9AF5E00][000001FEEF7AEC00 49] Android_Vulkan_SM5, [000001FEF9AD4900][000001FEEF7B2D80 49] Android_PowerVR_G6xxx, [000001FEF9AF5F00][000001FEEF7B6F00 49] Android_PowerVR_GT7xxx, [000001FEF9AD6700][000001FEEF7BB080 49] Android_PowerVR_GE8xxx, [000001FEF9AF6300][000001FEEF7BF200 49] Android_PowerVR_GM9xxx, [000001FEF9AD7200][000001FEEF7C3380 49] Android_PowerVR_GM9xxx_Vulkan, [000001FEF9AF7000][000001FEEF7C7500 49] Android_TegraK1, [000001FEF9AD5700][000001FEEF7CB680 49] Android_Unknown_Vulkan, [000001FEF9AF7700][000001FEEF7CF800 49] Lumin, [000001FEF9AD4200][000001FEEF7D3980 49] Lumin_Desktop, [000001FEF9AF6200][000001FEEF7D7B00 49] HoloLens, 
[2022.11.23-06.42.00:271][  0]LogMeshReduction: Using QuadricMeshReduction for automatic static mesh reduction
[2022.11.23-06.42.00:271][  0]LogMeshReduction: Using SimplygonMeshReduction for automatic skeletal mesh reduction
[2022.11.23-06.42.00:271][  0]LogMeshReduction: Using ProxyLODMeshReduction for automatic mesh merging
[2022.11.23-06.42.00:271][  0]LogMeshReduction: No distributed automatic mesh merging module available
[2022.11.23-06.42.00:271][  0]LogMeshMerging: No distributed automatic mesh merging module available
[2022.11.23-06.42.00:372][  0]LogNetVersion: SideScroller_V422_Fall2019 1.0.0, NetCL: 17155196, EngineNetVer: 17, GameNetVer: 0 (Checksum: 1441273239)
[2022.11.23-06.42.00:590][  0]LogTexture: Default maximum texture size for cubemaps generated from long-lat sources has been changed from 512 to unlimited. In order to preserve old behaiour for '/Engine/MapTemplates/Sky/DaylightAmbientCubemap.DaylightAmbientCubemap', its maximum texture size has been explicitly set to 512.
[2022.11.23-06.42.00:643][  0]LogHMD: PokeAHoleMaterial loaded successfully
[2022.11.23-06.42.00:717][  0]LogMoviePlayer: Initializing movie player
[2022.11.23-06.42.00:809][  0]LogNiagaraDebuggerClient: Niagara Debugger Client Initialized | Session: 88676E1A4A96F98E477694BC89388113 | Instance: 7ED6E171422F6B68FC72FDA6E7AAA7CE (DESKTOP-H5DVIKR-13604).
[2022.11.23-06.42.00:828][  0]LogCollectionManager: Loaded 0 collections in 0.000796 seconds
[2022.11.23-06.42.00:830][  0]LogFileCache: Scanning file cache for directory 'C:/Users/Jarod/OneDrive/Desktop/Level-Design/Saved/Collections/' took 0.00s
[2022.11.23-06.42.00:830][  0]LogFileCache: Scanning file cache for directory 'C:/Users/Jarod/OneDrive/Desktop/Level-Design/Content/Developers/Jarod/Collections/' took 0.00s
[2022.11.23-06.42.00:830][  0]LogFileCache: Scanning file cache for directory 'C:/Users/Jarod/OneDrive/Desktop/Level-Design/Content/Collections/' took 0.00s
[2022.11.23-06.42.00:830][  0]LogCollectionManager: Fixed up redirectors for 0 collections in 0.000002 seconds (updated 0 objects)
[2022.11.23-06.42.00:845][  0]LogPython: Using Python 3.7.7
[2022.11.23-06.42.01:340][  0]LogTcpMessaging: Initializing TcpMessaging bridge
[2022.11.23-06.42.01:343][  0]LogUdpMessaging: Initializing bridge on interface 0.0.0.0:0 to multicast group 230.0.0.1:6666.
[2022.11.23-06.42.01:423][  0]SourceControl: Source control is disabled
[2022.11.23-06.42.01:423][  0]SourceControl: Source control is disabled
[2022.11.23-06.42.01:425][  0]SourceControl: Source control is disabled
[2022.11.23-06.42.01:429][  0]LogUProjectInfo: Found projects:
[2022.11.23-06.42.01:479][  0]LogOpenImageDenoise: OIDN starting up
[2022.11.23-06.42.01:511][  0]LogAndroidPermission: UAndroidPermissionCallbackProxy::GetInstance
[2022.11.23-06.42.01:520][  0]LogAudioCaptureCore: Display: No Audio Capture implementations found. Audio input will be silent.
[2022.11.23-06.42.01:520][  0]LogAudioCaptureCore: Display: No Audio Capture implementations found. Audio input will be silent.
[2022.11.23-06.42.01:586][  0]LogOcInput: OculusInput pre-init called
[2022.11.23-06.42.01:596][  0]LogUObjectArray: 22163 objects as part of root set at end of initial load.
[2022.11.23-06.42.01:597][  0]LogUObjectAllocator: 5993712 out of 0 bytes used by permanent object pool.
[2022.11.23-06.42.01:597][  0]LogUObjectArray: CloseDisregardForGC: 0/0 objects in disregard for GC pool
[2022.11.23-06.42.01:644][  0]LogEngine: Initializing Engine...
[2022.11.23-06.42.01:647][  0]LogHMD: Failed to enumerate extensions. Please check that you have a valid OpenXR runtime installed.
[2022.11.23-06.42.01:647][  0]LogHMD: Failed to initialize OpenVR with code 110
[2022.11.23-06.42.01:647][  0]LogMagicLeap: Warning: VR disabled because ZI is not enabled.  To enable, in the editor, Edit -> Project Settings -> Plugins -> Magic Leap Plugin -> Enable Zero Iteration
[2022.11.23-06.42.01:649][  0]LogStats: UGameplayTagsManager::InitializeManager -  0.000 s
[2022.11.23-06.42.01:741][  0]LogInit: Initializing FReadOnlyCVARCache
[2022.11.23-06.42.01:741][  0]LogAudio: Display: Initializing Audio Device Manager...
[2022.11.23-06.42.01:744][  0]LogAudio: Display: Loading Default Audio Settings Objects...
[2022.11.23-06.42.01:744][  0]LogAudio: Display: No default SoundConcurrencyObject specified (or failed to load).
[2022.11.23-06.42.01:745][  0]LogAudio: Display: Audio Device Manager Initialized
[2022.11.23-06.42.01:745][  0]LogAudio: Display: Creating Audio Device:                 Id: 1, Scope: Shared, Realtime: True
[2022.11.23-06.42.01:745][  0]LogAudioMixer: Display: Audio Mixer Platform Settings:
[2022.11.23-06.42.01:745][  0]LogAudioMixer: Display: 	Sample Rate:						  48000
[2022.11.23-06.42.01:745][  0]LogAudioMixer: Display: 	Callback Buffer Frame Size Requested: 1024
[2022.11.23-06.42.01:745][  0]LogAudioMixer: Display: 	Callback Buffer Frame Size To Use:	  1024
[2022.11.23-06.42.01:745][  0]LogAudioMixer: Display: 	Number of buffers to queue:			  2
[2022.11.23-06.42.01:745][  0]LogAudioMixer: Display: 	Max Channels (voices):				  32
[2022.11.23-06.42.01:745][  0]LogAudioMixer: Display: 	Number of Async Source Workers:		  0
[2022.11.23-06.42.01:745][  0]LogAudio: Display: AudioDevice MaxSources: 32
[2022.11.23-06.42.01:745][  0]LogAudio: Display: Audio Spatialization Plugin: None (built-in).
[2022.11.23-06.42.01:745][  0]LogAudio: Display: Audio Reverb Plugin: None (built-in).
[2022.11.23-06.42.01:745][  0]LogAudio: Display: Audio Occlusion Plugin: None (built-in).
[2022.11.23-06.42.01:745][  0]LogAudioMixer: Display: Initializing audio mixer.
[2022.11.23-06.42.01:833][  0]LogAudioMixer: Display: 0: FrontLeft
[2022.11.23-06.42.01:833][  0]LogAudioMixer: Display: 1: FrontRight
[2022.11.23-06.42.01:860][  0]LogAudioMixer: Display: Using Audio Device Speakers (Realtek(R) Audio)
[2022.11.23-06.42.01:867][  0]LogAudioMixer: Display: Initializing Sound Submixes...
[2022.11.23-06.42.01:868][  0]LogAudioMixer: Display: Creating Master Submix 'MasterSubmixDefault'
[2022.11.23-06.42.01:868][  0]LogAudioMixer: Display: Creating Master Submix 'MasterReverbSubmixDefault'
[2022.11.23-06.42.01:869][  0]LogAudioMixer: Display: Creating Master Submix 'MasterEQSubmixDefault'
[2022.11.23-06.42.01:869][  0]LogAudioMixer: FMixerPlatformXAudio2::StartAudioStream() called
[2022.11.23-06.42.01:869][  0]LogAudioMixer: Display: Output buffers initialized: Frames=1024, Channels=2, Samples=2048
[2022.11.23-06.42.01:870][  0]LogAudioMixer: Display: Starting AudioMixerPlatformInterface::RunInternal()
[2022.11.23-06.42.01:870][  0]LogAudioMixer: Display: FMixerPlatformXAudio2::SubmitBuffer() called for the first time
[2022.11.23-06.42.01:870][  0]LogInit: FAudioDevice initialized.
[2022.11.23-06.42.01:872][  0]LogNetVersion: Set ProjectVersion to 1.0.0.0. Version Checksum will be recalculated on next use.
[2022.11.23-06.42.01:872][  0]LogInit: Texture streaming: Enabled
[2022.11.23-06.42.01:925][  0]LogAudio: Display: Audio Device (ID: 1) registered with world 'Untitled'.
[2022.11.23-06.42.01:925][  0]LogSlate: Updating window title bar state: overlay mode, drag disabled, window buttons hidden, title bar hidden
[2022.11.23-06.42.01:925][  0]LogInit: Display: Game Engine Initialized.
[2022.11.23-06.42.01:926][  0]LogNiagaraEditor: GEditor isn't valid! Particle reset commands will not work for Niagara components!
[2022.11.23-06.42.02:024][  0]LogInit: Display: Starting Game.
[2022.11.23-06.42.02:024][  0]LogNet: Browse: /Game/StarterContent/Maps/My_level?Name=Player
[2022.11.23-06.42.02:025][  0]LogLoad: LoadMap: /Game/StarterContent/Maps/My_level?Name=Player
[2022.11.23-06.42.02:025][  0]LogWorld: BeginTearingDown for /Temp/Untitled_0
[2022.11.23-06.42.02:026][  0]LogWorld: UWorld::CleanupWorld for Untitled, bSessionEnded=true, bCleanupResources=true
[2022.11.23-06.42.02:026][  0]LogSlate: InvalidateAllWidgets triggered.  All widgets were invalidated
[2022.11.23-06.42.02:042][  0]LogAudio: Display: Audio Device unregistered from world 'None'.
[2022.11.23-06.42.02:045][  0]LogUObjectHash: Compacting FUObjectHashTables data took   0.79ms
[2022.11.23-06.42.02:231][  0]LogBlueprint: Warning: [AssetLog] C:\Users\Jarod\OneDrive\Desktop\Level-Design\Content\Custom_Blueprints\Puzzle_Elements\Sphere_Door.uasset: [Compiler] OnComponentBeginOverlap (Box)  does not have a valid matching component!
[2022.11.23-06.42.02:627][  0]LogSkeletalMesh: Display: [AssetLog] C:\Users\Jarod\OneDrive\Desktop\Level-Design\Content\Custom_Assets\Utility\Flag\Flag.uasset: Find and fix some bad tangent! please re-import this skeletal mesh asset to fix the issue. The shading of the skeletal mesh will be bad and faceted.
[2022.11.23-06.42.02:687][  0]LogSkeletalMesh: Display: [AssetLog] C:\Users\Jarod\OneDrive\Desktop\Level-Design\Content\Custom_Assets\Hazards\Bat\Model\Bat_Enemy.uasset: Find and fix some bad tangent! please re-import this skeletal mesh asset to fix the issue. The shading of the skeletal mesh will be bad and faceted.
[2022.11.23-06.42.02:756][  0]LogAudio: Display: Audio Device (ID: 1) registered with world 'My_level'.
[2022.11.23-06.42.02:762][  0]LogAIModule: Creating AISystem for world My_level
[2022.11.23-06.42.02:765][  0]LogLoad: Game class is 'SideScrollerGameMode_C'
[2022.11.23-06.42.02:813][  0]LogWorld: Bringing World /Game/StarterContent/Maps/My_level.My_level up for play (max tick rate 0) at 2022.11.23-01.42.02
[2022.11.23-06.42.02:814][  0]LogWorld: Bringing up level for play took: 0.048199
[2022.11.23-06.42.02:820][  0]LogLoad: Took 0.796106 seconds to LoadMap(/Game/StarterContent/Maps/My_level)
[2022.11.23-06.42.02:921][  0]LogSlate: Took 0.000172 seconds to synchronously load lazily loaded font '../../../Engine/Content/Slate/Fonts/Roboto-Regular.ttf' (155K)
[2022.11.23-06.42.02:976][  0]LogRenderer: Reallocating scene render targets to support 1280x720 Format 10 NumSamples 1 (Frame:1).
[2022.11.23-06.42.02:976][  0]LogInit: Display: Engine is initialized. Leaving FEngineLoop::Init()
[2022.11.23-06.42.02:976][  0]LogLoad: (Engine Initialization) Total time: 5.72 seconds
[2022.11.23-06.42.02:976][  0]LogLoad: (Engine Initialization) Total Blueprint compile time: 0.00 seconds
[2022.11.23-06.42.02:979][  0]LogContentStreaming: Texture pool size now 1000 MB
[2022.11.23-06.42.02:984][  0]LogSlate: InvalidateAllWidgets triggered.  All widgets were invalidated
[2022.11.23-06.42.03:031][  1]LogSlate: Took 0.000209 seconds to synchronously load lazily loaded font '../../../Engine/Content/Slate/Fonts/Roboto-Regular.ttf' (155K)
[2022.11.23-06.42.18:558][542]LogWindowsDesktop: Alt-F4 pressed!
[2022.11.23-06.42.18:569][542]LogSlate: Window 'SideScroller_V422_Fall2019 (64-bit Development PCD3D_SM5) ' being destroyed
[2022.11.23-06.42.18:571][542]LogWindowsTextInputMethodSystem: Display: IME system deactivated.
[2022.11.23-06.42.18:576][542]LogWindowsTextInputMethodSystem: Display: IME system deactivated.
[2022.11.23-06.42.18:578][542]LogSlate: Updating window title bar state: overlay mode, drag disabled, window buttons hidden, title bar hidden
[2022.11.23-06.42.18:578][542]LogEngine: All Windows Closed
[2022.11.23-06.42.18:578][542]LogWindows: FPlatformMisc::RequestExit(0)
[2022.11.23-06.42.18:578][542]LogWindows: FPlatformMisc::RequestExitWithStatus(0, 0)
[2022.11.23-06.42.18:578][542]LogCore: Engine exit requested (reason: Win RequestExit)
[2022.11.23-06.42.18:579][543]LogCore: Engine exit requested (reason: EngineExit() was called; note: exit was already requested)
[2022.11.23-06.42.18:579][543]LogInit: Display: PreExit Game.
[2022.11.23-06.42.18:591][543]LogWorld: BeginTearingDown for /Game/StarterContent/Maps/My_level
[2022.11.23-06.42.18:592][543]LogWorld: UWorld::CleanupWorld for My_level, bSessionEnded=true, bCleanupResources=true
[2022.11.23-06.42.18:597][543]LogSlate: InvalidateAllWidgets triggered.  All widgets were invalidated
[2022.11.23-06.42.18:656][543]LogAudio: Display: Beginning Audio Device Manager Shutdown (Module: AudioMixerXAudio2)...
[2022.11.23-06.42.18:656][543]LogAudio: Display: Destroying 1 Remaining Audio Device(s)...
[2022.11.23-06.42.18:656][543]LogAudio: Display: Audio Device unregistered from world 'My_level'.
[2022.11.23-06.42.18:658][543]LogAudioMixer: FMixerPlatformXAudio2::StopAudioStream() called
[2022.11.23-06.42.18:658][543]LogAudioMixer: FMixerPlatformXAudio2::StopAudioStream() called
[2022.11.23-06.42.18:664][543]LogAudio: Display: Audio Device Manager Shutdown
[2022.11.23-06.42.18:670][543]LogExit: Preparing to exit.
[2022.11.23-06.42.19:360][543]LogSlate: Updating window title bar state: overlay mode, drag disabled, window buttons hidden, title bar hidden
[2022.11.23-06.42.19:371][543]LogUObjectHash: Compacting FUObjectHashTables data took   1.42ms
[2022.11.23-06.42.19:392][543]LogMoviePlayer: Shutting down movie player
[2022.11.23-06.42.19:535][543]LogDemo: Cleaned up 0 splitscreen connections with owner deletion
[2022.11.23-06.42.19:541][543]LogExit: Game engine shut down
[2022.11.23-06.42.19:597][543]LogExit: Object subsystem successfully closed.
[2022.11.23-06.42.19:612][543]LogShaderCompilers: Display: === FShaderJobCache stats ===
[2022.11.23-06.42.19:612][543]LogShaderCompilers: Display: Total job queries 0, among them cache hits 0 (0.00%)
[2022.11.23-06.42.19:612][543]LogShaderCompilers: Display: Tracking 0 distinct input hashes that result in 0 distinct outputs (0.00%)
[2022.11.23-06.42.19:612][543]LogShaderCompilers: Display: RAM used: 0.00 MB (0.00 GB) of 819.20 MB (0.80 GB) budget. Usage: 0.00%
[2022.11.23-06.42.19:612][543]LogShaderCompilers: Display: ================================================
[2022.11.23-06.42.19:623][543]LogShaderCompilers: Display: Shaders left to compile 0
[2022.11.23-06.42.19:631][543]LogModuleManager: Shutting down and abandoning module SequenceRecorderSections (564)
[2022.11.23-06.42.19:631][543]LogModuleManager: Shutting down and abandoning module SequenceRecorder (562)
[2022.11.23-06.42.19:631][543]LogModuleManager: Shutting down and abandoning module AutomationController (560)
[2022.11.23-06.42.19:631][543]LogModuleManager: Shutting down and abandoning module AutomationWorker (558)
[2022.11.23-06.42.19:631][543]LogModuleManager: Shutting down and abandoning module Voice (556)
[2022.11.23-06.42.19:631][543]LogModuleManager: Shutting down and abandoning module AIModule (554)
[2022.11.23-06.42.19:631][543]LogModuleManager: Shutting down and abandoning module GameplayDebugger (553)
[2022.11.23-06.42.19:631][543]LogModuleManager: Shutting down and abandoning module AITestSuite (551)
[2022.11.23-06.42.19:631][543]LogModuleManager: Shutting down and abandoning module NavigationSystem (549)
[2022.11.23-06.42.19:631][543]LogModuleManager: Shutting down and abandoning module AnimGraph (546)
[2022.11.23-06.42.19:631][543]LogModuleManager: Shutting down and abandoning module SteamVREditor (544)
[2022.11.23-06.42.19:631][543]LogModuleManager: Shutting down and abandoning module ToolMenus (543)
[2022.11.23-06.42.19:631][543]LogModuleManager: Shutting down and abandoning module OculusMR (540)
[2022.11.23-06.42.19:631][543]LogModuleManager: Shutting down and abandoning module TakeRecorderSources (538)
[2022.11.23-06.42.19:631][543]LogModuleManager: Shutting down and abandoning module TakeRecorder (537)
[2022.11.23-06.42.19:631][543]LogModuleManager: Shutting down and abandoning module TakeTrackRecorders (534)
[2022.11.23-06.42.19:631][543]LogModuleManager: Shutting down and abandoning module TakesCore (532)
[2022.11.23-06.42.19:631][543]LogModuleManager: Shutting down and abandoning module OpenXRInput (530)
[2022.11.23-06.42.19:631][543]LogModuleManager: Shutting down and abandoning module WmfMediaFactory (528)
[2022.11.23-06.42.19:631][543]LogModuleManager: Shutting down and abandoning module WebMMediaFactory (526)
[2022.11.23-06.42.19:631][543]LogModuleManager: Shutting down and abandoning module WebMMedia (524)
[2022.11.23-06.42.19:631][543]LogModuleManager: Shutting down and abandoning module OpenExrWrapper (522)
[2022.11.23-06.42.19:631][543]LogModuleManager: Shutting down and abandoning module ImgMediaFactory (520)
[2022.11.23-06.42.19:631][543]LogModuleManager: Shutting down and abandoning module MagicLeapMediaCodecFactory (518)
[2022.11.23-06.42.19:631][543]LogModuleManager: Shutting down and abandoning module MagicLeapMediaFactory (516)
[2022.11.23-06.42.19:631][543]LogModuleManager: Shutting down and abandoning module AvfMediaFactory (514)
[2022.11.23-06.42.19:631][543]LogModuleManager: Shutting down and abandoning module PlanarCut (512)
[2022.11.23-06.42.19:631][543]LogModuleManager: Shutting down and abandoning module CharacterAI (510)
[2022.11.23-06.42.19:631][543]LogModuleManager: Shutting down and abandoning module SessionServices (508)
[2022.11.23-06.42.19:632][543]LogModuleManager: Shutting down and abandoning module MovieSceneCapture (506)
[2022.11.23-06.42.19:632][543]LogModuleManager: Shutting down and abandoning module LiveCoding (504)
[2022.11.23-06.42.19:632][543]LogModuleManager: Shutting down and abandoning module LevelSequence (502)
[2022.11.23-06.42.19:632][543]LogModuleManager: Shutting down and abandoning module MovieSceneTracks (500)
[2022.11.23-06.42.19:632][543]LogModuleManager: Shutting down and abandoning module MovieScene (498)
[2022.11.23-06.42.19:632][543]LogModuleManager: Shutting down and abandoning module StreamingPauseRendering (496)
[2022.11.23-06.42.19:632][543]LogModuleManager: Shutting down and abandoning module PortalServices (494)
[2022.11.23-06.42.19:632][543]LogModuleManager: Shutting down and abandoning module PortalRpc (492)
[2022.11.23-06.42.19:632][543]LogModuleManager: Shutting down and abandoning module MessagingRpc (490)
[2022.11.23-06.42.19:632][543]LogModuleManager: Shutting down and abandoning module AudioMixerXAudio2 (488)
[2022.11.23-06.42.19:632][543]LogModuleManager: Shutting down and abandoning module AudioMixerCore (487)
[2022.11.23-06.42.19:632][543]LogModuleManager: Shutting down and abandoning module ImageWriteQueue (484)
[2022.11.23-06.42.19:635][543]LogModuleManager: Shutting down and abandoning module ProfilerService (482)
[2022.11.23-06.42.19:636][543]LogModuleManager: Shutting down and abandoning module TaskGraph (480)
[2022.11.23-06.42.19:636][543]LogModuleManager: Shutting down and abandoning module OculusInput (478)
[2022.11.23-06.42.19:636][543]LogModuleManager: Shutting down and abandoning module Synthesis (476)
[2022.11.23-06.42.19:636][543]LogModuleManager: Shutting down and abandoning module TakeMovieScene (474)
[2022.11.23-06.42.19:636][543]LogModuleManager: Shutting down and abandoning module ProceduralMeshComponent (472)
[2022.11.23-06.42.19:636][543]LogModuleManager: Shutting down and abandoning module MobilePatchingUtils (470)
[2022.11.23-06.42.19:636][543]LogModuleManager: Shutting down and abandoning module GooglePAD (468)
[2022.11.23-06.42.19:636][543]LogModuleManager: Shutting down and abandoning module EditableMesh (466)
[2022.11.23-06.42.19:636][543]LogModuleManager: Shutting down and abandoning module CustomMeshComponent (464)
[2022.11.23-06.42.19:636][543]LogModuleManager: Shutting down and abandoning module CableComponent (462)
[2022.11.23-06.42.19:636][543]LogModuleManager: Shutting down and abandoning module ArchVisCharacter (460)
[2022.11.23-06.42.19:636][543]LogModuleManager: Shutting down and abandoning module AssetTags (458)
[2022.11.23-06.42.19:636][543]LogModuleManager: Shutting down and abandoning module AudioCapture (456)
[2022.11.23-06.42.19:636][543]LogModuleManager: Shutting down and abandoning module AudioCaptureRtAudio (455)
[2022.11.23-06.42.19:636][543]LogModuleManager: Shutting down and abandoning module AppleImageUtilsBlueprintSupport (452)
[2022.11.23-06.42.19:636][543]LogModuleManager: Shutting down and abandoning module AppleImageUtils (450)
[2022.11.23-06.42.19:636][543]LogModuleManager: Shutting down and abandoning module AndroidPermission (448)
[2022.11.23-06.42.19:636][543]LogModuleManager: Shutting down and abandoning module ActorLayerUtilities (446)
[2022.11.23-06.42.19:636][543]LogModuleManager: Shutting down and abandoning module TemplateSequence (444)
[2022.11.23-06.42.19:636][543]LogModuleManager: Shutting down and abandoning module MagicLeapSharedWorld (442)
[2022.11.23-06.42.19:636][543]LogModuleManager: Shutting down and abandoning module MediaCompositing (440)
[2022.11.23-06.42.19:636][543]LogModuleManager: Shutting down and abandoning module ImgMedia (438)
[2022.11.23-06.42.19:636][543]LogModuleManager: Shutting down and abandoning module MagicLeapLightEstimation (436)
[2022.11.23-06.42.19:636][543]LogModuleManager: Shutting down and abandoning module MeshConversion (434)
[2022.11.23-06.42.19:636][543]LogModuleManager: Shutting down and abandoning module DynamicMesh (432)
[2022.11.23-06.42.19:636][543]LogModuleManager: Shutting down and abandoning module GeometryAlgorithms (430)
[2022.11.23-06.42.19:636][543]LogModuleManager: Shutting down and abandoning module GeometricObjects (428)
[2022.11.23-06.42.19:636][543]LogModuleManager: Shutting down and abandoning module MagicLeapHelperVulkan (426)
[2022.11.23-06.42.19:636][543]LogModuleManager: Shutting down and abandoning module MagicLeapHelperOpenGL (424)
[2022.11.23-06.42.19:636][543]LogModuleManager: Shutting down and abandoning module MagicLeapAudio (422)
[2022.11.23-06.42.19:636][543]LogModuleManager: Shutting down and abandoning module OpenImageDenoise (420)
[2022.11.23-06.42.19:636][543]LogOpenImageDenoise: OIDN shutting down
[2022.11.23-06.42.19:636][543]LogModuleManager: Shutting down and abandoning module MotoSynth (418)
[2022.11.23-06.42.19:636][543]LogModuleManager: Shutting down and abandoning module GeometryCollectionTracks (416)
[2022.11.23-06.42.19:636][543]LogModuleManager: Shutting down and abandoning module GeometryCollectionSequencer (415)
[2022.11.23-06.42.19:636][543]LogModuleManager: Shutting down and abandoning module GeometryCacheTracks (412)
[2022.11.23-06.42.19:636][543]LogModuleManager: Shutting down and abandoning module GeometryCacheSequencer (411)
[2022.11.23-06.42.19:636][543]LogModuleManager: Shutting down and abandoning module GeometryCache (408)
[2022.11.23-06.42.19:636][543]LogModuleManager: Shutting down and abandoning module GeometryCacheEd (407)
[2022.11.23-06.42.19:636][543]LogModuleManager: Shutting down and abandoning module ChaosNiagara (404)
[2022.11.23-06.42.19:636][543]LogModuleManager: Shutting down and abandoning module FieldSystemEngine (403)
[2022.11.23-06.42.19:636][543]LogModuleManager: Shutting down and abandoning module BackChannel (400)
[2022.11.23-06.42.19:636][543]LogModuleManager: Shutting down and abandoning module AutomationUtils (398)
[2022.11.23-06.42.19:636][543]LogModuleManager: Shutting down and abandoning module VisualStudioCodeSourceCodeAccess (396)
[2022.11.23-06.42.19:636][543]LogModuleManager: Shutting down and abandoning module UObjectPlugin (394)
[2022.11.23-06.42.19:636][543]LogModuleManager: Shutting down and abandoning module VisualStudioSourceCodeAccess (392)
[2022.11.23-06.42.19:636][543]LogModuleManager: Shutting down and abandoning module HotReload (391)
[2022.11.23-06.42.19:636][543]LogModuleManager: Shutting down and abandoning module SubversionSourceControl (388)
[2022.11.23-06.42.19:637][543]LogModuleManager: Shutting down and abandoning module PerforceSourceControl (386)
[2022.11.23-06.42.19:637][543]LogModuleManager: Shutting down and abandoning module SourceControl (385)
[2022.11.23-06.42.19:637][543]LogModuleManager: Shutting down and abandoning module CLionSourceCodeAccess (382)
[2022.11.23-06.42.19:637][543]LogModuleManager: Shutting down and abandoning module OodleNetworkHandlerComponent (380)
[2022.11.23-06.42.19:637][543]LogModuleManager: Shutting down and abandoning module LiveLinkSequencer (378)
[2022.11.23-06.42.19:637][543]LogModuleManager: Shutting down and abandoning module LiveLinkMovieScene (376)
[2022.11.23-06.42.19:637][543]LogModuleManager: Shutting down and abandoning module LiveLinkGraphNode (374)
[2022.11.23-06.42.19:637][543]LogModuleManager: Shutting down and abandoning module LiveLinkComponents (372)
[2022.11.23-06.42.19:637][543]LogModuleManager: Shutting down and abandoning module LiveLink (370)
[2022.11.23-06.42.20:399][543]LogModuleManager: Shutting down and abandoning module EnvironmentQueryEditor (368)
[2022.11.23-06.42.20:399][543]LogModuleManager: Shutting down and abandoning module SoundFields (366)
[2022.11.23-06.42.20:399][543]LogModuleManager: Shutting down and abandoning module SignificanceManager (364)
[2022.11.23-06.42.20:399][543]LogModuleManager: Shutting down and abandoning module RuntimePhysXCooking (362)
[2022.11.23-06.42.20:399][543]LogModuleManager: Shutting down and abandoning module PropertyAccessEditor (360)
[2022.11.23-06.42.20:399][543]LogModuleManager: Shutting down and abandoning module PhysXVehiclesEditor (358)
[2022.11.23-06.42.20:399][543]LogModuleManager: Shutting down and abandoning module LocationServicesBPLibrary (354)
[2022.11.23-06.42.20:399][543]LogModuleManager: Shutting down and abandoning module AudioSynesthesia (352)
[2022.11.23-06.42.20:400][543]LogModuleManager: Shutting down and abandoning module AudioSynesthesiaCore (350)
[2022.11.23-06.42.20:400][543]LogModuleManager: Shutting down and abandoning module ApexDestructionEditor (348)
[2022.11.23-06.42.20:400][543]LogModuleManager: Shutting down and abandoning module ApexDestruction (346)
[2022.11.23-06.42.20:400][543]LogModuleManager: Shutting down and abandoning module ActorSequence (344)
[2022.11.23-06.42.20:400][543]LogModuleManager: Shutting down and abandoning module UdpMessaging (342)
[2022.11.23-06.42.20:501][543]LogModuleManager: Shutting down and abandoning module TcpMessaging (340)
[2022.11.23-06.42.20:602][543]LogModuleManager: Shutting down and abandoning module MagicLeapARPin (338)
[2022.11.23-06.42.20:602][543]LogModuleManager: Shutting down and abandoning module ImgMediaEngine (336)
[2022.11.23-06.42.20:602][543]LogModuleManager: Shutting down and abandoning module MagicLeapHandMeshing (334)
[2022.11.23-06.42.20:602][543]LogModuleManager: Shutting down and abandoning module MagicLeapSecureStorage (332)
[2022.11.23-06.42.20:602][543]LogModuleManager: Shutting down and abandoning module MagicLeapPrivileges (330)
[2022.11.23-06.42.20:602][543]LogModuleManager: Shutting down and abandoning module MagicLeapPlanes (328)
[2022.11.23-06.42.20:602][543]LogMagicLeapPlanes: Planes tracker already destroyed.
[2022.11.23-06.42.20:602][543]LogModuleManager: Shutting down and abandoning module MagicLeapImageTracker (326)
[2022.11.23-06.42.20:602][543]LogModuleManager: Shutting down and abandoning module MagicLeapIdentity (324)
[2022.11.23-06.42.20:602][543]LogModuleManager: Shutting down and abandoning module MagicLeapHandTracking (322)
[2022.11.23-06.42.20:602][543]LogModuleManager: Shutting down and abandoning module MagicLeapEyeTracker (320)
[2022.11.23-06.42.20:602][543]LogModuleManager: Shutting down and abandoning module MagicLeapController (318)
[2022.11.23-06.42.20:602][543]LogModuleManager: Shutting down and abandoning module MagicLeapARPinImpl (316)
[2022.11.23-06.42.20:602][543]LogModuleManager: Shutting down and abandoning module MagicLeapAR (314)
[2022.11.23-06.42.20:602][543]LogModuleManager: Shutting down and abandoning module PythonScriptPlugin (312)
[2022.11.23-06.42.20:602][543]LogModuleManager: Shutting down and abandoning module NiagaraAnimNotifies (310)
[2022.11.23-06.42.20:602][543]LogModuleManager: Shutting down and abandoning module Niagara (308)
[2022.11.23-06.42.20:602][543]LogModuleManager: Shutting down and abandoning module SignalProcessing (307)
[2022.11.23-06.42.20:602][543]LogModuleManager: Shutting down and abandoning module NiagaraEditor (305)
[2022.11.23-06.42.20:602][543]LogModuleManager: Shutting down and abandoning module ContentBrowser (304)
[2022.11.23-06.42.20:602][543]LogModuleManager: Shutting down and abandoning module CollectionManager (303)
[2022.11.23-06.42.20:603][543]LogModuleManager: Shutting down and abandoning module DirectoryWatcher (302)
[2022.11.23-06.42.20:603][543]LogModuleManager: Shutting down and abandoning module ContentBrowserData (299)
[2022.11.23-06.42.20:603][543]LogModuleManager: Shutting down and abandoning module NiagaraCore (294)
[2022.11.23-06.42.20:603][543]LogModuleManager: Shutting down and abandoning module GameplayTagsEditor (292)
[2022.11.23-06.42.20:603][543]LogModuleManager: Shutting down and abandoning module FacialAnimation (290)
[2022.11.23-06.42.20:603][543]LogModuleManager: Shutting down and abandoning module AssetManagerEditor (288)
[2022.11.23-06.42.20:603][543]LogModuleManager: Shutting down and abandoning module TreeMap (287)
[2022.11.23-06.42.20:603][543]LogModuleManager: Shutting down and abandoning module PropertyAccessNode (284)
[2022.11.23-06.42.20:603][543]LogModuleManager: Shutting down and abandoning module AnimationSharing (282)
[2022.11.23-06.42.20:603][543]LogModuleManager: Shutting down and abandoning module LightPropagationVolumeRuntime (280)
[2022.11.23-06.42.20:603][543]LogModuleManager: Shutting down and abandoning module GameplayCameras (278)
[2022.11.23-06.42.20:603][543]LogModuleManager: Shutting down and abandoning module Paper2D (276)
[2022.11.23-06.42.20:603][543]LogModuleManager: Shutting down and abandoning module WindowsMoviePlayer (274)
[2022.11.23-06.42.20:604][543]LogModuleManager: Shutting down and abandoning module WebMMoviePlayer (272)
[2022.11.23-06.42.20:604][543]LogModuleManager: Shutting down and abandoning module NetworkReplayStreaming (270)
[2022.11.23-06.42.20:604][543]LogModuleManager: Shutting down and abandoning module PacketHandler (268)
[2022.11.23-06.42.20:604][543]LogModuleManager: Shutting down and abandoning module ClothingSystemEditor (266)
[2022.11.23-06.42.20:604][543]LogModuleManager: Shutting down and abandoning module ClothingSystemRuntimeNv (264)
[2022.11.23-06.42.20:604][543]LogModuleManager: Shutting down and abandoning module MediaAssets (262)
[2022.11.23-06.42.20:604][543]LogModuleManager: Shutting down and abandoning module Overlay (260)
[2022.11.23-06.42.20:604][543]LogModuleManager: Shutting down and abandoning module OverlayEditor (259)
[2022.11.23-06.42.20:604][543]LogModuleManager: Shutting down and abandoning module VREditor (256)
[2022.11.23-06.42.20:604][543]LogModuleManager: Shutting down and abandoning module StringTableEditor (254)
[2022.11.23-06.42.20:604][543]LogModuleManager: Shutting down and abandoning module GameplayTasksEditor (252)
[2022.11.23-06.42.20:604][543]LogModuleManager: Shutting down and abandoning module BehaviorTreeEditor (250)
[2022.11.23-06.42.20:604][543]LogModuleManager: Shutting down and abandoning module FunctionalTesting (248)
[2022.11.23-06.42.20:604][543]LogModuleManager: Shutting down and abandoning module CollisionAnalyzer (246)
[2022.11.23-06.42.20:604][543]LogModuleManager: Shutting down and abandoning module WorkspaceMenuStructure (245)
[2022.11.23-06.42.20:604][543]LogModuleManager: Shutting down and abandoning module UMG (242)
[2022.11.23-06.42.20:604][543]LogModuleManager: Shutting down and abandoning module UMGEditor (241)
[2022.11.23-06.42.20:604][543]LogModuleManager: Shutting down and abandoning module Sequencer (240)
[2022.11.23-06.42.20:604][543]LogModuleManager: Shutting down and abandoning module MessageLog (237)
[2022.11.23-06.42.20:604][543]LogModuleManager: Shutting down and abandoning module SlateReflector (232)
[2022.11.23-06.42.20:604][543]LogModuleManager: Shutting down and abandoning module Slate (230)
[2022.11.23-06.42.20:604][543]LogModuleManager: Shutting down and abandoning module SlateCore (228)
[2022.11.23-06.42.20:605][543]LogModuleManager: Shutting down and abandoning module LandscapeEditorUtilities (226)
[2022.11.23-06.42.20:605][543]LogModuleManager: Shutting down and abandoning module UnrealEd (224)
[2022.11.23-06.42.20:605][543]LogModuleManager: Shutting down and abandoning module MRMesh (222)
[2022.11.23-06.42.20:605][543]LogModuleManager: Shutting down and abandoning module Messaging (220)
[2022.11.23-06.42.20:605][543]LogModuleManager: Shutting down and abandoning module SourceCodeAccess (218)
[2022.11.23-06.42.20:605][543]LogModuleManager: Shutting down and abandoning module HeadMountedDisplay (216)
[2022.11.23-06.42.20:605][543]LogModuleManager: Shutting down and abandoning module XAudio2 (214)
[2022.11.23-06.42.20:605][543]LogModuleManager: Shutting down and abandoning module Networking (212)
[2022.11.23-06.42.20:605][543]LogModuleManager: Shutting down and abandoning module Core (210)
[2022.11.23-06.42.20:605][543]LogModuleManager: Shutting down and abandoning module MaterialEditor (208)
[2022.11.23-06.42.20:605][543]LogModuleManager: Shutting down and abandoning module MovieSceneTools (206)
[2022.11.23-06.42.20:605][543]LogModuleManager: Shutting down and abandoning module EditorStyle (205)
[2022.11.23-06.42.20:606][543]LogModuleManager: Shutting down and abandoning module KismetCompiler (202)
[2022.11.23-06.42.20:606][543]LogModuleManager: Shutting down and abandoning module MeshBuilder (200)
[2022.11.23-06.42.20:606][543]LogModuleManager: Shutting down and abandoning module MeshUtilities (198)
[2022.11.23-06.42.20:606][543]LogModuleManager: Shutting down and abandoning module MeshMergeUtilities (197)
[2022.11.23-06.42.20:606][543]LogModuleManager: Shutting down and abandoning module MeshReductionInterface (196)
[2022.11.23-06.42.20:606][543]LogModuleManager: Shutting down and abandoning module MeshBoneReduction (195)
[2022.11.23-06.42.20:606][543]LogModuleManager: Shutting down and abandoning module SkeletalMeshReduction (193)
[2022.11.23-06.42.20:606][543]LogModuleManager: Shutting down and abandoning module ProxyLODMeshReduction (191)
[2022.11.23-06.42.20:606][543]LogModuleManager: Shutting down and abandoning module QuadricMeshReduction (189)
[2022.11.23-06.42.20:606][543]LogModuleManager: Shutting down and abandoning module MaterialBaking (185)
[2022.11.23-06.42.20:606][543]LogModuleManager: Shutting down and abandoning module NullInstallBundleManager (180)
[2022.11.23-06.42.20:606][543]LogModuleManager: Shutting down and abandoning module PIEPreviewDeviceProfileSelector (178)
[2022.11.23-06.42.20:606][543]LogModuleManager: Shutting down and abandoning module DerivedDataCache (176)
[2022.11.23-06.42.20:607][543]LogModuleManager: Shutting down and abandoning module TargetPlatform (174)
[2022.11.23-06.42.20:607][543]LogModuleManager: Shutting down and abandoning module VulkanShaderFormat (173)
[2022.11.23-06.42.20:607][543]LogModuleManager: Shutting down and abandoning module ShaderFormatVectorVM (171)
[2022.11.23-06.42.20:607][543]LogModuleManager: Shutting down and abandoning module ShaderFormatOpenGL (169)
[2022.11.23-06.42.20:607][543]LogModuleManager: Shutting down and abandoning module ShaderFormatD3D (167)
[2022.11.23-06.42.20:607][543]LogModuleManager: Shutting down and abandoning module MetalShaderFormat (165)
[2022.11.23-06.42.20:607][543]LogModuleManager: Shutting down and abandoning module TextureFormatOodle (163)
[2022.11.23-06.42.20:607][543]LogModuleManager: Shutting down and abandoning module TextureFormatUncompressed (161)
[2022.11.23-06.42.20:607][543]LogModuleManager: Shutting down and abandoning module TextureFormatPVR (159)
[2022.11.23-06.42.20:607][543]LogModuleManager: Shutting down and abandoning module TextureFormatETC2 (157)
[2022.11.23-06.42.20:607][543]LogModuleManager: Shutting down and abandoning module TextureFormatDXT (155)
[2022.11.23-06.42.20:607][543]LogModuleManager: Shutting down and abandoning module TextureFormatIntelISPCTexComp (153)
[2022.11.23-06.42.20:607][543]LogModuleManager: Shutting down and abandoning module TextureFormatASTC (151)
[2022.11.23-06.42.20:607][543]LogModuleManager: Shutting down and abandoning module ImageWrapper (150)
[2022.11.23-06.42.20:607][543]LogModuleManager: Shutting down and abandoning module AudioFormatOpus (147)
[2022.11.23-06.42.20:607][543]LogModuleManager: Shutting down and abandoning module AudioFormatOgg (145)
[2022.11.23-06.42.20:607][543]LogModuleManager: Shutting down and abandoning module AudioFormatADPCM (143)
[2022.11.23-06.42.20:607][543]LogModuleManager: Shutting down and abandoning module WindowsServerTargetPlatform (141)
[2022.11.23-06.42.20:607][543]LogModuleManager: Shutting down and abandoning module WindowsClientTargetPlatform (139)
[2022.11.23-06.42.20:607][543]LogModuleManager: Shutting down and abandoning module WindowsTargetPlatform (137)
[2022.11.23-06.42.20:607][543]LogModuleManager: Shutting down and abandoning module WindowsNoEditorTargetPlatform (135)
[2022.11.23-06.42.20:607][543]LogModuleManager: Shutting down and abandoning module D3D11RHI (132)
[2022.11.23-06.42.20:607][543]LogModuleManager: Shutting down and abandoning module InputCore (130)
[2022.11.23-06.42.20:607][543]LogModuleManager: Shutting down and abandoning module Settings (128)
[2022.11.23-06.42.20:607][543]LogModuleManager: Shutting down and abandoning module PhysXCooking (126)
[2022.11.23-06.42.20:607][543]LogModuleManager: Shutting down and abandoning module Chaos (124)
[2022.11.23-06.42.20:607][543]LogModuleManager: Shutting down and abandoning module WindowsPlatformFeatures (122)
[2022.11.23-06.42.20:607][543]LogModuleManager: Shutting down and abandoning module GameplayMediaEncoder (121)
[2022.11.23-06.42.20:607][543]LogModuleManager: Shutting down and abandoning module AVEncoder (120)
[2022.11.23-06.42.20:607][543]LogModuleManager: Shutting down and abandoning module SteamVRInputDevice (116)
[2022.11.23-06.42.20:607][543]LogModuleManager: Shutting down and abandoning module SteamVRInput (114)
[2022.11.23-06.42.20:607][543]LogModuleManager: Shutting down and abandoning module SteamVR (112)
[2022.11.23-06.42.20:607][543]LogHMD: Freeing OpenVRDLLHandle.
[2022.11.23-06.42.20:607][543]LogModuleManager: Shutting down and abandoning module OculusHMD (110)
[2022.11.23-06.42.20:607][543]LogModuleManager: Shutting down and abandoning module OpenXRHandTracking (108)
[2022.11.23-06.42.20:607][543]LogSlate: Slate User Destroyed.  User Index 0, Is Virtual User: 0
[2022.11.23-06.42.20:607][543]LogModuleManager: Shutting down and abandoning module OpenXREyeTracker (106)
[2022.11.23-06.42.20:607][543]LogModuleManager: Shutting down and abandoning module OpenXRAR (104)
[2022.11.23-06.42.20:607][543]LogModuleManager: Shutting down and abandoning module AugmentedReality (103)
[2022.11.23-06.42.20:607][543]LogModuleManager: Shutting down and abandoning module OpenXRHMD (100)
[2022.11.23-06.42.20:607][543]LogModuleManager: Shutting down and abandoning module ExampleDeviceProfileSelector (98)
[2022.11.23-06.42.20:608][543]LogModuleManager: Shutting down and abandoning module ChunkDownloader (96)
[2022.11.23-06.42.20:608][543]LogModuleManager: Shutting down and abandoning module LauncherChunkInstaller (94)
[2022.11.23-06.42.20:608][543]LogModuleManager: Shutting down and abandoning module OnlineBlueprintSupport (92)
[2022.11.23-06.42.20:608][543]LogModuleManager: Shutting down and abandoning module OnlineSubsystem (88)
[2022.11.23-06.42.20:609][543]LogModuleManager: Shutting down and abandoning module XMPP (83)
[2022.11.23-06.42.20:609][543]LogModuleManager: Shutting down and abandoning module WebSockets (82)
[2022.11.23-06.42.20:619][543]LogModuleManager: Shutting down and abandoning module HTTP (79)
[2022.11.23-06.42.20:619][543]LogHttp: Display: cleaning up 0 outstanding Http requests.
[2022.11.23-06.42.20:625][543]LogModuleManager: Shutting down and abandoning module SSL (78)
[2022.11.23-06.42.20:626][543]LogModuleManager: Shutting down and abandoning module WmfMedia (74)
[2022.11.23-06.42.20:628][543]LogModuleManager: Shutting down and abandoning module Media (73)
[2022.11.23-06.42.20:629][543]LogModuleManager: Shutting down and abandoning module MediaInfo (72)
[2022.11.23-06.42.20:629][543]LogModuleManager: Shutting down and abandoning module MLSDK (68)
[2022.11.23-06.42.20:629][543]LogModuleManager: Shutting down and abandoning module ExrReaderGpu (66)
[2022.11.23-06.42.20:629][543]LogModuleManager: Shutting down and abandoning module MagicLeap (64)
[2022.11.23-06.42.20:629][543]LogModuleManager: Shutting down and abandoning module NiagaraVertexFactories (62)
[2022.11.23-06.42.20:629][543]LogModuleManager: Shutting down and abandoning module NiagaraShader (60)
[2022.11.23-06.42.20:629][543]LogModuleManager: Shutting down and abandoning module ChaosCloth (58)
[2022.11.23-06.42.20:629][543]LogModuleManager: Shutting down and abandoning module VariantManagerContent (56)
[2022.11.23-06.42.20:629][543]LogModuleManager: Shutting down and abandoning module DatasmithContent (54)
[2022.11.23-06.42.20:630][543]LogModuleManager: Shutting down and abandoning module PixWinPlugin (52)
[2022.11.23-06.42.20:630][543]LogModuleManager: Shutting down and abandoning module AISupportModule (50)
[2022.11.23-06.42.20:630][543]LogModuleManager: Shutting down and abandoning module DesktopPlatform (48)
[2022.11.23-06.42.20:630][543]LogModuleManager: Shutting down and abandoning module PlatformCryptoOpenSSL (46)
[2022.11.23-06.42.20:630][543]LogModuleManager: Shutting down and abandoning module PlatformCryptoTypes (44)
[2022.11.23-06.42.20:630][543]LogModuleManager: Shutting down and abandoning module PlatformCrypto (42)
[2022.11.23-06.42.20:630][543]LogModuleManager: Shutting down and abandoning module PythonScriptPluginPreload (40)
[2022.11.23-06.42.20:630][543]LogModuleManager: Shutting down and abandoning module OodleDataCompressionFormat (38)
[2022.11.23-06.42.20:630][543]LogModuleManager: Shutting down and abandoning module XGEController (36)
[2022.11.23-06.42.20:630][543]LogModuleManager: Shutting down and abandoning module AnimationModifiers (34)
[2022.11.23-06.42.20:630][543]LogModuleManager: Shutting down and abandoning module AudioEditor (32)
[2022.11.23-06.42.20:630][543]LogModuleManager: Shutting down and abandoning module PropertyEditor (31)
[2022.11.23-06.42.20:630][543]LogModuleManager: Shutting down and abandoning module TextureCompressor (28)
[2022.11.23-06.42.20:630][543]LogModuleManager: Shutting down and abandoning module RenderCore (26)
[2022.11.23-06.42.20:630][543]LogModuleManager: Shutting down and abandoning module Landscape (24)
[2022.11.23-06.42.20:630][543]LogModuleManager: Shutting down and abandoning module SlateRHIRenderer (22)
[2022.11.23-06.42.20:630][543]LogModuleManager: Shutting down and abandoning module AnimGraphRuntime (20)
[2022.11.23-06.42.20:630][543]LogModuleManager: Shutting down and abandoning module Renderer (18)
[2022.11.23-06.42.20:630][543]LogModuleManager: Shutting down and abandoning module Engine (16)
[2022.11.23-06.42.20:630][543]LogModuleManager: Shutting down and abandoning module CoreUObject (14)
[2022.11.23-06.42.20:630][543]LogModuleManager: Shutting down and abandoning module NetworkFile (12)
[2022.11.23-06.42.20:630][543]LogModuleManager: Shutting down and abandoning module CookedIterativeFile (10)
[2022.11.23-06.42.20:630][543]LogModuleManager: Shutting down and abandoning module StreamingFile (8)
[2022.11.23-06.42.20:630][543]LogModuleManager: Shutting down and abandoning module SandboxFile (6)
[2022.11.23-06.42.20:630][543]LogModuleManager: Shutting down and abandoning module PakFile (4)
[2022.11.23-06.42.20:630][543]LogModuleManager: Shutting down and abandoning module RSA (3)
[2022.11.23-06.42.20:761][543]LogContentStreaming: Display: There are 1 unreleased StreamingManagers
[2022.11.23-06.42.20:773][543]LogD3D11RHI: Shutdown
[2022.11.23-06.42.20:773][543]LogD3D11RHI: CleanupD3DDevice
[2022.11.23-06.42.20:775][543]LogExit: Exiting.
[2022.11.23-06.42.20:785][543]Log file closed, 11/23/22 01:42:20
