Log file open, 11/22/22 23:24:41
LogWindows: Failed to load 'aqProf.dll' (GetLastError=126)
LogWindows: File 'aqProf.dll' does not exist
LogWindows: Failed to load 'VtuneApi.dll' (GetLastError=126)
LogWindows: File 'VtuneApi.dll' does not exist
LogWindows: Failed to load 'VtuneApi32e.dll' (GetLastError=126)
LogWindows: File 'VtuneApi32e.dll' does not exist
LogConsoleResponse: Display: Failed to find resolution value strings in scalability ini. Falling back to default.
LogConsoleResponse: Display: Failed to find resolution value strings in scalability ini. Falling back to default.
LogInit: Display: Running engine for game: SideScroller_V422_Fall2019
LogPlatformFile: Not using cached read wrapper
LogTaskGraph: Started task graph with 5 named threads and 47 total threads with 3 sets of task threads.
LogStats: Stats thread started at 0.251524
LogICUInternationalization: ICU TimeZone Detection - Raw Offset: -5:00, Platform Override: ''
LogInit: Display: Loading text-based GConfig....
LogPluginManager: Mounting plugin MeshPainting
LogPluginManager: Mounting plugin XGEController
LogPluginManager: Mounting plugin AISupport
LogPluginManager: Mounting plugin EnvironmentQueryEditor
LogPluginManager: Mounting plugin Paper2D
LogPluginManager: Mounting plugin CameraShakePreviewer
LogPluginManager: Mounting plugin GameplayCameras
LogPluginManager: Mounting plugin CodeLiteSourceCodeAccess
LogPluginManager: Mounting plugin CLionSourceCodeAccess
LogPluginManager: Mounting plugin GitSourceControl
LogPluginManager: Mounting plugin NullSourceCodeAccess
LogPluginManager: Mounting plugin LightPropagationVolume
LogPluginManager: Mounting plugin KDevelopSourceCodeAccess
LogPluginManager: Mounting plugin AnimationSharing
LogPluginManager: Mounting plugin PerforceSourceControl
LogPluginManager: Mounting plugin PlasticSourceControl
LogPluginManager: Mounting plugin PluginUtils
LogPluginManager: Mounting plugin PixWinPlugin
LogPluginManager: Mounting plugin PropertyAccessNode
LogPluginManager: Mounting plugin RiderSourceCodeAccess
LogPluginManager: Mounting plugin TextureFormatOodle
LogPluginManager: Mounting plugin SubversionSourceControl
LogPluginManager: Mounting plugin XCodeSourceCodeAccess
LogPluginManager: Mounting plugin UObjectPlugin
LogPluginManager: Mounting plugin VisualStudioSourceCodeAccess
LogPluginManager: Mounting plugin VisualStudioCodeSourceCodeAccess
LogPluginManager: Mounting plugin AssetManagerEditor
LogPluginManager: Mounting plugin LiveLink
LogPluginManager: Mounting plugin OodleData
LogPluginManager: Mounting plugin DatasmithContent
LogPluginManager: Mounting plugin VariantManagerContent
LogPluginManager: Mounting plugin Niagara
LogPluginManager: Mounting plugin AndroidMedia
LogPluginManager: Mounting plugin AvfMedia
LogPluginManager: Mounting plugin OodleNetwork
LogPluginManager: Mounting plugin ImgMedia
LogPluginManager: Mounting plugin MediaCompositing
LogPluginManager: Mounting plugin MediaPlayerEditor
LogPluginManager: Mounting plugin WebMMedia
LogPluginManager: Mounting plugin LuminPlatformFeatures
LogPluginManager: Mounting plugin WmfMedia
LogPluginManager: Mounting plugin MagicLeapLightEstimation
LogPluginManager: Mounting plugin MagicLeapPassableWorld
LogPluginManager: Mounting plugin MagicLeapMedia
LogPluginManager: Mounting plugin TcpMessaging
LogPluginManager: Mounting plugin ActorSequence
LogPluginManager: Mounting plugin UdpMessaging
LogPluginManager: Mounting plugin MatineeToLevelSequence
LogPluginManager: Mounting plugin MLSDK
LogPluginManager: Mounting plugin LevelSequenceEditor
LogPluginManager: Mounting plugin TemplateSequence
LogPluginManager: Mounting plugin LauncherChunkInstaller
LogPluginManager: Mounting plugin OnlineSubsystem
LogPluginManager: Mounting plugin OnlineSubsystemNull
LogPluginManager: Mounting plugin OnlineSubsystemUtils
LogPluginManager: Mounting plugin ScreenshotTools
LogPluginManager: Mounting plugin MagicLeap
LogPluginManager: Mounting plugin AlembicImporter
LogPluginManager: Mounting plugin BackChannel
LogPluginManager: Mounting plugin AutomationUtils
LogPluginManager: Mounting plugin ChaosEditor
LogPluginManager: Mounting plugin ChaosClothEditor
LogPluginManager: Mounting plugin ChaosCloth
LogPluginManager: Mounting plugin ChaosSolverPlugin
LogPluginManager: Mounting plugin ChaosNiagara
LogPluginManager: Mounting plugin CharacterAI
LogPluginManager: Mounting plugin AndroidDeviceProfileSelector
LogPluginManager: Mounting plugin AndroidMoviePlayer
LogPluginManager: Mounting plugin ActorLayerUtilities
LogPluginManager: Mounting plugin AndroidPermission
LogPluginManager: Mounting plugin ApexDestruction
LogPluginManager: Mounting plugin AppleImageUtils
LogPluginManager: Mounting plugin GeometryCache
LogPluginManager: Mounting plugin AssetTags
LogPluginManager: Mounting plugin AppleMoviePlayer
LogPluginManager: Mounting plugin ArchVisCharacter
LogPluginManager: Mounting plugin GeometryCollectionPlugin
LogPluginManager: Mounting plugin AudioCapture
LogPluginManager: Mounting plugin ChunkDownloader
LogPluginManager: Mounting plugin Takes
LogPluginManager: Mounting plugin CableComponent
LogPluginManager: Mounting plugin AudioSynesthesia
LogPluginManager: Mounting plugin ExampleDeviceProfileSelector
LogPluginManager: Mounting plugin CustomMeshComponent
LogPluginManager: Mounting plugin EditableMesh
LogPluginManager: Mounting plugin GeometryProcessing
LogPluginManager: Mounting plugin MotoSynth
LogPluginManager: Mounting plugin OpenImageDenoise
LogPluginManager: Mounting plugin PlatformCrypto
LogPluginManager: Mounting plugin PlanarCut
LogPluginManager: Mounting plugin ProxyLODPlugin
LogPluginManager: Mounting plugin PythonScriptPlugin
LogPluginManager: Mounting plugin IOSDeviceProfileSelector
LogPluginManager: Mounting plugin GoogleCloudMessaging
LogPluginManager: Mounting plugin SkeletalReduction
LogPluginManager: Mounting plugin LocationServicesBPLibrary
LogPluginManager: Mounting plugin MobilePatchingUtils
LogPluginManager: Mounting plugin LinuxDeviceProfileSelector
LogPluginManager: Mounting plugin OpenXR
LogPluginManager: Mounting plugin OpenXREyeTracker
LogPluginManager: Mounting plugin OpenXRHandTracking
LogPluginManager: Mounting plugin GooglePAD
LogPluginManager: Mounting plugin PhysXVehicles
LogPluginManager: Mounting plugin PostSplashScreen
LogPluginManager: Mounting plugin ProceduralMeshComponent
LogPluginManager: Mounting plugin SignificanceManager
LogPluginManager: Mounting plugin RuntimePhysXCooking
LogPluginManager: Mounting plugin SoundFields
LogPluginManager: Mounting plugin PropertyAccessEditor
LogPluginManager: Mounting plugin Synthesis
LogPluginManager: Mounting plugin WebMMoviePlayer
LogPluginManager: Mounting plugin WindowsMoviePlayer
LogPluginManager: Mounting plugin CurveEditorTools
LogPluginManager: Mounting plugin CryptoKeys
LogPluginManager: Mounting plugin MacGraphicsSwitching
LogPluginManager: Mounting plugin GameplayTagsEditor
LogPluginManager: Mounting plugin DataValidation
LogPluginManager: Mounting plugin FacialAnimation
LogPluginManager: Mounting plugin MobileLauncherProfileWizard
LogPluginManager: Mounting plugin PluginBrowser
LogPluginManager: Mounting plugin GeometryMode
LogPluginManager: Mounting plugin MaterialAnalyzer
LogPluginManager: Mounting plugin SpeedTreeImporter
LogPluginManager: Mounting plugin OnlineSubsystemIOS
LogPluginManager: Mounting plugin OnlineSubsystemGooglePlay
LogPluginManager: Mounting plugin OculusVR
LogPluginManager: Mounting plugin ContentBrowserAssetDataSource
LogPluginManager: Mounting plugin ContentBrowserClassDataSource
LogPluginManager: Mounting plugin SteamVR
LogPluginManager: Mounting plugin ContentBrowserFileDataSource
PixWinPlugin: PIX capture plugin failed to initialize! Check that the process is launched from PIX.
LogInit: Using libcurl 7.55.1-DEV
LogInit:  - built for x86_64-pc-win32
LogInit:  - supports SSL with OpenSSL/1.1.1
LogInit:  - supports HTTP deflate (compression) using libz 1.2.8
LogInit:  - other features:
LogInit:      CURL_VERSION_SSL
LogInit:      CURL_VERSION_LIBZ
LogInit:      CURL_VERSION_IPV6
LogInit:      CURL_VERSION_ASYNCHDNS
LogInit:      CURL_VERSION_LARGEFILE
LogInit:      CURL_VERSION_IDN
LogInit:  CurlRequestOptions (configurable via config and command line):
LogInit:  - bVerifyPeer = true  - Libcurl will verify peer certificate
LogInit:  - bUseHttpProxy = false  - Libcurl will NOT use HTTP proxy
LogInit:  - bDontReuseConnections = false  - Libcurl will reuse connections
LogInit:  - MaxHostConnections = 16  - Libcurl will limit the number of connections to a host
LogInit:  - LocalHostAddr = Default
LogInit:  - BufferSize = 65536
LogOnline: OSS: Creating online subsystem instance for: NULL
LogInit: WinSock: version 1.1 (2.2), MaxSocks=32767, MaxUdp=65467
LogOnline: OSS: TryLoadSubsystemAndSetDefault: Loaded subsystem for module [NULL]
LogOculusPluginWrapper: OculusPlugin initialized successfully
LogHMD: Failed initializing OVRPlugin 1.59.0
LogInit: Build: ++UE4+Release-4.27-CL-18319896
LogInit: Engine Version: 4.27.2-18319896+++UE4+Release-4.27
LogInit: Compatible Engine Version: 4.27.0-17155196+++UE4+Release-4.27
LogInit: Net CL: 17155196
LogInit: OS: Windows 10 (Release 2009) (), CPU: AMD Ryzen 7 3700X 8-Core Processor             , GPU: NVIDIA GeForce GTX 1660 Ti
LogInit: Compiled (64-bit): Nov 30 2021 07:12:08
LogInit: Compiled with Visual C++: 19.24.28315.00
LogInit: Build Configuration: Development
LogInit: Branch Name: ++UE4+Release-4.27
LogInit: Command Line:  /Game/StarterContent/Maps/My_level -game -PIEVIACONSOLE -Multiprocess GameUserSettingsINI=C:/Users/Jarod/OneDrive/Desktop/Level-Design/Saved/Config/Windows/PIEGameUserSettings0.ini -MultiprocessSaveConfig -forcepassthrough -messaging -SessionName="Play in Standalone Game" -windowed -WinX=315 -WinY=167 SAVEWINPOS=1 -ResX=1280 -ResY=720
LogInit: Base Directory: E:/Program Files(x86)/Epic Games/UE_4.27/Engine/Binaries/Win64/
LogInit: Allocator: TBB
LogInit: Installed Engine Build: 1
LogDevObjectVersion: Number of dev versions registered: 29
LogDevObjectVersion:   Dev-Blueprints (B0D832E4-1F89-4F0D-ACCF-7EB736FD4AA2): 10
LogDevObjectVersion:   Dev-Build (E1C64328-A22C-4D53-A36C-8E866417BD8C): 0
LogDevObjectVersion:   Dev-Core (375EC13C-06E4-48FB-B500-84F0262A717E): 4
LogDevObjectVersion:   Dev-Editor (E4B068ED-F494-42E9-A231-DA0B2E46BB41): 40
LogDevObjectVersion:   Dev-Framework (CFFC743F-43B0-4480-9391-14DF171D2073): 37
LogDevObjectVersion:   Dev-Mobile (B02B49B5-BB20-44E9-A304-32B752E40360): 3
LogDevObjectVersion:   Dev-Networking (A4E4105C-59A1-49B5-A7C5-40C4547EDFEE): 0
LogDevObjectVersion:   Dev-Online (39C831C9-5AE6-47DC-9A44-9C173E1C8E7C): 0
LogDevObjectVersion:   Dev-Physics (78F01B33-EBEA-4F98-B9B4-84EACCB95AA2): 14
LogDevObjectVersion:   Dev-Platform (6631380F-2D4D-43E0-8009-CF276956A95A): 0
LogDevObjectVersion:   Dev-Rendering (12F88B9F-8875-4AFC-A67C-D90C383ABD29): 45
LogDevObjectVersion:   Dev-Sequencer (7B5AE74C-D270-4C10-A958-57980B212A5A): 13
LogDevObjectVersion:   Dev-VR (D7296918-1DD6-4BDD-9DE2-64A83CC13884): 3
LogDevObjectVersion:   Dev-LoadTimes (C2A15278-BFE7-4AFE-6C17-90FF531DF755): 1
LogDevObjectVersion:   Private-Geometry (6EACA3D4-40EC-4CC1-B786-8BED09428FC5): 3
LogDevObjectVersion:   Dev-AnimPhys (29E575DD-E0A3-4627-9D10-D276232CDCEA): 17
LogDevObjectVersion:   Dev-Anim (AF43A65D-7FD3-4947-9873-3E8ED9C1BB05): 15
LogDevObjectVersion:   Dev-ReflectionCapture (6B266CEC-1EC7-4B8F-A30B-E4D90942FC07): 1
LogDevObjectVersion:   Dev-Automation (0DF73D61-A23F-47EA-B727-89E90C41499A): 1
LogDevObjectVersion:   FortniteMain (601D1886-AC64-4F84-AA16-D3DE0DEAC7D6): 47
LogDevObjectVersion:   FortniteRelease (E7086368-6B23-4C58-8439-1B7016265E91): 1
LogDevObjectVersion:   Dev-Enterprise (9DFFBCD6-494F-0158-E221-12823C92A888): 10
LogDevObjectVersion:   Dev-Niagara (F2AED0AC-9AFE-416F-8664-AA7FFA26D6FC): 1
LogDevObjectVersion:   Dev-Destruction (174F1F0B-B4C6-45A5-B13F-2EE8D0FB917D): 10
LogDevObjectVersion:   Dev-Physics-Ext (35F94A83-E258-406C-A318-09F59610247C): 41
LogDevObjectVersion:   Dev-PhysicsMaterial-Chaos (B68FC16E-8B1B-42E2-B453-215C058844FE): 1
LogDevObjectVersion:   Dev-CineCamera (B2E18506-4273-CFC2-A54E-F4BB758BBA07): 1
LogDevObjectVersion:   Dev-VirtualProduction (64F58936-FD1B-42BA-BA96-7289D5D0FA4E): 1
LogDevObjectVersion:   Dev-MediaFramework (6F0ED827-A609-4895-9C91-998D90180EA4): 2
LogInit: Presizing for max 25165824 objects, including 0 objects not considered by GC, pre-allocating 0 bytes for permanent pool.
LogConfig: Applying CVar settings from Section [/Script/Engine.StreamingSettings] File [C:/Users/Jarod/OneDrive/Desktop/Level-Design/Saved/Config/Windows/Engine.ini]
LogConfig: Setting CVar [[s.MinBulkDataSizeForAsyncLoading:131072]]
LogConfig: Setting CVar [[s.AsyncLoadingThreadEnabled:0]]
LogConfig: Setting CVar [[s.EventDrivenLoaderEnabled:1]]
LogConfig: Setting CVar [[s.WarnIfTimeLimitExceeded:0]]
LogConfig: Setting CVar [[s.TimeLimitExceededMultiplier:1.5]]
LogConfig: Setting CVar [[s.TimeLimitExceededMinTime:0.005]]
LogConfig: Setting CVar [[s.UseBackgroundLevelStreaming:1]]
LogConfig: Setting CVar [[s.PriorityAsyncLoadingExtraTime:15.0]]
LogConfig: Setting CVar [[s.LevelStreamingActorsUpdateTimeLimit:5.0]]
LogConfig: Setting CVar [[s.PriorityLevelStreamingActorsUpdateExtraTime:5.0]]
LogConfig: Setting CVar [[s.LevelStreamingComponentsRegistrationGranularity:10]]
LogConfig: Setting CVar [[s.UnregisterComponentsTimeLimit:1.0]]
LogConfig: Setting CVar [[s.LevelStreamingComponentsUnregistrationGranularity:5]]
LogConfig: Setting CVar [[s.FlushStreamingOnExit:1]]
LogInit: Object subsystem initialized
LogConfig: Setting CVar [[con.DebugEarlyDefault:1]]
LogConfig: Setting CVar [[r.setres:1280x720]]
[2022.11.23-04.24.42:150][  0]LogConfig: Setting CVar [[con.DebugEarlyDefault:1]]
[2022.11.23-04.24.42:150][  0]LogConfig: Setting CVar [[r.setres:1280x720]]
[2022.11.23-04.24.42:150][  0]LogConfig: Applying CVar settings from Section [/Script/Engine.RendererSettings] File [C:/Users/Jarod/OneDrive/Desktop/Level-Design/Saved/Config/Windows/Engine.ini]
[2022.11.23-04.24.42:150][  0]LogConfig: Setting CVar [[r.GPUCrashDebugging:0]]
[2022.11.23-04.24.42:150][  0]LogConfig: Applying CVar settings from Section [/Script/Engine.RendererOverrideSettings] File [C:/Users/Jarod/OneDrive/Desktop/Level-Design/Saved/Config/Windows/Engine.ini]
[2022.11.23-04.24.42:150][  0]LogConfig: Applying CVar settings from Section [/Script/Engine.StreamingSettings] File [C:/Users/Jarod/OneDrive/Desktop/Level-Design/Saved/Config/Windows/Engine.ini]
[2022.11.23-04.24.42:150][  0]LogConfig: Setting CVar [[s.MinBulkDataSizeForAsyncLoading:131072]]
[2022.11.23-04.24.42:150][  0]LogConfig: Setting CVar [[s.AsyncLoadingThreadEnabled:0]]
[2022.11.23-04.24.42:150][  0]LogConfig: Setting CVar [[s.EventDrivenLoaderEnabled:1]]
[2022.11.23-04.24.42:150][  0]LogConfig: Setting CVar [[s.WarnIfTimeLimitExceeded:0]]
[2022.11.23-04.24.42:150][  0]LogConfig: Setting CVar [[s.TimeLimitExceededMultiplier:1.5]]
[2022.11.23-04.24.42:150][  0]LogConfig: Setting CVar [[s.TimeLimitExceededMinTime:0.005]]
[2022.11.23-04.24.42:150][  0]LogConfig: Setting CVar [[s.UseBackgroundLevelStreaming:1]]
[2022.11.23-04.24.42:150][  0]LogConfig: Setting CVar [[s.PriorityAsyncLoadingExtraTime:15.0]]
[2022.11.23-04.24.42:150][  0]LogConfig: Setting CVar [[s.LevelStreamingActorsUpdateTimeLimit:5.0]]
[2022.11.23-04.24.42:150][  0]LogConfig: Setting CVar [[s.PriorityLevelStreamingActorsUpdateExtraTime:5.0]]
[2022.11.23-04.24.42:150][  0]LogConfig: Setting CVar [[s.LevelStreamingComponentsRegistrationGranularity:10]]
[2022.11.23-04.24.42:150][  0]LogConfig: Setting CVar [[s.UnregisterComponentsTimeLimit:1.0]]
[2022.11.23-04.24.42:150][  0]LogConfig: Setting CVar [[s.LevelStreamingComponentsUnregistrationGranularity:5]]
[2022.11.23-04.24.42:150][  0]LogConfig: Setting CVar [[s.FlushStreamingOnExit:1]]
[2022.11.23-04.24.42:150][  0]LogConfig: Applying CVar settings from Section [/Script/Engine.GarbageCollectionSettings] File [C:/Users/Jarod/OneDrive/Desktop/Level-Design/Saved/Config/Windows/Engine.ini]
[2022.11.23-04.24.42:150][  0]LogConfig: Setting CVar [[gc.MaxObjectsNotConsideredByGC:1]]
[2022.11.23-04.24.42:150][  0]LogConfig: Setting CVar [[gc.SizeOfPermanentObjectPool:0]]
[2022.11.23-04.24.42:150][  0]LogConfig: Setting CVar [[gc.FlushStreamingOnGC:0]]
[2022.11.23-04.24.42:150][  0]LogConfig: Setting CVar [[gc.NumRetriesBeforeForcingGC:10]]
[2022.11.23-04.24.42:150][  0]LogConfig: Setting CVar [[gc.AllowParallelGC:1]]
[2022.11.23-04.24.42:150][  0]LogConfig: Setting CVar [[gc.TimeBetweenPurgingPendingKillObjects:61.1]]
[2022.11.23-04.24.42:150][  0]LogConfig: Setting CVar [[gc.MaxObjectsInEditor:25165824]]
[2022.11.23-04.24.42:150][  0]LogConfig: Setting CVar [[gc.IncrementalBeginDestroyEnabled:1]]
[2022.11.23-04.24.42:150][  0]LogConfig: Setting CVar [[gc.CreateGCClusters:1]]
[2022.11.23-04.24.42:150][  0]LogConfig: Setting CVar [[gc.MinGCClusterSize:5]]
[2022.11.23-04.24.42:150][  0]LogConfig: Setting CVar [[gc.ActorClusteringEnabled:0]]
[2022.11.23-04.24.42:150][  0]LogConfig: Setting CVar [[gc.BlueprintClusteringEnabled:0]]
[2022.11.23-04.24.42:150][  0]LogConfig: Setting CVar [[gc.UseDisregardForGCOnDedicatedServers:0]]
[2022.11.23-04.24.42:150][  0]LogConfig: Setting CVar [[gc.MultithreadedDestructionEnabled:1]]
[2022.11.23-04.24.42:150][  0]LogConfig: Applying CVar settings from Section [/Script/Engine.NetworkSettings] File [C:/Users/Jarod/OneDrive/Desktop/Level-Design/Saved/Config/Windows/Engine.ini]
[2022.11.23-04.24.42:151][  0]LogConfig: Applying CVar settings from Section [/Script/UnrealEd.CookerSettings] File [C:/Users/Jarod/OneDrive/Desktop/Level-Design/Saved/Config/Windows/Engine.ini]
[2022.11.23-04.24.42:175][  0]LogConfig: Applying CVar settings from Section [ViewDistanceQuality@3] File [C:/Users/Jarod/OneDrive/Desktop/Level-Design/Saved/Config/Windows/Scalability.ini]
[2022.11.23-04.24.42:175][  0]LogConfig: Setting CVar [[r.SkeletalMeshLODBias:0]]
[2022.11.23-04.24.42:175][  0]LogConfig: Setting CVar [[r.ViewDistanceScale:1.0]]
[2022.11.23-04.24.42:175][  0]LogConfig: Applying CVar settings from Section [AntiAliasingQuality@3] File [C:/Users/Jarod/OneDrive/Desktop/Level-Design/Saved/Config/Windows/Scalability.ini]
[2022.11.23-04.24.42:175][  0]LogConfig: Setting CVar [[r.PostProcessAAQuality:4]]
[2022.11.23-04.24.42:175][  0]LogConfig: Applying CVar settings from Section [ShadowQuality@3] File [C:/Users/Jarod/OneDrive/Desktop/Level-Design/Saved/Config/Windows/Scalability.ini]
[2022.11.23-04.24.42:175][  0]LogConfig: Setting CVar [[r.LightFunctionQuality:1]]
[2022.11.23-04.24.42:175][  0]LogConfig: Setting CVar [[r.ShadowQuality:5]]
[2022.11.23-04.24.42:175][  0]LogConfig: Setting CVar [[r.Shadow.CSM.MaxCascades:10]]
[2022.11.23-04.24.42:175][  0]LogConfig: Setting CVar [[r.Shadow.MaxResolution:2048]]
[2022.11.23-04.24.42:175][  0]LogConfig: Setting CVar [[r.Shadow.MaxCSMResolution:2048]]
[2022.11.23-04.24.42:175][  0]LogConfig: Setting CVar [[r.Shadow.RadiusThreshold:0.01]]
[2022.11.23-04.24.42:175][  0]LogConfig: Setting CVar [[r.Shadow.DistanceScale:1.0]]
[2022.11.23-04.24.42:175][  0]LogConfig: Setting CVar [[r.Shadow.CSM.TransitionScale:1.0]]
[2022.11.23-04.24.42:175][  0]LogConfig: Setting CVar [[r.Shadow.PreShadowResolutionFactor:1.0]]
[2022.11.23-04.24.42:175][  0]LogConfig: Setting CVar [[r.DistanceFieldShadowing:1]]
[2022.11.23-04.24.42:175][  0]LogConfig: Setting CVar [[r.DistanceFieldAO:1]]
[2022.11.23-04.24.42:175][  0]LogConfig: Setting CVar [[r.AOQuality:2]]
[2022.11.23-04.24.42:175][  0]LogConfig: Setting CVar [[r.VolumetricFog:1]]
[2022.11.23-04.24.42:175][  0]LogConfig: Setting CVar [[r.VolumetricFog.GridPixelSize:8]]
[2022.11.23-04.24.42:175][  0]LogConfig: Setting CVar [[r.VolumetricFog.GridSizeZ:128]]
[2022.11.23-04.24.42:175][  0]LogConfig: Setting CVar [[r.VolumetricFog.HistoryMissSupersampleCount:4]]
[2022.11.23-04.24.42:175][  0]LogConfig: Setting CVar [[r.LightMaxDrawDistanceScale:1]]
[2022.11.23-04.24.42:175][  0]LogConfig: Setting CVar [[r.CapsuleShadows:1]]
[2022.11.23-04.24.42:175][  0]LogConfig: Applying CVar settings from Section [PostProcessQuality@3] File [C:/Users/Jarod/OneDrive/Desktop/Level-Design/Saved/Config/Windows/Scalability.ini]
[2022.11.23-04.24.42:175][  0]LogConfig: Setting CVar [[r.MotionBlurQuality:4]]
[2022.11.23-04.24.42:175][  0]LogConfig: Setting CVar [[r.AmbientOcclusionMipLevelFactor:0.4]]
[2022.11.23-04.24.42:175][  0]LogConfig: Setting CVar [[r.AmbientOcclusionMaxQuality:100]]
[2022.11.23-04.24.42:175][  0]LogConfig: Setting CVar [[r.AmbientOcclusionLevels:-1]]
[2022.11.23-04.24.42:175][  0]LogConfig: Setting CVar [[r.AmbientOcclusionRadiusScale:1.0]]
[2022.11.23-04.24.42:175][  0]LogConfig: Setting CVar [[r.DepthOfFieldQuality:2]]
[2022.11.23-04.24.42:175][  0]LogConfig: Setting CVar [[r.RenderTargetPoolMin:400]]
[2022.11.23-04.24.42:175][  0]LogConfig: Setting CVar [[r.LensFlareQuality:2]]
[2022.11.23-04.24.42:175][  0]LogConfig: Setting CVar [[r.SceneColorFringeQuality:1]]
[2022.11.23-04.24.42:175][  0]LogConfig: Setting CVar [[r.EyeAdaptationQuality:2]]
[2022.11.23-04.24.42:175][  0]LogConfig: Setting CVar [[r.BloomQuality:5]]
[2022.11.23-04.24.42:175][  0]LogConfig: Setting CVar [[r.FastBlurThreshold:100]]
[2022.11.23-04.24.42:175][  0]LogConfig: Setting CVar [[r.Upscale.Quality:3]]
[2022.11.23-04.24.42:175][  0]LogConfig: Setting CVar [[r.Tonemapper.GrainQuantization:1]]
[2022.11.23-04.24.42:175][  0]LogConfig: Setting CVar [[r.LightShaftQuality:1]]
[2022.11.23-04.24.42:175][  0]LogConfig: Setting CVar [[r.Filter.SizeScale:1]]
[2022.11.23-04.24.42:175][  0]LogConfig: Setting CVar [[r.Tonemapper.Quality:5]]
[2022.11.23-04.24.42:175][  0]LogConfig: Setting CVar [[r.DOF.Gather.AccumulatorQuality:1        ; higher gathering accumulator quality]]
[2022.11.23-04.24.42:175][  0]LogConfig: Setting CVar [[r.DOF.Gather.PostfilterMethod:1          ; Median3x3 postfilering method]]
[2022.11.23-04.24.42:175][  0]LogConfig: Setting CVar [[r.DOF.Gather.EnableBokehSettings:0       ; no bokeh simulation when gathering]]
[2022.11.23-04.24.42:175][  0]LogConfig: Setting CVar [[r.DOF.Gather.RingCount:4                 ; medium number of samples when gathering]]
[2022.11.23-04.24.42:176][  0]LogConfig: Setting CVar [[r.DOF.Scatter.ForegroundCompositing:1    ; additive foreground scattering]]
[2022.11.23-04.24.42:176][  0]LogConfig: Setting CVar [[r.DOF.Scatter.BackgroundCompositing:2    ; additive background scattering]]
[2022.11.23-04.24.42:176][  0]LogConfig: Setting CVar [[r.DOF.Scatter.EnableBokehSettings:1      ; bokeh simulation when scattering]]
[2022.11.23-04.24.42:176][  0]LogConfig: Setting CVar [[r.DOF.Scatter.MaxSpriteRatio:0.1         ; only a maximum of 10% of scattered bokeh]]
[2022.11.23-04.24.42:176][  0]LogConfig: Setting CVar [[r.DOF.Recombine.Quality:1                ; cheap slight out of focus]]
[2022.11.23-04.24.42:176][  0]LogConfig: Setting CVar [[r.DOF.Recombine.EnableBokehSettings:0    ; no bokeh simulation on slight out of focus]]
[2022.11.23-04.24.42:176][  0]LogConfig: Setting CVar [[r.DOF.TemporalAAQuality:1                ; more stable temporal accumulation]]
[2022.11.23-04.24.42:176][  0]LogConfig: Setting CVar [[r.DOF.Kernel.MaxForegroundRadius:0.025]]
[2022.11.23-04.24.42:176][  0]LogConfig: Setting CVar [[r.DOF.Kernel.MaxBackgroundRadius:0.025]]
[2022.11.23-04.24.42:176][  0]LogConfig: Applying CVar settings from Section [TextureQuality@3] File [C:/Users/Jarod/OneDrive/Desktop/Level-Design/Saved/Config/Windows/Scalability.ini]
[2022.11.23-04.24.42:176][  0]LogConfig: Setting CVar [[r.Streaming.MipBias:0]]
[2022.11.23-04.24.42:176][  0]LogConfig: Setting CVar [[r.Streaming.AmortizeCPUToGPUCopy:0]]
[2022.11.23-04.24.42:176][  0]LogConfig: Setting CVar [[r.Streaming.MaxNumTexturesToStreamPerFrame:0]]
[2022.11.23-04.24.42:176][  0]LogConfig: Setting CVar [[r.Streaming.Boost:1]]
[2022.11.23-04.24.42:176][  0]LogConfig: Setting CVar [[r.MaxAnisotropy:8]]
[2022.11.23-04.24.42:176][  0]LogConfig: Setting CVar [[r.VT.MaxAnisotropy:8]]
[2022.11.23-04.24.42:176][  0]LogConfig: Setting CVar [[r.Streaming.LimitPoolSizeToVRAM:0]]
[2022.11.23-04.24.42:176][  0]LogConfig: Setting CVar [[r.Streaming.PoolSize:1000]]
[2022.11.23-04.24.42:176][  0]LogConfig: Setting CVar [[r.Streaming.MaxEffectiveScreenSize:0]]
[2022.11.23-04.24.42:176][  0]LogConfig: Applying CVar settings from Section [EffectsQuality@3] File [C:/Users/Jarod/OneDrive/Desktop/Level-Design/Saved/Config/Windows/Scalability.ini]
[2022.11.23-04.24.42:176][  0]LogConfig: Setting CVar [[r.TranslucencyLightingVolumeDim:64]]
[2022.11.23-04.24.42:176][  0]LogConfig: Setting CVar [[r.RefractionQuality:2]]
[2022.11.23-04.24.42:176][  0]LogConfig: Setting CVar [[r.SSR.Quality:3]]
[2022.11.23-04.24.42:176][  0]LogConfig: Setting CVar [[r.SSR.HalfResSceneColor:0]]
[2022.11.23-04.24.42:176][  0]LogConfig: Setting CVar [[r.SceneColorFormat:4]]
[2022.11.23-04.24.42:176][  0]LogConfig: Setting CVar [[r.DetailMode:2]]
[2022.11.23-04.24.42:176][  0]LogConfig: Setting CVar [[r.TranslucencyVolumeBlur:1]]
[2022.11.23-04.24.42:176][  0]LogConfig: Setting CVar [[r.MaterialQualityLevel:1 ; High quality]]
[2022.11.23-04.24.42:176][  0]LogConfig: Setting CVar [[r.AnisotropicMaterials:1]]
[2022.11.23-04.24.42:176][  0]LogConfig: Setting CVar [[r.SSS.Scale:1]]
[2022.11.23-04.24.42:176][  0]LogConfig: Setting CVar [[r.SSS.SampleSet:2]]
[2022.11.23-04.24.42:176][  0]LogConfig: Setting CVar [[r.SSS.Quality:1]]
[2022.11.23-04.24.42:176][  0]LogConfig: Setting CVar [[r.SSS.HalfRes:0]]
[2022.11.23-04.24.42:176][  0]LogConfig: Setting CVar [[r.SSGI.Quality:3]]
[2022.11.23-04.24.42:176][  0]LogConfig: Setting CVar [[r.EmitterSpawnRateScale:1.0]]
[2022.11.23-04.24.42:176][  0]LogConfig: Setting CVar [[r.ParticleLightQuality:2]]
[2022.11.23-04.24.42:176][  0]LogConfig: Setting CVar [[r.SkyAtmosphere.AerialPerspectiveLUT.FastApplyOnOpaque:1 ; Always have FastSkyLUT 1 in this case to avoid wrong sky]]
[2022.11.23-04.24.42:176][  0]LogConfig: Setting CVar [[r.SkyAtmosphere.AerialPerspectiveLUT.SampleCountMaxPerSlice:4]]
[2022.11.23-04.24.42:176][  0]LogConfig: Setting CVar [[r.SkyAtmosphere.AerialPerspectiveLUT.DepthResolution:16.0]]
[2022.11.23-04.24.42:176][  0]LogConfig: Setting CVar [[r.SkyAtmosphere.FastSkyLUT:1]]
[2022.11.23-04.24.42:176][  0]LogConfig: Setting CVar [[r.SkyAtmosphere.FastSkyLUT.SampleCountMin:4.0]]
[2022.11.23-04.24.42:176][  0]LogConfig: Setting CVar [[r.SkyAtmosphere.FastSkyLUT.SampleCountMax:128.0]]
[2022.11.23-04.24.42:176][  0]LogConfig: Setting CVar [[r.SkyAtmosphere.SampleCountMin:4.0]]
[2022.11.23-04.24.42:176][  0]LogConfig: Setting CVar [[r.SkyAtmosphere.SampleCountMax:128.0]]
[2022.11.23-04.24.42:176][  0]LogConfig: Setting CVar [[r.SkyAtmosphere.TransmittanceLUT.UseSmallFormat:0]]
[2022.11.23-04.24.42:176][  0]LogConfig: Setting CVar [[r.SkyAtmosphere.TransmittanceLUT.SampleCount:10.0]]
[2022.11.23-04.24.42:176][  0]LogConfig: Setting CVar [[r.SkyAtmosphere.MultiScatteringLUT.SampleCount:15.0]]
[2022.11.23-04.24.42:176][  0]LogConfig: Setting CVar [[r.SkyLight.RealTimeReflectionCapture:1]]
[2022.11.23-04.24.42:176][  0]LogConfig: Applying CVar settings from Section [FoliageQuality@3] File [C:/Users/Jarod/OneDrive/Desktop/Level-Design/Saved/Config/Windows/Scalability.ini]
[2022.11.23-04.24.42:176][  0]LogConfig: Setting CVar [[foliage.DensityScale:1.0]]
[2022.11.23-04.24.42:176][  0]LogConfig: Setting CVar [[grass.DensityScale:1.0]]
[2022.11.23-04.24.42:176][  0]LogConfig: Applying CVar settings from Section [ShadingQuality@3] File [C:/Users/Jarod/OneDrive/Desktop/Level-Design/Saved/Config/Windows/Scalability.ini]
[2022.11.23-04.24.42:176][  0]LogConfig: Setting CVar [[r.HairStrands.SkyLighting.IntegrationType:2]]
[2022.11.23-04.24.42:176][  0]LogConfig: Setting CVar [[r.HairStrands.SkyAO.SampleCount:4]]
[2022.11.23-04.24.42:176][  0]LogConfig: Setting CVar [[r.HairStrands.Visibility.MSAA.SamplePerPixel:4]]
[2022.11.23-04.24.42:176][  0]LogInit: Selected Device Profile: [Windows]
[2022.11.23-04.24.42:176][  0]LogInit: Applying CVar settings loaded from the selected device profile: [Windows]
[2022.11.23-04.24.42:176][  0]LogHAL: Display: Platform has ~ 16 GB [17099546624 / 17179869184 / 16], which maps to Larger [LargestMinGB=32, LargerMinGB=12, DefaultMinGB=8, SmallerMinGB=6, SmallestMinGB=0)
[2022.11.23-04.24.42:176][  0]LogInit: Going up to parent DeviceProfile []
[2022.11.23-04.24.42:176][  0]LogConfig: Applying CVar settings from Section [ViewDistanceQuality@3] File [C:/Users/Jarod/OneDrive/Desktop/Level-Design/Saved/Config/Windows/Scalability.ini]
[2022.11.23-04.24.42:176][  0]LogConfig: Setting CVar [[r.SkeletalMeshLODBias:0]]
[2022.11.23-04.24.42:176][  0]LogConfig: Setting CVar [[r.ViewDistanceScale:1.0]]
[2022.11.23-04.24.42:176][  0]LogConfig: Applying CVar settings from Section [AntiAliasingQuality@3] File [C:/Users/Jarod/OneDrive/Desktop/Level-Design/Saved/Config/Windows/Scalability.ini]
[2022.11.23-04.24.42:176][  0]LogConfig: Setting CVar [[r.PostProcessAAQuality:4]]
[2022.11.23-04.24.42:176][  0]LogConfig: Applying CVar settings from Section [ShadowQuality@3] File [C:/Users/Jarod/OneDrive/Desktop/Level-Design/Saved/Config/Windows/Scalability.ini]
[2022.11.23-04.24.42:176][  0]LogConfig: Setting CVar [[r.LightFunctionQuality:1]]
[2022.11.23-04.24.42:176][  0]LogConfig: Setting CVar [[r.ShadowQuality:5]]
[2022.11.23-04.24.42:176][  0]LogConfig: Setting CVar [[r.Shadow.CSM.MaxCascades:10]]
[2022.11.23-04.24.42:176][  0]LogConfig: Setting CVar [[r.Shadow.MaxResolution:2048]]
[2022.11.23-04.24.42:176][  0]LogConfig: Setting CVar [[r.Shadow.MaxCSMResolution:2048]]
[2022.11.23-04.24.42:176][  0]LogConfig: Setting CVar [[r.Shadow.RadiusThreshold:0.01]]
[2022.11.23-04.24.42:176][  0]LogConfig: Setting CVar [[r.Shadow.DistanceScale:1.0]]
[2022.11.23-04.24.42:176][  0]LogConfig: Setting CVar [[r.Shadow.CSM.TransitionScale:1.0]]
[2022.11.23-04.24.42:176][  0]LogConfig: Setting CVar [[r.Shadow.PreShadowResolutionFactor:1.0]]
[2022.11.23-04.24.42:176][  0]LogConfig: Setting CVar [[r.DistanceFieldShadowing:1]]
[2022.11.23-04.24.42:176][  0]LogConfig: Setting CVar [[r.DistanceFieldAO:1]]
[2022.11.23-04.24.42:176][  0]LogConfig: Setting CVar [[r.AOQuality:2]]
[2022.11.23-04.24.42:176][  0]LogConfig: Setting CVar [[r.VolumetricFog:1]]
[2022.11.23-04.24.42:176][  0]LogConfig: Setting CVar [[r.VolumetricFog.GridPixelSize:8]]
[2022.11.23-04.24.42:176][  0]LogConfig: Setting CVar [[r.VolumetricFog.GridSizeZ:128]]
[2022.11.23-04.24.42:176][  0]LogConfig: Setting CVar [[r.VolumetricFog.HistoryMissSupersampleCount:4]]
[2022.11.23-04.24.42:176][  0]LogConfig: Setting CVar [[r.LightMaxDrawDistanceScale:1]]
[2022.11.23-04.24.42:177][  0]LogConfig: Setting CVar [[r.CapsuleShadows:1]]
[2022.11.23-04.24.42:177][  0]LogConfig: Applying CVar settings from Section [PostProcessQuality@3] File [C:/Users/Jarod/OneDrive/Desktop/Level-Design/Saved/Config/Windows/Scalability.ini]
[2022.11.23-04.24.42:177][  0]LogConfig: Setting CVar [[r.MotionBlurQuality:4]]
[2022.11.23-04.24.42:177][  0]LogConfig: Setting CVar [[r.AmbientOcclusionMipLevelFactor:0.4]]
[2022.11.23-04.24.42:177][  0]LogConfig: Setting CVar [[r.AmbientOcclusionMaxQuality:100]]
[2022.11.23-04.24.42:177][  0]LogConfig: Setting CVar [[r.AmbientOcclusionLevels:-1]]
[2022.11.23-04.24.42:177][  0]LogConfig: Setting CVar [[r.AmbientOcclusionRadiusScale:1.0]]
[2022.11.23-04.24.42:177][  0]LogConfig: Setting CVar [[r.DepthOfFieldQuality:2]]
[2022.11.23-04.24.42:177][  0]LogConfig: Setting CVar [[r.RenderTargetPoolMin:400]]
[2022.11.23-04.24.42:177][  0]LogConfig: Setting CVar [[r.LensFlareQuality:2]]
[2022.11.23-04.24.42:177][  0]LogConfig: Setting CVar [[r.SceneColorFringeQuality:1]]
[2022.11.23-04.24.42:177][  0]LogConfig: Setting CVar [[r.EyeAdaptationQuality:2]]
[2022.11.23-04.24.42:177][  0]LogConfig: Setting CVar [[r.BloomQuality:5]]
[2022.11.23-04.24.42:177][  0]LogConfig: Setting CVar [[r.FastBlurThreshold:100]]
[2022.11.23-04.24.42:177][  0]LogConfig: Setting CVar [[r.Upscale.Quality:3]]
[2022.11.23-04.24.42:177][  0]LogConfig: Setting CVar [[r.Tonemapper.GrainQuantization:1]]
[2022.11.23-04.24.42:177][  0]LogConfig: Setting CVar [[r.LightShaftQuality:1]]
[2022.11.23-04.24.42:177][  0]LogConfig: Setting CVar [[r.Filter.SizeScale:1]]
[2022.11.23-04.24.42:177][  0]LogConfig: Setting CVar [[r.Tonemapper.Quality:5]]
[2022.11.23-04.24.42:177][  0]LogConfig: Setting CVar [[r.DOF.Gather.AccumulatorQuality:1        ; higher gathering accumulator quality]]
[2022.11.23-04.24.42:177][  0]LogConfig: Setting CVar [[r.DOF.Gather.PostfilterMethod:1          ; Median3x3 postfilering method]]
[2022.11.23-04.24.42:177][  0]LogConfig: Setting CVar [[r.DOF.Gather.EnableBokehSettings:0       ; no bokeh simulation when gathering]]
[2022.11.23-04.24.42:177][  0]LogConfig: Setting CVar [[r.DOF.Gather.RingCount:4                 ; medium number of samples when gathering]]
[2022.11.23-04.24.42:177][  0]LogConfig: Setting CVar [[r.DOF.Scatter.ForegroundCompositing:1    ; additive foreground scattering]]
[2022.11.23-04.24.42:177][  0]LogConfig: Setting CVar [[r.DOF.Scatter.BackgroundCompositing:2    ; additive background scattering]]
[2022.11.23-04.24.42:177][  0]LogConfig: Setting CVar [[r.DOF.Scatter.EnableBokehSettings:1      ; bokeh simulation when scattering]]
[2022.11.23-04.24.42:177][  0]LogConfig: Setting CVar [[r.DOF.Scatter.MaxSpriteRatio:0.1         ; only a maximum of 10% of scattered bokeh]]
[2022.11.23-04.24.42:177][  0]LogConfig: Setting CVar [[r.DOF.Recombine.Quality:1                ; cheap slight out of focus]]
[2022.11.23-04.24.42:177][  0]LogConfig: Setting CVar [[r.DOF.Recombine.EnableBokehSettings:0    ; no bokeh simulation on slight out of focus]]
[2022.11.23-04.24.42:177][  0]LogConfig: Setting CVar [[r.DOF.TemporalAAQuality:1                ; more stable temporal accumulation]]
[2022.11.23-04.24.42:177][  0]LogConfig: Setting CVar [[r.DOF.Kernel.MaxForegroundRadius:0.025]]
[2022.11.23-04.24.42:177][  0]LogConfig: Setting CVar [[r.DOF.Kernel.MaxBackgroundRadius:0.025]]
[2022.11.23-04.24.42:177][  0]LogConfig: Applying CVar settings from Section [TextureQuality@3] File [C:/Users/Jarod/OneDrive/Desktop/Level-Design/Saved/Config/Windows/Scalability.ini]
[2022.11.23-04.24.42:177][  0]LogConfig: Setting CVar [[r.Streaming.MipBias:0]]
[2022.11.23-04.24.42:177][  0]LogConfig: Setting CVar [[r.Streaming.AmortizeCPUToGPUCopy:0]]
[2022.11.23-04.24.42:177][  0]LogConfig: Setting CVar [[r.Streaming.MaxNumTexturesToStreamPerFrame:0]]
[2022.11.23-04.24.42:177][  0]LogConfig: Setting CVar [[r.Streaming.Boost:1]]
[2022.11.23-04.24.42:177][  0]LogConfig: Setting CVar [[r.MaxAnisotropy:8]]
[2022.11.23-04.24.42:177][  0]LogConfig: Setting CVar [[r.VT.MaxAnisotropy:8]]
[2022.11.23-04.24.42:177][  0]LogConfig: Setting CVar [[r.Streaming.LimitPoolSizeToVRAM:0]]
[2022.11.23-04.24.42:177][  0]LogConfig: Setting CVar [[r.Streaming.PoolSize:1000]]
[2022.11.23-04.24.42:177][  0]LogConfig: Setting CVar [[r.Streaming.MaxEffectiveScreenSize:0]]
[2022.11.23-04.24.42:177][  0]LogConfig: Applying CVar settings from Section [EffectsQuality@3] File [C:/Users/Jarod/OneDrive/Desktop/Level-Design/Saved/Config/Windows/Scalability.ini]
[2022.11.23-04.24.42:177][  0]LogConfig: Setting CVar [[r.TranslucencyLightingVolumeDim:64]]
[2022.11.23-04.24.42:177][  0]LogConfig: Setting CVar [[r.RefractionQuality:2]]
[2022.11.23-04.24.42:177][  0]LogConfig: Setting CVar [[r.SSR.Quality:3]]
[2022.11.23-04.24.42:177][  0]LogConfig: Setting CVar [[r.SSR.HalfResSceneColor:0]]
[2022.11.23-04.24.42:177][  0]LogConfig: Setting CVar [[r.SceneColorFormat:4]]
[2022.11.23-04.24.42:177][  0]LogConfig: Setting CVar [[r.DetailMode:2]]
[2022.11.23-04.24.42:177][  0]LogConfig: Setting CVar [[r.TranslucencyVolumeBlur:1]]
[2022.11.23-04.24.42:177][  0]LogConfig: Setting CVar [[r.MaterialQualityLevel:1 ; High quality]]
[2022.11.23-04.24.42:177][  0]LogConfig: Setting CVar [[r.AnisotropicMaterials:1]]
[2022.11.23-04.24.42:177][  0]LogConfig: Setting CVar [[r.SSS.Scale:1]]
[2022.11.23-04.24.42:177][  0]LogConfig: Setting CVar [[r.SSS.SampleSet:2]]
[2022.11.23-04.24.42:177][  0]LogConfig: Setting CVar [[r.SSS.Quality:1]]
[2022.11.23-04.24.42:177][  0]LogConfig: Setting CVar [[r.SSS.HalfRes:0]]
[2022.11.23-04.24.42:177][  0]LogConfig: Setting CVar [[r.SSGI.Quality:3]]
[2022.11.23-04.24.42:177][  0]LogConfig: Setting CVar [[r.EmitterSpawnRateScale:1.0]]
[2022.11.23-04.24.42:177][  0]LogConfig: Setting CVar [[r.ParticleLightQuality:2]]
[2022.11.23-04.24.42:177][  0]LogConfig: Setting CVar [[r.SkyAtmosphere.AerialPerspectiveLUT.FastApplyOnOpaque:1 ; Always have FastSkyLUT 1 in this case to avoid wrong sky]]
[2022.11.23-04.24.42:177][  0]LogConfig: Setting CVar [[r.SkyAtmosphere.AerialPerspectiveLUT.SampleCountMaxPerSlice:4]]
[2022.11.23-04.24.42:177][  0]LogConfig: Setting CVar [[r.SkyAtmosphere.AerialPerspectiveLUT.DepthResolution:16.0]]
[2022.11.23-04.24.42:177][  0]LogConfig: Setting CVar [[r.SkyAtmosphere.FastSkyLUT:1]]
[2022.11.23-04.24.42:177][  0]LogConfig: Setting CVar [[r.SkyAtmosphere.FastSkyLUT.SampleCountMin:4.0]]
[2022.11.23-04.24.42:177][  0]LogConfig: Setting CVar [[r.SkyAtmosphere.FastSkyLUT.SampleCountMax:128.0]]
[2022.11.23-04.24.42:177][  0]LogConfig: Setting CVar [[r.SkyAtmosphere.SampleCountMin:4.0]]
[2022.11.23-04.24.42:177][  0]LogConfig: Setting CVar [[r.SkyAtmosphere.SampleCountMax:128.0]]
[2022.11.23-04.24.42:177][  0]LogConfig: Setting CVar [[r.SkyAtmosphere.TransmittanceLUT.UseSmallFormat:0]]
[2022.11.23-04.24.42:177][  0]LogConfig: Setting CVar [[r.SkyAtmosphere.TransmittanceLUT.SampleCount:10.0]]
[2022.11.23-04.24.42:177][  0]LogConfig: Setting CVar [[r.SkyAtmosphere.MultiScatteringLUT.SampleCount:15.0]]
[2022.11.23-04.24.42:177][  0]LogConfig: Setting CVar [[r.SkyLight.RealTimeReflectionCapture:1]]
[2022.11.23-04.24.42:177][  0]LogConfig: Applying CVar settings from Section [FoliageQuality@3] File [C:/Users/Jarod/OneDrive/Desktop/Level-Design/Saved/Config/Windows/Scalability.ini]
[2022.11.23-04.24.42:177][  0]LogConfig: Setting CVar [[foliage.DensityScale:1.0]]
[2022.11.23-04.24.42:177][  0]LogConfig: Setting CVar [[grass.DensityScale:1.0]]
[2022.11.23-04.24.42:177][  0]LogConfig: Applying CVar settings from Section [ShadingQuality@3] File [C:/Users/Jarod/OneDrive/Desktop/Level-Design/Saved/Config/Windows/Scalability.ini]
[2022.11.23-04.24.42:177][  0]LogConfig: Setting CVar [[r.HairStrands.SkyLighting.IntegrationType:2]]
[2022.11.23-04.24.42:177][  0]LogConfig: Setting CVar [[r.HairStrands.SkyAO.SampleCount:4]]
[2022.11.23-04.24.42:177][  0]LogConfig: Setting CVar [[r.HairStrands.Visibility.MSAA.SamplePerPixel:4]]
[2022.11.23-04.24.42:177][  0]LogConfig: Applying CVar settings from Section [Startup] File [../../../Engine/Config/ConsoleVariables.ini]
[2022.11.23-04.24.42:178][  0]LogConfig: Setting CVar [[net.UseAdaptiveNetUpdateFrequency:0]]
[2022.11.23-04.24.42:178][  0]LogConfig: Setting CVar [[p.chaos.AllowCreatePhysxBodies:1]]
[2022.11.23-04.24.42:178][  0]LogConfig: Setting CVar [[fx.SkipVectorVMBackendOptimizations:1]]
[2022.11.23-04.24.42:178][  0]LogConfig: Applying CVar settings from Section [ConsoleVariables] File [C:/Users/Jarod/OneDrive/Desktop/Level-Design/Saved/Config/Windows/Engine.ini]
[2022.11.23-04.24.42:178][  0]LogConfig: Applying CVar settings from Section [ConsoleVariables] File [C:/Users/Jarod/OneDrive/Desktop/Level-Design/Saved/Config/Windows/Editor.ini]
[2022.11.23-04.24.42:178][  0]LogInit: Computer: DESKTOP-H5DVIKR
[2022.11.23-04.24.42:178][  0]LogInit: User: Jarod
[2022.11.23-04.24.42:178][  0]LogInit: CPU Page size=4096, Cores=8
[2022.11.23-04.24.42:178][  0]LogInit: High frequency timer resolution =10.000000 MHz
[2022.11.23-04.24.42:178][  0]LogMemory: Memory total: Physical=15.9GB (16GB approx)
[2022.11.23-04.24.42:178][  0]LogMemory: Platform Memory Stats for Windows
[2022.11.23-04.24.42:178][  0]LogMemory: Process Physical Memory: 147.77 MB used, 147.77 MB peak
[2022.11.23-04.24.42:178][  0]LogMemory: Process Virtual Memory: 123.20 MB used, 123.20 MB peak
[2022.11.23-04.24.42:178][  0]LogMemory: Physical Memory: 9245.28 MB used,  7062.12 MB free, 16307.40 MB total
[2022.11.23-04.24.42:178][  0]LogMemory: Virtual Memory: 134214064.00 MB used,  3666.16 MB free, 134217728.00 MB total
[2022.11.23-04.24.42:183][  0]LogWindows: WindowsPlatformFeatures enabled
[2022.11.23-04.24.42:214][  0]LogInit: Physics initialised using underlying interface: PhysX
[2022.11.23-04.24.42:215][  0]LogInit: Using OS detected language (en-US).
[2022.11.23-04.24.42:215][  0]LogInit: Using OS detected locale (en-US).
[2022.11.23-04.24.42:216][  0]LogTextLocalizationManager: No specific localization for 'en-US' exists, so the 'en' localization will be used.
[2022.11.23-04.24.42:469][  0]LogWindowsTextInputMethodSystem: Display: IME system deactivated.
[2022.11.23-04.24.42:526][  0]LogSlate: New Slate User Created.  User Index 0, Is Virtual User: 0
[2022.11.23-04.24.42:526][  0]LogSlate: Slate User Registered.  User Index 0, Is Virtual User: 0
[2022.11.23-04.24.42:556][  0]LogD3D11RHI: Loaded GFSDK_Aftermath_Lib.x64.dll
[2022.11.23-04.24.42:666][  0]LogHMD: Failed to initialize OpenVR with code 110
[2022.11.23-04.24.42:666][  0]LogD3D11RHI: D3D11 min allowed feature level: 11_0
[2022.11.23-04.24.42:666][  0]LogD3D11RHI: D3D11 max allowed feature level: 11_0
[2022.11.23-04.24.42:666][  0]LogD3D11RHI: D3D11 adapters:
[2022.11.23-04.24.42:766][  0]LogD3D11RHI:    0. 'NVIDIA GeForce GTX 1660 Ti' (Feature Level 11_0)
[2022.11.23-04.24.42:766][  0]LogD3D11RHI:       5991/0/8153 MB DedicatedVideo/DedicatedSystem/SharedSystem, Outputs:2, VendorId:0x10de
[2022.11.23-04.24.42:768][  0]LogD3D11RHI:    1. 'Microsoft Basic Render Driver' (Feature Level 11_0)
[2022.11.23-04.24.42:768][  0]LogD3D11RHI:       0/0/8153 MB DedicatedVideo/DedicatedSystem/SharedSystem, Outputs:0, VendorId:0x1414
[2022.11.23-04.24.42:768][  0]LogD3D11RHI: Chosen D3D11 Adapter:
[2022.11.23-04.24.42:768][  0]LogD3D11RHI:     Description : NVIDIA GeForce GTX 1660 Ti
[2022.11.23-04.24.42:768][  0]LogD3D11RHI:     VendorId    : 10de
[2022.11.23-04.24.42:768][  0]LogD3D11RHI:     DeviceId    : 2182
[2022.11.23-04.24.42:768][  0]LogD3D11RHI:     SubSysId    : 37501462
[2022.11.23-04.24.42:768][  0]LogD3D11RHI:     Revision    : 00a1
[2022.11.23-04.24.42:768][  0]LogD3D11RHI:     DedicatedVideoMemory : 6282018816 bytes
[2022.11.23-04.24.42:768][  0]LogD3D11RHI:     DedicatedSystemMemory : 0 bytes
[2022.11.23-04.24.42:768][  0]LogD3D11RHI:     SharedSystemMemory : 8549773312 bytes
[2022.11.23-04.24.42:768][  0]LogD3D11RHI:     AdapterLuid : 0 59724
[2022.11.23-04.24.42:778][  0]LogD3D11RHI: Creating new Direct3DDevice
[2022.11.23-04.24.42:778][  0]LogD3D11RHI:     GPU DeviceId: 0x2182 (for the marketing name, search the web for "GPU Device Id")
[2022.11.23-04.24.42:778][  0]LogWindows: EnumDisplayDevices:
[2022.11.23-04.24.42:778][  0]LogWindows:    0. 'NVIDIA GeForce GTX 1660 Ti' (P:1 D:1)
[2022.11.23-04.24.42:778][  0]LogWindows:    1. 'NVIDIA GeForce GTX 1660 Ti' (P:0 D:1)
[2022.11.23-04.24.42:778][  0]LogWindows:    2. 'NVIDIA GeForce GTX 1660 Ti' (P:0 D:0)
[2022.11.23-04.24.42:778][  0]LogWindows:    3. 'NVIDIA GeForce GTX 1660 Ti' (P:0 D:0)
[2022.11.23-04.24.42:778][  0]LogWindows: DebugString: FoundDriverCount:4 
[2022.11.23-04.24.42:778][  0]LogD3D11RHI:     Adapter Name: NVIDIA GeForce GTX 1660 Ti
[2022.11.23-04.24.42:778][  0]LogD3D11RHI:   Driver Version: 522.25 (internal:31.0.15.2225, unified:522.25)
[2022.11.23-04.24.42:778][  0]LogD3D11RHI:      Driver Date: 10-6-2022
[2022.11.23-04.24.42:778][  0]LogRHI: Texture pool is 4193 MB (70% of 5991 MB)
[2022.11.23-04.24.42:778][  0]LogD3D11RHI: Creating D3DDevice using adapter:
[2022.11.23-04.24.42:778][  0]LogD3D11RHI:     Description : NVIDIA GeForce GTX 1660 Ti
[2022.11.23-04.24.42:778][  0]LogD3D11RHI:     VendorId    : 10de
[2022.11.23-04.24.42:779][  0]LogD3D11RHI:     DeviceId    : 2182
[2022.11.23-04.24.42:779][  0]LogD3D11RHI:     SubSysId    : 37501462
[2022.11.23-04.24.42:779][  0]LogD3D11RHI:     Revision    : 00a1
[2022.11.23-04.24.42:779][  0]LogD3D11RHI:     DedicatedVideoMemory : 6282018816 bytes
[2022.11.23-04.24.42:779][  0]LogD3D11RHI:     DedicatedSystemMemory : 0 bytes
[2022.11.23-04.24.42:779][  0]LogD3D11RHI:     SharedSystemMemory : 8549773312 bytes
[2022.11.23-04.24.42:779][  0]LogD3D11RHI:     AdapterLuid : 0 59724
[2022.11.23-04.24.42:845][  0]LogD3D11RHI: RHI has support for 64 bit atomics
[2022.11.23-04.24.42:845][  0]LogD3D11RHI: Async texture creation enabled
[2022.11.23-04.24.42:845][  0]LogD3D11RHI: Array index from any shader is supported
[2022.11.23-04.24.42:847][  0]LogD3D11RHI: HDR output is supported on display 0 (NvId: 0x80061086).
[2022.11.23-04.24.42:863][  0]LogD3D11RHI: GPU Timing Frequency: 1000.000000 (Debug: 2 1)
[2022.11.23-04.24.42:884][  0]LogRHI: GeForceNow SDK initialized: 1
[2022.11.23-04.24.43:215][  0]LogTargetPlatformManager: Display: Loaded TargetPlatform 'WindowsNoEditor'
[2022.11.23-04.24.43:219][  0]LogTargetPlatformManager: Display: Loaded TargetPlatform 'Windows'
[2022.11.23-04.24.43:223][  0]LogTargetPlatformManager: Display: Loaded TargetPlatform 'WindowsClient'
[2022.11.23-04.24.43:227][  0]LogTargetPlatformManager: Display: Loaded TargetPlatform 'WindowsServer'
[2022.11.23-04.24.43:227][  0]LogTargetPlatformManager: Display: Building Assets For Windows
[2022.11.23-04.24.43:232][  0]LogAudioDebug: Display: Lib vorbis DLL was dynamically loaded.
[2022.11.23-04.24.43:253][  0]LogTextureFormatOodle: Display: Oodle Texture 2.9.0 init RDO Off
[2022.11.23-04.24.43:276][  0]LogRendererCore: Ray tracing is disabled. Reason: r.RayTracing=0.
[2022.11.23-04.24.43:276][  0]LogShaderCompilers: Guid format shader working directory is 1 characters bigger than the processId version (C:/Users/Jarod/OneDrive/Desktop/Level-Design/Intermediate/Shaders/WorkingDirectory/41068/).
[2022.11.23-04.24.43:276][  0]LogShaderCompilers: Cleaned the shader compiler working directory 'C:/Users/Jarod/AppData/Local/Temp/UnrealShaderWorkingDir/6840CB7E482A22996C539489D4E38D62/'.
[2022.11.23-04.24.43:276][  0]LogXGEController: Cannot use XGE Controller as Incredibuild is not installed on this machine.
[2022.11.23-04.24.43:276][  0]LogShaderCompilers: Cannot use XGE Shader Compiler as Incredibuild is not installed on this machine.
[2022.11.23-04.24.43:276][  0]LogShaderCompilers: Display: Using Local Shader Compiler.
[2022.11.23-04.24.43:892][  0]LogDerivedDataCache: Display: Max Cache Size: 512 MB
[2022.11.23-04.24.43:950][  0]LogDerivedDataCache: Loaded boot cache 0.06s 94MB C:/Users/Jarod/AppData/Local/UnrealEngine/4.27/DerivedDataCache/Boot.ddc.
[2022.11.23-04.24.43:950][  0]LogDerivedDataCache: Display: Loaded Boot cache: C:/Users/Jarod/AppData/Local/UnrealEngine/4.27/DerivedDataCache/Boot.ddc
[2022.11.23-04.24.43:950][  0]LogDerivedDataCache: FDerivedDataBackendGraph:  Pak pak cache file C:/Users/Jarod/OneDrive/Desktop/Level-Design/DerivedDataCache/DDC.ddp not found, will not use a pak cache.
[2022.11.23-04.24.43:950][  0]LogDerivedDataCache: Unable to find inner node Pak for hierarchical cache Hierarchy.
[2022.11.23-04.24.43:950][  0]LogDerivedDataCache: FDerivedDataBackendGraph:  CompressedPak pak cache file C:/Users/Jarod/OneDrive/Desktop/Level-Design/DerivedDataCache/Compressed.ddp not found, will not use a pak cache.
[2022.11.23-04.24.43:950][  0]LogDerivedDataCache: Unable to find inner node CompressedPak for hierarchical cache Hierarchy.
[2022.11.23-04.24.43:969][  0]LogDerivedDataCache: Display: Pak cache opened for reading ../../../Engine/DerivedDataCache/Compressed.ddp.
[2022.11.23-04.24.43:969][  0]LogDerivedDataCache: FDerivedDataBackendGraph:  EnterprisePak pak cache file ../../../Enterprise/DerivedDataCache/Compressed.ddp not found, will not use a pak cache.
[2022.11.23-04.24.43:969][  0]LogDerivedDataCache: Unable to find inner node EnterprisePak for hierarchical cache Hierarchy.
[2022.11.23-04.24.43:978][  0]LogDerivedDataCache: Speed tests for C:/Users/Jarod/AppData/Local/UnrealEngine/Common/DerivedDataCache took 0.01 seconds
[2022.11.23-04.24.43:978][  0]LogDerivedDataCache: Display: Performance to C:/Users/Jarod/AppData/Local/UnrealEngine/Common/DerivedDataCache: Latency=0.03ms. RandomReadSpeed=312.67MBs, RandomWriteSpeed=173.82MBs. Assigned SpeedClass 'Local'
[2022.11.23-04.24.43:979][  0]LogDerivedDataCache: Using Local data cache path C:/Users/Jarod/AppData/Local/UnrealEngine/Common/DerivedDataCache: Writable
[2022.11.23-04.24.43:979][  0]LogDerivedDataCache: Shared data cache path not found in *engine.ini, will not use an Shared cache.
[2022.11.23-04.24.43:979][  0]LogDerivedDataCache: Unable to find inner node Shared for hierarchical cache Hierarchy.
[2022.11.23-04.24.44:014][  0]LogSlate: Using FreeType 2.10.0
[2022.11.23-04.24.44:014][  0]LogSlate: SlateFontServices - WITH_FREETYPE: 1, WITH_HARFBUZZ: 1
[2022.11.23-04.24.44:081][  0]LogInit: Using OS detected language (en-US).
[2022.11.23-04.24.44:081][  0]LogInit: Using OS detected locale (en-US).
[2022.11.23-04.24.44:081][  0]LogTextLocalizationManager: No localization for 'en-US' exists, so 'en' will be used for the language.
[2022.11.23-04.24.44:081][  0]LogTextLocalizationManager: No localization for 'en-US' exists, so 'en' will be used for the locale.
[2022.11.23-04.24.44:081][  0]LogSlate: FontCache flush requested. Reason: Culture for localization was changed
[2022.11.23-04.24.44:081][  0]LogSlate: FontCache flush requested. Reason: Culture for localization was changed
[2022.11.23-04.24.44:084][  0]LogTextLocalizationManager: Compacting localization data took   0.01ms
[2022.11.23-04.24.44:084][  0]LogAssetRegistry: FAssetRegistry took 0.0021 seconds to start up
[2022.11.23-04.24.44:248][  0]LogPackageLocalizationCache: Processed 27 localized package path(s) for 1 prioritized culture(s) in 0.000908 seconds
[2022.11.23-04.24.44:310][  0]LogInit: Selected Device Profile: [Windows]
[2022.11.23-04.24.44:310][  0]LogInit: Active device profile: [000001F767B00B00][000001F760BD7840 49] Windows
[2022.11.23-04.24.44:310][  0]LogInit: Profiles: [000001F767B00B00][000001F760BD7840 49] Windows, [000001F767ABE100][000001F760BDB9C0 49] WindowsNoEditor, [000001F767B01900][000001F760BDFB40 49] WindowsServer, [000001F767ABEE00][000001F761CFA140 49] WindowsClient, [000001F767B03C00][000001F761CFE2C0 49] IOS, [000001F767ABCF00][000001F761D02440 49] iPadAir, [000001F767B03E00][000001F761D065C0 49] iPadAir2, [000001F767A64C00][000001F761D0E880 49] IPadPro, [000001F767A64D00][000001F761D0A8C0 49] iPadAir3, [000001F767ABFB00][000001F761D12A40 49] iPadAir4, [000001F767A67600][000001F761D16BC0 49] iPadMini2, [000001F767ABF200][000001F761D1AD40 49] iPadMini3, [000001F767A67800][000001F761D1EEC0 49] iPadMini4, [000001F767ABF800][000001F761D23040 49] iPadMini5, [000001F767A8C600][000001F761D2B300 49] iPhone6, [000001F767A8C700][000001F761D27340 49] iPodTouch6, [000001F767B02900][000001F760BD35C0 49] iPhone7, [000001F767B02800][000001F761D2F600 49] iPodTouch7, [000001F767A8C100][000001F761D33740 49] iPhone5S, [000001F767A64700][000001F761D37880 49] iPhone6Plus, [000001F767A8E500][000001F761A1FA00 49] iPhone6S, [000001F767A65300][000001F761A23B80 49] iPhone6SPlus, [000001F767A8FB00][000001F761A26180 49] iPhone7Plus, [000001F767A67500][000001F761A2A300 49] iPhoneSE, [000001F767B02600][000001F761A2E480 49] iPhone8, [000001F767A64600][000001F761A32600 49] iPhone8Plus, [000001F767B02200][000001F761A36780 49] iPhoneX, [000001F767A67300][000001F761A3A900 49] iPhoneXS, [000001F767B03400][000001F761A3EA80 49] iPhoneXSMax, [000001F767A66D00][000001F761A42C00 49] iPhoneXR, [000001F767B00200][000001F761A46D80 49] iPhone11, [000001F767A65E00][000001F761A4AF00 49] iPhone11Pro, [000001F767B02A00][000001F761A4F080 49] iPhone11ProMax, [000001F767A67700][000001F761A53200 49] iPhoneSE2, [000001F767B00D00][000001F761A57380 49] iPhone12Mini, [000001F767A65F00][000001F761A5B500 49] iPhone12, [000001F767B00700][000001F761A5F680 49] iPhone12Pro, [000001F767A65400][000001F761D3B7C0 49] iPhone12ProMax, [000001F767B00C00][000001F761A63900 49] iPadPro105, [000001F767A65700][000001F761A67A40 49] iPadPro129, [000001F767B00100][000001F761787BC0 49] iPadPro97, [000001F767A67C00][000001F76178A1C0 49] iPadPro2_129, [000001F767B00800][000001F76178E340 49] iPad5, [000001F767A67100][000001F7617924C0 49] iPad6, [000001F767B00500][000001F761796640 49] iPad7, [000001F767A66800][000001F76179A7C0 49] iPad8, [000001F767B00600][000001F76179E940 49] iPadPro11, [000001F767A64100][000001F7617A2AC0 49] iPadPro2_11, [000001F767B01C00][000001F7617A6C40 49] iPadPro3_129, [000001F767A67E00][000001F7617AADC0 49] iPadPro4_129, [000001F767B02500][000001F7617AEF40 49] AppleTV, [000001F767A66300][000001F7617B30C0 49] AppleTV4K, [000001F767B00400][000001F7617B7240 49] TVOS, [000001F767A65C00][000001F7617BB3C0 49] Mac, [000001F767B03D00][000001F7617BF540 49] MacClient, [000001F767A66500][000001F7617C36C0 49] MacNoEditor, [000001F767B03100][000001F7617C7840 49] MacServer, [000001F767A67900][000001F761783980 49] Linux, [000001F767B01D00][000001F7617CBAC0 49] LinuxAArch64, [000001F767A66100][000001F7617CFC00 49] LinuxNoEditor, [000001F767B01B00][000001F7617D21C0 49] LinuxAArch64NoEditor, [000001F767A67B00][000001F7617DA340 49] LinuxClient, [000001F767B02E00][000001F7617DE4C0 49] LinuxAArch64Client, [000001F767A66200][000001F7617E2640 49] LinuxServer, [000001F767B02F00][000001F7617E67C0 49] LinuxAArch64Server, [000001F767A65000][000001F7617EA940 49] Android, [000001F767B01E00][000001F7617EEAC0 49] Android_Low, [000001F767A64500][000001F7617F2C40 49] Android_Mid, [000001F767B02400][000001F7617F6DC0 49] Android_High, [000001F767A67F00][000001F7617FAF40 49] Android_Default, [000001F767B02000][000001F7617FF0C0 49] Android_Adreno4xx, [000001F767ABE400][000001F761803240 49] Android_Adreno5xx_Low, [000001F767A8F500][000001F7618073C0 49] Android_Adreno5xx, [000001F767ABFD00][000001F76180B540 49] Android_Adreno6xx, [000001F767A8EB00][000001F76180F6C0 49] Android_Adreno6xx_Vulkan, [000001F767ABFE00][000001F761813840 49] Android_Mali_T6xx, [000001F767A8CF00][000001F7618179C0 49] Android_Mali_T7xx, [000001F767ABD300][000001F7617D7B00 49] Android_Mali_T8xx, [000001F767A8DF00][000001F76181A0C0 49] Android_Mali_G71, [000001F767ABDC00][000001F76181E200 49] Android_Mali_G72, [000001F767A8E400][000001F761822340 49] Android_Mali_G72_Vulkan, [000001F767ABF600][000001F76182A4C0 49] Android_Mali_G76, [000001F767A8E100][000001F76182E640 49] Android_Mali_G76_Vulkan, [000001F767ABDB00][000001F7618327C0 49] Android_Mali_G77, [000001F767A8CA00][000001F761836940 49] Android_Mali_G77_Vulkan, [000001F767ABF400][000001F76183AAC0 49] Android_Mali_G78, [000001F767A8D300][000001F76183EC40 49] Android_Mali_G78_Vulkan, [000001F767ABE900][000001F761842DC0 49] Android_Mali_G710, [000001F767A8FD00][000001F761846F40 49] Android_Mali_G710_Vulkan, [000001F767ABDE00][000001F76184B0C0 49] Android_Vulkan_SM5, [000001F767A8C900][000001F76184F240 49] Android_PowerVR_G6xxx, [000001F767ABDF00][000001F7618533C0 49] Android_PowerVR_GT7xxx, [000001F767A8E700][000001F761857540 49] Android_PowerVR_GE8xxx, [000001F767ABE300][000001F76185B6C0 49] Android_PowerVR_GM9xxx, [000001F767A8F200][000001F76185F840 49] Android_PowerVR_GM9xxx_Vulkan, [000001F767ABF000][000001F7618639C0 49] Android_TegraK1, [000001F767A8D700][000001F761867B40 49] Android_Unknown_Vulkan, [000001F767ABF700][000001F76186A140 49] Lumin, [000001F767A8C200][000001F761826280 49] Lumin_Desktop, [000001F767ABE200][000001F76186E3C0 49] HoloLens, 
[2022.11.23-04.24.44:340][  0]LogMeshReduction: Using QuadricMeshReduction for automatic static mesh reduction
[2022.11.23-04.24.44:340][  0]LogMeshReduction: Using SimplygonMeshReduction for automatic skeletal mesh reduction
[2022.11.23-04.24.44:340][  0]LogMeshReduction: Using ProxyLODMeshReduction for automatic mesh merging
[2022.11.23-04.24.44:340][  0]LogMeshReduction: No distributed automatic mesh merging module available
[2022.11.23-04.24.44:340][  0]LogMeshMerging: No distributed automatic mesh merging module available
[2022.11.23-04.24.44:441][  0]LogNetVersion: SideScroller_V422_Fall2019 1.0.0, NetCL: 17155196, EngineNetVer: 17, GameNetVer: 0 (Checksum: 1441273239)
[2022.11.23-04.24.44:652][  0]LogTexture: Default maximum texture size for cubemaps generated from long-lat sources has been changed from 512 to unlimited. In order to preserve old behaiour for '/Engine/MapTemplates/Sky/DaylightAmbientCubemap.DaylightAmbientCubemap', its maximum texture size has been explicitly set to 512.
[2022.11.23-04.24.44:700][  0]LogHMD: PokeAHoleMaterial loaded successfully
[2022.11.23-04.24.44:776][  0]LogMoviePlayer: Initializing movie player
[2022.11.23-04.24.44:871][  0]LogNiagaraDebuggerClient: Niagara Debugger Client Initialized | Session: B65BC0F44E3916CB4A6987B3170686D7 | Instance: AA22BF4B4F46AF1B79488DA3267377D1 (DESKTOP-H5DVIKR-41068).
[2022.11.23-04.24.44:888][  0]LogCollectionManager: Loaded 0 collections in 0.000661 seconds
[2022.11.23-04.24.44:890][  0]LogFileCache: Scanning file cache for directory 'C:/Users/Jarod/OneDrive/Desktop/Level-Design/Saved/Collections/' took 0.00s
[2022.11.23-04.24.44:890][  0]LogFileCache: Scanning file cache for directory 'C:/Users/Jarod/OneDrive/Desktop/Level-Design/Content/Developers/Jarod/Collections/' took 0.00s
[2022.11.23-04.24.44:890][  0]LogFileCache: Scanning file cache for directory 'C:/Users/Jarod/OneDrive/Desktop/Level-Design/Content/Collections/' took 0.00s
[2022.11.23-04.24.44:890][  0]LogCollectionManager: Fixed up redirectors for 0 collections in 0.000001 seconds (updated 0 objects)
[2022.11.23-04.24.44:931][  0]LogTcpMessaging: Initializing TcpMessaging bridge
[2022.11.23-04.24.44:936][  0]LogUdpMessaging: Initializing bridge on interface 0.0.0.0:0 to multicast group 230.0.0.1:6666.
[2022.11.23-04.24.45:002][  0]LogPython: Using Python 3.7.7
[2022.11.23-04.24.45:427][  0]SourceControl: Source control is disabled
[2022.11.23-04.24.45:427][  0]SourceControl: Source control is disabled
[2022.11.23-04.24.45:429][  0]SourceControl: Source control is disabled
[2022.11.23-04.24.45:434][  0]LogUProjectInfo: Found projects:
[2022.11.23-04.24.45:504][  0]LogAndroidPermission: UAndroidPermissionCallbackProxy::GetInstance
[2022.11.23-04.24.45:539][  0]LogAudioCaptureCore: Display: No Audio Capture implementations found. Audio input will be silent.
[2022.11.23-04.24.45:539][  0]LogAudioCaptureCore: Display: No Audio Capture implementations found. Audio input will be silent.
[2022.11.23-04.24.45:568][  0]LogOpenImageDenoise: OIDN starting up
[2022.11.23-04.24.45:603][  0]LogOcInput: OculusInput pre-init called
[2022.11.23-04.24.45:612][  0]LogUObjectArray: 22163 objects as part of root set at end of initial load.
[2022.11.23-04.24.45:612][  0]LogUObjectAllocator: 5993712 out of 0 bytes used by permanent object pool.
[2022.11.23-04.24.45:612][  0]LogUObjectArray: CloseDisregardForGC: 0/0 objects in disregard for GC pool
[2022.11.23-04.24.45:656][  0]LogEngine: Initializing Engine...
[2022.11.23-04.24.45:658][  0]LogHMD: Failed to enumerate extensions. Please check that you have a valid OpenXR runtime installed.
[2022.11.23-04.24.45:658][  0]LogHMD: Failed to initialize OpenVR with code 110
[2022.11.23-04.24.45:658][  0]LogMagicLeap: Warning: VR disabled because ZI is not enabled.  To enable, in the editor, Edit -> Project Settings -> Plugins -> Magic Leap Plugin -> Enable Zero Iteration
[2022.11.23-04.24.45:659][  0]LogStats: UGameplayTagsManager::InitializeManager -  0.000 s
[2022.11.23-04.24.45:745][  0]LogInit: Initializing FReadOnlyCVARCache
[2022.11.23-04.24.45:745][  0]LogAudio: Display: Initializing Audio Device Manager...
[2022.11.23-04.24.45:748][  0]LogAudio: Display: Loading Default Audio Settings Objects...
[2022.11.23-04.24.45:748][  0]LogAudio: Display: No default SoundConcurrencyObject specified (or failed to load).
[2022.11.23-04.24.45:749][  0]LogAudio: Display: Audio Device Manager Initialized
[2022.11.23-04.24.45:749][  0]LogAudio: Display: Creating Audio Device:                 Id: 1, Scope: Shared, Realtime: True
[2022.11.23-04.24.45:749][  0]LogAudioMixer: Display: Audio Mixer Platform Settings:
[2022.11.23-04.24.45:749][  0]LogAudioMixer: Display: 	Sample Rate:						  48000
[2022.11.23-04.24.45:749][  0]LogAudioMixer: Display: 	Callback Buffer Frame Size Requested: 1024
[2022.11.23-04.24.45:749][  0]LogAudioMixer: Display: 	Callback Buffer Frame Size To Use:	  1024
[2022.11.23-04.24.45:749][  0]LogAudioMixer: Display: 	Number of buffers to queue:			  2
[2022.11.23-04.24.45:749][  0]LogAudioMixer: Display: 	Max Channels (voices):				  32
[2022.11.23-04.24.45:749][  0]LogAudioMixer: Display: 	Number of Async Source Workers:		  0
[2022.11.23-04.24.45:749][  0]LogAudio: Display: AudioDevice MaxSources: 32
[2022.11.23-04.24.45:749][  0]LogAudio: Display: Audio Spatialization Plugin: None (built-in).
[2022.11.23-04.24.45:749][  0]LogAudio: Display: Audio Reverb Plugin: None (built-in).
[2022.11.23-04.24.45:749][  0]LogAudio: Display: Audio Occlusion Plugin: None (built-in).
[2022.11.23-04.24.45:749][  0]LogAudioMixer: Display: Initializing audio mixer.
[2022.11.23-04.24.45:776][  0]LogAudioMixer: Display: 0: FrontLeft
[2022.11.23-04.24.45:776][  0]LogAudioMixer: Display: 1: FrontRight
[2022.11.23-04.24.45:803][  0]LogAudioMixer: Display: Using Audio Device Speakers (Realtek(R) Audio)
[2022.11.23-04.24.45:809][  0]LogAudioMixer: Display: Initializing Sound Submixes...
[2022.11.23-04.24.45:810][  0]LogAudioMixer: Display: Creating Master Submix 'MasterSubmixDefault'
[2022.11.23-04.24.45:810][  0]LogAudioMixer: Display: Creating Master Submix 'MasterReverbSubmixDefault'
[2022.11.23-04.24.45:812][  0]LogAudioMixer: Display: Creating Master Submix 'MasterEQSubmixDefault'
[2022.11.23-04.24.45:812][  0]LogAudioMixer: FMixerPlatformXAudio2::StartAudioStream() called
[2022.11.23-04.24.45:812][  0]LogAudioMixer: Display: Output buffers initialized: Frames=1024, Channels=2, Samples=2048
[2022.11.23-04.24.45:813][  0]LogAudioMixer: Display: Starting AudioMixerPlatformInterface::RunInternal()
[2022.11.23-04.24.45:813][  0]LogAudioMixer: Display: FMixerPlatformXAudio2::SubmitBuffer() called for the first time
[2022.11.23-04.24.45:813][  0]LogInit: FAudioDevice initialized.
[2022.11.23-04.24.45:814][  0]LogNetVersion: Set ProjectVersion to 1.0.0.0. Version Checksum will be recalculated on next use.
[2022.11.23-04.24.45:814][  0]LogInit: Texture streaming: Enabled
[2022.11.23-04.24.45:866][  0]LogAudio: Display: Audio Device (ID: 1) registered with world 'Untitled'.
[2022.11.23-04.24.45:866][  0]LogSlate: Updating window title bar state: overlay mode, drag disabled, window buttons hidden, title bar hidden
[2022.11.23-04.24.45:867][  0]LogInit: Display: Game Engine Initialized.
[2022.11.23-04.24.45:868][  0]LogNiagaraEditor: GEditor isn't valid! Particle reset commands will not work for Niagara components!
[2022.11.23-04.24.45:966][  0]LogInit: Display: Starting Game.
[2022.11.23-04.24.45:966][  0]LogNet: Browse: /Game/StarterContent/Maps/My_level?Name=Player
[2022.11.23-04.24.45:966][  0]LogLoad: LoadMap: /Game/StarterContent/Maps/My_level?Name=Player
[2022.11.23-04.24.45:966][  0]LogWorld: BeginTearingDown for /Temp/Untitled_0
[2022.11.23-04.24.45:967][  0]LogWorld: UWorld::CleanupWorld for Untitled, bSessionEnded=true, bCleanupResources=true
[2022.11.23-04.24.45:967][  0]LogSlate: InvalidateAllWidgets triggered.  All widgets were invalidated
[2022.11.23-04.24.45:970][  0]LogAudio: Display: Audio Device unregistered from world 'None'.
[2022.11.23-04.24.45:973][  0]LogUObjectHash: Compacting FUObjectHashTables data took   0.85ms
[2022.11.23-04.24.46:162][  0]LogBlueprint: Warning: [AssetLog] C:\Users\Jarod\OneDrive\Desktop\Level-Design\Content\Custom_Blueprints\Puzzle_Elements\Sphere_Door.uasset: [Compiler] OnComponentBeginOverlap (Box)  does not have a valid matching component!
[2022.11.23-04.24.46:607][  0]LogSkeletalMesh: Display: [AssetLog] C:\Users\Jarod\OneDrive\Desktop\Level-Design\Content\Custom_Assets\Utility\Flag\Flag.uasset: Find and fix some bad tangent! please re-import this skeletal mesh asset to fix the issue. The shading of the skeletal mesh will be bad and faceted.
[2022.11.23-04.24.46:642][  0]LogSkeletalMesh: Display: [AssetLog] C:\Users\Jarod\OneDrive\Desktop\Level-Design\Content\Custom_Assets\Hazards\Bat\Model\Bat_Enemy.uasset: Find and fix some bad tangent! please re-import this skeletal mesh asset to fix the issue. The shading of the skeletal mesh will be bad and faceted.
[2022.11.23-04.24.46:644][  0]LogAudio: Display: Audio Device (ID: 1) registered with world 'My_level'.
[2022.11.23-04.24.46:650][  0]LogAIModule: Creating AISystem for world My_level
[2022.11.23-04.24.46:653][  0]LogLoad: Game class is 'SideScrollerGameMode_C'
[2022.11.23-04.24.46:668][  0]LogWorld: Bringing World /Game/StarterContent/Maps/My_level.My_level up for play (max tick rate 0) at 2022.11.22-23.24.46
[2022.11.23-04.24.46:668][  0]LogWorld: Bringing up level for play took: 0.014419
[2022.11.23-04.24.46:672][  0]LogLoad: Took 0.705310 seconds to LoadMap(/Game/StarterContent/Maps/My_level)
[2022.11.23-04.24.46:771][  0]LogSlate: Took 0.000297 seconds to synchronously load lazily loaded font '../../../Engine/Content/Slate/Fonts/Roboto-Regular.ttf' (155K)
[2022.11.23-04.24.46:825][  0]LogRenderer: Reallocating scene render targets to support 1280x720 Format 10 NumSamples 1 (Frame:1).
[2022.11.23-04.24.46:825][  0]LogInit: Display: Engine is initialized. Leaving FEngineLoop::Init()
[2022.11.23-04.24.46:825][  0]LogLoad: (Engine Initialization) Total time: 5.59 seconds
[2022.11.23-04.24.46:825][  0]LogLoad: (Engine Initialization) Total Blueprint compile time: 0.00 seconds
[2022.11.23-04.24.46:828][  0]LogContentStreaming: Texture pool size now 1000 MB
[2022.11.23-04.24.46:833][  0]LogSlate: InvalidateAllWidgets triggered.  All widgets were invalidated
[2022.11.23-04.24.46:873][  1]LogSlate: Took 0.000148 seconds to synchronously load lazily loaded font '../../../Engine/Content/Slate/Fonts/Roboto-Regular.ttf' (155K)
[2022.11.23-04.24.50:466][716]LogCharacterMovement: SideScrollerCharacter_C_0 is stuck and failed to move! Velocity: X=0.00 Y=-232.72 Z=0.00 Location: X=1150.00 Y=749.40 Z=294.16 Normal: X=-0.01 Y=0.37 Z=0.93 PenetrationDepth:1.213 Actor:Rockface_Jumper_2 Component:SkeletalMeshComponent0 BoneName:CATRigHub002 (0 other events since notify)
[2022.11.23-04.25.13:244][990]LogBlueprintUserMessages: [Locked_Door2_3] This door is locked.  You will need to find a key!
[2022.11.23-04.25.21:420][365]LogCharacterMovement: SideScrollerCharacter_C_0 is stuck and failed to move! Velocity: X=0.00 Y=-9.99 Z=0.00 Location: X=1150.00 Y=-2610.74 Z=1457.50 Normal: X=0.23 Y=0.97 Z=0.00 PenetrationDepth:0.462 Actor:Enemy_Bat_Horizontal_2 Component:SkeletalMeshComponent0 BoneName:LMarine1Bone001 (14 other events since notify)
[2022.11.23-04.25.23:065][693]LogCharacterMovement: SideScrollerCharacter_C_0 is stuck and failed to move! Velocity: X=0.00 Y=-11.04 Z=0.00 Location: X=1150.00 Y=-2473.21 Z=1449.56 Normal: X=-0.12 Y=0.99 Z=0.00 PenetrationDepth:6.848 Actor:Enemy_Bat_Horizontal_2 Component:SkeletalMeshComponent0 BoneName:RMarineTail1 (18 other events since notify)
[2022.11.23-04.25.26:549][269]LogCharacterMovement: SideScrollerCharacter_C_0 is stuck and failed to move! Velocity: X=0.00 Y=-204.49 Z=0.00 Location: X=1150.00 Y=-2760.94 Z=1457.50 Normal: X=-0.05 Y=1.00 Z=0.00 PenetrationDepth:0.272 Actor:Enemy_Bat_Vertical_2 Component:SkeletalMeshComponent0 BoneName:MarineRibcage001 (3 other events since notify)
[2022.11.23-04.25.27:558][463]LogCharacterMovement: SideScrollerCharacter_C_0 is stuck and failed to move! Velocity: X=0.00 Y=-9.66 Z=0.00 Location: X=1150.00 Y=-2770.22 Z=1464.01 Normal: X=-0.01 Y=1.00 Z=0.00 PenetrationDepth:0.404 Actor:Enemy_Bat_Vertical_2 Component:SkeletalMeshComponent0 BoneName:MarinePelvis (10 other events since notify)
[2022.11.23-04.25.37:163][975]LogWindowsDesktop: Alt-F4 pressed!
[2022.11.23-04.25.37:168][975]LogSlate: Window 'SideScroller_V422_Fall2019 (64-bit Development PCD3D_SM5) ' being destroyed
[2022.11.23-04.25.37:169][975]LogWindowsTextInputMethodSystem: Display: IME system deactivated.
[2022.11.23-04.25.37:174][975]LogWindowsTextInputMethodSystem: Display: IME system deactivated.
[2022.11.23-04.25.37:175][975]LogSlate: Updating window title bar state: overlay mode, drag disabled, window buttons hidden, title bar hidden
[2022.11.23-04.25.37:175][975]LogEngine: All Windows Closed
[2022.11.23-04.25.37:175][975]LogWindows: FPlatformMisc::RequestExit(0)
[2022.11.23-04.25.37:175][975]LogWindows: FPlatformMisc::RequestExitWithStatus(0, 0)
[2022.11.23-04.25.37:175][975]LogCore: Engine exit requested (reason: Win RequestExit)
[2022.11.23-04.25.37:175][976]LogCore: Engine exit requested (reason: EngineExit() was called; note: exit was already requested)
[2022.11.23-04.25.37:175][976]LogInit: Display: PreExit Game.
[2022.11.23-04.25.37:187][976]LogWorld: BeginTearingDown for /Game/StarterContent/Maps/My_level
[2022.11.23-04.25.37:187][976]LogWorld: UWorld::CleanupWorld for My_level, bSessionEnded=true, bCleanupResources=true
[2022.11.23-04.25.37:189][976]LogSlate: InvalidateAllWidgets triggered.  All widgets were invalidated
[2022.11.23-04.25.37:692][976]LogAudio: Display: Beginning Audio Device Manager Shutdown (Module: AudioMixerXAudio2)...
[2022.11.23-04.25.37:692][976]LogAudio: Display: Destroying 1 Remaining Audio Device(s)...
[2022.11.23-04.25.37:692][976]LogAudio: Display: Audio Device unregistered from world 'My_level'.
[2022.11.23-04.25.37:720][976]LogAudioMixer: FMixerPlatformXAudio2::StopAudioStream() called
[2022.11.23-04.25.37:721][976]LogAudioMixer: FMixerPlatformXAudio2::StopAudioStream() called
[2022.11.23-04.25.37:731][976]LogAudio: Display: Audio Device Manager Shutdown
[2022.11.23-04.25.37:735][976]LogExit: Preparing to exit.
[2022.11.23-04.25.37:745][976]LogSlate: Updating window title bar state: overlay mode, drag disabled, window buttons hidden, title bar hidden
[2022.11.23-04.25.37:753][976]LogUObjectHash: Compacting FUObjectHashTables data took   1.40ms
[2022.11.23-04.25.37:966][976]LogMoviePlayer: Shutting down movie player
[2022.11.23-04.25.38:145][976]LogExit: Game engine shut down
[2022.11.23-04.25.38:147][976]LogDemo: Cleaned up 0 splitscreen connections with owner deletion
[2022.11.23-04.25.38:192][976]LogExit: Object subsystem successfully closed.
[2022.11.23-04.25.38:206][976]LogShaderCompilers: Display: === FShaderJobCache stats ===
[2022.11.23-04.25.38:206][976]LogShaderCompilers: Display: Total job queries 0, among them cache hits 0 (0.00%)
[2022.11.23-04.25.38:206][976]LogShaderCompilers: Display: Tracking 0 distinct input hashes that result in 0 distinct outputs (0.00%)
[2022.11.23-04.25.38:206][976]LogShaderCompilers: Display: RAM used: 0.00 MB (0.00 GB) of 819.20 MB (0.80 GB) budget. Usage: 0.00%
[2022.11.23-04.25.38:206][976]LogShaderCompilers: Display: ================================================
[2022.11.23-04.25.38:216][976]LogShaderCompilers: Display: Shaders left to compile 0
[2022.11.23-04.25.38:225][976]LogModuleManager: Shutting down and abandoning module SequenceRecorderSections (564)
[2022.11.23-04.25.38:225][976]LogModuleManager: Shutting down and abandoning module SequenceRecorder (562)
[2022.11.23-04.25.38:225][976]LogModuleManager: Shutting down and abandoning module AutomationController (560)
[2022.11.23-04.25.38:225][976]LogModuleManager: Shutting down and abandoning module AutomationWorker (558)
[2022.11.23-04.25.38:225][976]LogModuleManager: Shutting down and abandoning module Voice (556)
[2022.11.23-04.25.38:225][976]LogModuleManager: Shutting down and abandoning module AIModule (554)
[2022.11.23-04.25.38:225][976]LogModuleManager: Shutting down and abandoning module GameplayDebugger (553)
[2022.11.23-04.25.38:225][976]LogModuleManager: Shutting down and abandoning module AITestSuite (551)
[2022.11.23-04.25.38:225][976]LogModuleManager: Shutting down and abandoning module NavigationSystem (549)
[2022.11.23-04.25.38:225][976]LogModuleManager: Shutting down and abandoning module AnimGraph (546)
[2022.11.23-04.25.38:225][976]LogModuleManager: Shutting down and abandoning module SteamVREditor (544)
[2022.11.23-04.25.38:225][976]LogModuleManager: Shutting down and abandoning module ToolMenus (543)
[2022.11.23-04.25.38:225][976]LogModuleManager: Shutting down and abandoning module OculusMR (540)
[2022.11.23-04.25.38:225][976]LogModuleManager: Shutting down and abandoning module OpenXRInput (538)
[2022.11.23-04.25.38:225][976]LogModuleManager: Shutting down and abandoning module PlanarCut (536)
[2022.11.23-04.25.38:225][976]LogModuleManager: Shutting down and abandoning module TakeRecorderSources (534)
[2022.11.23-04.25.38:225][976]LogModuleManager: Shutting down and abandoning module TakeRecorder (533)
[2022.11.23-04.25.38:225][976]LogModuleManager: Shutting down and abandoning module TakeTrackRecorders (530)
[2022.11.23-04.25.38:225][976]LogModuleManager: Shutting down and abandoning module TakesCore (528)
[2022.11.23-04.25.38:225][976]LogModuleManager: Shutting down and abandoning module CharacterAI (526)
[2022.11.23-04.25.38:225][976]LogModuleManager: Shutting down and abandoning module MagicLeapMediaCodecFactory (524)
[2022.11.23-04.25.38:225][976]LogModuleManager: Shutting down and abandoning module MagicLeapMediaFactory (522)
[2022.11.23-04.25.38:225][976]LogModuleManager: Shutting down and abandoning module WmfMediaFactory (520)
[2022.11.23-04.25.38:225][976]LogModuleManager: Shutting down and abandoning module WebMMediaFactory (518)
[2022.11.23-04.25.38:225][976]LogModuleManager: Shutting down and abandoning module WebMMedia (516)
[2022.11.23-04.25.38:225][976]LogModuleManager: Shutting down and abandoning module OpenExrWrapper (514)
[2022.11.23-04.25.38:225][976]LogModuleManager: Shutting down and abandoning module ImgMediaFactory (512)
[2022.11.23-04.25.38:225][976]LogModuleManager: Shutting down and abandoning module AvfMediaFactory (510)
[2022.11.23-04.25.38:225][976]LogModuleManager: Shutting down and abandoning module SessionServices (508)
[2022.11.23-04.25.38:225][976]LogModuleManager: Shutting down and abandoning module MovieSceneCapture (506)
[2022.11.23-04.25.38:225][976]LogModuleManager: Shutting down and abandoning module LiveCoding (504)
[2022.11.23-04.25.38:225][976]LogModuleManager: Shutting down and abandoning module LevelSequence (502)
[2022.11.23-04.25.38:225][976]LogModuleManager: Shutting down and abandoning module MovieSceneTracks (500)
[2022.11.23-04.25.38:225][976]LogModuleManager: Shutting down and abandoning module MovieScene (498)
[2022.11.23-04.25.38:225][976]LogModuleManager: Shutting down and abandoning module StreamingPauseRendering (496)
[2022.11.23-04.25.38:225][976]LogModuleManager: Shutting down and abandoning module PortalServices (494)
[2022.11.23-04.25.38:225][976]LogModuleManager: Shutting down and abandoning module PortalRpc (492)
[2022.11.23-04.25.38:225][976]LogModuleManager: Shutting down and abandoning module MessagingRpc (490)
[2022.11.23-04.25.38:226][976]LogModuleManager: Shutting down and abandoning module AudioMixerXAudio2 (488)
[2022.11.23-04.25.38:226][976]LogModuleManager: Shutting down and abandoning module AudioMixerCore (487)
[2022.11.23-04.25.38:226][976]LogModuleManager: Shutting down and abandoning module ImageWriteQueue (484)
[2022.11.23-04.25.38:229][976]LogModuleManager: Shutting down and abandoning module ProfilerService (482)
