Log file open, 11/22/22 23:52:10
LogWindows: Failed to load 'aqProf.dll' (GetLastError=126)
LogWindows: File 'aqProf.dll' does not exist
LogWindows: Failed to load 'VtuneApi.dll' (GetLastError=126)
LogWindows: File 'VtuneApi.dll' does not exist
LogWindows: Failed to load 'VtuneApi32e.dll' (GetLastError=126)
LogWindows: File 'VtuneApi32e.dll' does not exist
LogConsoleResponse: Display: Failed to find resolution value strings in scalability ini. Falling back to default.
LogConsoleResponse: Display: Failed to find resolution value strings in scalability ini. Falling back to default.
LogInit: Display: Running engine for game: SideScroller_V422_Fall2019
LogPlatformFile: Not using cached read wrapper
LogTaskGraph: Started task graph with 5 named threads and 47 total threads with 3 sets of task threads.
LogStats: Stats thread started at 0.234042
LogICUInternationalization: ICU TimeZone Detection - Raw Offset: -5:00, Platform Override: ''
LogInit: Display: Loading text-based GConfig....
LogPluginManager: Mounting plugin MeshPainting
LogPluginManager: Mounting plugin XGEController
LogPluginManager: Mounting plugin Paper2D
LogPluginManager: Mounting plugin LiveLink
LogPluginManager: Mounting plugin AISupport
LogPluginManager: Mounting plugin CameraShakePreviewer
LogPluginManager: Mounting plugin GameplayCameras
LogPluginManager: Mounting plugin LightPropagationVolume
LogPluginManager: Mounting plugin CLionSourceCodeAccess
LogPluginManager: Mounting plugin CodeLiteSourceCodeAccess
LogPluginManager: Mounting plugin AnimationSharing
LogPluginManager: Mounting plugin GitSourceControl
LogPluginManager: Mounting plugin NullSourceCodeAccess
LogPluginManager: Mounting plugin PerforceSourceControl
LogPluginManager: Mounting plugin PixWinPlugin
LogPluginManager: Mounting plugin KDevelopSourceCodeAccess
LogPluginManager: Mounting plugin PluginUtils
LogPluginManager: Mounting plugin PlasticSourceControl
LogPluginManager: Mounting plugin PropertyAccessNode
LogPluginManager: Mounting plugin SubversionSourceControl
LogPluginManager: Mounting plugin RiderSourceCodeAccess
LogPluginManager: Mounting plugin TextureFormatOodle
LogPluginManager: Mounting plugin EnvironmentQueryEditor
LogPluginManager: Mounting plugin UObjectPlugin
LogPluginManager: Mounting plugin XCodeSourceCodeAccess
LogPluginManager: Mounting plugin VisualStudioSourceCodeAccess
LogPluginManager: Mounting plugin VisualStudioCodeSourceCodeAccess
LogPluginManager: Mounting plugin AssetManagerEditor
LogPluginManager: Mounting plugin DatasmithContent
LogPluginManager: Mounting plugin CurveEditorTools
LogPluginManager: Mounting plugin CryptoKeys
LogPluginManager: Mounting plugin FacialAnimation
LogPluginManager: Mounting plugin GameplayTagsEditor
LogPluginManager: Mounting plugin Niagara
LogPluginManager: Mounting plugin MacGraphicsSwitching
LogPluginManager: Mounting plugin DataValidation
LogPluginManager: Mounting plugin MaterialAnalyzer
LogPluginManager: Mounting plugin MobileLauncherProfileWizard
LogPluginManager: Mounting plugin VariantManagerContent
LogPluginManager: Mounting plugin PluginBrowser
LogPluginManager: Mounting plugin LuminPlatformFeatures
LogPluginManager: Mounting plugin AndroidMedia
LogPluginManager: Mounting plugin SpeedTreeImporter
LogPluginManager: Mounting plugin MagicLeap
LogPluginManager: Mounting plugin AvfMedia
LogPluginManager: Mounting plugin MagicLeapLightEstimation
LogPluginManager: Mounting plugin MagicLeapMedia
LogPluginManager: Mounting plugin MagicLeapPassableWorld
LogPluginManager: Mounting plugin ImgMedia
LogPluginManager: Mounting plugin MediaCompositing
LogPluginManager: Mounting plugin GeometryMode
LogPluginManager: Mounting plugin MLSDK
LogPluginManager: Mounting plugin TcpMessaging
LogPluginManager: Mounting plugin WmfMedia
LogPluginManager: Mounting plugin MediaPlayerEditor
LogPluginManager: Mounting plugin WebMMedia
LogPluginManager: Mounting plugin LevelSequenceEditor
LogPluginManager: Mounting plugin UdpMessaging
LogPluginManager: Mounting plugin ActorSequence
LogPluginManager: Mounting plugin MatineeToLevelSequence
LogPluginManager: Mounting plugin OnlineSubsystemUtils
LogPluginManager: Mounting plugin ActorLayerUtilities
LogPluginManager: Mounting plugin AndroidDeviceProfileSelector
LogPluginManager: Mounting plugin LauncherChunkInstaller
LogPluginManager: Mounting plugin OnlineSubsystemNull
LogPluginManager: Mounting plugin AndroidMoviePlayer
LogPluginManager: Mounting plugin AndroidPermission
LogPluginManager: Mounting plugin AppleMoviePlayer
LogPluginManager: Mounting plugin ApexDestruction
LogPluginManager: Mounting plugin OnlineSubsystem
LogPluginManager: Mounting plugin AppleImageUtils
LogPluginManager: Mounting plugin AudioSynesthesia
LogPluginManager: Mounting plugin AudioCapture
LogPluginManager: Mounting plugin CableComponent
LogPluginManager: Mounting plugin ArchVisCharacter
LogPluginManager: Mounting plugin CustomMeshComponent
LogPluginManager: Mounting plugin ChunkDownloader
LogPluginManager: Mounting plugin EditableMesh
LogPluginManager: Mounting plugin ExampleDeviceProfileSelector
LogPluginManager: Mounting plugin GooglePAD
LogPluginManager: Mounting plugin IOSDeviceProfileSelector
LogPluginManager: Mounting plugin LinuxDeviceProfileSelector
LogPluginManager: Mounting plugin LocationServicesBPLibrary
LogPluginManager: Mounting plugin MobilePatchingUtils
LogPluginManager: Mounting plugin OpenXR
LogPluginManager: Mounting plugin TemplateSequence
LogPluginManager: Mounting plugin OpenXREyeTracker
LogPluginManager: Mounting plugin PhysXVehicles
LogPluginManager: Mounting plugin OpenXRHandTracking
LogPluginManager: Mounting plugin AssetTags
LogPluginManager: Mounting plugin ScreenshotTools
LogPluginManager: Mounting plugin PostSplashScreen
LogPluginManager: Mounting plugin ProceduralMeshComponent
LogPluginManager: Mounting plugin PropertyAccessEditor
LogPluginManager: Mounting plugin RuntimePhysXCooking
LogPluginManager: Mounting plugin SignificanceManager
LogPluginManager: Mounting plugin SoundFields
LogPluginManager: Mounting plugin Synthesis
LogPluginManager: Mounting plugin WebMMoviePlayer
LogPluginManager: Mounting plugin WindowsMoviePlayer
LogPluginManager: Mounting plugin Takes
LogPluginManager: Mounting plugin GoogleCloudMessaging
LogPluginManager: Mounting plugin OodleData
LogPluginManager: Mounting plugin AlembicImporter
LogPluginManager: Mounting plugin OodleNetwork
LogPluginManager: Mounting plugin BackChannel
LogPluginManager: Mounting plugin AutomationUtils
LogPluginManager: Mounting plugin ChaosCloth
LogPluginManager: Mounting plugin ChaosClothEditor
LogPluginManager: Mounting plugin CharacterAI
LogPluginManager: Mounting plugin ChaosNiagara
LogPluginManager: Mounting plugin GeometryCache
LogPluginManager: Mounting plugin GeometryCollectionPlugin
LogPluginManager: Mounting plugin GeometryProcessing
LogPluginManager: Mounting plugin ChaosEditor
LogPluginManager: Mounting plugin MotoSynth
LogPluginManager: Mounting plugin OpenImageDenoise
LogPluginManager: Mounting plugin PlanarCut
LogPluginManager: Mounting plugin PlatformCrypto
LogPluginManager: Mounting plugin ChaosSolverPlugin
LogPluginManager: Mounting plugin ProxyLODPlugin
LogPluginManager: Mounting plugin SkeletalReduction
LogPluginManager: Mounting plugin PythonScriptPlugin
LogPluginManager: Mounting plugin ContentBrowserFileDataSource
LogPluginManager: Mounting plugin ContentBrowserClassDataSource
LogPluginManager: Mounting plugin ContentBrowserAssetDataSource
LogPluginManager: Mounting plugin OnlineSubsystemGooglePlay
LogPluginManager: Mounting plugin OnlineSubsystemIOS
LogPluginManager: Mounting plugin OculusVR
LogPluginManager: Mounting plugin SteamVR
PixWinPlugin: PIX capture plugin failed to initialize! Check that the process is launched from PIX.
LogInit: Using libcurl 7.55.1-DEV
LogInit:  - built for x86_64-pc-win32
LogInit:  - supports SSL with OpenSSL/1.1.1
LogInit:  - supports HTTP deflate (compression) using libz 1.2.8
LogInit:  - other features:
LogInit:      CURL_VERSION_SSL
LogInit:      CURL_VERSION_LIBZ
LogInit:      CURL_VERSION_IPV6
LogInit:      CURL_VERSION_ASYNCHDNS
LogInit:      CURL_VERSION_LARGEFILE
LogInit:      CURL_VERSION_IDN
LogInit:  CurlRequestOptions (configurable via config and command line):
LogInit:  - bVerifyPeer = true  - Libcurl will verify peer certificate
LogInit:  - bUseHttpProxy = false  - Libcurl will NOT use HTTP proxy
LogInit:  - bDontReuseConnections = false  - Libcurl will reuse connections
LogInit:  - MaxHostConnections = 16  - Libcurl will limit the number of connections to a host
LogInit:  - LocalHostAddr = Default
LogInit:  - BufferSize = 65536
LogOnline: OSS: Creating online subsystem instance for: NULL
LogInit: WinSock: version 1.1 (2.2), MaxSocks=32767, MaxUdp=65467
LogOnline: OSS: TryLoadSubsystemAndSetDefault: Loaded subsystem for module [NULL]
LogOculusPluginWrapper: OculusPlugin initialized successfully
LogHMD: Failed initializing OVRPlugin 1.59.0
LogInit: Build: ++UE4+Release-4.27-CL-18319896
LogInit: Engine Version: 4.27.2-18319896+++UE4+Release-4.27
LogInit: Compatible Engine Version: 4.27.0-17155196+++UE4+Release-4.27
LogInit: Net CL: 17155196
LogInit: OS: Windows 10 (Release 2009) (), CPU: AMD Ryzen 7 3700X 8-Core Processor             , GPU: NVIDIA GeForce GTX 1660 Ti
LogInit: Compiled (64-bit): Nov 30 2021 07:12:08
LogInit: Compiled with Visual C++: 19.24.28315.00
LogInit: Build Configuration: Development
LogInit: Branch Name: ++UE4+Release-4.27
LogInit: Command Line:  /Game/StarterContent/Maps/My_level -game -PIEVIACONSOLE -Multiprocess GameUserSettingsINI=C:/Users/Jarod/OneDrive/Desktop/Level-Design/Saved/Config/Windows/PIEGameUserSettings0.ini -MultiprocessSaveConfig -forcepassthrough -messaging -SessionName="Play in Standalone Game" -windowed -WinX=315 -WinY=167 SAVEWINPOS=1 -ResX=1280 -ResY=720
LogInit: Base Directory: E:/Program Files(x86)/Epic Games/UE_4.27/Engine/Binaries/Win64/
LogInit: Allocator: TBB
LogInit: Installed Engine Build: 1
LogDevObjectVersion: Number of dev versions registered: 29
LogDevObjectVersion:   Dev-Blueprints (B0D832E4-1F89-4F0D-ACCF-7EB736FD4AA2): 10
LogDevObjectVersion:   Dev-Build (E1C64328-A22C-4D53-A36C-8E866417BD8C): 0
LogDevObjectVersion:   Dev-Core (375EC13C-06E4-48FB-B500-84F0262A717E): 4
LogDevObjectVersion:   Dev-Editor (E4B068ED-F494-42E9-A231-DA0B2E46BB41): 40
LogDevObjectVersion:   Dev-Framework (CFFC743F-43B0-4480-9391-14DF171D2073): 37
LogDevObjectVersion:   Dev-Mobile (B02B49B5-BB20-44E9-A304-32B752E40360): 3
LogDevObjectVersion:   Dev-Networking (A4E4105C-59A1-49B5-A7C5-40C4547EDFEE): 0
LogDevObjectVersion:   Dev-Online (39C831C9-5AE6-47DC-9A44-9C173E1C8E7C): 0
LogDevObjectVersion:   Dev-Physics (78F01B33-EBEA-4F98-B9B4-84EACCB95AA2): 14
LogDevObjectVersion:   Dev-Platform (6631380F-2D4D-43E0-8009-CF276956A95A): 0
LogDevObjectVersion:   Dev-Rendering (12F88B9F-8875-4AFC-A67C-D90C383ABD29): 45
LogDevObjectVersion:   Dev-Sequencer (7B5AE74C-D270-4C10-A958-57980B212A5A): 13
LogDevObjectVersion:   Dev-VR (D7296918-1DD6-4BDD-9DE2-64A83CC13884): 3
LogDevObjectVersion:   Dev-LoadTimes (C2A15278-BFE7-4AFE-6C17-90FF531DF755): 1
LogDevObjectVersion:   Private-Geometry (6EACA3D4-40EC-4CC1-B786-8BED09428FC5): 3
LogDevObjectVersion:   Dev-AnimPhys (29E575DD-E0A3-4627-9D10-D276232CDCEA): 17
LogDevObjectVersion:   Dev-Anim (AF43A65D-7FD3-4947-9873-3E8ED9C1BB05): 15
LogDevObjectVersion:   Dev-ReflectionCapture (6B266CEC-1EC7-4B8F-A30B-E4D90942FC07): 1
LogDevObjectVersion:   Dev-Automation (0DF73D61-A23F-47EA-B727-89E90C41499A): 1
LogDevObjectVersion:   FortniteMain (601D1886-AC64-4F84-AA16-D3DE0DEAC7D6): 47
LogDevObjectVersion:   FortniteRelease (E7086368-6B23-4C58-8439-1B7016265E91): 1
LogDevObjectVersion:   Dev-Enterprise (9DFFBCD6-494F-0158-E221-12823C92A888): 10
LogDevObjectVersion:   Dev-Niagara (F2AED0AC-9AFE-416F-8664-AA7FFA26D6FC): 1
LogDevObjectVersion:   Dev-Destruction (174F1F0B-B4C6-45A5-B13F-2EE8D0FB917D): 10
LogDevObjectVersion:   Dev-Physics-Ext (35F94A83-E258-406C-A318-09F59610247C): 41
LogDevObjectVersion:   Dev-PhysicsMaterial-Chaos (B68FC16E-8B1B-42E2-B453-215C058844FE): 1
LogDevObjectVersion:   Dev-CineCamera (B2E18506-4273-CFC2-A54E-F4BB758BBA07): 1
LogDevObjectVersion:   Dev-VirtualProduction (64F58936-FD1B-42BA-BA96-7289D5D0FA4E): 1
LogDevObjectVersion:   Dev-MediaFramework (6F0ED827-A609-4895-9C91-998D90180EA4): 2
LogInit: Presizing for max 25165824 objects, including 0 objects not considered by GC, pre-allocating 0 bytes for permanent pool.
LogConfig: Applying CVar settings from Section [/Script/Engine.StreamingSettings] File [C:/Users/Jarod/OneDrive/Desktop/Level-Design/Saved/Config/Windows/Engine.ini]
LogConfig: Setting CVar [[s.MinBulkDataSizeForAsyncLoading:131072]]
LogConfig: Setting CVar [[s.AsyncLoadingThreadEnabled:0]]
LogConfig: Setting CVar [[s.EventDrivenLoaderEnabled:1]]
LogConfig: Setting CVar [[s.WarnIfTimeLimitExceeded:0]]
LogConfig: Setting CVar [[s.TimeLimitExceededMultiplier:1.5]]
LogConfig: Setting CVar [[s.TimeLimitExceededMinTime:0.005]]
LogConfig: Setting CVar [[s.UseBackgroundLevelStreaming:1]]
LogConfig: Setting CVar [[s.PriorityAsyncLoadingExtraTime:15.0]]
LogConfig: Setting CVar [[s.LevelStreamingActorsUpdateTimeLimit:5.0]]
LogConfig: Setting CVar [[s.PriorityLevelStreamingActorsUpdateExtraTime:5.0]]
LogConfig: Setting CVar [[s.LevelStreamingComponentsRegistrationGranularity:10]]
LogConfig: Setting CVar [[s.UnregisterComponentsTimeLimit:1.0]]
LogConfig: Setting CVar [[s.LevelStreamingComponentsUnregistrationGranularity:5]]
LogConfig: Setting CVar [[s.FlushStreamingOnExit:1]]
LogInit: Object subsystem initialized
LogConfig: Setting CVar [[con.DebugEarlyDefault:1]]
LogConfig: Setting CVar [[r.setres:1280x720]]
[2022.11.23-04.52.10:753][  0]LogConfig: Setting CVar [[con.DebugEarlyDefault:1]]
[2022.11.23-04.52.10:753][  0]LogConfig: Setting CVar [[r.setres:1280x720]]
[2022.11.23-04.52.10:753][  0]LogConfig: Applying CVar settings from Section [/Script/Engine.RendererSettings] File [C:/Users/Jarod/OneDrive/Desktop/Level-Design/Saved/Config/Windows/Engine.ini]
[2022.11.23-04.52.10:753][  0]LogConfig: Setting CVar [[r.GPUCrashDebugging:0]]
[2022.11.23-04.52.10:753][  0]LogConfig: Applying CVar settings from Section [/Script/Engine.RendererOverrideSettings] File [C:/Users/Jarod/OneDrive/Desktop/Level-Design/Saved/Config/Windows/Engine.ini]
[2022.11.23-04.52.10:753][  0]LogConfig: Applying CVar settings from Section [/Script/Engine.StreamingSettings] File [C:/Users/Jarod/OneDrive/Desktop/Level-Design/Saved/Config/Windows/Engine.ini]
[2022.11.23-04.52.10:753][  0]LogConfig: Setting CVar [[s.MinBulkDataSizeForAsyncLoading:131072]]
[2022.11.23-04.52.10:753][  0]LogConfig: Setting CVar [[s.AsyncLoadingThreadEnabled:0]]
[2022.11.23-04.52.10:753][  0]LogConfig: Setting CVar [[s.EventDrivenLoaderEnabled:1]]
[2022.11.23-04.52.10:753][  0]LogConfig: Setting CVar [[s.WarnIfTimeLimitExceeded:0]]
[2022.11.23-04.52.10:753][  0]LogConfig: Setting CVar [[s.TimeLimitExceededMultiplier:1.5]]
[2022.11.23-04.52.10:753][  0]LogConfig: Setting CVar [[s.TimeLimitExceededMinTime:0.005]]
[2022.11.23-04.52.10:753][  0]LogConfig: Setting CVar [[s.UseBackgroundLevelStreaming:1]]
[2022.11.23-04.52.10:753][  0]LogConfig: Setting CVar [[s.PriorityAsyncLoadingExtraTime:15.0]]
[2022.11.23-04.52.10:753][  0]LogConfig: Setting CVar [[s.LevelStreamingActorsUpdateTimeLimit:5.0]]
[2022.11.23-04.52.10:753][  0]LogConfig: Setting CVar [[s.PriorityLevelStreamingActorsUpdateExtraTime:5.0]]
[2022.11.23-04.52.10:753][  0]LogConfig: Setting CVar [[s.LevelStreamingComponentsRegistrationGranularity:10]]
[2022.11.23-04.52.10:753][  0]LogConfig: Setting CVar [[s.UnregisterComponentsTimeLimit:1.0]]
[2022.11.23-04.52.10:753][  0]LogConfig: Setting CVar [[s.LevelStreamingComponentsUnregistrationGranularity:5]]
[2022.11.23-04.52.10:753][  0]LogConfig: Setting CVar [[s.FlushStreamingOnExit:1]]
[2022.11.23-04.52.10:753][  0]LogConfig: Applying CVar settings from Section [/Script/Engine.GarbageCollectionSettings] File [C:/Users/Jarod/OneDrive/Desktop/Level-Design/Saved/Config/Windows/Engine.ini]
[2022.11.23-04.52.10:753][  0]LogConfig: Setting CVar [[gc.MaxObjectsNotConsideredByGC:1]]
[2022.11.23-04.52.10:753][  0]LogConfig: Setting CVar [[gc.SizeOfPermanentObjectPool:0]]
[2022.11.23-04.52.10:753][  0]LogConfig: Setting CVar [[gc.FlushStreamingOnGC:0]]
[2022.11.23-04.52.10:753][  0]LogConfig: Setting CVar [[gc.NumRetriesBeforeForcingGC:10]]
[2022.11.23-04.52.10:753][  0]LogConfig: Setting CVar [[gc.AllowParallelGC:1]]
[2022.11.23-04.52.10:753][  0]LogConfig: Setting CVar [[gc.TimeBetweenPurgingPendingKillObjects:61.1]]
[2022.11.23-04.52.10:753][  0]LogConfig: Setting CVar [[gc.MaxObjectsInEditor:25165824]]
[2022.11.23-04.52.10:753][  0]LogConfig: Setting CVar [[gc.IncrementalBeginDestroyEnabled:1]]
[2022.11.23-04.52.10:753][  0]LogConfig: Setting CVar [[gc.CreateGCClusters:1]]
[2022.11.23-04.52.10:753][  0]LogConfig: Setting CVar [[gc.MinGCClusterSize:5]]
[2022.11.23-04.52.10:754][  0]LogConfig: Setting CVar [[gc.ActorClusteringEnabled:0]]
[2022.11.23-04.52.10:754][  0]LogConfig: Setting CVar [[gc.BlueprintClusteringEnabled:0]]
[2022.11.23-04.52.10:754][  0]LogConfig: Setting CVar [[gc.UseDisregardForGCOnDedicatedServers:0]]
[2022.11.23-04.52.10:754][  0]LogConfig: Setting CVar [[gc.MultithreadedDestructionEnabled:1]]
[2022.11.23-04.52.10:754][  0]LogConfig: Applying CVar settings from Section [/Script/Engine.NetworkSettings] File [C:/Users/Jarod/OneDrive/Desktop/Level-Design/Saved/Config/Windows/Engine.ini]
[2022.11.23-04.52.10:754][  0]LogConfig: Applying CVar settings from Section [/Script/UnrealEd.CookerSettings] File [C:/Users/Jarod/OneDrive/Desktop/Level-Design/Saved/Config/Windows/Engine.ini]
[2022.11.23-04.52.10:775][  0]LogConfig: Applying CVar settings from Section [ViewDistanceQuality@3] File [C:/Users/Jarod/OneDrive/Desktop/Level-Design/Saved/Config/Windows/Scalability.ini]
[2022.11.23-04.52.10:775][  0]LogConfig: Setting CVar [[r.SkeletalMeshLODBias:0]]
[2022.11.23-04.52.10:775][  0]LogConfig: Setting CVar [[r.ViewDistanceScale:1.0]]
[2022.11.23-04.52.10:775][  0]LogConfig: Applying CVar settings from Section [AntiAliasingQuality@3] File [C:/Users/Jarod/OneDrive/Desktop/Level-Design/Saved/Config/Windows/Scalability.ini]
[2022.11.23-04.52.10:775][  0]LogConfig: Setting CVar [[r.PostProcessAAQuality:4]]
[2022.11.23-04.52.10:775][  0]LogConfig: Applying CVar settings from Section [ShadowQuality@3] File [C:/Users/Jarod/OneDrive/Desktop/Level-Design/Saved/Config/Windows/Scalability.ini]
[2022.11.23-04.52.10:775][  0]LogConfig: Setting CVar [[r.LightFunctionQuality:1]]
[2022.11.23-04.52.10:775][  0]LogConfig: Setting CVar [[r.ShadowQuality:5]]
[2022.11.23-04.52.10:775][  0]LogConfig: Setting CVar [[r.Shadow.CSM.MaxCascades:10]]
[2022.11.23-04.52.10:775][  0]LogConfig: Setting CVar [[r.Shadow.MaxResolution:2048]]
[2022.11.23-04.52.10:775][  0]LogConfig: Setting CVar [[r.Shadow.MaxCSMResolution:2048]]
[2022.11.23-04.52.10:775][  0]LogConfig: Setting CVar [[r.Shadow.RadiusThreshold:0.01]]
[2022.11.23-04.52.10:775][  0]LogConfig: Setting CVar [[r.Shadow.DistanceScale:1.0]]
[2022.11.23-04.52.10:775][  0]LogConfig: Setting CVar [[r.Shadow.CSM.TransitionScale:1.0]]
[2022.11.23-04.52.10:775][  0]LogConfig: Setting CVar [[r.Shadow.PreShadowResolutionFactor:1.0]]
[2022.11.23-04.52.10:775][  0]LogConfig: Setting CVar [[r.DistanceFieldShadowing:1]]
[2022.11.23-04.52.10:775][  0]LogConfig: Setting CVar [[r.DistanceFieldAO:1]]
[2022.11.23-04.52.10:775][  0]LogConfig: Setting CVar [[r.AOQuality:2]]
[2022.11.23-04.52.10:775][  0]LogConfig: Setting CVar [[r.VolumetricFog:1]]
[2022.11.23-04.52.10:775][  0]LogConfig: Setting CVar [[r.VolumetricFog.GridPixelSize:8]]
[2022.11.23-04.52.10:775][  0]LogConfig: Setting CVar [[r.VolumetricFog.GridSizeZ:128]]
[2022.11.23-04.52.10:775][  0]LogConfig: Setting CVar [[r.VolumetricFog.HistoryMissSupersampleCount:4]]
[2022.11.23-04.52.10:775][  0]LogConfig: Setting CVar [[r.LightMaxDrawDistanceScale:1]]
[2022.11.23-04.52.10:775][  0]LogConfig: Setting CVar [[r.CapsuleShadows:1]]
[2022.11.23-04.52.10:775][  0]LogConfig: Applying CVar settings from Section [PostProcessQuality@3] File [C:/Users/Jarod/OneDrive/Desktop/Level-Design/Saved/Config/Windows/Scalability.ini]
[2022.11.23-04.52.10:775][  0]LogConfig: Setting CVar [[r.MotionBlurQuality:4]]
[2022.11.23-04.52.10:775][  0]LogConfig: Setting CVar [[r.AmbientOcclusionMipLevelFactor:0.4]]
[2022.11.23-04.52.10:775][  0]LogConfig: Setting CVar [[r.AmbientOcclusionMaxQuality:100]]
[2022.11.23-04.52.10:775][  0]LogConfig: Setting CVar [[r.AmbientOcclusionLevels:-1]]
[2022.11.23-04.52.10:775][  0]LogConfig: Setting CVar [[r.AmbientOcclusionRadiusScale:1.0]]
[2022.11.23-04.52.10:775][  0]LogConfig: Setting CVar [[r.DepthOfFieldQuality:2]]
[2022.11.23-04.52.10:775][  0]LogConfig: Setting CVar [[r.RenderTargetPoolMin:400]]
[2022.11.23-04.52.10:775][  0]LogConfig: Setting CVar [[r.LensFlareQuality:2]]
[2022.11.23-04.52.10:775][  0]LogConfig: Setting CVar [[r.SceneColorFringeQuality:1]]
[2022.11.23-04.52.10:775][  0]LogConfig: Setting CVar [[r.EyeAdaptationQuality:2]]
[2022.11.23-04.52.10:775][  0]LogConfig: Setting CVar [[r.BloomQuality:5]]
[2022.11.23-04.52.10:775][  0]LogConfig: Setting CVar [[r.FastBlurThreshold:100]]
[2022.11.23-04.52.10:775][  0]LogConfig: Setting CVar [[r.Upscale.Quality:3]]
[2022.11.23-04.52.10:775][  0]LogConfig: Setting CVar [[r.Tonemapper.GrainQuantization:1]]
[2022.11.23-04.52.10:775][  0]LogConfig: Setting CVar [[r.LightShaftQuality:1]]
[2022.11.23-04.52.10:775][  0]LogConfig: Setting CVar [[r.Filter.SizeScale:1]]
[2022.11.23-04.52.10:775][  0]LogConfig: Setting CVar [[r.Tonemapper.Quality:5]]
[2022.11.23-04.52.10:775][  0]LogConfig: Setting CVar [[r.DOF.Gather.AccumulatorQuality:1        ; higher gathering accumulator quality]]
[2022.11.23-04.52.10:775][  0]LogConfig: Setting CVar [[r.DOF.Gather.PostfilterMethod:1          ; Median3x3 postfilering method]]
[2022.11.23-04.52.10:775][  0]LogConfig: Setting CVar [[r.DOF.Gather.EnableBokehSettings:0       ; no bokeh simulation when gathering]]
[2022.11.23-04.52.10:775][  0]LogConfig: Setting CVar [[r.DOF.Gather.RingCount:4                 ; medium number of samples when gathering]]
[2022.11.23-04.52.10:776][  0]LogConfig: Setting CVar [[r.DOF.Scatter.ForegroundCompositing:1    ; additive foreground scattering]]
[2022.11.23-04.52.10:776][  0]LogConfig: Setting CVar [[r.DOF.Scatter.BackgroundCompositing:2    ; additive background scattering]]
[2022.11.23-04.52.10:776][  0]LogConfig: Setting CVar [[r.DOF.Scatter.EnableBokehSettings:1      ; bokeh simulation when scattering]]
[2022.11.23-04.52.10:776][  0]LogConfig: Setting CVar [[r.DOF.Scatter.MaxSpriteRatio:0.1         ; only a maximum of 10% of scattered bokeh]]
[2022.11.23-04.52.10:776][  0]LogConfig: Setting CVar [[r.DOF.Recombine.Quality:1                ; cheap slight out of focus]]
[2022.11.23-04.52.10:776][  0]LogConfig: Setting CVar [[r.DOF.Recombine.EnableBokehSettings:0    ; no bokeh simulation on slight out of focus]]
[2022.11.23-04.52.10:776][  0]LogConfig: Setting CVar [[r.DOF.TemporalAAQuality:1                ; more stable temporal accumulation]]
[2022.11.23-04.52.10:776][  0]LogConfig: Setting CVar [[r.DOF.Kernel.MaxForegroundRadius:0.025]]
[2022.11.23-04.52.10:776][  0]LogConfig: Setting CVar [[r.DOF.Kernel.MaxBackgroundRadius:0.025]]
[2022.11.23-04.52.10:776][  0]LogConfig: Applying CVar settings from Section [TextureQuality@3] File [C:/Users/Jarod/OneDrive/Desktop/Level-Design/Saved/Config/Windows/Scalability.ini]
[2022.11.23-04.52.10:776][  0]LogConfig: Setting CVar [[r.Streaming.MipBias:0]]
[2022.11.23-04.52.10:776][  0]LogConfig: Setting CVar [[r.Streaming.AmortizeCPUToGPUCopy:0]]
[2022.11.23-04.52.10:776][  0]LogConfig: Setting CVar [[r.Streaming.MaxNumTexturesToStreamPerFrame:0]]
[2022.11.23-04.52.10:776][  0]LogConfig: Setting CVar [[r.Streaming.Boost:1]]
[2022.11.23-04.52.10:776][  0]LogConfig: Setting CVar [[r.MaxAnisotropy:8]]
[2022.11.23-04.52.10:776][  0]LogConfig: Setting CVar [[r.VT.MaxAnisotropy:8]]
[2022.11.23-04.52.10:776][  0]LogConfig: Setting CVar [[r.Streaming.LimitPoolSizeToVRAM:0]]
[2022.11.23-04.52.10:776][  0]LogConfig: Setting CVar [[r.Streaming.PoolSize:1000]]
[2022.11.23-04.52.10:776][  0]LogConfig: Setting CVar [[r.Streaming.MaxEffectiveScreenSize:0]]
[2022.11.23-04.52.10:776][  0]LogConfig: Applying CVar settings from Section [EffectsQuality@3] File [C:/Users/Jarod/OneDrive/Desktop/Level-Design/Saved/Config/Windows/Scalability.ini]
[2022.11.23-04.52.10:776][  0]LogConfig: Setting CVar [[r.TranslucencyLightingVolumeDim:64]]
[2022.11.23-04.52.10:776][  0]LogConfig: Setting CVar [[r.RefractionQuality:2]]
[2022.11.23-04.52.10:776][  0]LogConfig: Setting CVar [[r.SSR.Quality:3]]
[2022.11.23-04.52.10:776][  0]LogConfig: Setting CVar [[r.SSR.HalfResSceneColor:0]]
[2022.11.23-04.52.10:776][  0]LogConfig: Setting CVar [[r.SceneColorFormat:4]]
[2022.11.23-04.52.10:776][  0]LogConfig: Setting CVar [[r.DetailMode:2]]
[2022.11.23-04.52.10:776][  0]LogConfig: Setting CVar [[r.TranslucencyVolumeBlur:1]]
[2022.11.23-04.52.10:776][  0]LogConfig: Setting CVar [[r.MaterialQualityLevel:1 ; High quality]]
[2022.11.23-04.52.10:776][  0]LogConfig: Setting CVar [[r.AnisotropicMaterials:1]]
[2022.11.23-04.52.10:776][  0]LogConfig: Setting CVar [[r.SSS.Scale:1]]
[2022.11.23-04.52.10:776][  0]LogConfig: Setting CVar [[r.SSS.SampleSet:2]]
[2022.11.23-04.52.10:776][  0]LogConfig: Setting CVar [[r.SSS.Quality:1]]
[2022.11.23-04.52.10:776][  0]LogConfig: Setting CVar [[r.SSS.HalfRes:0]]
[2022.11.23-04.52.10:776][  0]LogConfig: Setting CVar [[r.SSGI.Quality:3]]
[2022.11.23-04.52.10:776][  0]LogConfig: Setting CVar [[r.EmitterSpawnRateScale:1.0]]
[2022.11.23-04.52.10:776][  0]LogConfig: Setting CVar [[r.ParticleLightQuality:2]]
[2022.11.23-04.52.10:776][  0]LogConfig: Setting CVar [[r.SkyAtmosphere.AerialPerspectiveLUT.FastApplyOnOpaque:1 ; Always have FastSkyLUT 1 in this case to avoid wrong sky]]
[2022.11.23-04.52.10:776][  0]LogConfig: Setting CVar [[r.SkyAtmosphere.AerialPerspectiveLUT.SampleCountMaxPerSlice:4]]
[2022.11.23-04.52.10:776][  0]LogConfig: Setting CVar [[r.SkyAtmosphere.AerialPerspectiveLUT.DepthResolution:16.0]]
[2022.11.23-04.52.10:776][  0]LogConfig: Setting CVar [[r.SkyAtmosphere.FastSkyLUT:1]]
[2022.11.23-04.52.10:776][  0]LogConfig: Setting CVar [[r.SkyAtmosphere.FastSkyLUT.SampleCountMin:4.0]]
[2022.11.23-04.52.10:776][  0]LogConfig: Setting CVar [[r.SkyAtmosphere.FastSkyLUT.SampleCountMax:128.0]]
[2022.11.23-04.52.10:776][  0]LogConfig: Setting CVar [[r.SkyAtmosphere.SampleCountMin:4.0]]
[2022.11.23-04.52.10:776][  0]LogConfig: Setting CVar [[r.SkyAtmosphere.SampleCountMax:128.0]]
[2022.11.23-04.52.10:776][  0]LogConfig: Setting CVar [[r.SkyAtmosphere.TransmittanceLUT.UseSmallFormat:0]]
[2022.11.23-04.52.10:776][  0]LogConfig: Setting CVar [[r.SkyAtmosphere.TransmittanceLUT.SampleCount:10.0]]
[2022.11.23-04.52.10:776][  0]LogConfig: Setting CVar [[r.SkyAtmosphere.MultiScatteringLUT.SampleCount:15.0]]
[2022.11.23-04.52.10:776][  0]LogConfig: Setting CVar [[r.SkyLight.RealTimeReflectionCapture:1]]
[2022.11.23-04.52.10:776][  0]LogConfig: Applying CVar settings from Section [FoliageQuality@3] File [C:/Users/Jarod/OneDrive/Desktop/Level-Design/Saved/Config/Windows/Scalability.ini]
[2022.11.23-04.52.10:776][  0]LogConfig: Setting CVar [[foliage.DensityScale:1.0]]
[2022.11.23-04.52.10:776][  0]LogConfig: Setting CVar [[grass.DensityScale:1.0]]
[2022.11.23-04.52.10:776][  0]LogConfig: Applying CVar settings from Section [ShadingQuality@3] File [C:/Users/Jarod/OneDrive/Desktop/Level-Design/Saved/Config/Windows/Scalability.ini]
[2022.11.23-04.52.10:776][  0]LogConfig: Setting CVar [[r.HairStrands.SkyLighting.IntegrationType:2]]
[2022.11.23-04.52.10:776][  0]LogConfig: Setting CVar [[r.HairStrands.SkyAO.SampleCount:4]]
[2022.11.23-04.52.10:776][  0]LogConfig: Setting CVar [[r.HairStrands.Visibility.MSAA.SamplePerPixel:4]]
[2022.11.23-04.52.10:776][  0]LogInit: Selected Device Profile: [Windows]
[2022.11.23-04.52.10:776][  0]LogInit: Applying CVar settings loaded from the selected device profile: [Windows]
[2022.11.23-04.52.10:776][  0]LogHAL: Display: Platform has ~ 16 GB [17099546624 / 17179869184 / 16], which maps to Larger [LargestMinGB=32, LargerMinGB=12, DefaultMinGB=8, SmallerMinGB=6, SmallestMinGB=0)
[2022.11.23-04.52.10:776][  0]LogInit: Going up to parent DeviceProfile []
[2022.11.23-04.52.10:776][  0]LogConfig: Applying CVar settings from Section [ViewDistanceQuality@3] File [C:/Users/Jarod/OneDrive/Desktop/Level-Design/Saved/Config/Windows/Scalability.ini]
[2022.11.23-04.52.10:776][  0]LogConfig: Setting CVar [[r.SkeletalMeshLODBias:0]]
[2022.11.23-04.52.10:776][  0]LogConfig: Setting CVar [[r.ViewDistanceScale:1.0]]
[2022.11.23-04.52.10:776][  0]LogConfig: Applying CVar settings from Section [AntiAliasingQuality@3] File [C:/Users/Jarod/OneDrive/Desktop/Level-Design/Saved/Config/Windows/Scalability.ini]
[2022.11.23-04.52.10:776][  0]LogConfig: Setting CVar [[r.PostProcessAAQuality:4]]
[2022.11.23-04.52.10:776][  0]LogConfig: Applying CVar settings from Section [ShadowQuality@3] File [C:/Users/Jarod/OneDrive/Desktop/Level-Design/Saved/Config/Windows/Scalability.ini]
[2022.11.23-04.52.10:776][  0]LogConfig: Setting CVar [[r.LightFunctionQuality:1]]
[2022.11.23-04.52.10:776][  0]LogConfig: Setting CVar [[r.ShadowQuality:5]]
[2022.11.23-04.52.10:776][  0]LogConfig: Setting CVar [[r.Shadow.CSM.MaxCascades:10]]
[2022.11.23-04.52.10:776][  0]LogConfig: Setting CVar [[r.Shadow.MaxResolution:2048]]
[2022.11.23-04.52.10:776][  0]LogConfig: Setting CVar [[r.Shadow.MaxCSMResolution:2048]]
[2022.11.23-04.52.10:776][  0]LogConfig: Setting CVar [[r.Shadow.RadiusThreshold:0.01]]
[2022.11.23-04.52.10:776][  0]LogConfig: Setting CVar [[r.Shadow.DistanceScale:1.0]]
[2022.11.23-04.52.10:776][  0]LogConfig: Setting CVar [[r.Shadow.CSM.TransitionScale:1.0]]
[2022.11.23-04.52.10:776][  0]LogConfig: Setting CVar [[r.Shadow.PreShadowResolutionFactor:1.0]]
[2022.11.23-04.52.10:776][  0]LogConfig: Setting CVar [[r.DistanceFieldShadowing:1]]
[2022.11.23-04.52.10:776][  0]LogConfig: Setting CVar [[r.DistanceFieldAO:1]]
[2022.11.23-04.52.10:776][  0]LogConfig: Setting CVar [[r.AOQuality:2]]
[2022.11.23-04.52.10:776][  0]LogConfig: Setting CVar [[r.VolumetricFog:1]]
[2022.11.23-04.52.10:776][  0]LogConfig: Setting CVar [[r.VolumetricFog.GridPixelSize:8]]
[2022.11.23-04.52.10:776][  0]LogConfig: Setting CVar [[r.VolumetricFog.GridSizeZ:128]]
[2022.11.23-04.52.10:776][  0]LogConfig: Setting CVar [[r.VolumetricFog.HistoryMissSupersampleCount:4]]
[2022.11.23-04.52.10:776][  0]LogConfig: Setting CVar [[r.LightMaxDrawDistanceScale:1]]
[2022.11.23-04.52.10:776][  0]LogConfig: Setting CVar [[r.CapsuleShadows:1]]
[2022.11.23-04.52.10:776][  0]LogConfig: Applying CVar settings from Section [PostProcessQuality@3] File [C:/Users/Jarod/OneDrive/Desktop/Level-Design/Saved/Config/Windows/Scalability.ini]
[2022.11.23-04.52.10:776][  0]LogConfig: Setting CVar [[r.MotionBlurQuality:4]]
[2022.11.23-04.52.10:776][  0]LogConfig: Setting CVar [[r.AmbientOcclusionMipLevelFactor:0.4]]
[2022.11.23-04.52.10:777][  0]LogConfig: Setting CVar [[r.AmbientOcclusionMaxQuality:100]]
[2022.11.23-04.52.10:777][  0]LogConfig: Setting CVar [[r.AmbientOcclusionLevels:-1]]
[2022.11.23-04.52.10:777][  0]LogConfig: Setting CVar [[r.AmbientOcclusionRadiusScale:1.0]]
[2022.11.23-04.52.10:777][  0]LogConfig: Setting CVar [[r.DepthOfFieldQuality:2]]
[2022.11.23-04.52.10:777][  0]LogConfig: Setting CVar [[r.RenderTargetPoolMin:400]]
[2022.11.23-04.52.10:777][  0]LogConfig: Setting CVar [[r.LensFlareQuality:2]]
[2022.11.23-04.52.10:777][  0]LogConfig: Setting CVar [[r.SceneColorFringeQuality:1]]
[2022.11.23-04.52.10:777][  0]LogConfig: Setting CVar [[r.EyeAdaptationQuality:2]]
[2022.11.23-04.52.10:777][  0]LogConfig: Setting CVar [[r.BloomQuality:5]]
[2022.11.23-04.52.10:777][  0]LogConfig: Setting CVar [[r.FastBlurThreshold:100]]
[2022.11.23-04.52.10:777][  0]LogConfig: Setting CVar [[r.Upscale.Quality:3]]
[2022.11.23-04.52.10:777][  0]LogConfig: Setting CVar [[r.Tonemapper.GrainQuantization:1]]
[2022.11.23-04.52.10:777][  0]LogConfig: Setting CVar [[r.LightShaftQuality:1]]
[2022.11.23-04.52.10:777][  0]LogConfig: Setting CVar [[r.Filter.SizeScale:1]]
[2022.11.23-04.52.10:777][  0]LogConfig: Setting CVar [[r.Tonemapper.Quality:5]]
[2022.11.23-04.52.10:777][  0]LogConfig: Setting CVar [[r.DOF.Gather.AccumulatorQuality:1        ; higher gathering accumulator quality]]
[2022.11.23-04.52.10:777][  0]LogConfig: Setting CVar [[r.DOF.Gather.PostfilterMethod:1          ; Median3x3 postfilering method]]
[2022.11.23-04.52.10:777][  0]LogConfig: Setting CVar [[r.DOF.Gather.EnableBokehSettings:0       ; no bokeh simulation when gathering]]
[2022.11.23-04.52.10:777][  0]LogConfig: Setting CVar [[r.DOF.Gather.RingCount:4                 ; medium number of samples when gathering]]
[2022.11.23-04.52.10:777][  0]LogConfig: Setting CVar [[r.DOF.Scatter.ForegroundCompositing:1    ; additive foreground scattering]]
[2022.11.23-04.52.10:777][  0]LogConfig: Setting CVar [[r.DOF.Scatter.BackgroundCompositing:2    ; additive background scattering]]
[2022.11.23-04.52.10:777][  0]LogConfig: Setting CVar [[r.DOF.Scatter.EnableBokehSettings:1      ; bokeh simulation when scattering]]
[2022.11.23-04.52.10:777][  0]LogConfig: Setting CVar [[r.DOF.Scatter.MaxSpriteRatio:0.1         ; only a maximum of 10% of scattered bokeh]]
[2022.11.23-04.52.10:777][  0]LogConfig: Setting CVar [[r.DOF.Recombine.Quality:1                ; cheap slight out of focus]]
[2022.11.23-04.52.10:777][  0]LogConfig: Setting CVar [[r.DOF.Recombine.EnableBokehSettings:0    ; no bokeh simulation on slight out of focus]]
[2022.11.23-04.52.10:777][  0]LogConfig: Setting CVar [[r.DOF.TemporalAAQuality:1                ; more stable temporal accumulation]]
[2022.11.23-04.52.10:777][  0]LogConfig: Setting CVar [[r.DOF.Kernel.MaxForegroundRadius:0.025]]
[2022.11.23-04.52.10:777][  0]LogConfig: Setting CVar [[r.DOF.Kernel.MaxBackgroundRadius:0.025]]
[2022.11.23-04.52.10:777][  0]LogConfig: Applying CVar settings from Section [TextureQuality@3] File [C:/Users/Jarod/OneDrive/Desktop/Level-Design/Saved/Config/Windows/Scalability.ini]
[2022.11.23-04.52.10:777][  0]LogConfig: Setting CVar [[r.Streaming.MipBias:0]]
[2022.11.23-04.52.10:777][  0]LogConfig: Setting CVar [[r.Streaming.AmortizeCPUToGPUCopy:0]]
[2022.11.23-04.52.10:777][  0]LogConfig: Setting CVar [[r.Streaming.MaxNumTexturesToStreamPerFrame:0]]
[2022.11.23-04.52.10:777][  0]LogConfig: Setting CVar [[r.Streaming.Boost:1]]
[2022.11.23-04.52.10:777][  0]LogConfig: Setting CVar [[r.MaxAnisotropy:8]]
[2022.11.23-04.52.10:777][  0]LogConfig: Setting CVar [[r.VT.MaxAnisotropy:8]]
[2022.11.23-04.52.10:777][  0]LogConfig: Setting CVar [[r.Streaming.LimitPoolSizeToVRAM:0]]
[2022.11.23-04.52.10:777][  0]LogConfig: Setting CVar [[r.Streaming.PoolSize:1000]]
[2022.11.23-04.52.10:777][  0]LogConfig: Setting CVar [[r.Streaming.MaxEffectiveScreenSize:0]]
[2022.11.23-04.52.10:777][  0]LogConfig: Applying CVar settings from Section [EffectsQuality@3] File [C:/Users/Jarod/OneDrive/Desktop/Level-Design/Saved/Config/Windows/Scalability.ini]
[2022.11.23-04.52.10:777][  0]LogConfig: Setting CVar [[r.TranslucencyLightingVolumeDim:64]]
[2022.11.23-04.52.10:777][  0]LogConfig: Setting CVar [[r.RefractionQuality:2]]
[2022.11.23-04.52.10:777][  0]LogConfig: Setting CVar [[r.SSR.Quality:3]]
[2022.11.23-04.52.10:777][  0]LogConfig: Setting CVar [[r.SSR.HalfResSceneColor:0]]
[2022.11.23-04.52.10:777][  0]LogConfig: Setting CVar [[r.SceneColorFormat:4]]
[2022.11.23-04.52.10:777][  0]LogConfig: Setting CVar [[r.DetailMode:2]]
[2022.11.23-04.52.10:777][  0]LogConfig: Setting CVar [[r.TranslucencyVolumeBlur:1]]
[2022.11.23-04.52.10:777][  0]LogConfig: Setting CVar [[r.MaterialQualityLevel:1 ; High quality]]
[2022.11.23-04.52.10:777][  0]LogConfig: Setting CVar [[r.AnisotropicMaterials:1]]
[2022.11.23-04.52.10:777][  0]LogConfig: Setting CVar [[r.SSS.Scale:1]]
[2022.11.23-04.52.10:777][  0]LogConfig: Setting CVar [[r.SSS.SampleSet:2]]
[2022.11.23-04.52.10:777][  0]LogConfig: Setting CVar [[r.SSS.Quality:1]]
[2022.11.23-04.52.10:777][  0]LogConfig: Setting CVar [[r.SSS.HalfRes:0]]
[2022.11.23-04.52.10:777][  0]LogConfig: Setting CVar [[r.SSGI.Quality:3]]
[2022.11.23-04.52.10:777][  0]LogConfig: Setting CVar [[r.EmitterSpawnRateScale:1.0]]
[2022.11.23-04.52.10:777][  0]LogConfig: Setting CVar [[r.ParticleLightQuality:2]]
[2022.11.23-04.52.10:777][  0]LogConfig: Setting CVar [[r.SkyAtmosphere.AerialPerspectiveLUT.FastApplyOnOpaque:1 ; Always have FastSkyLUT 1 in this case to avoid wrong sky]]
[2022.11.23-04.52.10:777][  0]LogConfig: Setting CVar [[r.SkyAtmosphere.AerialPerspectiveLUT.SampleCountMaxPerSlice:4]]
[2022.11.23-04.52.10:777][  0]LogConfig: Setting CVar [[r.SkyAtmosphere.AerialPerspectiveLUT.DepthResolution:16.0]]
[2022.11.23-04.52.10:777][  0]LogConfig: Setting CVar [[r.SkyAtmosphere.FastSkyLUT:1]]
[2022.11.23-04.52.10:777][  0]LogConfig: Setting CVar [[r.SkyAtmosphere.FastSkyLUT.SampleCountMin:4.0]]
[2022.11.23-04.52.10:777][  0]LogConfig: Setting CVar [[r.SkyAtmosphere.FastSkyLUT.SampleCountMax:128.0]]
[2022.11.23-04.52.10:777][  0]LogConfig: Setting CVar [[r.SkyAtmosphere.SampleCountMin:4.0]]
[2022.11.23-04.52.10:777][  0]LogConfig: Setting CVar [[r.SkyAtmosphere.SampleCountMax:128.0]]
[2022.11.23-04.52.10:777][  0]LogConfig: Setting CVar [[r.SkyAtmosphere.TransmittanceLUT.UseSmallFormat:0]]
[2022.11.23-04.52.10:777][  0]LogConfig: Setting CVar [[r.SkyAtmosphere.TransmittanceLUT.SampleCount:10.0]]
[2022.11.23-04.52.10:777][  0]LogConfig: Setting CVar [[r.SkyAtmosphere.MultiScatteringLUT.SampleCount:15.0]]
[2022.11.23-04.52.10:777][  0]LogConfig: Setting CVar [[r.SkyLight.RealTimeReflectionCapture:1]]
[2022.11.23-04.52.10:777][  0]LogConfig: Applying CVar settings from Section [FoliageQuality@3] File [C:/Users/Jarod/OneDrive/Desktop/Level-Design/Saved/Config/Windows/Scalability.ini]
[2022.11.23-04.52.10:777][  0]LogConfig: Setting CVar [[foliage.DensityScale:1.0]]
[2022.11.23-04.52.10:777][  0]LogConfig: Setting CVar [[grass.DensityScale:1.0]]
[2022.11.23-04.52.10:777][  0]LogConfig: Applying CVar settings from Section [ShadingQuality@3] File [C:/Users/Jarod/OneDrive/Desktop/Level-Design/Saved/Config/Windows/Scalability.ini]
[2022.11.23-04.52.10:777][  0]LogConfig: Setting CVar [[r.HairStrands.SkyLighting.IntegrationType:2]]
[2022.11.23-04.52.10:777][  0]LogConfig: Setting CVar [[r.HairStrands.SkyAO.SampleCount:4]]
[2022.11.23-04.52.10:777][  0]LogConfig: Setting CVar [[r.HairStrands.Visibility.MSAA.SamplePerPixel:4]]
[2022.11.23-04.52.10:777][  0]LogConfig: Applying CVar settings from Section [Startup] File [../../../Engine/Config/ConsoleVariables.ini]
[2022.11.23-04.52.10:778][  0]LogConfig: Setting CVar [[net.UseAdaptiveNetUpdateFrequency:0]]
[2022.11.23-04.52.10:778][  0]LogConfig: Setting CVar [[p.chaos.AllowCreatePhysxBodies:1]]
[2022.11.23-04.52.10:778][  0]LogConfig: Setting CVar [[fx.SkipVectorVMBackendOptimizations:1]]
[2022.11.23-04.52.10:778][  0]LogConfig: Applying CVar settings from Section [ConsoleVariables] File [C:/Users/Jarod/OneDrive/Desktop/Level-Design/Saved/Config/Windows/Engine.ini]
[2022.11.23-04.52.10:778][  0]LogConfig: Applying CVar settings from Section [ConsoleVariables] File [C:/Users/Jarod/OneDrive/Desktop/Level-Design/Saved/Config/Windows/Editor.ini]
[2022.11.23-04.52.10:778][  0]LogInit: Computer: DESKTOP-H5DVIKR
[2022.11.23-04.52.10:778][  0]LogInit: User: Jarod
[2022.11.23-04.52.10:778][  0]LogInit: CPU Page size=4096, Cores=8
[2022.11.23-04.52.10:778][  0]LogInit: High frequency timer resolution =10.000000 MHz
[2022.11.23-04.52.10:778][  0]LogMemory: Memory total: Physical=15.9GB (16GB approx)
[2022.11.23-04.52.10:778][  0]LogMemory: Platform Memory Stats for Windows
[2022.11.23-04.52.10:778][  0]LogMemory: Process Physical Memory: 149.18 MB used, 149.18 MB peak
[2022.11.23-04.52.10:778][  0]LogMemory: Process Virtual Memory: 133.28 MB used, 133.28 MB peak
[2022.11.23-04.52.10:778][  0]LogMemory: Physical Memory: 9541.00 MB used,  6766.40 MB free, 16307.40 MB total
[2022.11.23-04.52.10:778][  0]LogMemory: Virtual Memory: 134213696.00 MB used,  4030.36 MB free, 134217728.00 MB total
[2022.11.23-04.52.10:782][  0]LogWindows: WindowsPlatformFeatures enabled
[2022.11.23-04.52.10:813][  0]LogInit: Physics initialised using underlying interface: PhysX
[2022.11.23-04.52.10:813][  0]LogInit: Using OS detected language (en-US).
[2022.11.23-04.52.10:813][  0]LogInit: Using OS detected locale (en-US).
[2022.11.23-04.52.10:815][  0]LogTextLocalizationManager: No specific localization for 'en-US' exists, so the 'en' localization will be used.
[2022.11.23-04.52.11:067][  0]LogWindowsTextInputMethodSystem: Display: IME system deactivated.
[2022.11.23-04.52.11:104][  0]LogSlate: New Slate User Created.  User Index 0, Is Virtual User: 0
[2022.11.23-04.52.11:104][  0]LogSlate: Slate User Registered.  User Index 0, Is Virtual User: 0
[2022.11.23-04.52.11:132][  0]LogD3D11RHI: Loaded GFSDK_Aftermath_Lib.x64.dll
[2022.11.23-04.52.11:134][  0]LogHMD: Failed to initialize OpenVR with code 110
[2022.11.23-04.52.11:134][  0]LogD3D11RHI: D3D11 min allowed feature level: 11_0
[2022.11.23-04.52.11:134][  0]LogD3D11RHI: D3D11 max allowed feature level: 11_0
[2022.11.23-04.52.11:134][  0]LogD3D11RHI: D3D11 adapters:
[2022.11.23-04.52.11:230][  0]LogD3D11RHI:    0. 'NVIDIA GeForce GTX 1660 Ti' (Feature Level 11_0)
[2022.11.23-04.52.11:230][  0]LogD3D11RHI:       5991/0/8153 MB DedicatedVideo/DedicatedSystem/SharedSystem, Outputs:2, VendorId:0x10de
[2022.11.23-04.52.11:231][  0]LogD3D11RHI:    1. 'Microsoft Basic Render Driver' (Feature Level 11_0)
[2022.11.23-04.52.11:231][  0]LogD3D11RHI:       0/0/8153 MB DedicatedVideo/DedicatedSystem/SharedSystem, Outputs:0, VendorId:0x1414
[2022.11.23-04.52.11:231][  0]LogD3D11RHI: Chosen D3D11 Adapter:
[2022.11.23-04.52.11:232][  0]LogD3D11RHI:     Description : NVIDIA GeForce GTX 1660 Ti
[2022.11.23-04.52.11:232][  0]LogD3D11RHI:     VendorId    : 10de
[2022.11.23-04.52.11:232][  0]LogD3D11RHI:     DeviceId    : 2182
[2022.11.23-04.52.11:232][  0]LogD3D11RHI:     SubSysId    : 37501462
[2022.11.23-04.52.11:232][  0]LogD3D11RHI:     Revision    : 00a1
[2022.11.23-04.52.11:232][  0]LogD3D11RHI:     DedicatedVideoMemory : 6282018816 bytes
[2022.11.23-04.52.11:232][  0]LogD3D11RHI:     DedicatedSystemMemory : 0 bytes
[2022.11.23-04.52.11:232][  0]LogD3D11RHI:     SharedSystemMemory : 8549773312 bytes
[2022.11.23-04.52.11:232][  0]LogD3D11RHI:     AdapterLuid : 0 59724
[2022.11.23-04.52.11:242][  0]LogD3D11RHI: Creating new Direct3DDevice
[2022.11.23-04.52.11:242][  0]LogD3D11RHI:     GPU DeviceId: 0x2182 (for the marketing name, search the web for "GPU Device Id")
[2022.11.23-04.52.11:242][  0]LogWindows: EnumDisplayDevices:
[2022.11.23-04.52.11:242][  0]LogWindows:    0. 'NVIDIA GeForce GTX 1660 Ti' (P:1 D:1)
[2022.11.23-04.52.11:242][  0]LogWindows:    1. 'NVIDIA GeForce GTX 1660 Ti' (P:0 D:1)
[2022.11.23-04.52.11:243][  0]LogWindows:    2. 'NVIDIA GeForce GTX 1660 Ti' (P:0 D:0)
[2022.11.23-04.52.11:243][  0]LogWindows:    3. 'NVIDIA GeForce GTX 1660 Ti' (P:0 D:0)
[2022.11.23-04.52.11:243][  0]LogWindows: DebugString: FoundDriverCount:4 
[2022.11.23-04.52.11:243][  0]LogD3D11RHI:     Adapter Name: NVIDIA GeForce GTX 1660 Ti
[2022.11.23-04.52.11:243][  0]LogD3D11RHI:   Driver Version: 522.25 (internal:31.0.15.2225, unified:522.25)
[2022.11.23-04.52.11:243][  0]LogD3D11RHI:      Driver Date: 10-6-2022
[2022.11.23-04.52.11:243][  0]LogRHI: Texture pool is 4193 MB (70% of 5991 MB)
[2022.11.23-04.52.11:243][  0]LogD3D11RHI: Creating D3DDevice using adapter:
[2022.11.23-04.52.11:243][  0]LogD3D11RHI:     Description : NVIDIA GeForce GTX 1660 Ti
[2022.11.23-04.52.11:243][  0]LogD3D11RHI:     VendorId    : 10de
[2022.11.23-04.52.11:243][  0]LogD3D11RHI:     DeviceId    : 2182
[2022.11.23-04.52.11:243][  0]LogD3D11RHI:     SubSysId    : 37501462
[2022.11.23-04.52.11:243][  0]LogD3D11RHI:     Revision    : 00a1
[2022.11.23-04.52.11:243][  0]LogD3D11RHI:     DedicatedVideoMemory : 6282018816 bytes
[2022.11.23-04.52.11:243][  0]LogD3D11RHI:     DedicatedSystemMemory : 0 bytes
[2022.11.23-04.52.11:243][  0]LogD3D11RHI:     SharedSystemMemory : 8549773312 bytes
[2022.11.23-04.52.11:243][  0]LogD3D11RHI:     AdapterLuid : 0 59724
[2022.11.23-04.52.11:318][  0]LogD3D11RHI: RHI has support for 64 bit atomics
[2022.11.23-04.52.11:318][  0]LogD3D11RHI: Async texture creation enabled
[2022.11.23-04.52.11:318][  0]LogD3D11RHI: Array index from any shader is supported
[2022.11.23-04.52.11:319][  0]LogD3D11RHI: HDR output is supported on display 0 (NvId: 0x80061086).
[2022.11.23-04.52.11:339][  0]LogD3D11RHI: GPU Timing Frequency: 1000.000000 (Debug: 2 1)
[2022.11.23-04.52.11:361][  0]LogRHI: GeForceNow SDK initialized: 1
[2022.11.23-04.52.11:612][  0]LogTargetPlatformManager: Display: Loaded TargetPlatform 'WindowsNoEditor'
[2022.11.23-04.52.11:615][  0]LogTargetPlatformManager: Display: Loaded TargetPlatform 'Windows'
[2022.11.23-04.52.11:619][  0]LogTargetPlatformManager: Display: Loaded TargetPlatform 'WindowsClient'
[2022.11.23-04.52.11:623][  0]LogTargetPlatformManager: Display: Loaded TargetPlatform 'WindowsServer'
[2022.11.23-04.52.11:623][  0]LogTargetPlatformManager: Display: Building Assets For Windows
[2022.11.23-04.52.11:628][  0]LogAudioDebug: Display: Lib vorbis DLL was dynamically loaded.
[2022.11.23-04.52.11:648][  0]LogTextureFormatOodle: Display: Oodle Texture 2.9.0 init RDO Off
[2022.11.23-04.52.11:669][  0]LogRendererCore: Ray tracing is disabled. Reason: r.RayTracing=0.
[2022.11.23-04.52.11:669][  0]LogShaderCompilers: Guid format shader working directory is 1 characters bigger than the processId version (C:/Users/Jarod/OneDrive/Desktop/Level-Design/Intermediate/Shaders/WorkingDirectory/27904/).
[2022.11.23-04.52.11:669][  0]LogShaderCompilers: Cleaned the shader compiler working directory 'C:/Users/Jarod/AppData/Local/Temp/UnrealShaderWorkingDir/0E29A04F47203E37CB9D53B738BB8E5F/'.
[2022.11.23-04.52.11:669][  0]LogXGEController: Cannot use XGE Controller as Incredibuild is not installed on this machine.
[2022.11.23-04.52.11:669][  0]LogShaderCompilers: Cannot use XGE Shader Compiler as Incredibuild is not installed on this machine.
[2022.11.23-04.52.11:669][  0]LogShaderCompilers: Display: Using Local Shader Compiler.
[2022.11.23-04.52.12:275][  0]LogDerivedDataCache: Display: Max Cache Size: 512 MB
[2022.11.23-04.52.12:339][  0]LogDerivedDataCache: Loaded boot cache 0.06s 94MB C:/Users/Jarod/AppData/Local/UnrealEngine/4.27/DerivedDataCache/Boot.ddc.
[2022.11.23-04.52.12:339][  0]LogDerivedDataCache: Display: Loaded Boot cache: C:/Users/Jarod/AppData/Local/UnrealEngine/4.27/DerivedDataCache/Boot.ddc
[2022.11.23-04.52.12:339][  0]LogDerivedDataCache: FDerivedDataBackendGraph:  Pak pak cache file C:/Users/Jarod/OneDrive/Desktop/Level-Design/DerivedDataCache/DDC.ddp not found, will not use a pak cache.
[2022.11.23-04.52.12:339][  0]LogDerivedDataCache: Unable to find inner node Pak for hierarchical cache Hierarchy.
[2022.11.23-04.52.12:339][  0]LogDerivedDataCache: FDerivedDataBackendGraph:  CompressedPak pak cache file C:/Users/Jarod/OneDrive/Desktop/Level-Design/DerivedDataCache/Compressed.ddp not found, will not use a pak cache.
[2022.11.23-04.52.12:339][  0]LogDerivedDataCache: Unable to find inner node CompressedPak for hierarchical cache Hierarchy.
[2022.11.23-04.52.12:360][  0]LogDerivedDataCache: Display: Pak cache opened for reading ../../../Engine/DerivedDataCache/Compressed.ddp.
[2022.11.23-04.52.12:360][  0]LogDerivedDataCache: FDerivedDataBackendGraph:  EnterprisePak pak cache file ../../../Enterprise/DerivedDataCache/Compressed.ddp not found, will not use a pak cache.
[2022.11.23-04.52.12:360][  0]LogDerivedDataCache: Unable to find inner node EnterprisePak for hierarchical cache Hierarchy.
[2022.11.23-04.52.12:368][  0]LogDerivedDataCache: Speed tests for C:/Users/Jarod/AppData/Local/UnrealEngine/Common/DerivedDataCache took 0.01 seconds
[2022.11.23-04.52.12:368][  0]LogDerivedDataCache: Display: Performance to C:/Users/Jarod/AppData/Local/UnrealEngine/Common/DerivedDataCache: Latency=0.05ms. RandomReadSpeed=276.52MBs, RandomWriteSpeed=203.92MBs. Assigned SpeedClass 'Local'
[2022.11.23-04.52.12:369][  0]LogDerivedDataCache: Using Local data cache path C:/Users/Jarod/AppData/Local/UnrealEngine/Common/DerivedDataCache: Writable
[2022.11.23-04.52.12:369][  0]LogDerivedDataCache: Shared data cache path not found in *engine.ini, will not use an Shared cache.
[2022.11.23-04.52.12:369][  0]LogDerivedDataCache: Unable to find inner node Shared for hierarchical cache Hierarchy.
[2022.11.23-04.52.12:405][  0]LogSlate: Using FreeType 2.10.0
[2022.11.23-04.52.12:405][  0]LogSlate: SlateFontServices - WITH_FREETYPE: 1, WITH_HARFBUZZ: 1
[2022.11.23-04.52.12:496][  0]LogInit: Using OS detected language (en-US).
[2022.11.23-04.52.12:496][  0]LogInit: Using OS detected locale (en-US).
[2022.11.23-04.52.12:496][  0]LogTextLocalizationManager: No localization for 'en-US' exists, so 'en' will be used for the language.
[2022.11.23-04.52.12:496][  0]LogTextLocalizationManager: No localization for 'en-US' exists, so 'en' will be used for the locale.
[2022.11.23-04.52.12:496][  0]LogSlate: FontCache flush requested. Reason: Culture for localization was changed
[2022.11.23-04.52.12:496][  0]LogSlate: FontCache flush requested. Reason: Culture for localization was changed
[2022.11.23-04.52.12:500][  0]LogTextLocalizationManager: Compacting localization data took   0.01ms
[2022.11.23-04.52.12:500][  0]LogAssetRegistry: FAssetRegistry took 0.0024 seconds to start up
[2022.11.23-04.52.12:671][  0]LogPackageLocalizationCache: Processed 27 localized package path(s) for 1 prioritized culture(s) in 0.000892 seconds
[2022.11.23-04.52.12:733][  0]LogInit: Selected Device Profile: [Windows]
[2022.11.23-04.52.12:733][  0]LogInit: Active device profile: [000002E2C550CB00][000002E2BC5C1180 49] Windows
[2022.11.23-04.52.12:733][  0]LogInit: Profiles: [000002E2C550CB00][000002E2BC5C1180 49] Windows, [000002E2C64E1E00][000002E2BC5C52C0 49] WindowsNoEditor, [000002E2C550D900][000002E2BC5C9400 49] WindowsServer, [000002E2C64E2B00][000002E2BC5CD540 49] WindowsClient, [000002E2C550FC00][000002E2BC5D1680 49] IOS, [000002E2C64E3F00][000002E2BCC73800 49] iPadAir, [000002E2C550FE00][000002E2BCC77980 49] iPadAir2, [000002E2C6488C00][000002E2BCC7E0C0 49] IPadPro, [000002E2C6488D00][000002E2BCC7A100 49] iPadAir3, [000002E2C64E3800][000002E2BCC82280 49] iPadAir4, [000002E2C648B600][000002E2BCC86400 49] iPadMini2, [000002E2C64E2F00][000002E2BCC8A580 49] iPadMini3, [000002E2C648B800][000002E2BCC8E700 49] iPadMini4, [000002E2C64E3500][000002E2BCC92880 49] iPadMini5, [000002E2C64B4600][000002E2BCC9AB40 49] iPhone6, [000002E2C64B4700][000002E2BCC96B80 49] iPodTouch6, [000002E2C550E900][000002E2BCCA2E40 49] iPhone7, [000002E2C550E800][000002E2BCC9EE80 49] iPodTouch7, [000002E2C64B4100][000002E2BCCA7000 49] iPhone5S, [000002E2C6488700][000002E2BCCAB180 49] iPhone6Plus, [000002E2C64B6500][000002E2BCCAF300 49] iPhone6S, [000002E2C6489300][000002E2BCCB3480 49] iPhone6SPlus, [000002E2C64B7B00][000002E2BC5D55C0 49] iPhone7Plus, [000002E2C648B500][000002E2BCCB7700 49] iPhoneSE, [000002E2C550E600][000002E2BCCBB840 49] iPhone8, [000002E2C6488600][000002E2C543B9C0 49] iPhone8Plus, [000002E2C550E200][000002E2C543FB40 49] iPhoneX, [000002E2C648B300][000002E2C5442140 49] iPhoneXS, [000002E2C550F400][000002E2C54462C0 49] iPhoneXSMax, [000002E2C648AD00][000002E2C544A440 49] iPhoneXR, [000002E2C550C200][000002E2C544E5C0 49] iPhone11, [000002E2C6489E00][000002E2C5452740 49] iPhone11Pro, [000002E2C550EA00][000002E2C54568C0 49] iPhone11ProMax, [000002E2C648B700][000002E2C545AA40 49] iPhoneSE2, [000002E2C550CD00][000002E2C545EBC0 49] iPhone12Mini, [000002E2C6489F00][000002E2C5462D40 49] iPhone12, [000002E2C550C700][000002E2C5466EC0 49] iPhone12Pro, [000002E2C6489400][000002E2C546B040 49] iPhone12ProMax, [000002E2C550CC00][000002E2C546F1C0 49] iPadPro105, [000002E2C6489700][000002E2C5473340 49] iPadPro129, [000002E2C550C100][000002E2C54774C0 49] iPadPro97, [000002E2C648BC00][000002E2C547B640 49] iPadPro2_129, [000002E2C550C800][000002E2C5437780 49] iPad5, [000002E2C648B100][000002E2C547F8C0 49] iPad6, [000002E2C550C500][000002E2C5483A00 49] iPad7, [000002E2C648A800][000002E2C5487B40 49] iPad8, [000002E2C550C600][000002E2C548E140 49] iPadPro11, [000002E2C6488100][000002E2C54922C0 49] iPadPro2_11, [000002E2C550DC00][000002E2C5496440 49] iPadPro3_129, [000002E2C648BE00][000002E2C549A5C0 49] iPadPro4_129, [000002E2C550E500][000002E2C549E740 49] AppleTV, [000002E2C648A300][000002E2C54A28C0 49] AppleTV4K, [000002E2C550C400][000002E2C54A6A40 49] TVOS, [000002E2C6489C00][000002E2C54AABC0 49] Mac, [000002E2C550FD00][000002E2C54AED40 49] MacClient, [000002E2C648A500][000002E2C54B2EC0 49] MacNoEditor, [000002E2C550F100][000002E2C54B7040 49] MacServer, [000002E2C648B900][000002E2C54BB1C0 49] Linux, [000002E2C550DD00][000002E2C54BF340 49] LinuxAArch64, [000002E2C648A100][000002E2C54C34C0 49] LinuxNoEditor, [000002E2C550DB00][000002E2C54C7640 49] LinuxAArch64NoEditor, [000002E2C648BB00][000002E2C54CB7C0 49] LinuxClient, [000002E2C550EE00][000002E2C548B900 49] LinuxAArch64Client, [000002E2C648A200][000002E2C54CFA40 49] LinuxServer, [000002E2C550EF00][000002E2C54D3B80 49] LinuxAArch64Server, [000002E2C6489000][000002E2C54D6140 49] Android, [000002E2C550DE00][000002E2C54DE2C0 49] Android_Low, [000002E2C6488500][000002E2C54E2440 49] Android_Mid, [000002E2C550E400][000002E2C54E65C0 49] Android_High, [000002E2C648BF00][000002E2C54EA740 49] Android_Default, [000002E2C550E000][000002E2BCCBE8C0 49] Android_Adreno4xx, [000002E2C64E2100][000002E2BCCC2A40 49] Android_Adreno5xx_Low, [000002E2C64B7500][000002E2BCCC6BC0 49] Android_Adreno5xx, [000002E2C64E3A00][000002E2BCCCAD40 49] Android_Adreno6xx, [000002E2C64B6B00][000002E2BCCCEEC0 49] Android_Adreno6xx_Vulkan, [000002E2C64E3B00][000002E2BCCD3040 49] Android_Mali_T6xx, [000002E2C64B4F00][000002E2BCCD71C0 49] Android_Mali_T7xx, [000002E2C64E1000][000002E2BCCDB340 49] Android_Mali_T8xx, [000002E2C64B5F00][000002E2BCCDF4C0 49] Android_Mali_G71, [000002E2C64E1900][000002E2BCCE3640 49] Android_Mali_G72, [000002E2C64B6400][000002E2B89277C0 49] Android_Mali_G72_Vulkan, [000002E2C64E3300][000002E2B892B940 49] Android_Mali_G76, [000002E2C64B6100][000002E2B892FAC0 49] Android_Mali_G76_Vulkan, [000002E2C64E1800][000002E2C54DBC00 49] Android_Mali_G77, [000002E2C64B4A00][000002E2B89321C0 49] Android_Mali_G77_Vulkan, [000002E2C64E3100][000002E2B8936300 49] Android_Mali_G78, [000002E2C64B5300][000002E2B893E480 49] Android_Mali_G78_Vulkan, [000002E2C64E2600][000002E2B8942600 49] Android_Mali_G710, [000002E2C64B7D00][000002E2B8946780 49] Android_Mali_G710_Vulkan, [000002E2C64E1B00][000002E2B894A900 49] Android_Vulkan_SM5, [000002E2C64B4900][000002E2B894EA80 49] Android_PowerVR_G6xxx, [000002E2C64E1C00][000002E2C6610C00 49] Android_PowerVR_GT7xxx, [000002E2C64B6700][000002E2C6614D80 49] Android_PowerVR_GE8xxx, [000002E2C64E2000][000002E2C6618F00 49] Android_PowerVR_GM9xxx, [000002E2C64B7200][000002E2C661D080 49] Android_PowerVR_GM9xxx_Vulkan, [000002E2C64E2D00][000002E2C6621200 49] Android_TegraK1, [000002E2C64B5700][000002E2C6625380 49] Android_Unknown_Vulkan, [000002E2C64E3400][000002E2C6629500 49] Lumin, [000002E2C64B4200][000002E2C662D680 49] Lumin_Desktop, [000002E2C64E1F00][000002E2C6631800 49] HoloLens, 
[2022.11.23-04.52.12:764][  0]LogMeshReduction: Using QuadricMeshReduction for automatic static mesh reduction
[2022.11.23-04.52.12:764][  0]LogMeshReduction: Using SimplygonMeshReduction for automatic skeletal mesh reduction
[2022.11.23-04.52.12:764][  0]LogMeshReduction: Using ProxyLODMeshReduction for automatic mesh merging
[2022.11.23-04.52.12:764][  0]LogMeshReduction: No distributed automatic mesh merging module available
[2022.11.23-04.52.12:764][  0]LogMeshMerging: No distributed automatic mesh merging module available
[2022.11.23-04.52.12:871][  0]LogNetVersion: SideScroller_V422_Fall2019 1.0.0, NetCL: 17155196, EngineNetVer: 17, GameNetVer: 0 (Checksum: 1441273239)
[2022.11.23-04.52.13:085][  0]LogTexture: Default maximum texture size for cubemaps generated from long-lat sources has been changed from 512 to unlimited. In order to preserve old behaiour for '/Engine/MapTemplates/Sky/DaylightAmbientCubemap.DaylightAmbientCubemap', its maximum texture size has been explicitly set to 512.
[2022.11.23-04.52.13:135][  0]LogHMD: PokeAHoleMaterial loaded successfully
[2022.11.23-04.52.13:209][  0]LogMoviePlayer: Initializing movie player
[2022.11.23-04.52.13:299][  0]LogNiagaraDebuggerClient: Niagara Debugger Client Initialized | Session: 78EEB8B84E8066CEC70446898980C0BF | Instance: 914FD24D45B9D475D6804FBDAAE82491 (DESKTOP-H5DVIKR-27904).
[2022.11.23-04.52.13:316][  0]LogCollectionManager: Loaded 0 collections in 0.000684 seconds
[2022.11.23-04.52.13:319][  0]LogFileCache: Scanning file cache for directory 'C:/Users/Jarod/OneDrive/Desktop/Level-Design/Saved/Collections/' took 0.00s
[2022.11.23-04.52.13:319][  0]LogFileCache: Scanning file cache for directory 'C:/Users/Jarod/OneDrive/Desktop/Level-Design/Content/Developers/Jarod/Collections/' took 0.00s
[2022.11.23-04.52.13:319][  0]LogCollectionManager: Fixed up redirectors for 0 collections in 0.000002 seconds (updated 0 objects)
[2022.11.23-04.52.13:396][  0]LogFileCache: Scanning file cache for directory 'C:/Users/Jarod/OneDrive/Desktop/Level-Design/Content/Collections/' took 0.00s
[2022.11.23-04.52.13:396][  0]LogTcpMessaging: Initializing TcpMessaging bridge
[2022.11.23-04.52.13:399][  0]LogUdpMessaging: Initializing bridge on interface 0.0.0.0:0 to multicast group 230.0.0.1:6666.
[2022.11.23-04.52.13:447][  0]LogPython: Using Python 3.7.7
[2022.11.23-04.52.13:893][  0]SourceControl: Source control is disabled
[2022.11.23-04.52.13:894][  0]SourceControl: Source control is disabled
[2022.11.23-04.52.13:896][  0]SourceControl: Source control is disabled
[2022.11.23-04.52.13:902][  0]LogUProjectInfo: Found projects:
[2022.11.23-04.52.13:930][  0]LogAndroidPermission: UAndroidPermissionCallbackProxy::GetInstance
[2022.11.23-04.52.13:938][  0]LogAudioCaptureCore: Display: No Audio Capture implementations found. Audio input will be silent.
[2022.11.23-04.52.13:938][  0]LogAudioCaptureCore: Display: No Audio Capture implementations found. Audio input will be silent.
[2022.11.23-04.52.14:039][  0]LogOpenImageDenoise: OIDN starting up
[2022.11.23-04.52.14:052][  0]LogOcInput: OculusInput pre-init called
[2022.11.23-04.52.14:061][  0]LogUObjectArray: 22163 objects as part of root set at end of initial load.
[2022.11.23-04.52.14:061][  0]LogUObjectAllocator: 5993712 out of 0 bytes used by permanent object pool.
[2022.11.23-04.52.14:061][  0]LogUObjectArray: CloseDisregardForGC: 0/0 objects in disregard for GC pool
[2022.11.23-04.52.14:106][  0]LogEngine: Initializing Engine...
[2022.11.23-04.52.14:109][  0]LogHMD: Failed to enumerate extensions. Please check that you have a valid OpenXR runtime installed.
[2022.11.23-04.52.14:109][  0]LogHMD: Failed to initialize OpenVR with code 110
[2022.11.23-04.52.14:109][  0]LogMagicLeap: Warning: VR disabled because ZI is not enabled.  To enable, in the editor, Edit -> Project Settings -> Plugins -> Magic Leap Plugin -> Enable Zero Iteration
[2022.11.23-04.52.14:110][  0]LogStats: UGameplayTagsManager::InitializeManager -  0.000 s
[2022.11.23-04.52.14:195][  0]LogInit: Initializing FReadOnlyCVARCache
[2022.11.23-04.52.14:196][  0]LogAudio: Display: Initializing Audio Device Manager...
[2022.11.23-04.52.14:198][  0]LogAudio: Display: Loading Default Audio Settings Objects...
[2022.11.23-04.52.14:199][  0]LogAudio: Display: No default SoundConcurrencyObject specified (or failed to load).
[2022.11.23-04.52.14:199][  0]LogAudio: Display: Audio Device Manager Initialized
[2022.11.23-04.52.14:199][  0]LogAudio: Display: Creating Audio Device:                 Id: 1, Scope: Shared, Realtime: True
[2022.11.23-04.52.14:199][  0]LogAudioMixer: Display: Audio Mixer Platform Settings:
[2022.11.23-04.52.14:199][  0]LogAudioMixer: Display: 	Sample Rate:						  48000
[2022.11.23-04.52.14:199][  0]LogAudioMixer: Display: 	Callback Buffer Frame Size Requested: 1024
[2022.11.23-04.52.14:199][  0]LogAudioMixer: Display: 	Callback Buffer Frame Size To Use:	  1024
[2022.11.23-04.52.14:199][  0]LogAudioMixer: Display: 	Number of buffers to queue:			  2
[2022.11.23-04.52.14:199][  0]LogAudioMixer: Display: 	Max Channels (voices):				  32
[2022.11.23-04.52.14:199][  0]LogAudioMixer: Display: 	Number of Async Source Workers:		  0
[2022.11.23-04.52.14:199][  0]LogAudio: Display: AudioDevice MaxSources: 32
[2022.11.23-04.52.14:200][  0]LogAudio: Display: Audio Spatialization Plugin: None (built-in).
[2022.11.23-04.52.14:200][  0]LogAudio: Display: Audio Reverb Plugin: None (built-in).
[2022.11.23-04.52.14:200][  0]LogAudio: Display: Audio Occlusion Plugin: None (built-in).
[2022.11.23-04.52.14:200][  0]LogAudioMixer: Display: Initializing audio mixer.
[2022.11.23-04.52.14:239][  0]LogAudioMixer: Display: 0: FrontLeft
[2022.11.23-04.52.14:240][  0]LogAudioMixer: Display: 1: FrontRight
[2022.11.23-04.52.14:265][  0]LogAudioMixer: Display: Using Audio Device Speakers (Realtek(R) Audio)
[2022.11.23-04.52.14:271][  0]LogAudioMixer: Display: Initializing Sound Submixes...
[2022.11.23-04.52.14:272][  0]LogAudioMixer: Display: Creating Master Submix 'MasterSubmixDefault'
[2022.11.23-04.52.14:272][  0]LogAudioMixer: Display: Creating Master Submix 'MasterReverbSubmixDefault'
[2022.11.23-04.52.14:273][  0]LogAudioMixer: Display: Creating Master Submix 'MasterEQSubmixDefault'
[2022.11.23-04.52.14:273][  0]LogAudioMixer: FMixerPlatformXAudio2::StartAudioStream() called
[2022.11.23-04.52.14:273][  0]LogAudioMixer: Display: Output buffers initialized: Frames=1024, Channels=2, Samples=2048
[2022.11.23-04.52.14:275][  0]LogAudioMixer: Display: Starting AudioMixerPlatformInterface::RunInternal()
[2022.11.23-04.52.14:275][  0]LogAudioMixer: Display: FMixerPlatformXAudio2::SubmitBuffer() called for the first time
[2022.11.23-04.52.14:275][  0]LogInit: FAudioDevice initialized.
[2022.11.23-04.52.14:276][  0]LogNetVersion: Set ProjectVersion to 1.0.0.0. Version Checksum will be recalculated on next use.
[2022.11.23-04.52.14:276][  0]LogInit: Texture streaming: Enabled
[2022.11.23-04.52.14:328][  0]LogAudio: Display: Audio Device (ID: 1) registered with world 'Untitled'.
[2022.11.23-04.52.14:328][  0]LogSlate: Updating window title bar state: overlay mode, drag disabled, window buttons hidden, title bar hidden
[2022.11.23-04.52.14:328][  0]LogInit: Display: Game Engine Initialized.
[2022.11.23-04.52.14:328][  0]LogNiagaraEditor: GEditor isn't valid! Particle reset commands will not work for Niagara components!
[2022.11.23-04.52.14:427][  0]LogInit: Display: Starting Game.
[2022.11.23-04.52.14:427][  0]LogNet: Browse: /Game/StarterContent/Maps/My_level?Name=Player
[2022.11.23-04.52.14:427][  0]LogLoad: LoadMap: /Game/StarterContent/Maps/My_level?Name=Player
[2022.11.23-04.52.14:427][  0]LogWorld: BeginTearingDown for /Temp/Untitled_0
[2022.11.23-04.52.14:428][  0]LogWorld: UWorld::CleanupWorld for Untitled, bSessionEnded=true, bCleanupResources=true
[2022.11.23-04.52.14:429][  0]LogSlate: InvalidateAllWidgets triggered.  All widgets were invalidated
[2022.11.23-04.52.14:435][  0]LogAudio: Display: Audio Device unregistered from world 'None'.
[2022.11.23-04.52.14:438][  0]LogUObjectHash: Compacting FUObjectHashTables data took   0.91ms
[2022.11.23-04.52.14:620][  0]LogBlueprint: Warning: [AssetLog] C:\Users\Jarod\OneDrive\Desktop\Level-Design\Content\Custom_Blueprints\Puzzle_Elements\Sphere_Door.uasset: [Compiler] OnComponentBeginOverlap (Box)  does not have a valid matching component!
[2022.11.23-04.52.15:117][  0]LogSkeletalMesh: Display: [AssetLog] C:\Users\Jarod\OneDrive\Desktop\Level-Design\Content\Custom_Assets\Utility\Flag\Flag.uasset: Find and fix some bad tangent! please re-import this skeletal mesh asset to fix the issue. The shading of the skeletal mesh will be bad and faceted.
[2022.11.23-04.52.15:118][  0]LogSkeletalMesh: Display: [AssetLog] C:\Users\Jarod\OneDrive\Desktop\Level-Design\Content\Custom_Assets\Hazards\Bat\Model\Bat_Enemy.uasset: Find and fix some bad tangent! please re-import this skeletal mesh asset to fix the issue. The shading of the skeletal mesh will be bad and faceted.
[2022.11.23-04.52.15:124][  0]LogAudio: Display: Audio Device (ID: 1) registered with world 'My_level'.
[2022.11.23-04.52.15:130][  0]LogAIModule: Creating AISystem for world My_level
[2022.11.23-04.52.15:133][  0]LogLoad: Game class is 'SideScrollerGameMode_C'
[2022.11.23-04.52.15:149][  0]LogWorld: Bringing World /Game/StarterContent/Maps/My_level.My_level up for play (max tick rate 0) at 2022.11.22-23.52.15
[2022.11.23-04.52.15:150][  0]LogWorld: Bringing up level for play took: 0.016311
[2022.11.23-04.52.15:155][  0]LogLoad: Took 0.726717 seconds to LoadMap(/Game/StarterContent/Maps/My_level)
[2022.11.23-04.52.15:254][  0]LogSlate: Took 0.000190 seconds to synchronously load lazily loaded font '../../../Engine/Content/Slate/Fonts/Roboto-Regular.ttf' (155K)
[2022.11.23-04.52.15:304][  0]LogRenderer: Reallocating scene render targets to support 1280x720 Format 10 NumSamples 1 (Frame:1).
[2022.11.23-04.52.15:304][  0]LogInit: Display: Engine is initialized. Leaving FEngineLoop::Init()
[2022.11.23-04.52.15:304][  0]LogLoad: (Engine Initialization) Total time: 5.51 seconds
[2022.11.23-04.52.15:304][  0]LogLoad: (Engine Initialization) Total Blueprint compile time: 0.00 seconds
[2022.11.23-04.52.15:309][  0]LogContentStreaming: Texture pool size now 1000 MB
[2022.11.23-04.52.15:313][  0]LogSlate: InvalidateAllWidgets triggered.  All widgets were invalidated
[2022.11.23-04.52.15:357][  1]LogSlate: Took 0.000104 seconds to synchronously load lazily loaded font '../../../Engine/Content/Slate/Fonts/Roboto-Regular.ttf' (155K)
[2022.11.23-04.52.27:270][944]LogCharacterMovement: SideScrollerCharacter_C_0 is stuck and failed to move! Velocity: X=0.00 Y=600.00 Z=0.00 Location: X=1150.00 Y=-2562.10 Z=1204.47 Normal: X=0.02 Y=-0.22 Z=0.98 PenetrationDepth:1.463 Actor:Enemy_Bat_Wave3 Component:SkeletalMeshComponent0 BoneName:MarineRibcage001 (0 other events since notify)
[2022.11.23-04.52.36:587][397]LogWindowsDesktop: Alt-F4 pressed!
[2022.11.23-04.52.36:596][397]LogSlate: Window 'SideScroller_V422_Fall2019 (64-bit Development PCD3D_SM5) ' being destroyed
[2022.11.23-04.52.36:598][397]LogWindowsTextInputMethodSystem: Display: IME system deactivated.
[2022.11.23-04.52.36:603][397]LogWindowsTextInputMethodSystem: Display: IME system deactivated.
[2022.11.23-04.52.36:605][397]LogSlate: Updating window title bar state: overlay mode, drag disabled, window buttons hidden, title bar hidden
[2022.11.23-04.52.36:605][397]LogEngine: All Windows Closed
[2022.11.23-04.52.36:605][397]LogWindows: FPlatformMisc::RequestExit(0)
[2022.11.23-04.52.36:605][397]LogWindows: FPlatformMisc::RequestExitWithStatus(0, 0)
[2022.11.23-04.52.36:605][397]LogCore: Engine exit requested (reason: Win RequestExit)
[2022.11.23-04.52.36:605][398]LogCore: Engine exit requested (reason: EngineExit() was called; note: exit was already requested)
[2022.11.23-04.52.36:605][398]LogInit: Display: PreExit Game.
[2022.11.23-04.52.36:616][398]LogWorld: BeginTearingDown for /Game/StarterContent/Maps/My_level
[2022.11.23-04.52.36:617][398]LogWorld: UWorld::CleanupWorld for My_level, bSessionEnded=true, bCleanupResources=true
[2022.11.23-04.52.36:618][398]LogSlate: InvalidateAllWidgets triggered.  All widgets were invalidated
[2022.11.23-04.52.37:122][398]LogAudio: Display: Beginning Audio Device Manager Shutdown (Module: AudioMixerXAudio2)...
[2022.11.23-04.52.37:122][398]LogAudio: Display: Destroying 1 Remaining Audio Device(s)...
[2022.11.23-04.52.37:122][398]LogAudio: Display: Audio Device unregistered from world 'My_level'.
[2022.11.23-04.52.37:170][398]LogAudioMixer: FMixerPlatformXAudio2::StopAudioStream() called
[2022.11.23-04.52.37:171][398]LogAudioMixer: FMixerPlatformXAudio2::StopAudioStream() called
[2022.11.23-04.52.37:236][398]LogAudio: Display: Audio Device Manager Shutdown
[2022.11.23-04.52.37:240][398]LogExit: Preparing to exit.
[2022.11.23-04.52.37:244][398]LogSlate: Updating window title bar state: overlay mode, drag disabled, window buttons hidden, title bar hidden
[2022.11.23-04.52.37:254][398]LogUObjectHash: Compacting FUObjectHashTables data took   1.37ms
[2022.11.23-04.52.37:414][398]LogMoviePlayer: Shutting down movie player
[2022.11.23-04.52.37:597][398]LogDemo: Cleaned up 0 splitscreen connections with owner deletion
[2022.11.23-04.52.37:601][398]LogExit: Game engine shut down
[2022.11.23-04.52.37:649][398]LogExit: Object subsystem successfully closed.
[2022.11.23-04.52.37:662][398]LogShaderCompilers: Display: === FShaderJobCache stats ===
[2022.11.23-04.52.37:662][398]LogShaderCompilers: Display: Total job queries 0, among them cache hits 0 (0.00%)
[2022.11.23-04.52.37:662][398]LogShaderCompilers: Display: Tracking 0 distinct input hashes that result in 0 distinct outputs (0.00%)
[2022.11.23-04.52.37:662][398]LogShaderCompilers: Display: RAM used: 0.00 MB (0.00 GB) of 819.20 MB (0.80 GB) budget. Usage: 0.00%
[2022.11.23-04.52.37:662][398]LogShaderCompilers: Display: ================================================
[2022.11.23-04.52.37:679][398]LogShaderCompilers: Display: Shaders left to compile 0
[2022.11.23-04.52.37:689][398]LogModuleManager: Shutting down and abandoning module SequenceRecorderSections (564)
[2022.11.23-04.52.37:689][398]LogModuleManager: Shutting down and abandoning module SequenceRecorder (562)
[2022.11.23-04.52.37:689][398]LogModuleManager: Shutting down and abandoning module AutomationController (560)
[2022.11.23-04.52.37:689][398]LogModuleManager: Shutting down and abandoning module AutomationWorker (558)
[2022.11.23-04.52.37:689][398]LogModuleManager: Shutting down and abandoning module Voice (556)
[2022.11.23-04.52.37:689][398]LogModuleManager: Shutting down and abandoning module AIModule (554)
[2022.11.23-04.52.37:689][398]LogModuleManager: Shutting down and abandoning module GameplayDebugger (553)
[2022.11.23-04.52.37:689][398]LogModuleManager: Shutting down and abandoning module AITestSuite (551)
[2022.11.23-04.52.37:689][398]LogModuleManager: Shutting down and abandoning module NavigationSystem (549)
[2022.11.23-04.52.37:689][398]LogModuleManager: Shutting down and abandoning module AnimGraph (546)
[2022.11.23-04.52.37:689][398]LogModuleManager: Shutting down and abandoning module SteamVREditor (544)
[2022.11.23-04.52.37:689][398]LogModuleManager: Shutting down and abandoning module ToolMenus (543)
[2022.11.23-04.52.37:689][398]LogModuleManager: Shutting down and abandoning module OculusMR (540)
[2022.11.23-04.52.37:689][398]LogModuleManager: Shutting down and abandoning module PlanarCut (538)
[2022.11.23-04.52.37:689][398]LogModuleManager: Shutting down and abandoning module CharacterAI (536)
[2022.11.23-04.52.37:689][398]LogModuleManager: Shutting down and abandoning module TakeRecorderSources (534)
[2022.11.23-04.52.37:689][398]LogModuleManager: Shutting down and abandoning module TakeRecorder (533)
[2022.11.23-04.52.37:689][398]LogModuleManager: Shutting down and abandoning module TakeTrackRecorders (530)
[2022.11.23-04.52.37:689][398]LogModuleManager: Shutting down and abandoning module TakesCore (528)
[2022.11.23-04.52.37:689][398]LogModuleManager: Shutting down and abandoning module OpenXRInput (526)
[2022.11.23-04.52.37:689][398]LogModuleManager: Shutting down and abandoning module WebMMediaFactory (524)
[2022.11.23-04.52.37:689][398]LogModuleManager: Shutting down and abandoning module WebMMedia (522)
[2022.11.23-04.52.37:689][398]LogModuleManager: Shutting down and abandoning module WmfMediaFactory (520)
[2022.11.23-04.52.37:689][398]LogModuleManager: Shutting down and abandoning module OpenExrWrapper (518)
[2022.11.23-04.52.37:689][398]LogModuleManager: Shutting down and abandoning module ImgMediaFactory (516)
[2022.11.23-04.52.37:689][398]LogModuleManager: Shutting down and abandoning module MagicLeapMediaCodecFactory (514)
[2022.11.23-04.52.37:689][398]LogModuleManager: Shutting down and abandoning module MagicLeapMediaFactory (512)
[2022.11.23-04.52.37:689][398]LogModuleManager: Shutting down and abandoning module AvfMediaFactory (510)
[2022.11.23-04.52.37:689][398]LogModuleManager: Shutting down and abandoning module SessionServices (508)
[2022.11.23-04.52.37:689][398]LogModuleManager: Shutting down and abandoning module MovieSceneCapture (506)
[2022.11.23-04.52.37:689][398]LogModuleManager: Shutting down and abandoning module LiveCoding (504)
[2022.11.23-04.52.37:689][398]LogModuleManager: Shutting down and abandoning module LevelSequence (502)
[2022.11.23-04.52.37:689][398]LogModuleManager: Shutting down and abandoning module MovieSceneTracks (500)
[2022.11.23-04.52.37:689][398]LogModuleManager: Shutting down and abandoning module MovieScene (498)
[2022.11.23-04.52.37:690][398]LogModuleManager: Shutting down and abandoning module StreamingPauseRendering (496)
[2022.11.23-04.52.37:690][398]LogModuleManager: Shutting down and abandoning module PortalServices (494)
[2022.11.23-04.52.37:690][398]LogModuleManager: Shutting down and abandoning module PortalRpc (492)
[2022.11.23-04.52.37:690][398]LogModuleManager: Shutting down and abandoning module MessagingRpc (490)
[2022.11.23-04.52.37:690][398]LogModuleManager: Shutting down and abandoning module AudioMixerXAudio2 (488)
[2022.11.23-04.52.37:690][398]LogModuleManager: Shutting down and abandoning module AudioMixerCore (487)
[2022.11.23-04.52.37:690][398]LogModuleManager: Shutting down and abandoning module ImageWriteQueue (484)
[2022.11.23-04.52.37:692][398]LogModuleManager: Shutting down and abandoning module ProfilerService (482)
[2022.11.23-04.52.37:855][398]LogModuleManager: Shutting down and abandoning module TaskGraph (480)
[2022.11.23-04.52.37:855][398]LogModuleManager: Shutting down and abandoning module OculusInput (478)
[2022.11.23-04.52.37:855][398]LogModuleManager: Shutting down and abandoning module OpenImageDenoise (476)
[2022.11.23-04.52.37:855][398]LogOpenImageDenoise: OIDN shutting down
[2022.11.23-04.52.37:855][398]LogModuleManager: Shutting down and abandoning module MotoSynth (474)
[2022.11.23-04.52.37:855][398]LogModuleManager: Shutting down and abandoning module MeshConversion (472)
[2022.11.23-04.52.37:856][398]LogModuleManager: Shutting down and abandoning module DynamicMesh (470)
[2022.11.23-04.52.37:856][398]LogModuleManager: Shutting down and abandoning module GeometryAlgorithms (468)
[2022.11.23-04.52.37:856][398]LogModuleManager: Shutting down and abandoning module GeometricObjects (466)
[2022.11.23-04.52.37:856][398]LogModuleManager: Shutting down and abandoning module GeometryCollectionTracks (464)
[2022.11.23-04.52.37:856][398]LogModuleManager: Shutting down and abandoning module GeometryCollectionSequencer (463)
[2022.11.23-04.52.37:856][398]LogModuleManager: Shutting down and abandoning module GeometryCacheTracks (460)
[2022.11.23-04.52.37:856][398]LogModuleManager: Shutting down and abandoning module GeometryCacheSequencer (459)
[2022.11.23-04.52.37:856][398]LogModuleManager: Shutting down and abandoning module GeometryCache (456)
[2022.11.23-04.52.37:856][398]LogModuleManager: Shutting down and abandoning module GeometryCacheEd (455)
[2022.11.23-04.52.37:856][398]LogModuleManager: Shutting down and abandoning module ChaosNiagara (452)
[2022.11.23-04.52.37:856][398]LogModuleManager: Shutting down and abandoning module AutomationUtils (450)
[2022.11.23-04.52.37:856][398]LogModuleManager: Shutting down and abandoning module BackChannel (448)
[2022.11.23-04.52.37:856][398]LogModuleManager: Shutting down and abandoning module OodleNetworkHandlerComponent (446)
[2022.11.23-04.52.37:856][398]LogModuleManager: Shutting down and abandoning module TakeMovieScene (444)
[2022.11.23-04.52.37:856][398]LogModuleManager: Shutting down and abandoning module Synthesis (442)
[2022.11.23-04.52.37:856][398]LogModuleManager: Shutting down and abandoning module ProceduralMeshComponent (440)
[2022.11.23-04.52.37:856][398]LogModuleManager: Shutting down and abandoning module AssetTags (438)
[2022.11.23-04.52.37:856][398]LogModuleManager: Shutting down and abandoning module TemplateSequence (436)
[2022.11.23-04.52.37:856][398]LogModuleManager: Shutting down and abandoning module MobilePatchingUtils (434)
[2022.11.23-04.52.37:856][398]LogModuleManager: Shutting down and abandoning module GooglePAD (432)
[2022.11.23-04.52.37:856][398]LogModuleManager: Shutting down and abandoning module EditableMesh (430)
[2022.11.23-04.52.37:856][398]LogModuleManager: Shutting down and abandoning module FieldSystemEngine (429)
[2022.11.23-04.52.37:856][398]LogModuleManager: Shutting down and abandoning module CustomMeshComponent (426)
[2022.11.23-04.52.37:856][398]LogModuleManager: Shutting down and abandoning module ArchVisCharacter (424)
[2022.11.23-04.52.37:856][398]LogModuleManager: Shutting down and abandoning module CableComponent (422)
[2022.11.23-04.52.37:856][398]LogModuleManager: Shutting down and abandoning module AudioCapture (420)
[2022.11.23-04.52.37:856][398]LogModuleManager: Shutting down and abandoning module AudioCaptureRtAudio (419)
[2022.11.23-04.52.37:856][398]LogModuleManager: Shutting down and abandoning module AppleImageUtilsBlueprintSupport (416)
[2022.11.23-04.52.37:856][398]LogModuleManager: Shutting down and abandoning module AppleImageUtils (414)
[2022.11.23-04.52.37:856][398]LogModuleManager: Shutting down and abandoning module AndroidPermission (412)
[2022.11.23-04.52.37:856][398]LogModuleManager: Shutting down and abandoning module ActorLayerUtilities (410)
[2022.11.23-04.52.37:856][398]LogModuleManager: Shutting down and abandoning module MediaCompositing (408)
[2022.11.23-04.52.37:856][398]LogModuleManager: Shutting down and abandoning module ImgMedia (406)
[2022.11.23-04.52.37:856][398]LogModuleManager: Shutting down and abandoning module MagicLeapSharedWorld (404)
[2022.11.23-04.52.37:856][398]LogModuleManager: Shutting down and abandoning module MagicLeapLightEstimation (402)
[2022.11.23-04.52.37:856][398]LogModuleManager: Shutting down and abandoning module MagicLeapHelperVulkan (400)
[2022.11.23-04.52.37:856][398]LogModuleManager: Shutting down and abandoning module MagicLeapHelperOpenGL (398)
[2022.11.23-04.52.37:856][398]LogModuleManager: Shutting down and abandoning module MagicLeapAudio (396)
[2022.11.23-04.52.37:856][398]LogModuleManager: Shutting down and abandoning module VisualStudioCodeSourceCodeAccess (394)
[2022.11.23-04.52.37:856][398]LogModuleManager: Shutting down and abandoning module VisualStudioSourceCodeAccess (392)
[2022.11.23-04.52.37:856][398]LogModuleManager: Shutting down and abandoning module HotReload (391)
[2022.11.23-04.52.37:856][398]LogModuleManager: Shutting down and abandoning module UObjectPlugin (388)
[2022.11.23-04.52.37:856][398]LogModuleManager: Shutting down and abandoning module SubversionSourceControl (386)
[2022.11.23-04.52.37:856][398]LogModuleManager: Shutting down and abandoning module PerforceSourceControl (384)
[2022.11.23-04.52.37:856][398]LogModuleManager: Shutting down and abandoning module SourceControl (383)
[2022.11.23-04.52.37:856][398]LogModuleManager: Shutting down and abandoning module CLionSourceCodeAccess (380)
[2022.11.23-04.52.37:856][398]LogModuleManager: Shutting down and abandoning module LiveLinkSequencer (378)
[2022.11.23-04.52.37:856][398]LogModuleManager: Shutting down and abandoning module LiveLinkMovieScene (376)
[2022.11.23-04.52.37:856][398]LogModuleManager: Shutting down and abandoning module LiveLinkGraphNode (374)
[2022.11.23-04.52.37:856][398]LogModuleManager: Shutting down and abandoning module LiveLinkComponents (372)
[2022.11.23-04.52.37:856][398]LogModuleManager: Shutting down and abandoning module LiveLink (370)
[2022.11.23-04.52.37:875][398]LogModuleManager: Shutting down and abandoning module PythonScriptPlugin (368)
[2022.11.23-04.52.37:875][398]LogModuleManager: Shutting down and abandoning module SoundFields (366)
[2022.11.23-04.52.37:875][398]LogModuleManager: Shutting down and abandoning module SignificanceManager (364)
[2022.11.23-04.52.37:875][398]LogModuleManager: Shutting down and abandoning module RuntimePhysXCooking (362)
[2022.11.23-04.52.37:875][398]LogModuleManager: Shutting down and abandoning module PropertyAccessEditor (360)
[2022.11.23-04.52.37:875][398]LogModuleManager: Shutting down and abandoning module PhysXVehiclesEditor (358)
[2022.11.23-04.52.37:876][398]LogModuleManager: Shutting down and abandoning module LocationServicesBPLibrary (354)
[2022.11.23-04.52.37:876][398]LogModuleManager: Shutting down and abandoning module AudioSynesthesia (352)
[2022.11.23-04.52.37:876][398]LogModuleManager: Shutting down and abandoning module AudioSynesthesiaCore (350)
[2022.11.23-04.52.37:876][398]LogModuleManager: Shutting down and abandoning module ApexDestructionEditor (348)
[2022.11.23-04.52.37:876][398]LogModuleManager: Shutting down and abandoning module ApexDestruction (346)
[2022.11.23-04.52.37:876][398]LogModuleManager: Shutting down and abandoning module ActorSequence (344)
[2022.11.23-04.52.37:876][398]LogModuleManager: Shutting down and abandoning module UdpMessaging (342)
[2022.11.23-04.52.37:977][398]LogModuleManager: Shutting down and abandoning module TcpMessaging (340)
[2022.11.23-04.52.38:411][398]LogModuleManager: Shutting down and abandoning module ImgMediaEngine (338)
[2022.11.23-04.52.38:411][398]LogModuleManager: Shutting down and abandoning module MagicLeapARPin (336)
[2022.11.23-04.52.38:412][398]LogModuleManager: Shutting down and abandoning module MagicLeapHandMeshing (334)
[2022.11.23-04.52.38:412][398]LogModuleManager: Shutting down and abandoning module MagicLeapSecureStorage (332)
[2022.11.23-04.52.38:412][398]LogModuleManager: Shutting down and abandoning module MagicLeapPrivileges (330)
[2022.11.23-04.52.38:412][398]LogModuleManager: Shutting down and abandoning module MagicLeapPlanes (328)
[2022.11.23-04.52.38:412][398]LogMagicLeapPlanes: Planes tracker already destroyed.
[2022.11.23-04.52.38:412][398]LogModuleManager: Shutting down and abandoning module MagicLeapImageTracker (326)
[2022.11.23-04.52.38:412][398]LogModuleManager: Shutting down and abandoning module MagicLeapIdentity (324)
[2022.11.23-04.52.38:412][398]LogModuleManager: Shutting down and abandoning module MagicLeapHandTracking (322)
[2022.11.23-04.52.38:412][398]LogModuleManager: Shutting down and abandoning module MagicLeapEyeTracker (320)
[2022.11.23-04.52.38:412][398]LogModuleManager: Shutting down and abandoning module MagicLeapController (318)
[2022.11.23-04.52.38:412][398]LogModuleManager: Shutting down and abandoning module MagicLeapARPinImpl (316)
[2022.11.23-04.52.38:412][398]LogModuleManager: Shutting down and abandoning module MagicLeapAR (314)
[2022.11.23-04.52.38:412][398]LogModuleManager: Shutting down and abandoning module NiagaraAnimNotifies (312)
[2022.11.23-04.52.38:412][398]LogModuleManager: Shutting down and abandoning module Niagara (310)
[2022.11.23-04.52.38:412][398]LogModuleManager: Shutting down and abandoning module SignalProcessing (309)
[2022.11.23-04.52.38:412][398]LogModuleManager: Shutting down and abandoning module NiagaraEditor (307)
[2022.11.23-04.52.38:412][398]LogModuleManager: Shutting down and abandoning module ContentBrowser (306)
[2022.11.23-04.52.38:412][398]LogModuleManager: Shutting down and abandoning module CollectionManager (305)
[2022.11.23-04.52.38:412][398]LogModuleManager: Shutting down and abandoning module DirectoryWatcher (304)
[2022.11.23-04.52.38:412][398]LogModuleManager: Shutting down and abandoning module ContentBrowserData (301)
[2022.11.23-04.52.38:412][398]LogModuleManager: Shutting down and abandoning module NiagaraCore (296)
[2022.11.23-04.52.38:412][398]LogModuleManager: Shutting down and abandoning module GameplayTagsEditor (294)
[2022.11.23-04.52.38:412][398]LogModuleManager: Shutting down and abandoning module FacialAnimation (292)
[2022.11.23-04.52.38:412][398]LogModuleManager: Shutting down and abandoning module AssetManagerEditor (290)
[2022.11.23-04.52.38:412][398]LogModuleManager: Shutting down and abandoning module TreeMap (289)
[2022.11.23-04.52.38:412][398]LogModuleManager: Shutting down and abandoning module EnvironmentQueryEditor (286)
[2022.11.23-04.52.38:412][398]LogModuleManager: Shutting down and abandoning module PropertyAccessNode (284)
[2022.11.23-04.52.38:412][398]LogModuleManager: Shutting down and abandoning module AnimationSharing (282)
[2022.11.23-04.52.38:412][398]LogModuleManager: Shutting down and abandoning module LightPropagationVolumeRuntime (280)
[2022.11.23-04.52.38:413][398]LogModuleManager: Shutting down and abandoning module GameplayCameras (278)
[2022.11.23-04.52.38:413][398]LogModuleManager: Shutting down and abandoning module Paper2D (276)
[2022.11.23-04.52.38:413][398]LogModuleManager: Shutting down and abandoning module WindowsMoviePlayer (274)
[2022.11.23-04.52.38:413][398]LogModuleManager: Shutting down and abandoning module WebMMoviePlayer (272)
[2022.11.23-04.52.38:413][398]LogModuleManager: Shutting down and abandoning module NetworkReplayStreaming (270)
[2022.11.23-04.52.38:413][398]LogModuleManager: Shutting down and abandoning module PacketHandler (268)
[2022.11.23-04.52.38:413][398]LogModuleManager: Shutting down and abandoning module ClothingSystemEditor (266)
[2022.11.23-04.52.38:413][398]LogModuleManager: Shutting down and abandoning module ClothingSystemRuntimeNv (264)
[2022.11.23-04.52.38:413][398]LogModuleManager: Shutting down and abandoning module MediaAssets (262)
[2022.11.23-04.52.38:413][398]LogModuleManager: Shutting down and abandoning module Overlay (260)
[2022.11.23-04.52.38:413][398]LogModuleManager: Shutting down and abandoning module OverlayEditor (259)
[2022.11.23-04.52.38:413][398]LogModuleManager: Shutting down and abandoning module VREditor (256)
[2022.11.23-04.52.38:413][398]LogModuleManager: Shutting down and abandoning module StringTableEditor (254)
[2022.11.23-04.52.38:413][398]LogModuleManager: Shutting down and abandoning module GameplayTasksEditor (252)
[2022.11.23-04.52.38:414][398]LogModuleManager: Shutting down and abandoning module BehaviorTreeEditor (250)
[2022.11.23-04.52.38:414][398]LogModuleManager: Shutting down and abandoning module FunctionalTesting (248)
[2022.11.23-04.52.38:414][398]LogModuleManager: Shutting down and abandoning module CollisionAnalyzer (246)
[2022.11.23-04.52.38:414][398]LogModuleManager: Shutting down and abandoning module WorkspaceMenuStructure (245)
[2022.11.23-04.52.38:414][398]LogModuleManager: Shutting down and abandoning module UMG (242)
[2022.11.23-04.52.38:414][398]LogModuleManager: Shutting down and abandoning module UMGEditor (241)
[2022.11.23-04.52.38:414][398]LogModuleManager: Shutting down and abandoning module Sequencer (240)
[2022.11.23-04.52.38:414][398]LogModuleManager: Shutting down and abandoning module MessageLog (237)
[2022.11.23-04.52.38:414][398]LogModuleManager: Shutting down and abandoning module SlateReflector (232)
[2022.11.23-04.52.38:414][398]LogModuleManager: Shutting down and abandoning module Slate (230)
[2022.11.23-04.52.38:414][398]LogModuleManager: Shutting down and abandoning module SlateCore (228)
[2022.11.23-04.52.38:415][398]LogModuleManager: Shutting down and abandoning module LandscapeEditorUtilities (226)
[2022.11.23-04.52.38:415][398]LogModuleManager: Shutting down and abandoning module UnrealEd (224)
[2022.11.23-04.52.38:415][398]LogModuleManager: Shutting down and abandoning module MRMesh (222)
[2022.11.23-04.52.38:415][398]LogModuleManager: Shutting down and abandoning module Messaging (220)
[2022.11.23-04.52.38:415][398]LogModuleManager: Shutting down and abandoning module SourceCodeAccess (218)
[2022.11.23-04.52.38:415][398]LogModuleManager: Shutting down and abandoning module HeadMountedDisplay (216)
[2022.11.23-04.52.38:415][398]LogModuleManager: Shutting down and abandoning module XAudio2 (214)
[2022.11.23-04.52.38:415][398]LogModuleManager: Shutting down and abandoning module Networking (212)
[2022.11.23-04.52.38:415][398]LogModuleManager: Shutting down and abandoning module Core (210)
[2022.11.23-04.52.38:415][398]LogModuleManager: Shutting down and abandoning module MaterialEditor (208)
[2022.11.23-04.52.38:415][398]LogModuleManager: Shutting down and abandoning module MovieSceneTools (206)
[2022.11.23-04.52.38:415][398]LogModuleManager: Shutting down and abandoning module EditorStyle (205)
[2022.11.23-04.52.38:416][398]LogModuleManager: Shutting down and abandoning module KismetCompiler (202)
[2022.11.23-04.52.38:416][398]LogModuleManager: Shutting down and abandoning module MeshBuilder (200)
[2022.11.23-04.52.38:416][398]LogModuleManager: Shutting down and abandoning module MeshUtilities (198)
[2022.11.23-04.52.38:416][398]LogModuleManager: Shutting down and abandoning module MeshMergeUtilities (197)
[2022.11.23-04.52.38:416][398]LogModuleManager: Shutting down and abandoning module MeshReductionInterface (196)
[2022.11.23-04.52.38:417][398]LogModuleManager: Shutting down and abandoning module MeshBoneReduction (195)
[2022.11.23-04.52.38:417][398]LogModuleManager: Shutting down and abandoning module SkeletalMeshReduction (193)
[2022.11.23-04.52.38:417][398]LogModuleManager: Shutting down and abandoning module ProxyLODMeshReduction (191)
[2022.11.23-04.52.38:417][398]LogModuleManager: Shutting down and abandoning module QuadricMeshReduction (189)
[2022.11.23-04.52.38:417][398]LogModuleManager: Shutting down and abandoning module MaterialBaking (185)
[2022.11.23-04.52.38:417][398]LogModuleManager: Shutting down and abandoning module NullInstallBundleManager (180)
[2022.11.23-04.52.38:417][398]LogModuleManager: Shutting down and abandoning module PIEPreviewDeviceProfileSelector (178)
[2022.11.23-04.52.38:417][398]LogModuleManager: Shutting down and abandoning module DerivedDataCache (176)
[2022.11.23-04.52.38:417][398]LogModuleManager: Shutting down and abandoning module TargetPlatform (174)
[2022.11.23-04.52.38:417][398]LogModuleManager: Shutting down and abandoning module VulkanShaderFormat (173)
[2022.11.23-04.52.38:417][398]LogModuleManager: Shutting down and abandoning module ShaderFormatVectorVM (171)
[2022.11.23-04.52.38:417][398]LogModuleManager: Shutting down and abandoning module ShaderFormatOpenGL (169)
[2022.11.23-04.52.38:417][398]LogModuleManager: Shutting down and abandoning module ShaderFormatD3D (167)
[2022.11.23-04.52.38:417][398]LogModuleManager: Shutting down and abandoning module MetalShaderFormat (165)
[2022.11.23-04.52.38:417][398]LogModuleManager: Shutting down and abandoning module TextureFormatOodle (163)
[2022.11.23-04.52.38:417][398]LogModuleManager: Shutting down and abandoning module TextureFormatUncompressed (161)
[2022.11.23-04.52.38:417][398]LogModuleManager: Shutting down and abandoning module TextureFormatPVR (159)
[2022.11.23-04.52.38:417][398]LogModuleManager: Shutting down and abandoning module TextureFormatETC2 (157)
[2022.11.23-04.52.38:417][398]LogModuleManager: Shutting down and abandoning module TextureFormatDXT (155)
[2022.11.23-04.52.38:417][398]LogModuleManager: Shutting down and abandoning module TextureFormatIntelISPCTexComp (153)
[2022.11.23-04.52.38:417][398]LogModuleManager: Shutting down and abandoning module TextureFormatASTC (151)
[2022.11.23-04.52.38:417][398]LogModuleManager: Shutting down and abandoning module ImageWrapper (150)
[2022.11.23-04.52.38:417][398]LogModuleManager: Shutting down and abandoning module AudioFormatOpus (147)
[2022.11.23-04.52.38:417][398]LogModuleManager: Shutting down and abandoning module AudioFormatOgg (145)
[2022.11.23-04.52.38:417][398]LogModuleManager: Shutting down and abandoning module AudioFormatADPCM (143)
[2022.11.23-04.52.38:417][398]LogModuleManager: Shutting down and abandoning module WindowsServerTargetPlatform (141)
[2022.11.23-04.52.38:417][398]LogModuleManager: Shutting down and abandoning module WindowsClientTargetPlatform (139)
[2022.11.23-04.52.38:417][398]LogModuleManager: Shutting down and abandoning module WindowsTargetPlatform (137)
[2022.11.23-04.52.38:417][398]LogModuleManager: Shutting down and abandoning module WindowsNoEditorTargetPlatform (135)
[2022.11.23-04.52.38:417][398]LogModuleManager: Shutting down and abandoning module D3D11RHI (132)
[2022.11.23-04.52.38:417][398]LogModuleManager: Shutting down and abandoning module InputCore (130)
[2022.11.23-04.52.38:417][398]LogModuleManager: Shutting down and abandoning module Settings (128)
[2022.11.23-04.52.38:417][398]LogModuleManager: Shutting down and abandoning module PhysXCooking (126)
[2022.11.23-04.52.38:417][398]LogModuleManager: Shutting down and abandoning module Chaos (124)
[2022.11.23-04.52.38:417][398]LogModuleManager: Shutting down and abandoning module WindowsPlatformFeatures (122)
[2022.11.23-04.52.38:417][398]LogModuleManager: Shutting down and abandoning module GameplayMediaEncoder (121)
[2022.11.23-04.52.38:417][398]LogModuleManager: Shutting down and abandoning module AVEncoder (120)
[2022.11.23-04.52.38:417][398]LogModuleManager: Shutting down and abandoning module SteamVRInputDevice (116)
[2022.11.23-04.52.38:417][398]LogModuleManager: Shutting down and abandoning module SteamVRInput (114)
[2022.11.23-04.52.38:417][398]LogModuleManager: Shutting down and abandoning module SteamVR (112)
[2022.11.23-04.52.38:417][398]LogHMD: Freeing OpenVRDLLHandle.
[2022.11.23-04.52.38:417][398]LogModuleManager: Shutting down and abandoning module OculusHMD (110)
[2022.11.23-04.52.38:417][398]LogModuleManager: Shutting down and abandoning module ChaosCloth (108)
[2022.11.23-04.52.38:417][398]LogModuleManager: Shutting down and abandoning module OpenXRHandTracking (106)
[2022.11.23-04.52.38:418][398]LogSlate: Slate User Destroyed.  User Index 0, Is Virtual User: 0
[2022.11.23-04.52.38:418][398]LogModuleManager: Shutting down and abandoning module OpenXREyeTracker (104)
[2022.11.23-04.52.38:418][398]LogModuleManager: Shutting down and abandoning module OpenXRAR (102)
[2022.11.23-04.52.38:418][398]LogModuleManager: Shutting down and abandoning module AugmentedReality (101)
[2022.11.23-04.52.38:418][398]LogModuleManager: Shutting down and abandoning module OpenXRHMD (98)
[2022.11.23-04.52.38:418][398]LogModuleManager: Shutting down and abandoning module ExampleDeviceProfileSelector (96)
[2022.11.23-04.52.38:418][398]LogModuleManager: Shutting down and abandoning module ChunkDownloader (94)
[2022.11.23-04.52.38:418][398]LogModuleManager: Shutting down and abandoning module OnlineSubsystem (92)
[2022.11.23-04.52.38:419][398]LogModuleManager: Shutting down and abandoning module XMPP (87)
[2022.11.23-04.52.38:419][398]LogModuleManager: Shutting down and abandoning module WebSockets (86)
[2022.11.23-04.52.38:447][398]LogModuleManager: Shutting down and abandoning module HTTP (83)
[2022.11.23-04.52.38:447][398]LogHttp: Display: cleaning up 0 outstanding Http requests.
[2022.11.23-04.52.38:452][398]LogModuleManager: Shutting down and abandoning module SSL (82)
[2022.11.23-04.52.38:453][398]LogModuleManager: Shutting down and abandoning module LauncherChunkInstaller (78)
[2022.11.23-04.52.38:453][398]LogModuleManager: Shutting down and abandoning module OnlineBlueprintSupport (76)
[2022.11.23-04.52.38:453][398]LogModuleManager: Shutting down and abandoning module WmfMedia (72)
[2022.11.23-04.52.38:455][398]LogModuleManager: Shutting down and abandoning module Media (71)
[2022.11.23-04.52.38:456][398]LogModuleManager: Shutting down and abandoning module MediaInfo (70)
[2022.11.23-04.52.38:456][398]LogModuleManager: Shutting down and abandoning module MLSDK (66)
[2022.11.23-04.52.38:456][398]LogModuleManager: Shutting down and abandoning module ExrReaderGpu (64)
[2022.11.23-04.52.38:456][398]LogModuleManager: Shutting down and abandoning module MagicLeap (62)
[2022.11.23-04.52.38:456][398]LogModuleManager: Shutting down and abandoning module VariantManagerContent (60)
[2022.11.23-04.52.38:456][398]LogModuleManager: Shutting down and abandoning module NiagaraVertexFactories (58)
[2022.11.23-04.52.38:456][398]LogModuleManager: Shutting down and abandoning module NiagaraShader (56)
[2022.11.23-04.52.38:456][398]LogModuleManager: Shutting down and abandoning module DatasmithContent (54)
[2022.11.23-04.52.38:456][398]LogModuleManager: Shutting down and abandoning module PixWinPlugin (52)
[2022.11.23-04.52.38:456][398]LogModuleManager: Shutting down and abandoning module AISupportModule (50)
[2022.11.23-04.52.38:456][398]LogModuleManager: Shutting down and abandoning module DesktopPlatform (48)
[2022.11.23-04.52.38:456][398]LogModuleManager: Shutting down and abandoning module PythonScriptPluginPreload (46)
[2022.11.23-04.52.38:457][398]LogModuleManager: Shutting down and abandoning module PlatformCryptoOpenSSL (44)
[2022.11.23-04.52.38:457][398]LogModuleManager: Shutting down and abandoning module PlatformCryptoTypes (42)
[2022.11.23-04.52.38:457][398]LogModuleManager: Shutting down and abandoning module PlatformCrypto (40)
[2022.11.23-04.52.38:457][398]LogModuleManager: Shutting down and abandoning module OodleDataCompressionFormat (38)
[2022.11.23-04.52.38:457][398]LogModuleManager: Shutting down and abandoning module XGEController (36)
[2022.11.23-04.52.38:457][398]LogModuleManager: Shutting down and abandoning module AnimationModifiers (34)
[2022.11.23-04.52.38:457][398]LogModuleManager: Shutting down and abandoning module AudioEditor (32)
[2022.11.23-04.52.38:457][398]LogModuleManager: Shutting down and abandoning module PropertyEditor (31)
[2022.11.23-04.52.38:457][398]LogModuleManager: Shutting down and abandoning module TextureCompressor (28)
[2022.11.23-04.52.38:457][398]LogModuleManager: Shutting down and abandoning module RenderCore (26)
[2022.11.23-04.52.38:457][398]LogModuleManager: Shutting down and abandoning module Landscape (24)
[2022.11.23-04.52.38:457][398]LogModuleManager: Shutting down and abandoning module SlateRHIRenderer (22)
[2022.11.23-04.52.38:457][398]LogModuleManager: Shutting down and abandoning module AnimGraphRuntime (20)
[2022.11.23-04.52.38:457][398]LogModuleManager: Shutting down and abandoning module Renderer (18)
[2022.11.23-04.52.38:457][398]LogModuleManager: Shutting down and abandoning module Engine (16)
[2022.11.23-04.52.38:457][398]LogModuleManager: Shutting down and abandoning module CoreUObject (14)
[2022.11.23-04.52.38:457][398]LogModuleManager: Shutting down and abandoning module NetworkFile (12)
[2022.11.23-04.52.38:457][398]LogModuleManager: Shutting down and abandoning module CookedIterativeFile (10)
[2022.11.23-04.52.38:457][398]LogModuleManager: Shutting down and abandoning module StreamingFile (8)
[2022.11.23-04.52.38:457][398]LogModuleManager: Shutting down and abandoning module SandboxFile (6)
[2022.11.23-04.52.38:457][398]LogModuleManager: Shutting down and abandoning module PakFile (4)
[2022.11.23-04.52.38:457][398]LogModuleManager: Shutting down and abandoning module RSA (3)
[2022.11.23-04.52.38:760][398]LogContentStreaming: Display: There are 1 unreleased StreamingManagers
[2022.11.23-04.52.38:772][398]LogD3D11RHI: Shutdown
[2022.11.23-04.52.38:772][398]LogD3D11RHI: CleanupD3DDevice
[2022.11.23-04.52.38:774][398]LogExit: Exiting.
[2022.11.23-04.52.38:783][398]Log file closed, 11/22/22 23:52:38
