Log file open, 11/23/22 00:49:23
LogWindows: Failed to load 'aqProf.dll' (GetLastError=126)
LogWindows: File 'aqProf.dll' does not exist
LogWindows: Failed to load 'VtuneApi.dll' (GetLastError=126)
LogWindows: File 'VtuneApi.dll' does not exist
LogWindows: Failed to load 'VtuneApi32e.dll' (GetLastError=126)
LogWindows: File 'VtuneApi32e.dll' does not exist
LogConsoleResponse: Display: Failed to find resolution value strings in scalability ini. Falling back to default.
LogConsoleResponse: Display: Failed to find resolution value strings in scalability ini. Falling back to default.
LogInit: Display: Running engine for game: SideScroller_V422_Fall2019
LogPlatformFile: Not using cached read wrapper
LogTaskGraph: Started task graph with 5 named threads and 47 total threads with 3 sets of task threads.
LogStats: Stats thread started at 0.234173
LogICUInternationalization: ICU TimeZone Detection - Raw Offset: -5:00, Platform Override: ''
LogInit: Display: Loading text-based GConfig....
LogPluginManager: Mounting plugin MeshPainting
LogPluginManager: Mounting plugin XGEController
LogPluginManager: Mounting plugin AISupport
LogPluginManager: Mounting plugin Paper2D
LogPluginManager: Mounting plugin EnvironmentQueryEditor
LogPluginManager: Mounting plugin CameraShakePreviewer
LogPluginManager: Mounting plugin LightPropagationVolume
LogPluginManager: Mounting plugin GameplayCameras
LogPluginManager: Mounting plugin AnimationSharing
LogPluginManager: Mounting plugin CLionSourceCodeAccess
LogPluginManager: Mounting plugin CodeLiteSourceCodeAccess
LogPluginManager: Mounting plugin PixWinPlugin
LogPluginManager: Mounting plugin PerforceSourceControl
LogPluginManager: Mounting plugin GitSourceControl
LogPluginManager: Mounting plugin KDevelopSourceCodeAccess
LogPluginManager: Mounting plugin PlasticSourceControl
LogPluginManager: Mounting plugin PropertyAccessNode
LogPluginManager: Mounting plugin RiderSourceCodeAccess
LogPluginManager: Mounting plugin SubversionSourceControl
LogPluginManager: Mounting plugin VisualStudioCodeSourceCodeAccess
LogPluginManager: Mounting plugin OodleNetwork
LogPluginManager: Mounting plugin AssetManagerEditor
LogPluginManager: Mounting plugin NullSourceCodeAccess
LogPluginManager: Mounting plugin UObjectPlugin
LogPluginManager: Mounting plugin TextureFormatOodle
LogPluginManager: Mounting plugin DatasmithContent
LogPluginManager: Mounting plugin OodleData
LogPluginManager: Mounting plugin PluginUtils
LogPluginManager: Mounting plugin VisualStudioSourceCodeAccess
LogPluginManager: Mounting plugin XCodeSourceCodeAccess
LogPluginManager: Mounting plugin VariantManagerContent
LogPluginManager: Mounting plugin AlembicImporter
LogPluginManager: Mounting plugin AutomationUtils
LogPluginManager: Mounting plugin BackChannel
LogPluginManager: Mounting plugin ChaosCloth
LogPluginManager: Mounting plugin Niagara
LogPluginManager: Mounting plugin ChaosClothEditor
LogPluginManager: Mounting plugin ChaosEditor
LogPluginManager: Mounting plugin ChaosNiagara
LogPluginManager: Mounting plugin ChaosSolverPlugin
LogPluginManager: Mounting plugin CharacterAI
LogPluginManager: Mounting plugin GeometryCache
LogPluginManager: Mounting plugin GeometryCollectionPlugin
LogPluginManager: Mounting plugin ActorSequence
LogPluginManager: Mounting plugin LuminPlatformFeatures
LogPluginManager: Mounting plugin LevelSequenceEditor
LogPluginManager: Mounting plugin MatineeToLevelSequence
LogPluginManager: Mounting plugin CryptoKeys
LogPluginManager: Mounting plugin CurveEditorTools
LogPluginManager: Mounting plugin MagicLeap
LogPluginManager: Mounting plugin AndroidMedia
LogPluginManager: Mounting plugin AvfMedia
LogPluginManager: Mounting plugin MagicLeapLightEstimation
LogPluginManager: Mounting plugin DataValidation
LogPluginManager: Mounting plugin GeometryProcessing
LogPluginManager: Mounting plugin LauncherChunkInstaller
LogPluginManager: Mounting plugin FacialAnimation
LogPluginManager: Mounting plugin TemplateSequence
LogPluginManager: Mounting plugin TcpMessaging
LogPluginManager: Mounting plugin UdpMessaging
LogPluginManager: Mounting plugin GameplayTagsEditor
LogPluginManager: Mounting plugin GeometryMode
LogPluginManager: Mounting plugin MacGraphicsSwitching
LogPluginManager: Mounting plugin MaterialAnalyzer
LogPluginManager: Mounting plugin MagicLeapMedia
LogPluginManager: Mounting plugin ImgMedia
LogPluginManager: Mounting plugin PluginBrowser
LogPluginManager: Mounting plugin MobileLauncherProfileWizard
LogPluginManager: Mounting plugin MediaCompositing
LogPluginManager: Mounting plugin MotoSynth
LogPluginManager: Mounting plugin OpenImageDenoise
LogPluginManager: Mounting plugin SpeedTreeImporter
LogPluginManager: Mounting plugin MediaPlayerEditor
LogPluginManager: Mounting plugin PlanarCut
LogPluginManager: Mounting plugin PlatformCrypto
LogPluginManager: Mounting plugin MagicLeapPassableWorld
LogPluginManager: Mounting plugin WmfMedia
LogPluginManager: Mounting plugin WebMMedia
LogPluginManager: Mounting plugin PythonScriptPlugin
LogPluginManager: Mounting plugin ProxyLODPlugin
LogPluginManager: Mounting plugin ActorLayerUtilities
LogPluginManager: Mounting plugin MLSDK
LogPluginManager: Mounting plugin AndroidPermission
LogPluginManager: Mounting plugin AndroidMoviePlayer
LogPluginManager: Mounting plugin ApexDestruction
LogPluginManager: Mounting plugin AppleMoviePlayer
LogPluginManager: Mounting plugin AppleImageUtils
LogPluginManager: Mounting plugin ArchVisCharacter
LogPluginManager: Mounting plugin AssetTags
LogPluginManager: Mounting plugin AudioSynesthesia
LogPluginManager: Mounting plugin AudioCapture
LogPluginManager: Mounting plugin CustomMeshComponent
LogPluginManager: Mounting plugin ChunkDownloader
LogPluginManager: Mounting plugin CableComponent
LogPluginManager: Mounting plugin AndroidDeviceProfileSelector
LogPluginManager: Mounting plugin EditableMesh
LogPluginManager: Mounting plugin ExampleDeviceProfileSelector
LogPluginManager: Mounting plugin GoogleCloudMessaging
LogPluginManager: Mounting plugin GooglePAD
LogPluginManager: Mounting plugin ScreenshotTools
LogPluginManager: Mounting plugin SkeletalReduction
LogPluginManager: Mounting plugin OnlineSubsystem
LogPluginManager: Mounting plugin OnlineSubsystemNull
LogPluginManager: Mounting plugin OnlineSubsystemUtils
LogPluginManager: Mounting plugin Takes
LogPluginManager: Mounting plugin LinuxDeviceProfileSelector
LogPluginManager: Mounting plugin LocationServicesBPLibrary
LogPluginManager: Mounting plugin IOSDeviceProfileSelector
LogPluginManager: Mounting plugin MobilePatchingUtils
LogPluginManager: Mounting plugin OpenXR
LogPluginManager: Mounting plugin OpenXREyeTracker
LogPluginManager: Mounting plugin OpenXRHandTracking
LogPluginManager: Mounting plugin PhysXVehicles
LogPluginManager: Mounting plugin PostSplashScreen
LogPluginManager: Mounting plugin PropertyAccessEditor
LogPluginManager: Mounting plugin ProceduralMeshComponent
LogPluginManager: Mounting plugin RuntimePhysXCooking
LogPluginManager: Mounting plugin SoundFields
LogPluginManager: Mounting plugin SignificanceManager
LogPluginManager: Mounting plugin Synthesis
LogPluginManager: Mounting plugin WebMMoviePlayer
LogPluginManager: Mounting plugin WindowsMoviePlayer
LogPluginManager: Mounting plugin LiveLink
LogPluginManager: Mounting plugin ContentBrowserAssetDataSource
LogPluginManager: Mounting plugin ContentBrowserClassDataSource
LogPluginManager: Mounting plugin ContentBrowserFileDataSource
LogPluginManager: Mounting plugin OnlineSubsystemGooglePlay
LogPluginManager: Mounting plugin OnlineSubsystemIOS
LogPluginManager: Mounting plugin OculusVR
LogPluginManager: Mounting plugin SteamVR
PixWinPlugin: PIX capture plugin failed to initialize! Check that the process is launched from PIX.
LogInit: Using libcurl 7.55.1-DEV
LogInit:  - built for x86_64-pc-win32
LogInit:  - supports SSL with OpenSSL/1.1.1
LogInit:  - supports HTTP deflate (compression) using libz 1.2.8
LogInit:  - other features:
LogInit:      CURL_VERSION_SSL
LogInit:      CURL_VERSION_LIBZ
LogInit:      CURL_VERSION_IPV6
LogInit:      CURL_VERSION_ASYNCHDNS
LogInit:      CURL_VERSION_LARGEFILE
LogInit:      CURL_VERSION_IDN
LogInit:  CurlRequestOptions (configurable via config and command line):
LogInit:  - bVerifyPeer = true  - Libcurl will verify peer certificate
LogInit:  - bUseHttpProxy = false  - Libcurl will NOT use HTTP proxy
LogInit:  - bDontReuseConnections = false  - Libcurl will reuse connections
LogInit:  - MaxHostConnections = 16  - Libcurl will limit the number of connections to a host
LogInit:  - LocalHostAddr = Default
LogInit:  - BufferSize = 65536
LogOnline: OSS: Creating online subsystem instance for: NULL
LogInit: WinSock: version 1.1 (2.2), MaxSocks=32767, MaxUdp=65467
LogOnline: OSS: TryLoadSubsystemAndSetDefault: Loaded subsystem for module [NULL]
LogOculusPluginWrapper: OculusPlugin initialized successfully
LogHMD: Failed initializing OVRPlugin 1.59.0
LogInit: Build: ++UE4+Release-4.27-CL-18319896
LogInit: Engine Version: 4.27.2-18319896+++UE4+Release-4.27
LogInit: Compatible Engine Version: 4.27.0-17155196+++UE4+Release-4.27
LogInit: Net CL: 17155196
LogInit: OS: Windows 10 (Release 2009) (), CPU: AMD Ryzen 7 3700X 8-Core Processor             , GPU: NVIDIA GeForce GTX 1660 Ti
LogInit: Compiled (64-bit): Nov 30 2021 07:12:08
LogInit: Compiled with Visual C++: 19.24.28315.00
LogInit: Build Configuration: Development
LogInit: Branch Name: ++UE4+Release-4.27
LogInit: Command Line:  /Game/StarterContent/Maps/My_level -game -PIEVIACONSOLE -Multiprocess GameUserSettingsINI=C:/Users/Jarod/OneDrive/Desktop/Level-Design/Saved/Config/Windows/PIEGameUserSettings0.ini -MultiprocessSaveConfig -forcepassthrough -messaging -SessionName="Play in Standalone Game" -windowed -WinX=315 -WinY=167 SAVEWINPOS=1 -ResX=1280 -ResY=720
LogInit: Base Directory: E:/Program Files(x86)/Epic Games/UE_4.27/Engine/Binaries/Win64/
LogInit: Allocator: TBB
LogInit: Installed Engine Build: 1
LogDevObjectVersion: Number of dev versions registered: 29
LogDevObjectVersion:   Dev-Blueprints (B0D832E4-1F89-4F0D-ACCF-7EB736FD4AA2): 10
LogDevObjectVersion:   Dev-Build (E1C64328-A22C-4D53-A36C-8E866417BD8C): 0
LogDevObjectVersion:   Dev-Core (375EC13C-06E4-48FB-B500-84F0262A717E): 4
LogDevObjectVersion:   Dev-Editor (E4B068ED-F494-42E9-A231-DA0B2E46BB41): 40
LogDevObjectVersion:   Dev-Framework (CFFC743F-43B0-4480-9391-14DF171D2073): 37
LogDevObjectVersion:   Dev-Mobile (B02B49B5-BB20-44E9-A304-32B752E40360): 3
LogDevObjectVersion:   Dev-Networking (A4E4105C-59A1-49B5-A7C5-40C4547EDFEE): 0
LogDevObjectVersion:   Dev-Online (39C831C9-5AE6-47DC-9A44-9C173E1C8E7C): 0
LogDevObjectVersion:   Dev-Physics (78F01B33-EBEA-4F98-B9B4-84EACCB95AA2): 14
LogDevObjectVersion:   Dev-Platform (6631380F-2D4D-43E0-8009-CF276956A95A): 0
LogDevObjectVersion:   Dev-Rendering (12F88B9F-8875-4AFC-A67C-D90C383ABD29): 45
LogDevObjectVersion:   Dev-Sequencer (7B5AE74C-D270-4C10-A958-57980B212A5A): 13
LogDevObjectVersion:   Dev-VR (D7296918-1DD6-4BDD-9DE2-64A83CC13884): 3
LogDevObjectVersion:   Dev-LoadTimes (C2A15278-BFE7-4AFE-6C17-90FF531DF755): 1
LogDevObjectVersion:   Private-Geometry (6EACA3D4-40EC-4CC1-B786-8BED09428FC5): 3
LogDevObjectVersion:   Dev-AnimPhys (29E575DD-E0A3-4627-9D10-D276232CDCEA): 17
LogDevObjectVersion:   Dev-Anim (AF43A65D-7FD3-4947-9873-3E8ED9C1BB05): 15
LogDevObjectVersion:   Dev-ReflectionCapture (6B266CEC-1EC7-4B8F-A30B-E4D90942FC07): 1
LogDevObjectVersion:   Dev-Automation (0DF73D61-A23F-47EA-B727-89E90C41499A): 1
LogDevObjectVersion:   FortniteMain (601D1886-AC64-4F84-AA16-D3DE0DEAC7D6): 47
LogDevObjectVersion:   FortniteRelease (E7086368-6B23-4C58-8439-1B7016265E91): 1
LogDevObjectVersion:   Dev-Enterprise (9DFFBCD6-494F-0158-E221-12823C92A888): 10
LogDevObjectVersion:   Dev-Niagara (F2AED0AC-9AFE-416F-8664-AA7FFA26D6FC): 1
LogDevObjectVersion:   Dev-Destruction (174F1F0B-B4C6-45A5-B13F-2EE8D0FB917D): 10
LogDevObjectVersion:   Dev-Physics-Ext (35F94A83-E258-406C-A318-09F59610247C): 41
LogDevObjectVersion:   Dev-PhysicsMaterial-Chaos (B68FC16E-8B1B-42E2-B453-215C058844FE): 1
LogDevObjectVersion:   Dev-CineCamera (B2E18506-4273-CFC2-A54E-F4BB758BBA07): 1
LogDevObjectVersion:   Dev-VirtualProduction (64F58936-FD1B-42BA-BA96-7289D5D0FA4E): 1
LogDevObjectVersion:   Dev-MediaFramework (6F0ED827-A609-4895-9C91-998D90180EA4): 2
LogInit: Presizing for max 25165824 objects, including 0 objects not considered by GC, pre-allocating 0 bytes for permanent pool.
LogConfig: Applying CVar settings from Section [/Script/Engine.StreamingSettings] File [C:/Users/Jarod/OneDrive/Desktop/Level-Design/Saved/Config/Windows/Engine.ini]
LogConfig: Setting CVar [[s.MinBulkDataSizeForAsyncLoading:131072]]
LogConfig: Setting CVar [[s.AsyncLoadingThreadEnabled:0]]
LogConfig: Setting CVar [[s.EventDrivenLoaderEnabled:1]]
LogConfig: Setting CVar [[s.WarnIfTimeLimitExceeded:0]]
LogConfig: Setting CVar [[s.TimeLimitExceededMultiplier:1.5]]
LogConfig: Setting CVar [[s.TimeLimitExceededMinTime:0.005]]
LogConfig: Setting CVar [[s.UseBackgroundLevelStreaming:1]]
LogConfig: Setting CVar [[s.PriorityAsyncLoadingExtraTime:15.0]]
LogConfig: Setting CVar [[s.LevelStreamingActorsUpdateTimeLimit:5.0]]
LogConfig: Setting CVar [[s.PriorityLevelStreamingActorsUpdateExtraTime:5.0]]
LogConfig: Setting CVar [[s.LevelStreamingComponentsRegistrationGranularity:10]]
LogConfig: Setting CVar [[s.UnregisterComponentsTimeLimit:1.0]]
LogConfig: Setting CVar [[s.LevelStreamingComponentsUnregistrationGranularity:5]]
LogConfig: Setting CVar [[s.FlushStreamingOnExit:1]]
LogInit: Object subsystem initialized
LogConfig: Setting CVar [[con.DebugEarlyDefault:1]]
LogConfig: Setting CVar [[r.setres:1280x720]]
[2022.11.23-05.49.23:731][  0]LogConfig: Setting CVar [[con.DebugEarlyDefault:1]]
[2022.11.23-05.49.23:731][  0]LogConfig: Setting CVar [[r.setres:1280x720]]
[2022.11.23-05.49.23:731][  0]LogConfig: Applying CVar settings from Section [/Script/Engine.RendererSettings] File [C:/Users/Jarod/OneDrive/Desktop/Level-Design/Saved/Config/Windows/Engine.ini]
[2022.11.23-05.49.23:731][  0]LogConfig: Setting CVar [[r.GPUCrashDebugging:0]]
[2022.11.23-05.49.23:731][  0]LogConfig: Applying CVar settings from Section [/Script/Engine.RendererOverrideSettings] File [C:/Users/Jarod/OneDrive/Desktop/Level-Design/Saved/Config/Windows/Engine.ini]
[2022.11.23-05.49.23:731][  0]LogConfig: Applying CVar settings from Section [/Script/Engine.StreamingSettings] File [C:/Users/Jarod/OneDrive/Desktop/Level-Design/Saved/Config/Windows/Engine.ini]
[2022.11.23-05.49.23:731][  0]LogConfig: Setting CVar [[s.MinBulkDataSizeForAsyncLoading:131072]]
[2022.11.23-05.49.23:731][  0]LogConfig: Setting CVar [[s.AsyncLoadingThreadEnabled:0]]
[2022.11.23-05.49.23:731][  0]LogConfig: Setting CVar [[s.EventDrivenLoaderEnabled:1]]
[2022.11.23-05.49.23:731][  0]LogConfig: Setting CVar [[s.WarnIfTimeLimitExceeded:0]]
[2022.11.23-05.49.23:731][  0]LogConfig: Setting CVar [[s.TimeLimitExceededMultiplier:1.5]]
[2022.11.23-05.49.23:731][  0]LogConfig: Setting CVar [[s.TimeLimitExceededMinTime:0.005]]
[2022.11.23-05.49.23:731][  0]LogConfig: Setting CVar [[s.UseBackgroundLevelStreaming:1]]
[2022.11.23-05.49.23:731][  0]LogConfig: Setting CVar [[s.PriorityAsyncLoadingExtraTime:15.0]]
[2022.11.23-05.49.23:731][  0]LogConfig: Setting CVar [[s.LevelStreamingActorsUpdateTimeLimit:5.0]]
[2022.11.23-05.49.23:731][  0]LogConfig: Setting CVar [[s.PriorityLevelStreamingActorsUpdateExtraTime:5.0]]
[2022.11.23-05.49.23:731][  0]LogConfig: Setting CVar [[s.LevelStreamingComponentsRegistrationGranularity:10]]
[2022.11.23-05.49.23:731][  0]LogConfig: Setting CVar [[s.UnregisterComponentsTimeLimit:1.0]]
[2022.11.23-05.49.23:731][  0]LogConfig: Setting CVar [[s.LevelStreamingComponentsUnregistrationGranularity:5]]
[2022.11.23-05.49.23:731][  0]LogConfig: Setting CVar [[s.FlushStreamingOnExit:1]]
[2022.11.23-05.49.23:731][  0]LogConfig: Applying CVar settings from Section [/Script/Engine.GarbageCollectionSettings] File [C:/Users/Jarod/OneDrive/Desktop/Level-Design/Saved/Config/Windows/Engine.ini]
[2022.11.23-05.49.23:731][  0]LogConfig: Setting CVar [[gc.MaxObjectsNotConsideredByGC:1]]
[2022.11.23-05.49.23:731][  0]LogConfig: Setting CVar [[gc.SizeOfPermanentObjectPool:0]]
[2022.11.23-05.49.23:731][  0]LogConfig: Setting CVar [[gc.FlushStreamingOnGC:0]]
[2022.11.23-05.49.23:731][  0]LogConfig: Setting CVar [[gc.NumRetriesBeforeForcingGC:10]]
[2022.11.23-05.49.23:731][  0]LogConfig: Setting CVar [[gc.AllowParallelGC:1]]
[2022.11.23-05.49.23:731][  0]LogConfig: Setting CVar [[gc.TimeBetweenPurgingPendingKillObjects:61.1]]
[2022.11.23-05.49.23:731][  0]LogConfig: Setting CVar [[gc.MaxObjectsInEditor:25165824]]
[2022.11.23-05.49.23:731][  0]LogConfig: Setting CVar [[gc.IncrementalBeginDestroyEnabled:1]]
[2022.11.23-05.49.23:731][  0]LogConfig: Setting CVar [[gc.CreateGCClusters:1]]
[2022.11.23-05.49.23:731][  0]LogConfig: Setting CVar [[gc.MinGCClusterSize:5]]
[2022.11.23-05.49.23:731][  0]LogConfig: Setting CVar [[gc.ActorClusteringEnabled:0]]
[2022.11.23-05.49.23:731][  0]LogConfig: Setting CVar [[gc.BlueprintClusteringEnabled:0]]
[2022.11.23-05.49.23:731][  0]LogConfig: Setting CVar [[gc.UseDisregardForGCOnDedicatedServers:0]]
[2022.11.23-05.49.23:731][  0]LogConfig: Setting CVar [[gc.MultithreadedDestructionEnabled:1]]
[2022.11.23-05.49.23:731][  0]LogConfig: Applying CVar settings from Section [/Script/Engine.NetworkSettings] File [C:/Users/Jarod/OneDrive/Desktop/Level-Design/Saved/Config/Windows/Engine.ini]
[2022.11.23-05.49.23:731][  0]LogConfig: Applying CVar settings from Section [/Script/UnrealEd.CookerSettings] File [C:/Users/Jarod/OneDrive/Desktop/Level-Design/Saved/Config/Windows/Engine.ini]
[2022.11.23-05.49.23:753][  0]LogConfig: Applying CVar settings from Section [ViewDistanceQuality@3] File [C:/Users/Jarod/OneDrive/Desktop/Level-Design/Saved/Config/Windows/Scalability.ini]
[2022.11.23-05.49.23:753][  0]LogConfig: Setting CVar [[r.SkeletalMeshLODBias:0]]
[2022.11.23-05.49.23:753][  0]LogConfig: Setting CVar [[r.ViewDistanceScale:1.0]]
[2022.11.23-05.49.23:753][  0]LogConfig: Applying CVar settings from Section [AntiAliasingQuality@3] File [C:/Users/Jarod/OneDrive/Desktop/Level-Design/Saved/Config/Windows/Scalability.ini]
[2022.11.23-05.49.23:753][  0]LogConfig: Setting CVar [[r.PostProcessAAQuality:4]]
[2022.11.23-05.49.23:753][  0]LogConfig: Applying CVar settings from Section [ShadowQuality@3] File [C:/Users/Jarod/OneDrive/Desktop/Level-Design/Saved/Config/Windows/Scalability.ini]
[2022.11.23-05.49.23:753][  0]LogConfig: Setting CVar [[r.LightFunctionQuality:1]]
[2022.11.23-05.49.23:753][  0]LogConfig: Setting CVar [[r.ShadowQuality:5]]
[2022.11.23-05.49.23:753][  0]LogConfig: Setting CVar [[r.Shadow.CSM.MaxCascades:10]]
[2022.11.23-05.49.23:753][  0]LogConfig: Setting CVar [[r.Shadow.MaxResolution:2048]]
[2022.11.23-05.49.23:753][  0]LogConfig: Setting CVar [[r.Shadow.MaxCSMResolution:2048]]
[2022.11.23-05.49.23:753][  0]LogConfig: Setting CVar [[r.Shadow.RadiusThreshold:0.01]]
[2022.11.23-05.49.23:753][  0]LogConfig: Setting CVar [[r.Shadow.DistanceScale:1.0]]
[2022.11.23-05.49.23:753][  0]LogConfig: Setting CVar [[r.Shadow.CSM.TransitionScale:1.0]]
[2022.11.23-05.49.23:753][  0]LogConfig: Setting CVar [[r.Shadow.PreShadowResolutionFactor:1.0]]
[2022.11.23-05.49.23:753][  0]LogConfig: Setting CVar [[r.DistanceFieldShadowing:1]]
[2022.11.23-05.49.23:753][  0]LogConfig: Setting CVar [[r.DistanceFieldAO:1]]
[2022.11.23-05.49.23:753][  0]LogConfig: Setting CVar [[r.AOQuality:2]]
[2022.11.23-05.49.23:753][  0]LogConfig: Setting CVar [[r.VolumetricFog:1]]
[2022.11.23-05.49.23:753][  0]LogConfig: Setting CVar [[r.VolumetricFog.GridPixelSize:8]]
[2022.11.23-05.49.23:753][  0]LogConfig: Setting CVar [[r.VolumetricFog.GridSizeZ:128]]
[2022.11.23-05.49.23:753][  0]LogConfig: Setting CVar [[r.VolumetricFog.HistoryMissSupersampleCount:4]]
[2022.11.23-05.49.23:753][  0]LogConfig: Setting CVar [[r.LightMaxDrawDistanceScale:1]]
[2022.11.23-05.49.23:753][  0]LogConfig: Setting CVar [[r.CapsuleShadows:1]]
[2022.11.23-05.49.23:753][  0]LogConfig: Applying CVar settings from Section [PostProcessQuality@3] File [C:/Users/Jarod/OneDrive/Desktop/Level-Design/Saved/Config/Windows/Scalability.ini]
[2022.11.23-05.49.23:753][  0]LogConfig: Setting CVar [[r.MotionBlurQuality:4]]
[2022.11.23-05.49.23:753][  0]LogConfig: Setting CVar [[r.AmbientOcclusionMipLevelFactor:0.4]]
[2022.11.23-05.49.23:753][  0]LogConfig: Setting CVar [[r.AmbientOcclusionMaxQuality:100]]
[2022.11.23-05.49.23:753][  0]LogConfig: Setting CVar [[r.AmbientOcclusionLevels:-1]]
[2022.11.23-05.49.23:753][  0]LogConfig: Setting CVar [[r.AmbientOcclusionRadiusScale:1.0]]
[2022.11.23-05.49.23:753][  0]LogConfig: Setting CVar [[r.DepthOfFieldQuality:2]]
[2022.11.23-05.49.23:753][  0]LogConfig: Setting CVar [[r.RenderTargetPoolMin:400]]
[2022.11.23-05.49.23:753][  0]LogConfig: Setting CVar [[r.LensFlareQuality:2]]
[2022.11.23-05.49.23:753][  0]LogConfig: Setting CVar [[r.SceneColorFringeQuality:1]]
[2022.11.23-05.49.23:753][  0]LogConfig: Setting CVar [[r.EyeAdaptationQuality:2]]
[2022.11.23-05.49.23:753][  0]LogConfig: Setting CVar [[r.BloomQuality:5]]
[2022.11.23-05.49.23:753][  0]LogConfig: Setting CVar [[r.FastBlurThreshold:100]]
[2022.11.23-05.49.23:753][  0]LogConfig: Setting CVar [[r.Upscale.Quality:3]]
[2022.11.23-05.49.23:753][  0]LogConfig: Setting CVar [[r.Tonemapper.GrainQuantization:1]]
[2022.11.23-05.49.23:753][  0]LogConfig: Setting CVar [[r.LightShaftQuality:1]]
[2022.11.23-05.49.23:753][  0]LogConfig: Setting CVar [[r.Filter.SizeScale:1]]
[2022.11.23-05.49.23:753][  0]LogConfig: Setting CVar [[r.Tonemapper.Quality:5]]
[2022.11.23-05.49.23:753][  0]LogConfig: Setting CVar [[r.DOF.Gather.AccumulatorQuality:1        ; higher gathering accumulator quality]]
[2022.11.23-05.49.23:753][  0]LogConfig: Setting CVar [[r.DOF.Gather.PostfilterMethod:1          ; Median3x3 postfilering method]]
[2022.11.23-05.49.23:753][  0]LogConfig: Setting CVar [[r.DOF.Gather.EnableBokehSettings:0       ; no bokeh simulation when gathering]]
[2022.11.23-05.49.23:753][  0]LogConfig: Setting CVar [[r.DOF.Gather.RingCount:4                 ; medium number of samples when gathering]]
[2022.11.23-05.49.23:753][  0]LogConfig: Setting CVar [[r.DOF.Scatter.ForegroundCompositing:1    ; additive foreground scattering]]
[2022.11.23-05.49.23:753][  0]LogConfig: Setting CVar [[r.DOF.Scatter.BackgroundCompositing:2    ; additive background scattering]]
[2022.11.23-05.49.23:753][  0]LogConfig: Setting CVar [[r.DOF.Scatter.EnableBokehSettings:1      ; bokeh simulation when scattering]]
[2022.11.23-05.49.23:753][  0]LogConfig: Setting CVar [[r.DOF.Scatter.MaxSpriteRatio:0.1         ; only a maximum of 10% of scattered bokeh]]
[2022.11.23-05.49.23:753][  0]LogConfig: Setting CVar [[r.DOF.Recombine.Quality:1                ; cheap slight out of focus]]
[2022.11.23-05.49.23:753][  0]LogConfig: Setting CVar [[r.DOF.Recombine.EnableBokehSettings:0    ; no bokeh simulation on slight out of focus]]
[2022.11.23-05.49.23:753][  0]LogConfig: Setting CVar [[r.DOF.TemporalAAQuality:1                ; more stable temporal accumulation]]
[2022.11.23-05.49.23:753][  0]LogConfig: Setting CVar [[r.DOF.Kernel.MaxForegroundRadius:0.025]]
[2022.11.23-05.49.23:753][  0]LogConfig: Setting CVar [[r.DOF.Kernel.MaxBackgroundRadius:0.025]]
[2022.11.23-05.49.23:753][  0]LogConfig: Applying CVar settings from Section [TextureQuality@3] File [C:/Users/Jarod/OneDrive/Desktop/Level-Design/Saved/Config/Windows/Scalability.ini]
[2022.11.23-05.49.23:753][  0]LogConfig: Setting CVar [[r.Streaming.MipBias:0]]
[2022.11.23-05.49.23:753][  0]LogConfig: Setting CVar [[r.Streaming.AmortizeCPUToGPUCopy:0]]
[2022.11.23-05.49.23:753][  0]LogConfig: Setting CVar [[r.Streaming.MaxNumTexturesToStreamPerFrame:0]]
[2022.11.23-05.49.23:753][  0]LogConfig: Setting CVar [[r.Streaming.Boost:1]]
[2022.11.23-05.49.23:753][  0]LogConfig: Setting CVar [[r.MaxAnisotropy:8]]
[2022.11.23-05.49.23:753][  0]LogConfig: Setting CVar [[r.VT.MaxAnisotropy:8]]
[2022.11.23-05.49.23:753][  0]LogConfig: Setting CVar [[r.Streaming.LimitPoolSizeToVRAM:0]]
[2022.11.23-05.49.23:753][  0]LogConfig: Setting CVar [[r.Streaming.PoolSize:1000]]
[2022.11.23-05.49.23:753][  0]LogConfig: Setting CVar [[r.Streaming.MaxEffectiveScreenSize:0]]
[2022.11.23-05.49.23:753][  0]LogConfig: Applying CVar settings from Section [EffectsQuality@3] File [C:/Users/Jarod/OneDrive/Desktop/Level-Design/Saved/Config/Windows/Scalability.ini]
[2022.11.23-05.49.23:753][  0]LogConfig: Setting CVar [[r.TranslucencyLightingVolumeDim:64]]
[2022.11.23-05.49.23:753][  0]LogConfig: Setting CVar [[r.RefractionQuality:2]]
[2022.11.23-05.49.23:754][  0]LogConfig: Setting CVar [[r.SSR.Quality:3]]
[2022.11.23-05.49.23:754][  0]LogConfig: Setting CVar [[r.SSR.HalfResSceneColor:0]]
[2022.11.23-05.49.23:754][  0]LogConfig: Setting CVar [[r.SceneColorFormat:4]]
[2022.11.23-05.49.23:754][  0]LogConfig: Setting CVar [[r.DetailMode:2]]
[2022.11.23-05.49.23:754][  0]LogConfig: Setting CVar [[r.TranslucencyVolumeBlur:1]]
[2022.11.23-05.49.23:754][  0]LogConfig: Setting CVar [[r.MaterialQualityLevel:1 ; High quality]]
[2022.11.23-05.49.23:754][  0]LogConfig: Setting CVar [[r.AnisotropicMaterials:1]]
[2022.11.23-05.49.23:754][  0]LogConfig: Setting CVar [[r.SSS.Scale:1]]
[2022.11.23-05.49.23:754][  0]LogConfig: Setting CVar [[r.SSS.SampleSet:2]]
[2022.11.23-05.49.23:754][  0]LogConfig: Setting CVar [[r.SSS.Quality:1]]
[2022.11.23-05.49.23:754][  0]LogConfig: Setting CVar [[r.SSS.HalfRes:0]]
[2022.11.23-05.49.23:754][  0]LogConfig: Setting CVar [[r.SSGI.Quality:3]]
[2022.11.23-05.49.23:754][  0]LogConfig: Setting CVar [[r.EmitterSpawnRateScale:1.0]]
[2022.11.23-05.49.23:754][  0]LogConfig: Setting CVar [[r.ParticleLightQuality:2]]
[2022.11.23-05.49.23:754][  0]LogConfig: Setting CVar [[r.SkyAtmosphere.AerialPerspectiveLUT.FastApplyOnOpaque:1 ; Always have FastSkyLUT 1 in this case to avoid wrong sky]]
[2022.11.23-05.49.23:754][  0]LogConfig: Setting CVar [[r.SkyAtmosphere.AerialPerspectiveLUT.SampleCountMaxPerSlice:4]]
[2022.11.23-05.49.23:754][  0]LogConfig: Setting CVar [[r.SkyAtmosphere.AerialPerspectiveLUT.DepthResolution:16.0]]
[2022.11.23-05.49.23:754][  0]LogConfig: Setting CVar [[r.SkyAtmosphere.FastSkyLUT:1]]
[2022.11.23-05.49.23:754][  0]LogConfig: Setting CVar [[r.SkyAtmosphere.FastSkyLUT.SampleCountMin:4.0]]
[2022.11.23-05.49.23:754][  0]LogConfig: Setting CVar [[r.SkyAtmosphere.FastSkyLUT.SampleCountMax:128.0]]
[2022.11.23-05.49.23:754][  0]LogConfig: Setting CVar [[r.SkyAtmosphere.SampleCountMin:4.0]]
[2022.11.23-05.49.23:754][  0]LogConfig: Setting CVar [[r.SkyAtmosphere.SampleCountMax:128.0]]
[2022.11.23-05.49.23:754][  0]LogConfig: Setting CVar [[r.SkyAtmosphere.TransmittanceLUT.UseSmallFormat:0]]
[2022.11.23-05.49.23:754][  0]LogConfig: Setting CVar [[r.SkyAtmosphere.TransmittanceLUT.SampleCount:10.0]]
[2022.11.23-05.49.23:754][  0]LogConfig: Setting CVar [[r.SkyAtmosphere.MultiScatteringLUT.SampleCount:15.0]]
[2022.11.23-05.49.23:754][  0]LogConfig: Setting CVar [[r.SkyLight.RealTimeReflectionCapture:1]]
[2022.11.23-05.49.23:754][  0]LogConfig: Applying CVar settings from Section [FoliageQuality@3] File [C:/Users/Jarod/OneDrive/Desktop/Level-Design/Saved/Config/Windows/Scalability.ini]
[2022.11.23-05.49.23:754][  0]LogConfig: Setting CVar [[foliage.DensityScale:1.0]]
[2022.11.23-05.49.23:754][  0]LogConfig: Setting CVar [[grass.DensityScale:1.0]]
[2022.11.23-05.49.23:754][  0]LogConfig: Applying CVar settings from Section [ShadingQuality@3] File [C:/Users/Jarod/OneDrive/Desktop/Level-Design/Saved/Config/Windows/Scalability.ini]
[2022.11.23-05.49.23:754][  0]LogConfig: Setting CVar [[r.HairStrands.SkyLighting.IntegrationType:2]]
[2022.11.23-05.49.23:754][  0]LogConfig: Setting CVar [[r.HairStrands.SkyAO.SampleCount:4]]
[2022.11.23-05.49.23:754][  0]LogConfig: Setting CVar [[r.HairStrands.Visibility.MSAA.SamplePerPixel:4]]
[2022.11.23-05.49.23:754][  0]LogInit: Selected Device Profile: [Windows]
[2022.11.23-05.49.23:754][  0]LogInit: Applying CVar settings loaded from the selected device profile: [Windows]
[2022.11.23-05.49.23:754][  0]LogHAL: Display: Platform has ~ 16 GB [17099546624 / 17179869184 / 16], which maps to Larger [LargestMinGB=32, LargerMinGB=12, DefaultMinGB=8, SmallerMinGB=6, SmallestMinGB=0)
[2022.11.23-05.49.23:754][  0]LogInit: Going up to parent DeviceProfile []
[2022.11.23-05.49.23:754][  0]LogConfig: Applying CVar settings from Section [ViewDistanceQuality@3] File [C:/Users/Jarod/OneDrive/Desktop/Level-Design/Saved/Config/Windows/Scalability.ini]
[2022.11.23-05.49.23:754][  0]LogConfig: Setting CVar [[r.SkeletalMeshLODBias:0]]
[2022.11.23-05.49.23:754][  0]LogConfig: Setting CVar [[r.ViewDistanceScale:1.0]]
[2022.11.23-05.49.23:754][  0]LogConfig: Applying CVar settings from Section [AntiAliasingQuality@3] File [C:/Users/Jarod/OneDrive/Desktop/Level-Design/Saved/Config/Windows/Scalability.ini]
[2022.11.23-05.49.23:754][  0]LogConfig: Setting CVar [[r.PostProcessAAQuality:4]]
[2022.11.23-05.49.23:754][  0]LogConfig: Applying CVar settings from Section [ShadowQuality@3] File [C:/Users/Jarod/OneDrive/Desktop/Level-Design/Saved/Config/Windows/Scalability.ini]
[2022.11.23-05.49.23:754][  0]LogConfig: Setting CVar [[r.LightFunctionQuality:1]]
[2022.11.23-05.49.23:754][  0]LogConfig: Setting CVar [[r.ShadowQuality:5]]
[2022.11.23-05.49.23:754][  0]LogConfig: Setting CVar [[r.Shadow.CSM.MaxCascades:10]]
[2022.11.23-05.49.23:754][  0]LogConfig: Setting CVar [[r.Shadow.MaxResolution:2048]]
[2022.11.23-05.49.23:754][  0]LogConfig: Setting CVar [[r.Shadow.MaxCSMResolution:2048]]
[2022.11.23-05.49.23:754][  0]LogConfig: Setting CVar [[r.Shadow.RadiusThreshold:0.01]]
[2022.11.23-05.49.23:754][  0]LogConfig: Setting CVar [[r.Shadow.DistanceScale:1.0]]
[2022.11.23-05.49.23:754][  0]LogConfig: Setting CVar [[r.Shadow.CSM.TransitionScale:1.0]]
[2022.11.23-05.49.23:754][  0]LogConfig: Setting CVar [[r.Shadow.PreShadowResolutionFactor:1.0]]
[2022.11.23-05.49.23:754][  0]LogConfig: Setting CVar [[r.DistanceFieldShadowing:1]]
[2022.11.23-05.49.23:754][  0]LogConfig: Setting CVar [[r.DistanceFieldAO:1]]
[2022.11.23-05.49.23:754][  0]LogConfig: Setting CVar [[r.AOQuality:2]]
[2022.11.23-05.49.23:754][  0]LogConfig: Setting CVar [[r.VolumetricFog:1]]
[2022.11.23-05.49.23:754][  0]LogConfig: Setting CVar [[r.VolumetricFog.GridPixelSize:8]]
[2022.11.23-05.49.23:754][  0]LogConfig: Setting CVar [[r.VolumetricFog.GridSizeZ:128]]
[2022.11.23-05.49.23:754][  0]LogConfig: Setting CVar [[r.VolumetricFog.HistoryMissSupersampleCount:4]]
[2022.11.23-05.49.23:754][  0]LogConfig: Setting CVar [[r.LightMaxDrawDistanceScale:1]]
[2022.11.23-05.49.23:754][  0]LogConfig: Setting CVar [[r.CapsuleShadows:1]]
[2022.11.23-05.49.23:754][  0]LogConfig: Applying CVar settings from Section [PostProcessQuality@3] File [C:/Users/Jarod/OneDrive/Desktop/Level-Design/Saved/Config/Windows/Scalability.ini]
[2022.11.23-05.49.23:754][  0]LogConfig: Setting CVar [[r.MotionBlurQuality:4]]
[2022.11.23-05.49.23:754][  0]LogConfig: Setting CVar [[r.AmbientOcclusionMipLevelFactor:0.4]]
[2022.11.23-05.49.23:754][  0]LogConfig: Setting CVar [[r.AmbientOcclusionMaxQuality:100]]
[2022.11.23-05.49.23:754][  0]LogConfig: Setting CVar [[r.AmbientOcclusionLevels:-1]]
[2022.11.23-05.49.23:754][  0]LogConfig: Setting CVar [[r.AmbientOcclusionRadiusScale:1.0]]
[2022.11.23-05.49.23:754][  0]LogConfig: Setting CVar [[r.DepthOfFieldQuality:2]]
[2022.11.23-05.49.23:754][  0]LogConfig: Setting CVar [[r.RenderTargetPoolMin:400]]
[2022.11.23-05.49.23:754][  0]LogConfig: Setting CVar [[r.LensFlareQuality:2]]
[2022.11.23-05.49.23:754][  0]LogConfig: Setting CVar [[r.SceneColorFringeQuality:1]]
[2022.11.23-05.49.23:754][  0]LogConfig: Setting CVar [[r.EyeAdaptationQuality:2]]
[2022.11.23-05.49.23:754][  0]LogConfig: Setting CVar [[r.BloomQuality:5]]
[2022.11.23-05.49.23:754][  0]LogConfig: Setting CVar [[r.FastBlurThreshold:100]]
[2022.11.23-05.49.23:754][  0]LogConfig: Setting CVar [[r.Upscale.Quality:3]]
[2022.11.23-05.49.23:754][  0]LogConfig: Setting CVar [[r.Tonemapper.GrainQuantization:1]]
[2022.11.23-05.49.23:754][  0]LogConfig: Setting CVar [[r.LightShaftQuality:1]]
[2022.11.23-05.49.23:754][  0]LogConfig: Setting CVar [[r.Filter.SizeScale:1]]
[2022.11.23-05.49.23:754][  0]LogConfig: Setting CVar [[r.Tonemapper.Quality:5]]
[2022.11.23-05.49.23:754][  0]LogConfig: Setting CVar [[r.DOF.Gather.AccumulatorQuality:1        ; higher gathering accumulator quality]]
[2022.11.23-05.49.23:754][  0]LogConfig: Setting CVar [[r.DOF.Gather.PostfilterMethod:1          ; Median3x3 postfilering method]]
[2022.11.23-05.49.23:754][  0]LogConfig: Setting CVar [[r.DOF.Gather.EnableBokehSettings:0       ; no bokeh simulation when gathering]]
[2022.11.23-05.49.23:754][  0]LogConfig: Setting CVar [[r.DOF.Gather.RingCount:4                 ; medium number of samples when gathering]]
[2022.11.23-05.49.23:754][  0]LogConfig: Setting CVar [[r.DOF.Scatter.ForegroundCompositing:1    ; additive foreground scattering]]
[2022.11.23-05.49.23:754][  0]LogConfig: Setting CVar [[r.DOF.Scatter.BackgroundCompositing:2    ; additive background scattering]]
[2022.11.23-05.49.23:754][  0]LogConfig: Setting CVar [[r.DOF.Scatter.EnableBokehSettings:1      ; bokeh simulation when scattering]]
[2022.11.23-05.49.23:754][  0]LogConfig: Setting CVar [[r.DOF.Scatter.MaxSpriteRatio:0.1         ; only a maximum of 10% of scattered bokeh]]
[2022.11.23-05.49.23:755][  0]LogConfig: Setting CVar [[r.DOF.Recombine.Quality:1                ; cheap slight out of focus]]
[2022.11.23-05.49.23:755][  0]LogConfig: Setting CVar [[r.DOF.Recombine.EnableBokehSettings:0    ; no bokeh simulation on slight out of focus]]
[2022.11.23-05.49.23:755][  0]LogConfig: Setting CVar [[r.DOF.TemporalAAQuality:1                ; more stable temporal accumulation]]
[2022.11.23-05.49.23:755][  0]LogConfig: Setting CVar [[r.DOF.Kernel.MaxForegroundRadius:0.025]]
[2022.11.23-05.49.23:755][  0]LogConfig: Setting CVar [[r.DOF.Kernel.MaxBackgroundRadius:0.025]]
[2022.11.23-05.49.23:755][  0]LogConfig: Applying CVar settings from Section [TextureQuality@3] File [C:/Users/Jarod/OneDrive/Desktop/Level-Design/Saved/Config/Windows/Scalability.ini]
[2022.11.23-05.49.23:755][  0]LogConfig: Setting CVar [[r.Streaming.MipBias:0]]
[2022.11.23-05.49.23:755][  0]LogConfig: Setting CVar [[r.Streaming.AmortizeCPUToGPUCopy:0]]
[2022.11.23-05.49.23:755][  0]LogConfig: Setting CVar [[r.Streaming.MaxNumTexturesToStreamPerFrame:0]]
[2022.11.23-05.49.23:755][  0]LogConfig: Setting CVar [[r.Streaming.Boost:1]]
[2022.11.23-05.49.23:755][  0]LogConfig: Setting CVar [[r.MaxAnisotropy:8]]
[2022.11.23-05.49.23:755][  0]LogConfig: Setting CVar [[r.VT.MaxAnisotropy:8]]
[2022.11.23-05.49.23:755][  0]LogConfig: Setting CVar [[r.Streaming.LimitPoolSizeToVRAM:0]]
[2022.11.23-05.49.23:755][  0]LogConfig: Setting CVar [[r.Streaming.PoolSize:1000]]
[2022.11.23-05.49.23:755][  0]LogConfig: Setting CVar [[r.Streaming.MaxEffectiveScreenSize:0]]
[2022.11.23-05.49.23:755][  0]LogConfig: Applying CVar settings from Section [EffectsQuality@3] File [C:/Users/Jarod/OneDrive/Desktop/Level-Design/Saved/Config/Windows/Scalability.ini]
[2022.11.23-05.49.23:755][  0]LogConfig: Setting CVar [[r.TranslucencyLightingVolumeDim:64]]
[2022.11.23-05.49.23:755][  0]LogConfig: Setting CVar [[r.RefractionQuality:2]]
[2022.11.23-05.49.23:755][  0]LogConfig: Setting CVar [[r.SSR.Quality:3]]
[2022.11.23-05.49.23:755][  0]LogConfig: Setting CVar [[r.SSR.HalfResSceneColor:0]]
[2022.11.23-05.49.23:755][  0]LogConfig: Setting CVar [[r.SceneColorFormat:4]]
[2022.11.23-05.49.23:755][  0]LogConfig: Setting CVar [[r.DetailMode:2]]
[2022.11.23-05.49.23:755][  0]LogConfig: Setting CVar [[r.TranslucencyVolumeBlur:1]]
[2022.11.23-05.49.23:755][  0]LogConfig: Setting CVar [[r.MaterialQualityLevel:1 ; High quality]]
[2022.11.23-05.49.23:755][  0]LogConfig: Setting CVar [[r.AnisotropicMaterials:1]]
[2022.11.23-05.49.23:755][  0]LogConfig: Setting CVar [[r.SSS.Scale:1]]
[2022.11.23-05.49.23:755][  0]LogConfig: Setting CVar [[r.SSS.SampleSet:2]]
[2022.11.23-05.49.23:755][  0]LogConfig: Setting CVar [[r.SSS.Quality:1]]
[2022.11.23-05.49.23:755][  0]LogConfig: Setting CVar [[r.SSS.HalfRes:0]]
[2022.11.23-05.49.23:755][  0]LogConfig: Setting CVar [[r.SSGI.Quality:3]]
[2022.11.23-05.49.23:755][  0]LogConfig: Setting CVar [[r.EmitterSpawnRateScale:1.0]]
[2022.11.23-05.49.23:755][  0]LogConfig: Setting CVar [[r.ParticleLightQuality:2]]
[2022.11.23-05.49.23:755][  0]LogConfig: Setting CVar [[r.SkyAtmosphere.AerialPerspectiveLUT.FastApplyOnOpaque:1 ; Always have FastSkyLUT 1 in this case to avoid wrong sky]]
[2022.11.23-05.49.23:755][  0]LogConfig: Setting CVar [[r.SkyAtmosphere.AerialPerspectiveLUT.SampleCountMaxPerSlice:4]]
[2022.11.23-05.49.23:755][  0]LogConfig: Setting CVar [[r.SkyAtmosphere.AerialPerspectiveLUT.DepthResolution:16.0]]
[2022.11.23-05.49.23:755][  0]LogConfig: Setting CVar [[r.SkyAtmosphere.FastSkyLUT:1]]
[2022.11.23-05.49.23:755][  0]LogConfig: Setting CVar [[r.SkyAtmosphere.FastSkyLUT.SampleCountMin:4.0]]
[2022.11.23-05.49.23:755][  0]LogConfig: Setting CVar [[r.SkyAtmosphere.FastSkyLUT.SampleCountMax:128.0]]
[2022.11.23-05.49.23:755][  0]LogConfig: Setting CVar [[r.SkyAtmosphere.SampleCountMin:4.0]]
[2022.11.23-05.49.23:755][  0]LogConfig: Setting CVar [[r.SkyAtmosphere.SampleCountMax:128.0]]
[2022.11.23-05.49.23:755][  0]LogConfig: Setting CVar [[r.SkyAtmosphere.TransmittanceLUT.UseSmallFormat:0]]
[2022.11.23-05.49.23:755][  0]LogConfig: Setting CVar [[r.SkyAtmosphere.TransmittanceLUT.SampleCount:10.0]]
[2022.11.23-05.49.23:755][  0]LogConfig: Setting CVar [[r.SkyAtmosphere.MultiScatteringLUT.SampleCount:15.0]]
[2022.11.23-05.49.23:755][  0]LogConfig: Setting CVar [[r.SkyLight.RealTimeReflectionCapture:1]]
[2022.11.23-05.49.23:755][  0]LogConfig: Applying CVar settings from Section [FoliageQuality@3] File [C:/Users/Jarod/OneDrive/Desktop/Level-Design/Saved/Config/Windows/Scalability.ini]
[2022.11.23-05.49.23:755][  0]LogConfig: Setting CVar [[foliage.DensityScale:1.0]]
[2022.11.23-05.49.23:755][  0]LogConfig: Setting CVar [[grass.DensityScale:1.0]]
[2022.11.23-05.49.23:755][  0]LogConfig: Applying CVar settings from Section [ShadingQuality@3] File [C:/Users/Jarod/OneDrive/Desktop/Level-Design/Saved/Config/Windows/Scalability.ini]
[2022.11.23-05.49.23:755][  0]LogConfig: Setting CVar [[r.HairStrands.SkyLighting.IntegrationType:2]]
[2022.11.23-05.49.23:755][  0]LogConfig: Setting CVar [[r.HairStrands.SkyAO.SampleCount:4]]
[2022.11.23-05.49.23:755][  0]LogConfig: Setting CVar [[r.HairStrands.Visibility.MSAA.SamplePerPixel:4]]
[2022.11.23-05.49.23:755][  0]LogConfig: Applying CVar settings from Section [Startup] File [../../../Engine/Config/ConsoleVariables.ini]
[2022.11.23-05.49.23:756][  0]LogConfig: Setting CVar [[net.UseAdaptiveNetUpdateFrequency:0]]
[2022.11.23-05.49.23:756][  0]LogConfig: Setting CVar [[p.chaos.AllowCreatePhysxBodies:1]]
[2022.11.23-05.49.23:756][  0]LogConfig: Setting CVar [[fx.SkipVectorVMBackendOptimizations:1]]
[2022.11.23-05.49.23:756][  0]LogConfig: Applying CVar settings from Section [ConsoleVariables] File [C:/Users/Jarod/OneDrive/Desktop/Level-Design/Saved/Config/Windows/Engine.ini]
[2022.11.23-05.49.23:756][  0]LogConfig: Applying CVar settings from Section [ConsoleVariables] File [C:/Users/Jarod/OneDrive/Desktop/Level-Design/Saved/Config/Windows/Editor.ini]
[2022.11.23-05.49.23:756][  0]LogInit: Computer: DESKTOP-H5DVIKR
[2022.11.23-05.49.23:756][  0]LogInit: User: Jarod
[2022.11.23-05.49.23:756][  0]LogInit: CPU Page size=4096, Cores=8
[2022.11.23-05.49.23:756][  0]LogInit: High frequency timer resolution =10.000000 MHz
[2022.11.23-05.49.23:756][  0]LogMemory: Memory total: Physical=15.9GB (16GB approx)
[2022.11.23-05.49.23:756][  0]LogMemory: Platform Memory Stats for Windows
[2022.11.23-05.49.23:756][  0]LogMemory: Process Physical Memory: 148.02 MB used, 148.02 MB peak
[2022.11.23-05.49.23:756][  0]LogMemory: Process Virtual Memory: 123.28 MB used, 123.28 MB peak
[2022.11.23-05.49.23:756][  0]LogMemory: Physical Memory: 9460.99 MB used,  6846.41 MB free, 16307.40 MB total
[2022.11.23-05.49.23:756][  0]LogMemory: Virtual Memory: 134213192.00 MB used,  4537.17 MB free, 134217728.00 MB total
[2022.11.23-05.49.23:761][  0]LogWindows: WindowsPlatformFeatures enabled
[2022.11.23-05.49.23:793][  0]LogInit: Physics initialised using underlying interface: PhysX
[2022.11.23-05.49.23:793][  0]LogInit: Using OS detected language (en-US).
[2022.11.23-05.49.23:793][  0]LogInit: Using OS detected locale (en-US).
[2022.11.23-05.49.23:795][  0]LogTextLocalizationManager: No specific localization for 'en-US' exists, so the 'en' localization will be used.
[2022.11.23-05.49.24:047][  0]LogWindowsTextInputMethodSystem: Display: IME system deactivated.
[2022.11.23-05.49.24:095][  0]LogSlate: New Slate User Created.  User Index 0, Is Virtual User: 0
[2022.11.23-05.49.24:095][  0]LogSlate: Slate User Registered.  User Index 0, Is Virtual User: 0
[2022.11.23-05.49.24:124][  0]LogD3D11RHI: Loaded GFSDK_Aftermath_Lib.x64.dll
[2022.11.23-05.49.24:128][  0]LogHMD: Failed to initialize OpenVR with code 110
[2022.11.23-05.49.24:128][  0]LogD3D11RHI: D3D11 min allowed feature level: 11_0
[2022.11.23-05.49.24:128][  0]LogD3D11RHI: D3D11 max allowed feature level: 11_0
[2022.11.23-05.49.24:128][  0]LogD3D11RHI: D3D11 adapters:
[2022.11.23-05.49.24:233][  0]LogD3D11RHI:    0. 'NVIDIA GeForce GTX 1660 Ti' (Feature Level 11_0)
[2022.11.23-05.49.24:233][  0]LogD3D11RHI:       5991/0/8153 MB DedicatedVideo/DedicatedSystem/SharedSystem, Outputs:2, VendorId:0x10de
[2022.11.23-05.49.24:235][  0]LogD3D11RHI:    1. 'Microsoft Basic Render Driver' (Feature Level 11_0)
[2022.11.23-05.49.24:235][  0]LogD3D11RHI:       0/0/8153 MB DedicatedVideo/DedicatedSystem/SharedSystem, Outputs:0, VendorId:0x1414
[2022.11.23-05.49.24:235][  0]LogD3D11RHI: Chosen D3D11 Adapter:
[2022.11.23-05.49.24:235][  0]LogD3D11RHI:     Description : NVIDIA GeForce GTX 1660 Ti
[2022.11.23-05.49.24:235][  0]LogD3D11RHI:     VendorId    : 10de
[2022.11.23-05.49.24:235][  0]LogD3D11RHI:     DeviceId    : 2182
[2022.11.23-05.49.24:235][  0]LogD3D11RHI:     SubSysId    : 37501462
[2022.11.23-05.49.24:235][  0]LogD3D11RHI:     Revision    : 00a1
[2022.11.23-05.49.24:235][  0]LogD3D11RHI:     DedicatedVideoMemory : 6282018816 bytes
[2022.11.23-05.49.24:235][  0]LogD3D11RHI:     DedicatedSystemMemory : 0 bytes
[2022.11.23-05.49.24:235][  0]LogD3D11RHI:     SharedSystemMemory : 8549773312 bytes
[2022.11.23-05.49.24:235][  0]LogD3D11RHI:     AdapterLuid : 0 59724
[2022.11.23-05.49.24:245][  0]LogD3D11RHI: Creating new Direct3DDevice
[2022.11.23-05.49.24:245][  0]LogD3D11RHI:     GPU DeviceId: 0x2182 (for the marketing name, search the web for "GPU Device Id")
[2022.11.23-05.49.24:245][  0]LogWindows: EnumDisplayDevices:
[2022.11.23-05.49.24:245][  0]LogWindows:    0. 'NVIDIA GeForce GTX 1660 Ti' (P:1 D:1)
[2022.11.23-05.49.24:245][  0]LogWindows:    1. 'NVIDIA GeForce GTX 1660 Ti' (P:0 D:1)
[2022.11.23-05.49.24:246][  0]LogWindows:    2. 'NVIDIA GeForce GTX 1660 Ti' (P:0 D:0)
[2022.11.23-05.49.24:246][  0]LogWindows:    3. 'NVIDIA GeForce GTX 1660 Ti' (P:0 D:0)
[2022.11.23-05.49.24:246][  0]LogWindows: DebugString: FoundDriverCount:4 
[2022.11.23-05.49.24:246][  0]LogD3D11RHI:     Adapter Name: NVIDIA GeForce GTX 1660 Ti
[2022.11.23-05.49.24:246][  0]LogD3D11RHI:   Driver Version: 522.25 (internal:31.0.15.2225, unified:522.25)
[2022.11.23-05.49.24:246][  0]LogD3D11RHI:      Driver Date: 10-6-2022
[2022.11.23-05.49.24:246][  0]LogRHI: Texture pool is 4193 MB (70% of 5991 MB)
[2022.11.23-05.49.24:246][  0]LogD3D11RHI: Creating D3DDevice using adapter:
[2022.11.23-05.49.24:246][  0]LogD3D11RHI:     Description : NVIDIA GeForce GTX 1660 Ti
[2022.11.23-05.49.24:246][  0]LogD3D11RHI:     VendorId    : 10de
[2022.11.23-05.49.24:246][  0]LogD3D11RHI:     DeviceId    : 2182
[2022.11.23-05.49.24:246][  0]LogD3D11RHI:     SubSysId    : 37501462
[2022.11.23-05.49.24:246][  0]LogD3D11RHI:     Revision    : 00a1
[2022.11.23-05.49.24:246][  0]LogD3D11RHI:     DedicatedVideoMemory : 6282018816 bytes
[2022.11.23-05.49.24:246][  0]LogD3D11RHI:     DedicatedSystemMemory : 0 bytes
[2022.11.23-05.49.24:246][  0]LogD3D11RHI:     SharedSystemMemory : 8549773312 bytes
[2022.11.23-05.49.24:246][  0]LogD3D11RHI:     AdapterLuid : 0 59724
[2022.11.23-05.49.24:311][  0]LogD3D11RHI: RHI has support for 64 bit atomics
[2022.11.23-05.49.24:311][  0]LogD3D11RHI: Async texture creation enabled
[2022.11.23-05.49.24:311][  0]LogD3D11RHI: Array index from any shader is supported
[2022.11.23-05.49.24:312][  0]LogD3D11RHI: HDR output is supported on display 0 (NvId: 0x80061086).
[2022.11.23-05.49.24:327][  0]LogD3D11RHI: GPU Timing Frequency: 1000.000000 (Debug: 2 1)
[2022.11.23-05.49.24:348][  0]LogRHI: GeForceNow SDK initialized: 1
[2022.11.23-05.49.24:588][  0]LogTargetPlatformManager: Display: Loaded TargetPlatform 'WindowsNoEditor'
[2022.11.23-05.49.24:591][  0]LogTargetPlatformManager: Display: Loaded TargetPlatform 'Windows'
[2022.11.23-05.49.24:595][  0]LogTargetPlatformManager: Display: Loaded TargetPlatform 'WindowsClient'
[2022.11.23-05.49.24:599][  0]LogTargetPlatformManager: Display: Loaded TargetPlatform 'WindowsServer'
[2022.11.23-05.49.24:599][  0]LogTargetPlatformManager: Display: Building Assets For Windows
[2022.11.23-05.49.24:603][  0]LogAudioDebug: Display: Lib vorbis DLL was dynamically loaded.
[2022.11.23-05.49.24:623][  0]LogTextureFormatOodle: Display: Oodle Texture 2.9.0 init RDO Off
[2022.11.23-05.49.24:645][  0]LogRendererCore: Ray tracing is disabled. Reason: r.RayTracing=0.
[2022.11.23-05.49.24:645][  0]LogShaderCompilers: Guid format shader working directory is 1 characters bigger than the processId version (C:/Users/Jarod/OneDrive/Desktop/Level-Design/Intermediate/Shaders/WorkingDirectory/43424/).
[2022.11.23-05.49.24:646][  0]LogShaderCompilers: Cleaned the shader compiler working directory 'C:/Users/Jarod/AppData/Local/Temp/UnrealShaderWorkingDir/000D89854BFD56F075F52891227CBAFC/'.
[2022.11.23-05.49.24:646][  0]LogXGEController: Cannot use XGE Controller as Incredibuild is not installed on this machine.
[2022.11.23-05.49.24:646][  0]LogShaderCompilers: Cannot use XGE Shader Compiler as Incredibuild is not installed on this machine.
[2022.11.23-05.49.24:646][  0]LogShaderCompilers: Display: Using Local Shader Compiler.
[2022.11.23-05.49.25:258][  0]LogDerivedDataCache: Display: Max Cache Size: 512 MB
[2022.11.23-05.49.25:312][  0]LogDerivedDataCache: Loaded boot cache 0.05s 94MB C:/Users/Jarod/AppData/Local/UnrealEngine/4.27/DerivedDataCache/Boot.ddc.
[2022.11.23-05.49.25:312][  0]LogDerivedDataCache: Display: Loaded Boot cache: C:/Users/Jarod/AppData/Local/UnrealEngine/4.27/DerivedDataCache/Boot.ddc
[2022.11.23-05.49.25:312][  0]LogDerivedDataCache: FDerivedDataBackendGraph:  Pak pak cache file C:/Users/Jarod/OneDrive/Desktop/Level-Design/DerivedDataCache/DDC.ddp not found, will not use a pak cache.
[2022.11.23-05.49.25:312][  0]LogDerivedDataCache: Unable to find inner node Pak for hierarchical cache Hierarchy.
[2022.11.23-05.49.25:312][  0]LogDerivedDataCache: FDerivedDataBackendGraph:  CompressedPak pak cache file C:/Users/Jarod/OneDrive/Desktop/Level-Design/DerivedDataCache/Compressed.ddp not found, will not use a pak cache.
[2022.11.23-05.49.25:312][  0]LogDerivedDataCache: Unable to find inner node CompressedPak for hierarchical cache Hierarchy.
[2022.11.23-05.49.25:329][  0]LogDerivedDataCache: Display: Pak cache opened for reading ../../../Engine/DerivedDataCache/Compressed.ddp.
[2022.11.23-05.49.25:329][  0]LogDerivedDataCache: FDerivedDataBackendGraph:  EnterprisePak pak cache file ../../../Enterprise/DerivedDataCache/Compressed.ddp not found, will not use a pak cache.
[2022.11.23-05.49.25:329][  0]LogDerivedDataCache: Unable to find inner node EnterprisePak for hierarchical cache Hierarchy.
[2022.11.23-05.49.25:337][  0]LogDerivedDataCache: Speed tests for C:/Users/Jarod/AppData/Local/UnrealEngine/Common/DerivedDataCache took 0.01 seconds
[2022.11.23-05.49.25:338][  0]LogDerivedDataCache: Display: Performance to C:/Users/Jarod/AppData/Local/UnrealEngine/Common/DerivedDataCache: Latency=0.03ms. RandomReadSpeed=332.26MBs, RandomWriteSpeed=192.41MBs. Assigned SpeedClass 'Local'
[2022.11.23-05.49.25:338][  0]LogDerivedDataCache: Using Local data cache path C:/Users/Jarod/AppData/Local/UnrealEngine/Common/DerivedDataCache: Writable
[2022.11.23-05.49.25:338][  0]LogDerivedDataCache: Shared data cache path not found in *engine.ini, will not use an Shared cache.
[2022.11.23-05.49.25:338][  0]LogDerivedDataCache: Unable to find inner node Shared for hierarchical cache Hierarchy.
[2022.11.23-05.49.25:371][  0]LogSlate: Using FreeType 2.10.0
[2022.11.23-05.49.25:371][  0]LogSlate: SlateFontServices - WITH_FREETYPE: 1, WITH_HARFBUZZ: 1
[2022.11.23-05.49.25:436][  0]LogInit: Using OS detected language (en-US).
[2022.11.23-05.49.25:436][  0]LogInit: Using OS detected locale (en-US).
[2022.11.23-05.49.25:436][  0]LogTextLocalizationManager: No localization for 'en-US' exists, so 'en' will be used for the language.
[2022.11.23-05.49.25:436][  0]LogTextLocalizationManager: No localization for 'en-US' exists, so 'en' will be used for the locale.
[2022.11.23-05.49.25:436][  0]LogSlate: FontCache flush requested. Reason: Culture for localization was changed
[2022.11.23-05.49.25:436][  0]LogSlate: FontCache flush requested. Reason: Culture for localization was changed
[2022.11.23-05.49.25:439][  0]LogTextLocalizationManager: Compacting localization data took   0.01ms
[2022.11.23-05.49.25:439][  0]LogAssetRegistry: FAssetRegistry took 0.0023 seconds to start up
[2022.11.23-05.49.25:595][  0]LogPackageLocalizationCache: Processed 27 localized package path(s) for 1 prioritized culture(s) in 0.000853 seconds
[2022.11.23-05.49.25:655][  0]LogInit: Selected Device Profile: [Windows]
[2022.11.23-05.49.25:655][  0]LogInit: Active device profile: [000001BB9E3D0B00][000001BB974B1500 49] Windows
[2022.11.23-05.49.25:655][  0]LogInit: Profiles: [000001BB9E3D0B00][000001BB974B1500 49] Windows, [000001BB9E39A100][000001BB985CF640 49] WindowsNoEditor, [000001BB9E3D1900][000001BB985D77C0 49] WindowsServer, [000001BB9E39AE00][000001BB985DB940 49] WindowsClient, [000001BB9E3D3C00][000001BB974BDAC0 49] IOS, [000001BB9E398F00][000001BB974C00C0 49] iPadAir, [000001BB9E3D3E00][000001BB974C4240 49] iPadAir2, [000001BB9E340C00][000001BB974CC500 49] IPadPro, [000001BB9E340D00][000001BB974C8540 49] iPadAir3, [000001BB9E39BB00][000001BB974D06C0 49] iPadAir4, [000001BB9E343600][000001BB974D4840 49] iPadMini2, [000001BB9E39B200][000001BB974D89C0 49] iPadMini3, [000001BB9E343800][000001BB974DCB40 49] iPadMini4, [000001BB9E39B800][000001BB974E0CC0 49] iPadMini5, [000001BB9E364600][000001BB974E8F80 49] iPhone6, [000001BB9E364700][000001BB974E4FC0 49] iPodTouch6, [000001BB9E3D2900][000001BB974F1280 49] iPhone7, [000001BB9E3D2800][000001BB974ED2C0 49] iPodTouch7, [000001BB9E364100][000001BB977BF440 49] iPhone5S, [000001BB9E340700][000001BB985D3580 49] iPhone6Plus, [000001BB9E366500][000001BB977C36C0 49] iPhone6S, [000001BB9E341300][000001BB977C7800 49] iPhone6SPlus, [000001BB9E367B00][000001BB977CB940 49] iPhone7Plus, [000001BB9E343500][000001BB977D3AC0 49] iPhoneSE, [000001BB9E3D2600][000001BB977D60C0 49] iPhone8, [000001BB9E340600][000001BB977DA240 49] iPhone8Plus, [000001BB9E3D2200][000001BB977DE3C0 49] iPhoneX, [000001BB9E343300][000001BB977E2540 49] iPhoneXS, [000001BB9E3D3400][000001BB977E66C0 49] iPhoneXSMax, [000001BB9E342D00][000001BB977EA840 49] iPhoneXR, [000001BB9E3D0200][000001BB977EE9C0 49] iPhone11, [000001BB9E341E00][000001BB977F2B40 49] iPhone11Pro, [000001BB9E3D2A00][000001BB977F6CC0 49] iPhone11ProMax, [000001BB9E343700][000001BB977FAE40 49] iPhoneSE2, [000001BB9E3D0D00][000001BB977FEFC0 49] iPhone12Mini, [000001BB9E341F00][000001BB97803140 49] iPhone12, [000001BB9E3D0700][000001BB978072C0 49] iPhone12Pro, [000001BB9E341400][000001BB97F8F440 49] iPhone12ProMax, [000001BB9E3D0C00][000001BB97F935C0 49] iPadPro105, [000001BB9E341700][000001BB977CF700 49] iPadPro129, [000001BB9E3D0100][000001BB97F97840 49] iPadPro97, [000001BB9E343C00][000001BB97F9B980 49] iPadPro2_129, [000001BB9E3D0800][000001BB97F9FAC0 49] iPad5, [000001BB9E343100][000001BB97FA60C0 49] iPad6, [000001BB9E3D0500][000001BB97FAA240 49] iPad7, [000001BB9E342800][000001BB97FAE3C0 49] iPad8, [000001BB9E3D0600][000001BB97FB2540 49] iPadPro11, [000001BB9E340100][000001BB97FB66C0 49] iPadPro2_11, [000001BB9E3D1C00][000001BB97FBA840 49] iPadPro3_129, [000001BB9E343E00][000001BB97FBE9C0 49] iPadPro4_129, [000001BB9E3D2500][000001BB97FC2B40 49] AppleTV, [000001BB9E342300][000001BB97FC6CC0 49] AppleTV4K, [000001BB9E3D0400][000001BB97FCAE40 49] TVOS, [000001BB9E341C00][000001BB97FCEFC0 49] Mac, [000001BB9E3D3D00][000001BB97FD3140 49] MacClient, [000001BB9E342500][000001BB97FD72C0 49] MacNoEditor, [000001BB9E3D3100][000001BB97FDB440 49] MacServer, [000001BB9E343900][000001BB97FDF5C0 49] Linux, [000001BB9E3D1D00][000001BB97FE3740 49] LinuxAArch64, [000001BB9E342100][000001BB97FE78C0 49] LinuxNoEditor, [000001BB9E3D1B00][000001BB97FA3A00 49] LinuxAArch64NoEditor, [000001BB9E343B00][000001BB97FEBB40 49] LinuxClient, [000001BB9E3D2E00][000001BB97FEE100 49] LinuxAArch64Client, [000001BB9E342200][000001BB97FF6280 49] LinuxServer, [000001BB9E3D2F00][000001BB97FFA400 49] LinuxAArch64Server, [000001BB9E341000][000001BB97FFE580 49] Android, [000001BB9E3D1E00][000001BB98002700 49] Android_Low, [000001BB9E340500][000001BB98006880 49] Android_Mid, [000001BB9E3D2400][000001BB9800AA00 49] Android_High, [000001BB9E343F00][000001BB9800EB80 49] Android_Default, [000001BB9E3D2000][000001BB98012D00 49] Android_Adreno4xx, [000001BB9E39A400][000001BB98016E80 49] Android_Adreno5xx_Low, [000001BB9E367500][000001BB9801B000 49] Android_Adreno5xx, [000001BB9E39BD00][000001BB9801F180 49] Android_Adreno6xx, [000001BB9E366B00][000001BB98023300 49] Android_Adreno6xx_Vulkan, [000001BB9E39BE00][000001BB98027480 49] Android_Mali_T6xx, [000001BB9E364F00][000001BB9802B600 49] Android_Mali_T7xx, [000001BB9E399300][000001BB9802F780 49] Android_Mali_T8xx, [000001BB9E365F00][000001BB98033900 49] Android_Mali_G71, [000001BB9E399C00][000001BB98037A80 49] Android_Mali_G72, [000001BB9E366400][000001BB97FF3BC0 49] Android_Mali_G72_Vulkan, [000001BB9E39B600][000001BB9803A180 49] Android_Mali_G76, [000001BB9E366100][000001BB9803E2C0 49] Android_Mali_G76_Vulkan, [000001BB9E399B00][000001BB98046440 49] Android_Mali_G77, [000001BB9E364A00][000001BB9804A5C0 49] Android_Mali_G77_Vulkan, [000001BB9E39B400][000001BB9804E740 49] Android_Mali_G78, [000001BB9E365300][000001BB980528C0 49] Android_Mali_G78_Vulkan, [000001BB9E39A900][000001BB98056A40 49] Android_Mali_G710, [000001BB9E367D00][000001BB9805ABC0 49] Android_Mali_G710_Vulkan, [000001BB9E399E00][000001BB9805ED40 49] Android_Vulkan_SM5, [000001BB9E364900][000001BB98062EC0 49] Android_PowerVR_G6xxx, [000001BB9E399F00][000001BB98067040 49] Android_PowerVR_GT7xxx, [000001BB9E366700][000001BB9806B1C0 49] Android_PowerVR_GE8xxx, [000001BB9E39A300][000001BB9806F340 49] Android_PowerVR_GM9xxx, [000001BB9E367200][000001BB980734C0 49] Android_PowerVR_GM9xxx_Vulkan, [000001BB9E39B000][000001BB98077640 49] Android_TegraK1, [000001BB9E365700][000001BB9807B7C0 49] Android_Unknown_Vulkan, [000001BB9E39B700][000001BB9807F940 49] Lumin, [000001BB9E364200][000001BB98083AC0 49] Lumin_Desktop, [000001BB9E39A200][000001BB980860C0 49] HoloLens, 
[2022.11.23-05.49.25:685][  0]LogMeshReduction: Using QuadricMeshReduction for automatic static mesh reduction
[2022.11.23-05.49.25:685][  0]LogMeshReduction: Using SimplygonMeshReduction for automatic skeletal mesh reduction
[2022.11.23-05.49.25:685][  0]LogMeshReduction: Using ProxyLODMeshReduction for automatic mesh merging
[2022.11.23-05.49.25:685][  0]LogMeshReduction: No distributed automatic mesh merging module available
[2022.11.23-05.49.25:685][  0]LogMeshMerging: No distributed automatic mesh merging module available
[2022.11.23-05.49.25:785][  0]LogNetVersion: SideScroller_V422_Fall2019 1.0.0, NetCL: 17155196, EngineNetVer: 17, GameNetVer: 0 (Checksum: 1441273239)
[2022.11.23-05.49.25:994][  0]LogTexture: Default maximum texture size for cubemaps generated from long-lat sources has been changed from 512 to unlimited. In order to preserve old behaiour for '/Engine/MapTemplates/Sky/DaylightAmbientCubemap.DaylightAmbientCubemap', its maximum texture size has been explicitly set to 512.
[2022.11.23-05.49.26:045][  0]LogHMD: PokeAHoleMaterial loaded successfully
[2022.11.23-05.49.26:116][  0]LogMoviePlayer: Initializing movie player
[2022.11.23-05.49.26:214][  0]LogNiagaraDebuggerClient: Niagara Debugger Client Initialized | Session: 5B4E27714669E12ED77E2C8BFFBDC64C | Instance: EB767FB041AF0D189937DCBACB06DEE5 (DESKTOP-H5DVIKR-43424).
[2022.11.23-05.49.26:232][  0]LogCollectionManager: Loaded 0 collections in 0.000689 seconds
[2022.11.23-05.49.26:235][  0]LogFileCache: Scanning file cache for directory 'C:/Users/Jarod/OneDrive/Desktop/Level-Design/Saved/Collections/' took 0.00s
[2022.11.23-05.49.26:235][  0]LogFileCache: Scanning file cache for directory 'C:/Users/Jarod/OneDrive/Desktop/Level-Design/Content/Developers/Jarod/Collections/' took 0.00s
[2022.11.23-05.49.26:235][  0]LogFileCache: Scanning file cache for directory 'C:/Users/Jarod/OneDrive/Desktop/Level-Design/Content/Collections/' took 0.00s
[2022.11.23-05.49.26:235][  0]LogCollectionManager: Fixed up redirectors for 0 collections in 0.000002 seconds (updated 0 objects)
[2022.11.23-05.49.26:312][  0]LogTcpMessaging: Initializing TcpMessaging bridge
[2022.11.23-05.49.26:315][  0]LogUdpMessaging: Initializing bridge on interface 0.0.0.0:0 to multicast group 230.0.0.1:6666.
[2022.11.23-05.49.26:327][  0]LogPython: Using Python 3.7.7
[2022.11.23-05.49.26:766][  0]SourceControl: Source control is disabled
[2022.11.23-05.49.26:766][  0]SourceControl: Source control is disabled
[2022.11.23-05.49.26:768][  0]SourceControl: Source control is disabled
[2022.11.23-05.49.26:769][  0]LogUProjectInfo: Found projects:
[2022.11.23-05.49.26:845][  0]LogOpenImageDenoise: OIDN starting up
[2022.11.23-05.49.26:852][  0]LogAndroidPermission: UAndroidPermissionCallbackProxy::GetInstance
[2022.11.23-05.49.26:865][  0]LogAudioCaptureCore: Display: No Audio Capture implementations found. Audio input will be silent.
[2022.11.23-05.49.26:866][  0]LogAudioCaptureCore: Display: No Audio Capture implementations found. Audio input will be silent.
[2022.11.23-05.49.26:941][  0]LogOcInput: OculusInput pre-init called
[2022.11.23-05.49.26:951][  0]LogUObjectArray: 22163 objects as part of root set at end of initial load.
[2022.11.23-05.49.26:951][  0]LogUObjectAllocator: 5993712 out of 0 bytes used by permanent object pool.
[2022.11.23-05.49.26:951][  0]LogUObjectArray: CloseDisregardForGC: 0/0 objects in disregard for GC pool
[2022.11.23-05.49.26:998][  0]LogEngine: Initializing Engine...
[2022.11.23-05.49.27:000][  0]LogHMD: Failed to enumerate extensions. Please check that you have a valid OpenXR runtime installed.
[2022.11.23-05.49.27:001][  0]LogHMD: Failed to initialize OpenVR with code 110
[2022.11.23-05.49.27:001][  0]LogMagicLeap: Warning: VR disabled because ZI is not enabled.  To enable, in the editor, Edit -> Project Settings -> Plugins -> Magic Leap Plugin -> Enable Zero Iteration
[2022.11.23-05.49.27:002][  0]LogStats: UGameplayTagsManager::InitializeManager -  0.000 s
[2022.11.23-05.49.27:088][  0]LogInit: Initializing FReadOnlyCVARCache
[2022.11.23-05.49.27:088][  0]LogAudio: Display: Initializing Audio Device Manager...
[2022.11.23-05.49.27:091][  0]LogAudio: Display: Loading Default Audio Settings Objects...
[2022.11.23-05.49.27:091][  0]LogAudio: Display: No default SoundConcurrencyObject specified (or failed to load).
[2022.11.23-05.49.27:092][  0]LogAudio: Display: Audio Device Manager Initialized
[2022.11.23-05.49.27:092][  0]LogAudio: Display: Creating Audio Device:                 Id: 1, Scope: Shared, Realtime: True
[2022.11.23-05.49.27:092][  0]LogAudioMixer: Display: Audio Mixer Platform Settings:
[2022.11.23-05.49.27:092][  0]LogAudioMixer: Display: 	Sample Rate:						  48000
[2022.11.23-05.49.27:092][  0]LogAudioMixer: Display: 	Callback Buffer Frame Size Requested: 1024
[2022.11.23-05.49.27:092][  0]LogAudioMixer: Display: 	Callback Buffer Frame Size To Use:	  1024
[2022.11.23-05.49.27:092][  0]LogAudioMixer: Display: 	Number of buffers to queue:			  2
[2022.11.23-05.49.27:092][  0]LogAudioMixer: Display: 	Max Channels (voices):				  32
[2022.11.23-05.49.27:092][  0]LogAudioMixer: Display: 	Number of Async Source Workers:		  0
[2022.11.23-05.49.27:092][  0]LogAudio: Display: AudioDevice MaxSources: 32
[2022.11.23-05.49.27:092][  0]LogAudio: Display: Audio Spatialization Plugin: None (built-in).
[2022.11.23-05.49.27:092][  0]LogAudio: Display: Audio Reverb Plugin: None (built-in).
[2022.11.23-05.49.27:092][  0]LogAudio: Display: Audio Occlusion Plugin: None (built-in).
[2022.11.23-05.49.27:092][  0]LogAudioMixer: Display: Initializing audio mixer.
[2022.11.23-05.49.27:107][  0]LogAudioMixer: Display: 0: FrontLeft
[2022.11.23-05.49.27:107][  0]LogAudioMixer: Display: 1: FrontRight
[2022.11.23-05.49.27:135][  0]LogAudioMixer: Display: Using Audio Device Speakers (Realtek(R) Audio)
[2022.11.23-05.49.27:141][  0]LogAudioMixer: Display: Initializing Sound Submixes...
[2022.11.23-05.49.27:142][  0]LogAudioMixer: Display: Creating Master Submix 'MasterSubmixDefault'
[2022.11.23-05.49.27:142][  0]LogAudioMixer: Display: Creating Master Submix 'MasterReverbSubmixDefault'
[2022.11.23-05.49.27:143][  0]LogAudioMixer: Display: Creating Master Submix 'MasterEQSubmixDefault'
[2022.11.23-05.49.27:143][  0]LogAudioMixer: FMixerPlatformXAudio2::StartAudioStream() called
[2022.11.23-05.49.27:143][  0]LogAudioMixer: Display: Output buffers initialized: Frames=1024, Channels=2, Samples=2048
[2022.11.23-05.49.27:144][  0]LogAudioMixer: Display: Starting AudioMixerPlatformInterface::RunInternal()
[2022.11.23-05.49.27:144][  0]LogAudioMixer: Display: FMixerPlatformXAudio2::SubmitBuffer() called for the first time
[2022.11.23-05.49.27:144][  0]LogInit: FAudioDevice initialized.
[2022.11.23-05.49.27:145][  0]LogNetVersion: Set ProjectVersion to 1.0.0.0. Version Checksum will be recalculated on next use.
[2022.11.23-05.49.27:145][  0]LogInit: Texture streaming: Enabled
[2022.11.23-05.49.27:196][  0]LogAudio: Display: Audio Device (ID: 1) registered with world 'Untitled'.
[2022.11.23-05.49.27:197][  0]LogSlate: Updating window title bar state: overlay mode, drag disabled, window buttons hidden, title bar hidden
[2022.11.23-05.49.27:197][  0]LogInit: Display: Game Engine Initialized.
[2022.11.23-05.49.27:197][  0]LogNiagaraEditor: GEditor isn't valid! Particle reset commands will not work for Niagara components!
[2022.11.23-05.49.27:296][  0]LogInit: Display: Starting Game.
[2022.11.23-05.49.27:296][  0]LogNet: Browse: /Game/StarterContent/Maps/My_level?Name=Player
[2022.11.23-05.49.27:296][  0]LogLoad: LoadMap: /Game/StarterContent/Maps/My_level?Name=Player
[2022.11.23-05.49.27:296][  0]LogWorld: BeginTearingDown for /Temp/Untitled_0
[2022.11.23-05.49.27:297][  0]LogWorld: UWorld::CleanupWorld for Untitled, bSessionEnded=true, bCleanupResources=true
[2022.11.23-05.49.27:298][  0]LogSlate: InvalidateAllWidgets triggered.  All widgets were invalidated
[2022.11.23-05.49.27:301][  0]LogAudio: Display: Audio Device unregistered from world 'None'.
[2022.11.23-05.49.27:304][  0]LogUObjectHash: Compacting FUObjectHashTables data took   1.04ms
[2022.11.23-05.49.27:490][  0]LogBlueprint: Warning: [AssetLog] C:\Users\Jarod\OneDrive\Desktop\Level-Design\Content\Custom_Blueprints\Puzzle_Elements\Sphere_Door.uasset: [Compiler] OnComponentBeginOverlap (Box)  does not have a valid matching component!
[2022.11.23-05.49.27:980][  0]LogSkeletalMesh: Display: [AssetLog] C:\Users\Jarod\OneDrive\Desktop\Level-Design\Content\Custom_Assets\Hazards\Bat\Model\Bat_Enemy.uasset: Find and fix some bad tangent! please re-import this skeletal mesh asset to fix the issue. The shading of the skeletal mesh will be bad and faceted.
[2022.11.23-05.49.27:996][  0]LogSkeletalMesh: Display: [AssetLog] C:\Users\Jarod\OneDrive\Desktop\Level-Design\Content\Custom_Assets\Utility\Flag\Flag.uasset: Find and fix some bad tangent! please re-import this skeletal mesh asset to fix the issue. The shading of the skeletal mesh will be bad and faceted.
[2022.11.23-05.49.28:029][  0]LogAudio: Display: Audio Device (ID: 1) registered with world 'My_level'.
[2022.11.23-05.49.28:036][  0]LogAIModule: Creating AISystem for world My_level
[2022.11.23-05.49.28:039][  0]LogLoad: Game class is 'SideScrollerGameMode_C'
[2022.11.23-05.49.28:072][  0]LogWorld: Bringing World /Game/StarterContent/Maps/My_level.My_level up for play (max tick rate 0) at 2022.11.23-00.49.28
[2022.11.23-05.49.28:073][  0]LogWorld: Bringing up level for play took: 0.033048
[2022.11.23-05.49.28:078][  0]LogLoad: Took 0.782394 seconds to LoadMap(/Game/StarterContent/Maps/My_level)
[2022.11.23-05.49.28:176][  0]LogSlate: Took 0.000185 seconds to synchronously load lazily loaded font '../../../Engine/Content/Slate/Fonts/Roboto-Regular.ttf' (155K)
[2022.11.23-05.49.28:229][  0]LogRenderer: Reallocating scene render targets to support 1280x720 Format 10 NumSamples 1 (Frame:1).
[2022.11.23-05.49.28:229][  0]LogInit: Display: Engine is initialized. Leaving FEngineLoop::Init()
[2022.11.23-05.49.28:229][  0]LogLoad: (Engine Initialization) Total time: 5.46 seconds
[2022.11.23-05.49.28:229][  0]LogLoad: (Engine Initialization) Total Blueprint compile time: 0.00 seconds
[2022.11.23-05.49.28:231][  0]LogContentStreaming: Texture pool size now 1000 MB
[2022.11.23-05.49.28:236][  0]LogSlate: InvalidateAllWidgets triggered.  All widgets were invalidated
[2022.11.23-05.49.28:283][  1]LogSlate: Took 0.000151 seconds to synchronously load lazily loaded font '../../../Engine/Content/Slate/Fonts/Roboto-Regular.ttf' (155K)
[2022.11.23-05.49.42:566][ 97]LogWindowsDesktop: Alt-F4 pressed!
[2022.11.23-05.49.42:574][ 97]LogSlate: Window 'SideScroller_V422_Fall2019 (64-bit Development PCD3D_SM5) ' being destroyed
[2022.11.23-05.49.42:580][ 97]LogWindowsTextInputMethodSystem: Display: IME system deactivated.
[2022.11.23-05.49.42:586][ 97]LogWindowsTextInputMethodSystem: Display: IME system deactivated.
[2022.11.23-05.49.42:588][ 97]LogSlate: Updating window title bar state: overlay mode, drag disabled, window buttons hidden, title bar hidden
[2022.11.23-05.49.42:588][ 97]LogEngine: All Windows Closed
[2022.11.23-05.49.42:588][ 97]LogWindows: FPlatformMisc::RequestExit(0)
[2022.11.23-05.49.42:588][ 97]LogWindows: FPlatformMisc::RequestExitWithStatus(0, 0)
[2022.11.23-05.49.42:588][ 97]LogCore: Engine exit requested (reason: Win RequestExit)
[2022.11.23-05.49.42:588][ 98]LogCore: Engine exit requested (reason: EngineExit() was called; note: exit was already requested)
[2022.11.23-05.49.42:588][ 98]LogInit: Display: PreExit Game.
[2022.11.23-05.49.42:605][ 98]LogWorld: BeginTearingDown for /Game/StarterContent/Maps/My_level
[2022.11.23-05.49.42:606][ 98]LogWorld: UWorld::CleanupWorld for My_level, bSessionEnded=true, bCleanupResources=true
[2022.11.23-05.49.42:608][ 98]LogSlate: InvalidateAllWidgets triggered.  All widgets were invalidated
[2022.11.23-05.49.43:013][ 98]LogAudio: Display: Beginning Audio Device Manager Shutdown (Module: AudioMixerXAudio2)...
[2022.11.23-05.49.43:013][ 98]LogAudio: Display: Destroying 1 Remaining Audio Device(s)...
[2022.11.23-05.49.43:013][ 98]LogAudio: Display: Audio Device unregistered from world 'My_level'.
[2022.11.23-05.49.43:041][ 98]LogAudioMixer: FMixerPlatformXAudio2::StopAudioStream() called
[2022.11.23-05.49.43:042][ 98]LogAudioMixer: FMixerPlatformXAudio2::StopAudioStream() called
[2022.11.23-05.49.43:077][ 98]LogAudio: Display: Audio Device Manager Shutdown
[2022.11.23-05.49.43:081][ 98]LogExit: Preparing to exit.
[2022.11.23-05.49.43:086][ 98]LogSlate: Updating window title bar state: overlay mode, drag disabled, window buttons hidden, title bar hidden
[2022.11.23-05.49.43:096][ 98]LogUObjectHash: Compacting FUObjectHashTables data took   1.42ms
[2022.11.23-05.49.43:327][ 98]LogMoviePlayer: Shutting down movie player
[2022.11.23-05.49.43:459][ 98]LogExit: Game engine shut down
[2022.11.23-05.49.43:460][ 98]LogDemo: Cleaned up 0 splitscreen connections with owner deletion
[2022.11.23-05.49.43:510][ 98]LogExit: Object subsystem successfully closed.
[2022.11.23-05.49.43:522][ 98]LogShaderCompilers: Display: === FShaderJobCache stats ===
[2022.11.23-05.49.43:522][ 98]LogShaderCompilers: Display: Total job queries 0, among them cache hits 0 (0.00%)
[2022.11.23-05.49.43:522][ 98]LogShaderCompilers: Display: Tracking 0 distinct input hashes that result in 0 distinct outputs (0.00%)
[2022.11.23-05.49.43:523][ 98]LogShaderCompilers: Display: RAM used: 0.00 MB (0.00 GB) of 819.20 MB (0.80 GB) budget. Usage: 0.00%
[2022.11.23-05.49.43:523][ 98]LogShaderCompilers: Display: ================================================
[2022.11.23-05.49.43:528][ 98]LogShaderCompilers: Display: Shaders left to compile 0
[2022.11.23-05.49.43:536][ 98]LogModuleManager: Shutting down and abandoning module SequenceRecorderSections (564)
[2022.11.23-05.49.43:536][ 98]LogModuleManager: Shutting down and abandoning module SequenceRecorder (562)
[2022.11.23-05.49.43:537][ 98]LogModuleManager: Shutting down and abandoning module AutomationController (560)
[2022.11.23-05.49.43:537][ 98]LogModuleManager: Shutting down and abandoning module AutomationWorker (558)
[2022.11.23-05.49.43:537][ 98]LogModuleManager: Shutting down and abandoning module Voice (556)
[2022.11.23-05.49.43:537][ 98]LogModuleManager: Shutting down and abandoning module AIModule (554)
[2022.11.23-05.49.43:537][ 98]LogModuleManager: Shutting down and abandoning module GameplayDebugger (553)
[2022.11.23-05.49.43:537][ 98]LogModuleManager: Shutting down and abandoning module AITestSuite (551)
[2022.11.23-05.49.43:537][ 98]LogModuleManager: Shutting down and abandoning module NavigationSystem (549)
[2022.11.23-05.49.43:537][ 98]LogModuleManager: Shutting down and abandoning module AnimGraph (546)
[2022.11.23-05.49.43:537][ 98]LogModuleManager: Shutting down and abandoning module SteamVREditor (544)
[2022.11.23-05.49.43:537][ 98]LogModuleManager: Shutting down and abandoning module ToolMenus (543)
[2022.11.23-05.49.43:537][ 98]LogModuleManager: Shutting down and abandoning module OculusMR (540)
[2022.11.23-05.49.43:537][ 98]LogModuleManager: Shutting down and abandoning module OpenXRInput (538)
[2022.11.23-05.49.43:537][ 98]LogModuleManager: Shutting down and abandoning module TakeRecorderSources (536)
[2022.11.23-05.49.43:537][ 98]LogModuleManager: Shutting down and abandoning module TakeRecorder (535)
[2022.11.23-05.49.43:537][ 98]LogModuleManager: Shutting down and abandoning module TakeTrackRecorders (532)
[2022.11.23-05.49.43:537][ 98]LogModuleManager: Shutting down and abandoning module TakesCore (530)
[2022.11.23-05.49.43:537][ 98]LogModuleManager: Shutting down and abandoning module WebMMediaFactory (528)
[2022.11.23-05.49.43:537][ 98]LogModuleManager: Shutting down and abandoning module WebMMedia (526)
[2022.11.23-05.49.43:537][ 98]LogModuleManager: Shutting down and abandoning module WmfMediaFactory (524)
[2022.11.23-05.49.43:537][ 98]LogModuleManager: Shutting down and abandoning module PlanarCut (522)
[2022.11.23-05.49.43:537][ 98]LogModuleManager: Shutting down and abandoning module OpenExrWrapper (520)
[2022.11.23-05.49.43:537][ 98]LogModuleManager: Shutting down and abandoning module ImgMediaFactory (518)
[2022.11.23-05.49.43:537][ 98]LogModuleManager: Shutting down and abandoning module MagicLeapMediaCodecFactory (516)
[2022.11.23-05.49.43:537][ 98]LogModuleManager: Shutting down and abandoning module MagicLeapMediaFactory (514)
[2022.11.23-05.49.43:537][ 98]LogModuleManager: Shutting down and abandoning module AvfMediaFactory (512)
[2022.11.23-05.49.43:537][ 98]LogModuleManager: Shutting down and abandoning module CharacterAI (510)
[2022.11.23-05.49.43:537][ 98]LogModuleManager: Shutting down and abandoning module SessionServices (508)
[2022.11.23-05.49.43:537][ 98]LogModuleManager: Shutting down and abandoning module MovieSceneCapture (506)
[2022.11.23-05.49.43:537][ 98]LogModuleManager: Shutting down and abandoning module LiveCoding (504)
[2022.11.23-05.49.43:537][ 98]LogModuleManager: Shutting down and abandoning module LevelSequence (502)
[2022.11.23-05.49.43:537][ 98]LogModuleManager: Shutting down and abandoning module MovieSceneTracks (500)
[2022.11.23-05.49.43:537][ 98]LogModuleManager: Shutting down and abandoning module MovieScene (498)
[2022.11.23-05.49.43:537][ 98]LogModuleManager: Shutting down and abandoning module StreamingPauseRendering (496)
[2022.11.23-05.49.43:537][ 98]LogModuleManager: Shutting down and abandoning module PortalServices (494)
[2022.11.23-05.49.43:537][ 98]LogModuleManager: Shutting down and abandoning module PortalRpc (492)
[2022.11.23-05.49.43:537][ 98]LogModuleManager: Shutting down and abandoning module MessagingRpc (490)
[2022.11.23-05.49.43:537][ 98]LogModuleManager: Shutting down and abandoning module AudioMixerXAudio2 (488)
[2022.11.23-05.49.43:537][ 98]LogModuleManager: Shutting down and abandoning module AudioMixerCore (487)
[2022.11.23-05.49.43:537][ 98]LogModuleManager: Shutting down and abandoning module ImageWriteQueue (484)
[2022.11.23-05.49.43:540][ 98]LogModuleManager: Shutting down and abandoning module ProfilerService (482)
[2022.11.23-05.49.43:737][ 98]LogModuleManager: Shutting down and abandoning module TaskGraph (480)
[2022.11.23-05.49.43:737][ 98]LogModuleManager: Shutting down and abandoning module OculusInput (478)
[2022.11.23-05.49.43:737][ 98]LogModuleManager: Shutting down and abandoning module LiveLinkSequencer (476)
[2022.11.23-05.49.43:737][ 98]LogModuleManager: Shutting down and abandoning module LiveLinkMovieScene (474)
[2022.11.23-05.49.43:737][ 98]LogModuleManager: Shutting down and abandoning module LiveLinkGraphNode (472)
[2022.11.23-05.49.43:737][ 98]LogModuleManager: Shutting down and abandoning module LiveLinkComponents (470)
[2022.11.23-05.49.43:737][ 98]LogModuleManager: Shutting down and abandoning module LiveLink (468)
[2022.11.23-05.49.43:918][ 98]LogModuleManager: Shutting down and abandoning module Synthesis (466)
[2022.11.23-05.49.43:918][ 98]LogModuleManager: Shutting down and abandoning module ProceduralMeshComponent (464)
[2022.11.23-05.49.43:918][ 98]LogModuleManager: Shutting down and abandoning module MobilePatchingUtils (462)
[2022.11.23-05.49.43:918][ 98]LogModuleManager: Shutting down and abandoning module TakeMovieScene (460)
[2022.11.23-05.49.43:918][ 98]LogModuleManager: Shutting down and abandoning module GooglePAD (458)
[2022.11.23-05.49.43:919][ 98]LogModuleManager: Shutting down and abandoning module EditableMesh (456)
[2022.11.23-05.49.43:919][ 98]LogModuleManager: Shutting down and abandoning module CableComponent (454)
[2022.11.23-05.49.43:919][ 98]LogModuleManager: Shutting down and abandoning module CustomMeshComponent (452)
[2022.11.23-05.49.43:919][ 98]LogModuleManager: Shutting down and abandoning module AudioCapture (450)
[2022.11.23-05.49.43:919][ 98]LogModuleManager: Shutting down and abandoning module AudioCaptureRtAudio (449)
[2022.11.23-05.49.43:919][ 98]LogModuleManager: Shutting down and abandoning module AssetTags (446)
[2022.11.23-05.49.43:919][ 98]LogModuleManager: Shutting down and abandoning module ArchVisCharacter (444)
[2022.11.23-05.49.43:919][ 98]LogModuleManager: Shutting down and abandoning module AppleImageUtilsBlueprintSupport (442)
[2022.11.23-05.49.43:919][ 98]LogModuleManager: Shutting down and abandoning module AppleImageUtils (440)
[2022.11.23-05.49.43:919][ 98]LogModuleManager: Shutting down and abandoning module AndroidPermission (438)
[2022.11.23-05.49.43:919][ 98]LogModuleManager: Shutting down and abandoning module ActorLayerUtilities (436)
[2022.11.23-05.49.43:919][ 98]LogModuleManager: Shutting down and abandoning module MagicLeapSharedWorld (434)
[2022.11.23-05.49.43:919][ 98]LogModuleManager: Shutting down and abandoning module OpenImageDenoise (432)
[2022.11.23-05.49.43:919][ 98]LogOpenImageDenoise: OIDN shutting down
[2022.11.23-05.49.43:919][ 98]LogModuleManager: Shutting down and abandoning module MotoSynth (430)
[2022.11.23-05.49.43:919][ 98]LogModuleManager: Shutting down and abandoning module MediaCompositing (428)
[2022.11.23-05.49.43:919][ 98]LogModuleManager: Shutting down and abandoning module ImgMedia (426)
[2022.11.23-05.49.43:919][ 98]LogModuleManager: Shutting down and abandoning module TemplateSequence (424)
[2022.11.23-05.49.43:919][ 98]LogModuleManager: Shutting down and abandoning module MeshConversion (422)
[2022.11.23-05.49.43:919][ 98]LogModuleManager: Shutting down and abandoning module DynamicMesh (420)
[2022.11.23-05.49.43:919][ 98]LogModuleManager: Shutting down and abandoning module GeometryAlgorithms (418)
[2022.11.23-05.49.43:919][ 98]LogModuleManager: Shutting down and abandoning module GeometricObjects (416)
[2022.11.23-05.49.43:919][ 98]LogModuleManager: Shutting down and abandoning module MagicLeapLightEstimation (414)
[2022.11.23-05.49.43:919][ 98]LogModuleManager: Shutting down and abandoning module MagicLeapHelperVulkan (412)
[2022.11.23-05.49.43:919][ 98]LogModuleManager: Shutting down and abandoning module MagicLeapHelperOpenGL (410)
[2022.11.23-05.49.43:919][ 98]LogModuleManager: Shutting down and abandoning module MagicLeapAudio (408)
[2022.11.23-05.49.43:919][ 98]LogModuleManager: Shutting down and abandoning module GeometryCollectionTracks (406)
[2022.11.23-05.49.43:919][ 98]LogModuleManager: Shutting down and abandoning module GeometryCollectionSequencer (405)
[2022.11.23-05.49.43:919][ 98]LogModuleManager: Shutting down and abandoning module GeometryCacheTracks (402)
[2022.11.23-05.49.43:919][ 98]LogModuleManager: Shutting down and abandoning module GeometryCacheSequencer (401)
[2022.11.23-05.49.43:919][ 98]LogModuleManager: Shutting down and abandoning module GeometryCache (398)
[2022.11.23-05.49.43:919][ 98]LogModuleManager: Shutting down and abandoning module GeometryCacheEd (397)
[2022.11.23-05.49.43:919][ 98]LogModuleManager: Shutting down and abandoning module ChaosNiagara (394)
[2022.11.23-05.49.43:919][ 98]LogModuleManager: Shutting down and abandoning module FieldSystemEngine (393)
[2022.11.23-05.49.43:919][ 98]LogModuleManager: Shutting down and abandoning module BackChannel (390)
[2022.11.23-05.49.43:919][ 98]LogModuleManager: Shutting down and abandoning module AutomationUtils (388)
[2022.11.23-05.49.43:919][ 98]LogModuleManager: Shutting down and abandoning module VisualStudioSourceCodeAccess (386)
[2022.11.23-05.49.43:919][ 98]LogModuleManager: Shutting down and abandoning module HotReload (385)
[2022.11.23-05.49.43:919][ 98]LogModuleManager: Shutting down and abandoning module UObjectPlugin (382)
[2022.11.23-05.49.43:919][ 98]LogModuleManager: Shutting down and abandoning module OodleNetworkHandlerComponent (380)
[2022.11.23-05.49.43:919][ 98]LogModuleManager: Shutting down and abandoning module VisualStudioCodeSourceCodeAccess (378)
[2022.11.23-05.49.43:919][ 98]LogModuleManager: Shutting down and abandoning module SubversionSourceControl (376)
[2022.11.23-05.49.43:919][ 98]LogModuleManager: Shutting down and abandoning module PerforceSourceControl (374)
[2022.11.23-05.49.43:919][ 98]LogModuleManager: Shutting down and abandoning module SourceControl (373)
[2022.11.23-05.49.43:919][ 98]LogModuleManager: Shutting down and abandoning module CLionSourceCodeAccess (370)
[2022.11.23-05.49.43:919][ 98]LogModuleManager: Shutting down and abandoning module SignificanceManager (368)
[2022.11.23-05.49.43:919][ 98]LogModuleManager: Shutting down and abandoning module SoundFields (366)
[2022.11.23-05.49.43:919][ 98]LogModuleManager: Shutting down and abandoning module RuntimePhysXCooking (364)
[2022.11.23-05.49.43:919][ 98]LogModuleManager: Shutting down and abandoning module PropertyAccessEditor (362)
[2022.11.23-05.49.43:919][ 98]LogModuleManager: Shutting down and abandoning module PhysXVehiclesEditor (360)
[2022.11.23-05.49.43:919][ 98]LogModuleManager: Shutting down and abandoning module LocationServicesBPLibrary (356)
[2022.11.23-05.49.43:919][ 98]LogModuleManager: Shutting down and abandoning module AudioSynesthesia (354)
[2022.11.23-05.49.43:919][ 98]LogModuleManager: Shutting down and abandoning module AudioSynesthesiaCore (352)
[2022.11.23-05.49.43:919][ 98]LogModuleManager: Shutting down and abandoning module ApexDestructionEditor (350)
[2022.11.23-05.49.43:919][ 98]LogModuleManager: Shutting down and abandoning module ApexDestruction (348)
[2022.11.23-05.49.43:919][ 98]LogModuleManager: Shutting down and abandoning module PythonScriptPlugin (346)
[2022.11.23-05.49.43:919][ 98]LogModuleManager: Shutting down and abandoning module MagicLeapARPin (344)
[2022.11.23-05.49.43:919][ 98]LogModuleManager: Shutting down and abandoning module ImgMediaEngine (342)
[2022.11.23-05.49.43:919][ 98]LogModuleManager: Shutting down and abandoning module GameplayTagsEditor (340)
[2022.11.23-05.49.43:919][ 98]LogModuleManager: Shutting down and abandoning module UdpMessaging (338)
[2022.11.23-05.49.44:020][ 98]LogModuleManager: Shutting down and abandoning module TcpMessaging (336)
[2022.11.23-05.49.44:323][ 98]LogModuleManager: Shutting down and abandoning module FacialAnimation (334)
[2022.11.23-05.49.44:323][ 98]LogModuleManager: Shutting down and abandoning module MagicLeapHandMeshing (332)
[2022.11.23-05.49.44:323][ 98]LogModuleManager: Shutting down and abandoning module MagicLeapSecureStorage (330)
[2022.11.23-05.49.44:323][ 98]LogModuleManager: Shutting down and abandoning module MagicLeapPrivileges (328)
[2022.11.23-05.49.44:323][ 98]LogModuleManager: Shutting down and abandoning module MagicLeapPlanes (326)
[2022.11.23-05.49.44:323][ 98]LogMagicLeapPlanes: Planes tracker already destroyed.
[2022.11.23-05.49.44:323][ 98]LogModuleManager: Shutting down and abandoning module MagicLeapImageTracker (324)
[2022.11.23-05.49.44:323][ 98]LogModuleManager: Shutting down and abandoning module MagicLeapIdentity (322)
[2022.11.23-05.49.44:323][ 98]LogModuleManager: Shutting down and abandoning module MagicLeapHandTracking (320)
[2022.11.23-05.49.44:323][ 98]LogModuleManager: Shutting down and abandoning module MagicLeapEyeTracker (318)
[2022.11.23-05.49.44:323][ 98]LogModuleManager: Shutting down and abandoning module MagicLeapController (316)
[2022.11.23-05.49.44:323][ 98]LogModuleManager: Shutting down and abandoning module MagicLeapARPinImpl (314)
[2022.11.23-05.49.44:323][ 98]LogModuleManager: Shutting down and abandoning module MagicLeapAR (312)
[2022.11.23-05.49.44:323][ 98]LogModuleManager: Shutting down and abandoning module ActorSequence (310)
[2022.11.23-05.49.44:323][ 98]LogModuleManager: Shutting down and abandoning module NiagaraAnimNotifies (308)
[2022.11.23-05.49.44:323][ 98]LogModuleManager: Shutting down and abandoning module Niagara (306)
[2022.11.23-05.49.44:323][ 98]LogModuleManager: Shutting down and abandoning module SignalProcessing (305)
[2022.11.23-05.49.44:323][ 98]LogModuleManager: Shutting down and abandoning module NiagaraEditor (303)
[2022.11.23-05.49.44:323][ 98]LogModuleManager: Shutting down and abandoning module ContentBrowser (302)
[2022.11.23-05.49.44:323][ 98]LogModuleManager: Shutting down and abandoning module CollectionManager (301)
[2022.11.23-05.49.44:324][ 98]LogModuleManager: Shutting down and abandoning module DirectoryWatcher (300)
[2022.11.23-05.49.44:324][ 98]LogModuleManager: Shutting down and abandoning module ContentBrowserData (297)
[2022.11.23-05.49.44:324][ 98]LogModuleManager: Shutting down and abandoning module NiagaraCore (292)
[2022.11.23-05.49.44:324][ 98]LogModuleManager: Shutting down and abandoning module AssetManagerEditor (290)
[2022.11.23-05.49.44:324][ 98]LogModuleManager: Shutting down and abandoning module TreeMap (289)
[2022.11.23-05.49.44:324][ 98]LogModuleManager: Shutting down and abandoning module PropertyAccessNode (286)
[2022.11.23-05.49.44:324][ 98]LogModuleManager: Shutting down and abandoning module AnimationSharing (284)
[2022.11.23-05.49.44:324][ 98]LogModuleManager: Shutting down and abandoning module GameplayCameras (282)
[2022.11.23-05.49.44:324][ 98]LogModuleManager: Shutting down and abandoning module LightPropagationVolumeRuntime (280)
[2022.11.23-05.49.44:324][ 98]LogModuleManager: Shutting down and abandoning module EnvironmentQueryEditor (278)
[2022.11.23-05.49.44:324][ 98]LogModuleManager: Shutting down and abandoning module Paper2D (276)
[2022.11.23-05.49.44:324][ 98]LogModuleManager: Shutting down and abandoning module WindowsMoviePlayer (274)
[2022.11.23-05.49.44:325][ 98]LogModuleManager: Shutting down and abandoning module WebMMoviePlayer (272)
[2022.11.23-05.49.44:325][ 98]LogModuleManager: Shutting down and abandoning module NetworkReplayStreaming (270)
[2022.11.23-05.49.44:325][ 98]LogModuleManager: Shutting down and abandoning module PacketHandler (268)
[2022.11.23-05.49.44:325][ 98]LogModuleManager: Shutting down and abandoning module ClothingSystemEditor (266)
[2022.11.23-05.49.44:325][ 98]LogModuleManager: Shutting down and abandoning module ClothingSystemRuntimeNv (264)
[2022.11.23-05.49.44:325][ 98]LogModuleManager: Shutting down and abandoning module MediaAssets (262)
[2022.11.23-05.49.44:325][ 98]LogModuleManager: Shutting down and abandoning module Overlay (260)
[2022.11.23-05.49.44:325][ 98]LogModuleManager: Shutting down and abandoning module OverlayEditor (259)
[2022.11.23-05.49.44:325][ 98]LogModuleManager: Shutting down and abandoning module VREditor (256)
[2022.11.23-05.49.44:325][ 98]LogModuleManager: Shutting down and abandoning module StringTableEditor (254)
[2022.11.23-05.49.44:325][ 98]LogModuleManager: Shutting down and abandoning module GameplayTasksEditor (252)
[2022.11.23-05.49.44:325][ 98]LogModuleManager: Shutting down and abandoning module BehaviorTreeEditor (250)
[2022.11.23-05.49.44:325][ 98]LogModuleManager: Shutting down and abandoning module FunctionalTesting (248)
[2022.11.23-05.49.44:325][ 98]LogModuleManager: Shutting down and abandoning module CollisionAnalyzer (246)
[2022.11.23-05.49.44:325][ 98]LogModuleManager: Shutting down and abandoning module WorkspaceMenuStructure (245)
[2022.11.23-05.49.44:325][ 98]LogModuleManager: Shutting down and abandoning module UMG (242)
[2022.11.23-05.49.44:325][ 98]LogModuleManager: Shutting down and abandoning module UMGEditor (241)
[2022.11.23-05.49.44:325][ 98]LogModuleManager: Shutting down and abandoning module Sequencer (240)
[2022.11.23-05.49.44:325][ 98]LogModuleManager: Shutting down and abandoning module MessageLog (237)
[2022.11.23-05.49.44:325][ 98]LogModuleManager: Shutting down and abandoning module SlateReflector (232)
[2022.11.23-05.49.44:325][ 98]LogModuleManager: Shutting down and abandoning module Slate (230)
[2022.11.23-05.49.44:325][ 98]LogModuleManager: Shutting down and abandoning module SlateCore (228)
[2022.11.23-05.49.44:326][ 98]LogModuleManager: Shutting down and abandoning module LandscapeEditorUtilities (226)
[2022.11.23-05.49.44:326][ 98]LogModuleManager: Shutting down and abandoning module UnrealEd (224)
[2022.11.23-05.49.44:326][ 98]LogModuleManager: Shutting down and abandoning module MRMesh (222)
[2022.11.23-05.49.44:326][ 98]LogModuleManager: Shutting down and abandoning module Messaging (220)
[2022.11.23-05.49.44:326][ 98]LogModuleManager: Shutting down and abandoning module SourceCodeAccess (218)
[2022.11.23-05.49.44:326][ 98]LogModuleManager: Shutting down and abandoning module HeadMountedDisplay (216)
[2022.11.23-05.49.44:326][ 98]LogModuleManager: Shutting down and abandoning module XAudio2 (214)
[2022.11.23-05.49.44:326][ 98]LogModuleManager: Shutting down and abandoning module Networking (212)
[2022.11.23-05.49.44:326][ 98]LogModuleManager: Shutting down and abandoning module Core (210)
[2022.11.23-05.49.44:326][ 98]LogModuleManager: Shutting down and abandoning module MaterialEditor (208)
[2022.11.23-05.49.44:326][ 98]LogModuleManager: Shutting down and abandoning module MovieSceneTools (206)
[2022.11.23-05.49.44:327][ 98]LogModuleManager: Shutting down and abandoning module EditorStyle (205)
[2022.11.23-05.49.44:327][ 98]LogModuleManager: Shutting down and abandoning module KismetCompiler (202)
[2022.11.23-05.49.44:327][ 98]LogModuleManager: Shutting down and abandoning module MeshBuilder (200)
[2022.11.23-05.49.44:327][ 98]LogModuleManager: Shutting down and abandoning module MeshUtilities (198)
[2022.11.23-05.49.44:327][ 98]LogModuleManager: Shutting down and abandoning module MeshMergeUtilities (197)
[2022.11.23-05.49.44:327][ 98]LogModuleManager: Shutting down and abandoning module MeshReductionInterface (196)
[2022.11.23-05.49.44:327][ 98]LogModuleManager: Shutting down and abandoning module MeshBoneReduction (195)
[2022.11.23-05.49.44:327][ 98]LogModuleManager: Shutting down and abandoning module SkeletalMeshReduction (193)
[2022.11.23-05.49.44:327][ 98]LogModuleManager: Shutting down and abandoning module ProxyLODMeshReduction (191)
[2022.11.23-05.49.44:327][ 98]LogModuleManager: Shutting down and abandoning module QuadricMeshReduction (189)
[2022.11.23-05.49.44:327][ 98]LogModuleManager: Shutting down and abandoning module MaterialBaking (185)
[2022.11.23-05.49.44:327][ 98]LogModuleManager: Shutting down and abandoning module NullInstallBundleManager (180)
[2022.11.23-05.49.44:327][ 98]LogModuleManager: Shutting down and abandoning module PIEPreviewDeviceProfileSelector (178)
[2022.11.23-05.49.44:327][ 98]LogModuleManager: Shutting down and abandoning module DerivedDataCache (176)
[2022.11.23-05.49.44:327][ 98]LogModuleManager: Shutting down and abandoning module TargetPlatform (174)
[2022.11.23-05.49.44:327][ 98]LogModuleManager: Shutting down and abandoning module VulkanShaderFormat (173)
[2022.11.23-05.49.44:328][ 98]LogModuleManager: Shutting down and abandoning module ShaderFormatVectorVM (171)
[2022.11.23-05.49.44:328][ 98]LogModuleManager: Shutting down and abandoning module ShaderFormatOpenGL (169)
[2022.11.23-05.49.44:328][ 98]LogModuleManager: Shutting down and abandoning module ShaderFormatD3D (167)
[2022.11.23-05.49.44:328][ 98]LogModuleManager: Shutting down and abandoning module MetalShaderFormat (165)
[2022.11.23-05.49.44:328][ 98]LogModuleManager: Shutting down and abandoning module TextureFormatOodle (163)
[2022.11.23-05.49.44:328][ 98]LogModuleManager: Shutting down and abandoning module TextureFormatUncompressed (161)
[2022.11.23-05.49.44:328][ 98]LogModuleManager: Shutting down and abandoning module TextureFormatPVR (159)
[2022.11.23-05.49.44:328][ 98]LogModuleManager: Shutting down and abandoning module TextureFormatETC2 (157)
[2022.11.23-05.49.44:328][ 98]LogModuleManager: Shutting down and abandoning module TextureFormatDXT (155)
[2022.11.23-05.49.44:328][ 98]LogModuleManager: Shutting down and abandoning module TextureFormatIntelISPCTexComp (153)
[2022.11.23-05.49.44:328][ 98]LogModuleManager: Shutting down and abandoning module TextureFormatASTC (151)
[2022.11.23-05.49.44:328][ 98]LogModuleManager: Shutting down and abandoning module ImageWrapper (150)
[2022.11.23-05.49.44:328][ 98]LogModuleManager: Shutting down and abandoning module AudioFormatOpus (147)
[2022.11.23-05.49.44:328][ 98]LogModuleManager: Shutting down and abandoning module AudioFormatOgg (145)
[2022.11.23-05.49.44:328][ 98]LogModuleManager: Shutting down and abandoning module AudioFormatADPCM (143)
[2022.11.23-05.49.44:328][ 98]LogModuleManager: Shutting down and abandoning module WindowsServerTargetPlatform (141)
[2022.11.23-05.49.44:328][ 98]LogModuleManager: Shutting down and abandoning module WindowsClientTargetPlatform (139)
[2022.11.23-05.49.44:328][ 98]LogModuleManager: Shutting down and abandoning module WindowsTargetPlatform (137)
[2022.11.23-05.49.44:328][ 98]LogModuleManager: Shutting down and abandoning module WindowsNoEditorTargetPlatform (135)
[2022.11.23-05.49.44:328][ 98]LogModuleManager: Shutting down and abandoning module D3D11RHI (132)
[2022.11.23-05.49.44:328][ 98]LogModuleManager: Shutting down and abandoning module InputCore (130)
[2022.11.23-05.49.44:328][ 98]LogModuleManager: Shutting down and abandoning module Settings (128)
[2022.11.23-05.49.44:328][ 98]LogModuleManager: Shutting down and abandoning module PhysXCooking (126)
[2022.11.23-05.49.44:328][ 98]LogModuleManager: Shutting down and abandoning module Chaos (124)
[2022.11.23-05.49.44:328][ 98]LogModuleManager: Shutting down and abandoning module WindowsPlatformFeatures (122)
[2022.11.23-05.49.44:328][ 98]LogModuleManager: Shutting down and abandoning module GameplayMediaEncoder (121)
[2022.11.23-05.49.44:328][ 98]LogModuleManager: Shutting down and abandoning module AVEncoder (120)
[2022.11.23-05.49.44:328][ 98]LogModuleManager: Shutting down and abandoning module SteamVRInputDevice (116)
[2022.11.23-05.49.44:328][ 98]LogModuleManager: Shutting down and abandoning module SteamVRInput (114)
[2022.11.23-05.49.44:328][ 98]LogModuleManager: Shutting down and abandoning module SteamVR (112)
[2022.11.23-05.49.44:328][ 98]LogHMD: Freeing OpenVRDLLHandle.
[2022.11.23-05.49.44:328][ 98]LogModuleManager: Shutting down and abandoning module OculusHMD (110)
[2022.11.23-05.49.44:328][ 98]LogModuleManager: Shutting down and abandoning module OpenXRHandTracking (108)
[2022.11.23-05.49.44:328][ 98]LogSlate: Slate User Destroyed.  User Index 0, Is Virtual User: 0
[2022.11.23-05.49.44:328][ 98]LogModuleManager: Shutting down and abandoning module OpenXREyeTracker (106)
[2022.11.23-05.49.44:328][ 98]LogModuleManager: Shutting down and abandoning module OpenXRAR (104)
[2022.11.23-05.49.44:328][ 98]LogModuleManager: Shutting down and abandoning module AugmentedReality (103)
[2022.11.23-05.49.44:328][ 98]LogModuleManager: Shutting down and abandoning module OpenXRHMD (100)
[2022.11.23-05.49.44:328][ 98]LogModuleManager: Shutting down and abandoning module OnlineBlueprintSupport (98)
[2022.11.23-05.49.44:328][ 98]LogModuleManager: Shutting down and abandoning module OnlineSubsystem (94)
[2022.11.23-05.49.44:330][ 98]LogModuleManager: Shutting down and abandoning module XMPP (89)
[2022.11.23-05.49.44:330][ 98]LogModuleManager: Shutting down and abandoning module WebSockets (88)
[2022.11.23-05.49.44:338][ 98]LogModuleManager: Shutting down and abandoning module HTTP (85)
[2022.11.23-05.49.44:338][ 98]LogHttp: Display: cleaning up 0 outstanding Http requests.
[2022.11.23-05.49.44:371][ 98]LogModuleManager: Shutting down and abandoning module SSL (84)
[2022.11.23-05.49.44:372][ 98]LogModuleManager: Shutting down and abandoning module ExampleDeviceProfileSelector (80)
[2022.11.23-05.49.44:372][ 98]LogModuleManager: Shutting down and abandoning module ChunkDownloader (78)
[2022.11.23-05.49.44:372][ 98]LogModuleManager: Shutting down and abandoning module MLSDK (76)
[2022.11.23-05.49.44:372][ 98]LogModuleManager: Shutting down and abandoning module WmfMedia (74)
[2022.11.23-05.49.44:373][ 98]LogModuleManager: Shutting down and abandoning module Media (73)
[2022.11.23-05.49.44:374][ 98]LogModuleManager: Shutting down and abandoning module MediaInfo (72)
[2022.11.23-05.49.44:374][ 98]LogModuleManager: Shutting down and abandoning module ExrReaderGpu (68)
[2022.11.23-05.49.44:374][ 98]LogModuleManager: Shutting down and abandoning module LauncherChunkInstaller (66)
[2022.11.23-05.49.44:374][ 98]LogModuleManager: Shutting down and abandoning module MagicLeap (64)
[2022.11.23-05.49.44:374][ 98]LogModuleManager: Shutting down and abandoning module NiagaraVertexFactories (62)
[2022.11.23-05.49.44:374][ 98]LogModuleManager: Shutting down and abandoning module NiagaraShader (60)
[2022.11.23-05.49.44:374][ 98]LogModuleManager: Shutting down and abandoning module ChaosCloth (58)
[2022.11.23-05.49.44:374][ 98]LogModuleManager: Shutting down and abandoning module VariantManagerContent (56)
[2022.11.23-05.49.44:374][ 98]LogModuleManager: Shutting down and abandoning module DatasmithContent (54)
[2022.11.23-05.49.44:374][ 98]LogModuleManager: Shutting down and abandoning module PixWinPlugin (52)
[2022.11.23-05.49.44:375][ 98]LogModuleManager: Shutting down and abandoning module AISupportModule (50)
[2022.11.23-05.49.44:375][ 98]LogModuleManager: Shutting down and abandoning module DesktopPlatform (48)
[2022.11.23-05.49.44:375][ 98]LogModuleManager: Shutting down and abandoning module PythonScriptPluginPreload (46)
[2022.11.23-05.49.44:375][ 98]LogModuleManager: Shutting down and abandoning module PlatformCryptoOpenSSL (44)
[2022.11.23-05.49.44:375][ 98]LogModuleManager: Shutting down and abandoning module PlatformCryptoTypes (42)
[2022.11.23-05.49.44:375][ 98]LogModuleManager: Shutting down and abandoning module PlatformCrypto (40)
[2022.11.23-05.49.44:375][ 98]LogModuleManager: Shutting down and abandoning module OodleDataCompressionFormat (38)
[2022.11.23-05.49.44:375][ 98]LogModuleManager: Shutting down and abandoning module XGEController (36)
[2022.11.23-05.49.44:375][ 98]LogModuleManager: Shutting down and abandoning module AnimationModifiers (34)
[2022.11.23-05.49.44:375][ 98]LogModuleManager: Shutting down and abandoning module AudioEditor (32)
[2022.11.23-05.49.44:375][ 98]LogModuleManager: Shutting down and abandoning module PropertyEditor (31)
[2022.11.23-05.49.44:375][ 98]LogModuleManager: Shutting down and abandoning module TextureCompressor (28)
[2022.11.23-05.49.44:375][ 98]LogModuleManager: Shutting down and abandoning module RenderCore (26)
[2022.11.23-05.49.44:375][ 98]LogModuleManager: Shutting down and abandoning module Landscape (24)
[2022.11.23-05.49.44:375][ 98]LogModuleManager: Shutting down and abandoning module SlateRHIRenderer (22)
[2022.11.23-05.49.44:375][ 98]LogModuleManager: Shutting down and abandoning module AnimGraphRuntime (20)
[2022.11.23-05.49.44:375][ 98]LogModuleManager: Shutting down and abandoning module Renderer (18)
[2022.11.23-05.49.44:376][ 98]LogModuleManager: Shutting down and abandoning module Engine (16)
[2022.11.23-05.49.44:376][ 98]LogModuleManager: Shutting down and abandoning module CoreUObject (14)
[2022.11.23-05.49.44:376][ 98]LogModuleManager: Shutting down and abandoning module NetworkFile (12)
[2022.11.23-05.49.44:376][ 98]LogModuleManager: Shutting down and abandoning module CookedIterativeFile (10)
[2022.11.23-05.49.44:376][ 98]LogModuleManager: Shutting down and abandoning module StreamingFile (8)
[2022.11.23-05.49.44:376][ 98]LogModuleManager: Shutting down and abandoning module SandboxFile (6)
[2022.11.23-05.49.44:376][ 98]LogModuleManager: Shutting down and abandoning module PakFile (4)
[2022.11.23-05.49.44:376][ 98]LogModuleManager: Shutting down and abandoning module RSA (3)
[2022.11.23-05.49.44:678][ 98]LogContentStreaming: Display: There are 1 unreleased StreamingManagers
[2022.11.23-05.49.44:692][ 98]LogD3D11RHI: Shutdown
[2022.11.23-05.49.44:692][ 98]LogD3D11RHI: CleanupD3DDevice
[2022.11.23-05.49.44:694][ 98]LogExit: Exiting.
[2022.11.23-05.49.44:702][ 98]Log file closed, 11/23/22 00:49:44
